0 info it worked if it ends with ok
1 verbose cli [
1 verbose cli   '/usr/local/bin/node',
1 verbose cli   '/usr/local/bin/npm',
1 verbose cli   'install',
1 verbose cli   '--ignore-scripts',
1 verbose cli   '@types/media-typer@ts3.6',
1 verbose cli   '@types/memory-fs@ts3.6',
1 verbose cli   '@types/memorystream@ts3.6',
1 verbose cli   '@types/merge-descriptors@ts3.6',
1 verbose cli   '@types/merge-stream@ts3.6',
1 verbose cli   '@types/merge2@ts3.6',
1 verbose cli   '@types/methods@ts3.6',
1 verbose cli   '@types/micromatch@ts3.6',
1 verbose cli   '@types/mime@ts3.6',
1 verbose cli   '@types/mime-db@ts3.6',
1 verbose cli   '@types/mime-types@ts3.6',
1 verbose cli   '@types/min-indent@ts3.6',
1 verbose cli   '@types/minimalistic-assert@ts3.6',
1 verbose cli   '@types/minimatch@ts3.6',
1 verbose cli   '@types/minimist@ts3.6',
1 verbose cli   '@types/minizlib@ts3.6',
1 verbose cli   '@types/mkdirp@ts3.6',
1 verbose cli   '@types/move-concurrently@ts3.6',
1 verbose cli   '@types/ms@ts3.6',
1 verbose cli   '@types/multicast-dns@ts3.6',
1 verbose cli   '@types/natural-compare@ts3.6',
1 verbose cli   '@types/negotiator@ts3.6',
1 verbose cli   '@types/next-tick@ts3.6',
1 verbose cli   '@types/nice-try@ts3.6',
1 verbose cli   '@types/node-forge@ts3.6',
1 verbose cli   '@types/node-int64@ts3.6',
1 verbose cli   '@types/node-notifier@ts3.6',
1 verbose cli   '@types/normalize-package-data@ts3.6',
1 verbose cli   '@types/normalize-path@ts3.6',
1 verbose cli   '@types/num2fraction@ts3.6',
1 verbose cli   '@types/nwsapi@ts3.6',
1 verbose cli   '@types/object-assign@ts3.6',
1 verbose cli   '@types/object-inspect@ts3.6',
1 verbose cli   '@types/object-keys@ts3.6',
1 verbose cli   '@types/object.fromentries@ts3.6',
1 verbose cli   '@types/object.getownpropertydescriptors@ts3.6',
1 verbose cli   '@types/object.pick@ts3.6',
1 verbose cli   '@types/on-finished@ts3.6',
1 verbose cli   '@types/on-headers@ts3.6',
1 verbose cli   '@types/once@ts3.6',
1 verbose cli   '@types/optimize-css-assets-webpack-plugin@ts3.6',
1 verbose cli   '@types/pako@ts3.6',
1 verbose cli   '@types/parallel-transform@ts3.6',
1 verbose cli   '@types/parse-json@ts3.6',
1 verbose cli   '@types/parseurl@ts3.6',
1 verbose cli   '@types/pascalcase@ts3.6',
1 verbose cli   '@types/path-browserify@ts3.6',
1 verbose cli   '@types/path-is-absolute@ts3.6',
1 verbose cli   '@types/path-is-inside@ts3.6',
1 verbose cli   '@types/path-parse@ts3.6',
1 verbose cli   '@types/pbkdf2@ts3.6',
1 verbose cli   '@types/picomatch@ts3.6',
1 verbose cli   '@types/pify@ts3.6',
1 verbose cli   '@types/postcss-flexbugs-fixes@ts3.6',
1 verbose cli   '@types/postcss-gap-properties@ts3.6',
1 verbose cli   '@types/postcss-modules-extract-imports@ts3.6',
1 verbose cli   '@types/postcss-modules-local-by-default@ts3.6',
1 verbose cli   '@types/postcss-modules-scope@ts3.6',
1 verbose cli   '@types/postcss-modules-values@ts3.6',
1 verbose cli   '@types/postcss-normalize@ts3.6',
1 verbose cli   '@types/postcss-preset-env@ts3.6',
1 verbose cli   '@types/postcss-safe-parser@ts3.6',
1 verbose cli   '@types/prelude-ls@ts3.6',
1 verbose cli   '@types/prettier-linter-helpers@ts3.6',
1 verbose cli   '@types/progress@ts3.6',
1 verbose cli   '@types/promise-inflight@ts3.6',
1 verbose cli   '@types/prompts@ts3.6',
1 verbose cli   '@types/prop-types@ts3.6',
1 verbose cli   '@types/proxy-addr@ts3.6',
1 verbose cli   '@types/psl@ts3.6',
1 verbose cli   '@types/pump@ts3.6',
1 verbose cli   '@types/pumpify@ts3.6',
1 verbose cli   '@types/punycode@ts3.6',
1 verbose cli   '@types/q@ts3.6',
1 verbose cli   '@types/qs@ts3.6',
1 verbose cli   '@types/querystringify@ts3.6',
1 verbose cli   '@types/raf@ts3.6',
1 verbose cli   '@types/randombytes@ts3.6',
1 verbose cli   '@types/range-parser@ts3.6',
1 verbose cli   '@types/react-dev-utils@ts3.6',
1 verbose cli   '@types/react-is@ts3.6',
1 verbose cli   '@types/react-refresh@ts3.6',
1 verbose cli   '@types/readable-stream@ts3.6',
1 verbose cli   '@types/recursive-readdir@ts3.6',
1 verbose cli   '@types/regenerate@ts3.6',
1 verbose cli   '@types/regenerator-runtime@ts3.6',
1 verbose cli   '@types/regex-not@ts3.6',
1 verbose cli   '@types/relateurl@ts3.6',
1 verbose cli   '@types/repeat-element@ts3.6',
1 verbose cli   '@types/repeat-string@ts3.6',
1 verbose cli   '@types/require-directory@ts3.6',
1 verbose cli   '@types/require-from-string@ts3.6',
1 verbose cli   '@types/requires-port@ts3.6',
1 verbose cli   '@types/resolve@ts3.6',
1 verbose cli   '@types/retry@ts3.6',
1 verbose cli   '@types/rimraf@ts3.6',
1 verbose cli   ... 102 more items
1 verbose cli ]
2 info using npm@6.14.6
3 info using node@v12.18.3
4 verbose npm-session 870250e475778a2a
5 silly install loadCurrentTree
6 silly install readLocalPackageData
7 http fetch GET 304 https://registry.npmjs.org/@types%2fmemory-fs 465ms (from cache)
8 silly pacote tag manifest for @types/memory-fs@ts3.6 fetched in 470ms
9 http fetch GET 304 https://registry.npmjs.org/@types%2fmerge-stream 536ms (from cache)
10 silly pacote tag manifest for @types/merge-stream@ts3.6 fetched in 553ms
11 http fetch GET 304 https://registry.npmjs.org/@types%2fmerge-descriptors 604ms (from cache)
12 http fetch GET 304 https://registry.npmjs.org/@types%2fmerge2 597ms (from cache)
13 silly pacote tag manifest for @types/merge-descriptors@ts3.6 fetched in 609ms
14 silly pacote tag manifest for @types/merge2@ts3.6 fetched in 604ms
15 http fetch GET 304 https://registry.npmjs.org/@types%2fmime-db 603ms (from cache)
16 silly pacote tag manifest for @types/mime-db@ts3.6 fetched in 616ms
17 http fetch GET 304 https://registry.npmjs.org/@types%2fmime-types 188ms (from cache)
18 http fetch GET 304 https://registry.npmjs.org/@types%2fmicromatch 647ms (from cache)
19 silly pacote tag manifest for @types/mime-types@ts3.6 fetched in 194ms
20 silly pacote tag manifest for @types/micromatch@ts3.6 fetched in 652ms
21 http fetch GET 304 https://registry.npmjs.org/@types%2fmin-indent 150ms (from cache)
22 silly pacote tag manifest for @types/min-indent@ts3.6 fetched in 152ms
23 http fetch GET 304 https://registry.npmjs.org/@types%2fminimatch 175ms (from cache)
24 silly pacote tag manifest for @types/minimatch@ts3.6 fetched in 178ms
25 http fetch GET 304 https://registry.npmjs.org/@types%2fmkdirp 173ms (from cache)
26 silly pacote tag manifest for @types/mkdirp@ts3.6 fetched in 177ms
27 http fetch GET 304 https://registry.npmjs.org/@types%2fminimist 406ms (from cache)
28 http fetch GET 304 https://registry.npmjs.org/@types%2fmedia-typer 1044ms (from cache)
29 http fetch GET 304 https://registry.npmjs.org/@types%2fms 247ms (from cache)
30 silly pacote tag manifest for @types/minimist@ts3.6 fetched in 412ms
31 silly pacote tag manifest for @types/media-typer@ts3.6 fetched in 1059ms
32 silly pacote tag manifest for @types/ms@ts3.6 fetched in 254ms
33 http fetch GET 304 https://registry.npmjs.org/@types%2fmulticast-dns 205ms (from cache)
34 silly pacote tag manifest for @types/multicast-dns@ts3.6 fetched in 219ms
35 http fetch GET 304 https://registry.npmjs.org/@types%2fnegotiator 150ms (from cache)
36 silly pacote tag manifest for @types/negotiator@ts3.6 fetched in 154ms
37 http fetch GET 304 https://registry.npmjs.org/@types%2fnice-try 205ms (from cache)
38 silly pacote tag manifest for @types/nice-try@ts3.6 fetched in 214ms
39 http fetch GET 304 https://registry.npmjs.org/@types%2fnode-int64 135ms (from cache)
40 silly pacote tag manifest for @types/node-int64@ts3.6 fetched in 139ms
41 http fetch GET 304 https://registry.npmjs.org/@types%2fmime 1602ms (from cache)
42 silly pacote tag manifest for @types/mime@ts3.6 fetched in 1606ms
43 http fetch GET 304 https://registry.npmjs.org/@types%2fnormalize-package-data 81ms (from cache)
44 silly pacote tag manifest for @types/normalize-package-data@ts3.6 fetched in 85ms
45 http fetch GET 304 https://registry.npmjs.org/@types%2fmethods 1736ms (from cache)
46 silly pacote tag manifest for @types/methods@ts3.6 fetched in 1739ms
47 http fetch GET 304 https://registry.npmjs.org/@types%2fnode-forge 616ms (from cache)
48 silly pacote tag manifest for @types/node-forge@ts3.6 fetched in 621ms
49 http fetch GET 304 https://registry.npmjs.org/@types%2fnum2fraction 139ms (from cache)
50 silly pacote tag manifest for @types/num2fraction@ts3.6 fetched in 143ms
51 http fetch GET 304 https://registry.npmjs.org/@types%2fnwsapi 129ms (from cache)
52 silly pacote tag manifest for @types/nwsapi@ts3.6 fetched in 135ms
53 http fetch GET 304 https://registry.npmjs.org/@types%2fnode-notifier 604ms (from cache)
54 silly pacote tag manifest for @types/node-notifier@ts3.6 fetched in 607ms
55 http fetch GET 304 https://registry.npmjs.org/@types%2fobject-keys 94ms (from cache)
56 silly pacote tag manifest for @types/object-keys@ts3.6 fetched in 98ms
57 http fetch GET 304 https://registry.npmjs.org/@types%2fnormalize-path 605ms (from cache)
58 silly pacote tag manifest for @types/normalize-path@ts3.6 fetched in 608ms
59 http fetch GET 304 https://registry.npmjs.org/@types%2fobject.getownpropertydescriptors 151ms (from cache)
60 http fetch GET 304 https://registry.npmjs.org/@types%2fmemorystream 2469ms (from cache)
61 silly pacote tag manifest for @types/object.getownpropertydescriptors@ts3.6 fetched in 156ms
62 silly pacote tag manifest for @types/memorystream@ts3.6 fetched in 2474ms
63 http fetch GET 304 https://registry.npmjs.org/@types%2fminizlib 1864ms (from cache)
64 silly pacote tag manifest for @types/minizlib@ts3.6 fetched in 1870ms
65 http fetch GET 304 https://registry.npmjs.org/@types%2fobject-inspect 582ms (from cache)
66 silly pacote tag manifest for @types/object-inspect@ts3.6 fetched in 589ms
67 http fetch GET 304 https://registry.npmjs.org/@types%2fobject.pick 100ms (from cache)
68 silly pacote tag manifest for @types/object.pick@ts3.6 fetched in 103ms
69 http fetch GET 304 https://registry.npmjs.org/@types%2fon-finished 121ms (from cache)
70 silly pacote tag manifest for @types/on-finished@ts3.6 fetched in 124ms
71 http fetch GET 304 https://registry.npmjs.org/@types%2fonce 79ms (from cache)
72 silly pacote tag manifest for @types/once@ts3.6 fetched in 85ms
73 http fetch GET 304 https://registry.npmjs.org/@types%2fon-headers 111ms (from cache)
74 silly pacote tag manifest for @types/on-headers@ts3.6 fetched in 113ms
75 http fetch GET 304 https://registry.npmjs.org/@types%2foptimize-css-assets-webpack-plugin 89ms (from cache)
76 silly pacote tag manifest for @types/optimize-css-assets-webpack-plugin@ts3.6 fetched in 92ms
77 http fetch GET 304 https://registry.npmjs.org/@types%2fminimalistic-assert 2080ms (from cache)
78 silly pacote tag manifest for @types/minimalistic-assert@ts3.6 fetched in 2082ms
79 http fetch GET 304 https://registry.npmjs.org/@types%2fmove-concurrently 2026ms (from cache)
80 silly pacote tag manifest for @types/move-concurrently@ts3.6 fetched in 2029ms
81 http fetch GET 304 https://registry.npmjs.org/@types%2fparallel-transform 118ms (from cache)
82 silly pacote tag manifest for @types/parallel-transform@ts3.6 fetched in 122ms
83 http fetch GET 304 https://registry.npmjs.org/@types%2fparse-json 129ms (from cache)
84 silly pacote tag manifest for @types/parse-json@ts3.6 fetched in 132ms
85 http fetch GET 304 https://registry.npmjs.org/@types%2fpath-is-absolute 101ms (from cache)
86 silly pacote tag manifest for @types/path-is-absolute@ts3.6 fetched in 105ms
87 http fetch GET 304 https://registry.npmjs.org/@types%2fnatural-compare 2017ms (from cache)
88 silly pacote tag manifest for @types/natural-compare@ts3.6 fetched in 2022ms
89 http fetch GET 304 https://registry.npmjs.org/@types%2fnext-tick 2119ms (from cache)
90 silly pacote tag manifest for @types/next-tick@ts3.6 fetched in 2125ms
91 http fetch GET 304 https://registry.npmjs.org/@types%2fpbkdf2 129ms (from cache)
92 silly pacote tag manifest for @types/pbkdf2@ts3.6 fetched in 133ms
93 http fetch GET 304 https://registry.npmjs.org/@types%2fpicomatch 91ms (from cache)
94 silly pacote tag manifest for @types/picomatch@ts3.6 fetched in 94ms
95 http fetch GET 304 https://registry.npmjs.org/@types%2fpath-parse 584ms (from cache)
96 silly pacote tag manifest for @types/path-parse@ts3.6 fetched in 587ms
97 http fetch GET 304 https://registry.npmjs.org/@types%2fobject.fromentries 1354ms (from cache)
98 http fetch GET 304 https://registry.npmjs.org/@types%2fpify 282ms (from cache)
99 silly pacote tag manifest for @types/pify@ts3.6 fetched in 286ms
100 silly pacote tag manifest for @types/object.fromentries@ts3.6 fetched in 1362ms
101 http fetch GET 304 https://registry.npmjs.org/@types%2fpostcss-gap-properties 71ms (from cache)
102 silly pacote tag manifest for @types/postcss-gap-properties@ts3.6 fetched in 74ms
103 http fetch GET 304 https://registry.npmjs.org/@types%2fpostcss-flexbugs-fixes 290ms (from cache)
104 silly pacote tag manifest for @types/postcss-flexbugs-fixes@ts3.6 fetched in 293ms
105 http fetch GET 304 https://registry.npmjs.org/@types%2fpostcss-modules-values 91ms (from cache)
106 silly pacote tag manifest for @types/postcss-modules-values@ts3.6 fetched in 94ms
107 http fetch GET 304 https://registry.npmjs.org/@types%2fobject-assign 1909ms (from cache)
108 silly pacote tag manifest for @types/object-assign@ts3.6 fetched in 1914ms
109 http fetch GET 304 https://registry.npmjs.org/@types%2fparseurl 1340ms (from cache)
110 silly pacote tag manifest for @types/parseurl@ts3.6 fetched in 1344ms
111 http fetch GET 304 https://registry.npmjs.org/@types%2fpostcss-modules-local-by-default 592ms (from cache)
112 silly pacote tag manifest for @types/postcss-modules-local-by-default@ts3.6 fetched in 599ms
113 http fetch GET 304 https://registry.npmjs.org/@types%2fpostcss-safe-parser 100ms (from cache)
114 silly pacote tag manifest for @types/postcss-safe-parser@ts3.6 fetched in 102ms
115 http fetch GET 304 https://registry.npmjs.org/@types%2fprelude-ls 71ms (from cache)
116 silly pacote tag manifest for @types/prelude-ls@ts3.6 fetched in 74ms
117 http fetch GET 304 https://registry.npmjs.org/@types%2fprettier-linter-helpers 75ms (from cache)
118 silly pacote tag manifest for @types/prettier-linter-helpers@ts3.6 fetched in 79ms
119 http fetch GET 304 https://registry.npmjs.org/@types%2fprogress 83ms (from cache)
120 silly pacote tag manifest for @types/progress@ts3.6 fetched in 87ms
121 http fetch GET 200 https://registry.npmjs.org/@types%2fpostcss-preset-env 612ms
122 silly fetchPackageMetaData error for @types/postcss-preset-env@ts3.6 No matching version found for @types/postcss-preset-env@ts3.6.
123 http fetch GET 304 https://registry.npmjs.org/@types%2fprop-types 102ms (from cache)
124 silly pacote tag manifest for @types/prop-types@ts3.6 fetched in 106ms
125 http fetch GET 304 https://registry.npmjs.org/@types%2fpako 2013ms (from cache)
126 silly pacote tag manifest for @types/pako@ts3.6 fetched in 2017ms
127 http fetch GET 304 https://registry.npmjs.org/@types%2fpath-is-inside 1881ms (from cache)
128 silly pacote tag manifest for @types/path-is-inside@ts3.6 fetched in 1886ms
129 http fetch GET 304 https://registry.npmjs.org/@types%2fproxy-addr 152ms (from cache)
130 silly pacote tag manifest for @types/proxy-addr@ts3.6 fetched in 157ms
131 http fetch GET 304 https://registry.npmjs.org/@types%2fpascalcase 2023ms (from cache)
132 silly pacote tag manifest for @types/pascalcase@ts3.6 fetched in 2030ms
133 http fetch GET 200 https://registry.npmjs.org/@types%2fpath-browserify 2026ms
134 silly fetchPackageMetaData error for @types/path-browserify@ts3.6 No matching version found for @types/path-browserify@ts3.6.
135 http fetch GET 304 https://registry.npmjs.org/@types%2fpsl 161ms (from cache)
136 silly pacote tag manifest for @types/psl@ts3.6 fetched in 165ms
137 http fetch GET 304 https://registry.npmjs.org/@types%2fpromise-inflight 612ms (from cache)
138 silly pacote tag manifest for @types/promise-inflight@ts3.6 fetched in 614ms
139 http fetch GET 304 https://registry.npmjs.org/@types%2fpump 144ms (from cache)
140 silly pacote tag manifest for @types/pump@ts3.6 fetched in 148ms
141 http fetch GET 304 https://registry.npmjs.org/@types%2fprompts 590ms (from cache)
142 silly pacote tag manifest for @types/prompts@ts3.6 fetched in 593ms
143 http fetch GET 304 https://registry.npmjs.org/@types%2fquerystringify 70ms (from cache)
144 silly pacote tag manifest for @types/querystringify@ts3.6 fetched in 75ms
145 http fetch GET 304 https://registry.npmjs.org/@types%2fq 151ms (from cache)
146 http fetch GET 304 https://registry.npmjs.org/@types%2fqs 146ms (from cache)
147 silly pacote tag manifest for @types/q@ts3.6 fetched in 156ms
148 http fetch GET 304 https://registry.npmjs.org/@types%2frandombytes 87ms (from cache)
149 silly pacote tag manifest for @types/qs@ts3.6 fetched in 151ms
150 silly pacote tag manifest for @types/randombytes@ts3.6 fetched in 96ms
151 http fetch GET 304 https://registry.npmjs.org/@types%2frange-parser 99ms (from cache)
152 silly pacote tag manifest for @types/range-parser@ts3.6 fetched in 104ms
153 http fetch GET 304 https://registry.npmjs.org/@types%2fpunycode 318ms (from cache)
154 silly pacote tag manifest for @types/punycode@ts3.6 fetched in 322ms
155 http fetch GET 200 https://registry.npmjs.org/@types%2freact-refresh 145ms
156 silly fetchPackageMetaData error for @types/react-refresh@ts3.6 No matching version found for @types/react-refresh@ts3.6.
157 http fetch GET 304 https://registry.npmjs.org/@types%2freact-is 156ms (from cache)
158 silly pacote tag manifest for @types/react-is@ts3.6 fetched in 160ms
159 http fetch GET 304 https://registry.npmjs.org/@types%2fpostcss-modules-scope 1588ms (from cache)
160 silly pacote tag manifest for @types/postcss-modules-scope@ts3.6 fetched in 1591ms
161 http fetch GET 200 https://registry.npmjs.org/@types%2fregex-not 75ms
162 silly fetchPackageMetaData error for @types/regex-not@ts3.6 No matching version found for @types/regex-not@ts3.6.
163 http fetch GET 304 https://registry.npmjs.org/@types%2frecursive-readdir 148ms (from cache)
164 http fetch GET 304 https://registry.npmjs.org/@types%2fregenerator-runtime 105ms (from cache)
165 silly pacote tag manifest for @types/recursive-readdir@ts3.6 fetched in 155ms
166 silly pacote tag manifest for @types/regenerator-runtime@ts3.6 fetched in 111ms
167 http fetch GET 304 https://registry.npmjs.org/@types%2fpumpify 595ms (from cache)
168 silly pacote tag manifest for @types/pumpify@ts3.6 fetched in 599ms
169 http fetch GET 304 https://registry.npmjs.org/@types%2fpostcss-modules-extract-imports 2080ms (from cache)
170 silly pacote tag manifest for @types/postcss-modules-extract-imports@ts3.6 fetched in 2086ms
171 http fetch GET 304 https://registry.npmjs.org/@types%2freadable-stream 652ms (from cache)
172 silly pacote tag manifest for @types/readable-stream@ts3.6 fetched in 657ms
173 http fetch GET 304 https://registry.npmjs.org/@types%2fpostcss-normalize 2053ms (from cache)
174 silly pacote tag manifest for @types/postcss-normalize@ts3.6 fetched in 2055ms
175 http fetch GET 304 https://registry.npmjs.org/@types%2frequire-from-string 181ms (from cache)
176 silly pacote tag manifest for @types/require-from-string@ts3.6 fetched in 184ms
177 http fetch GET 304 https://registry.npmjs.org/@types%2frepeat-element 587ms (from cache)
178 http fetch GET 304 https://registry.npmjs.org/@types%2frepeat-string 589ms (from cache)
179 silly pacote tag manifest for @types/repeat-element@ts3.6 fetched in 594ms
180 silly pacote tag manifest for @types/repeat-string@ts3.6 fetched in 593ms
181 http fetch GET 304 https://registry.npmjs.org/@types%2fresolve 119ms (from cache)
182 silly pacote tag manifest for @types/resolve@ts3.6 fetched in 123ms
183 http fetch GET 304 https://registry.npmjs.org/@types%2fripemd160 97ms (from cache)
184 silly pacote tag manifest for @types/ripemd160@ts3.6 fetched in 99ms
185 http fetch GET 304 https://registry.npmjs.org/@types%2fretry 158ms (from cache)
186 silly pacote tag manifest for @types/retry@ts3.6 fetched in 163ms
187 http fetch GET 304 https://registry.npmjs.org/@types%2frun-parallel 240ms (from cache)
188 silly pacote tag manifest for @types/run-parallel@ts3.6 fetched in 253ms
189 http fetch GET 200 https://registry.npmjs.org/@types%2fsafe-regex-test 112ms
190 silly fetchPackageMetaData error for @types/safe-regex-test@ts3.6 No matching version found for @types/safe-regex-test@ts3.6.
191 http fetch GET 304 https://registry.npmjs.org/@types%2frimraf 969ms (from cache)
192 silly pacote tag manifest for @types/rimraf@ts3.6 fetched in 975ms
193 http fetch GET 304 https://registry.npmjs.org/@types%2fsafer-buffer 569ms (from cache)
194 silly pacote tag manifest for @types/safer-buffer@ts3.6 fetched in 572ms
195 http fetch GET 304 https://registry.npmjs.org/@types%2fraf 2194ms (from cache)
196 http fetch GET 304 https://registry.npmjs.org/@types%2frequires-port 1362ms (from cache)
197 silly pacote tag manifest for @types/requires-port@ts3.6 fetched in 1369ms
198 silly pacote tag manifest for @types/raf@ts3.6 fetched in 2207ms
199 http fetch GET 304 https://registry.npmjs.org/@types%2fsane 283ms (from cache)
200 silly pacote tag manifest for @types/sane@ts3.6 fetched in 286ms
201 http fetch GET 304 https://registry.npmjs.org/@types%2freact-dev-utils 2186ms (from cache)
202 silly pacote tag manifest for @types/react-dev-utils@ts3.6 fetched in 2192ms
203 http fetch GET 200 https://registry.npmjs.org/@types%2fregenerate 2103ms
204 silly fetchPackageMetaData error for @types/regenerate@ts3.6 No matching version found for @types/regenerate@ts3.6.
205 http fetch GET 304 https://registry.npmjs.org/@types%2fsax 312ms (from cache)
206 http fetch GET 304 https://registry.npmjs.org/@types%2frelateurl 2139ms (from cache)
207 http fetch GET 304 https://registry.npmjs.org/@types%2fscheduler 308ms (from cache)
208 http fetch GET 304 https://registry.npmjs.org/@types%2fsemver 215ms (from cache)
209 silly pacote tag manifest for @types/relateurl@ts3.6 fetched in 2146ms
210 silly pacote tag manifest for @types/scheduler@ts3.6 fetched in 315ms
211 silly pacote tag manifest for @types/sax@ts3.6 fetched in 322ms
212 http fetch GET 304 https://registry.npmjs.org/@types%2frequire-directory 2052ms (from cache)
213 silly pacote tag manifest for @types/semver@ts3.6 fetched in 225ms
214 silly pacote tag manifest for @types/require-directory@ts3.6 fetched in 2065ms
215 http fetch GET 304 https://registry.npmjs.org/@types%2fsend 144ms (from cache)
216 silly pacote tag manifest for @types/send@ts3.6 fetched in 153ms
217 http fetch GET 304 https://registry.npmjs.org/@types%2fsass-loader 671ms (from cache)
218 silly pacote tag manifest for @types/sass-loader@ts3.6 fetched in 675ms
219 http fetch GET 304 https://registry.npmjs.org/@types%2fserve-static 174ms (from cache)
220 http fetch GET 200 https://registry.npmjs.org/@types%2fset-blocking 163ms
221 silly fetchPackageMetaData error for @types/set-blocking@ts3.6 No matching version found for @types/set-blocking@ts3.6.
222 silly pacote tag manifest for @types/serve-static@ts3.6 fetched in 181ms
223 http fetch GET 304 https://registry.npmjs.org/@types%2fserve-index 191ms (from cache)
224 silly pacote tag manifest for @types/serve-index@ts3.6 fetched in 198ms
225 http fetch GET 200 https://registry.npmjs.org/@types%2fselfsigned 571ms
226 silly fetchPackageMetaData error for @types/selfsigned@ts3.6 No matching version found for @types/selfsigned@ts3.6.
227 http fetch GET 304 https://registry.npmjs.org/@types%2fshebang-command 136ms (from cache)
228 silly pacote tag manifest for @types/shebang-command@ts3.6 fetched in 138ms
229 http fetch GET 200 https://registry.npmjs.org/@types%2fsimple-swizzle 162ms
230 silly fetchPackageMetaData error for @types/simple-swizzle@ts3.6 No matching version found for @types/simple-swizzle@ts3.6.
231 http fetch GET 304 https://registry.npmjs.org/@types%2frsvp 2059ms (from cache)
232 silly pacote tag manifest for @types/rsvp@ts3.6 fetched in 2063ms
233 http fetch GET 304 https://registry.npmjs.org/@types%2fsockjs 114ms (from cache)
234 silly pacote tag manifest for @types/sockjs@ts3.6 fetched in 117ms
235 http fetch GET 304 https://registry.npmjs.org/@types%2fset-value 569ms (from cache)
236 http fetch GET 304 https://registry.npmjs.org/@types%2fsafe-regex 2122ms (from cache)
237 silly pacote tag manifest for @types/set-value@ts3.6 fetched in 578ms
238 silly pacote tag manifest for @types/safe-regex@ts3.6 fetched in 2132ms
239 http fetch GET 304 https://registry.npmjs.org/@types%2fsetimmediate 565ms (from cache)
240 silly pacote tag manifest for @types/setimmediate@ts3.6 fetched in 580ms
241 http fetch GET 304 https://registry.npmjs.org/@types%2fsource-list-map 97ms (from cache)
242 silly pacote tag manifest for @types/source-list-map@ts3.6 fetched in 101ms
243 http fetch GET 304 https://registry.npmjs.org/@types%2fspdx-expression-parse 70ms (from cache)
244 silly pacote tag manifest for @types/spdx-expression-parse@ts3.6 fetched in 79ms
245 http fetch GET 304 https://registry.npmjs.org/@types%2fsockjs-client 254ms (from cache)
246 silly pacote tag manifest for @types/sockjs-client@ts3.6 fetched in 258ms
247 http fetch GET 304 https://registry.npmjs.org/@types%2fsignal-exit 676ms (from cache)
248 silly pacote tag manifest for @types/signal-exit@ts3.6 fetched in 679ms
249 http fetch GET 304 https://registry.npmjs.org/@types%2fspdy 107ms (from cache)
250 silly pacote tag manifest for @types/spdy@ts3.6 fetched in 109ms
251 http fetch GET 304 https://registry.npmjs.org/@types%2fspdx-correct 645ms (from cache)
252 silly pacote tag manifest for @types/spdx-correct@ts3.6 fetched in 650ms
253 http fetch GET 304 https://registry.npmjs.org/@types%2fstack-utils 84ms (from cache)
254 silly pacote tag manifest for @types/stack-utils@ts3.6 fetched in 87ms
255 http fetch GET 304 https://registry.npmjs.org/@types%2fsprintf-js 598ms (from cache)
256 silly pacote tag manifest for @types/sprintf-js@ts3.6 fetched in 602ms
257 http fetch GET 304 https://registry.npmjs.org/@types%2fssri 597ms (from cache)
258 silly pacote tag manifest for @types/ssri@ts3.6 fetched in 600ms
259 http fetch GET 200 https://registry.npmjs.org/@types%2fstatuses 144ms
260 silly pacote tag manifest for @types/statuses@ts3.6 fetched in 147ms
261 http fetch GET 304 https://registry.npmjs.org/@types%2fstream-shift 112ms (from cache)
262 silly pacote tag manifest for @types/stream-shift@ts3.6 fetched in 116ms
263 http fetch GET 304 https://registry.npmjs.org/@types%2fstream-each 180ms (from cache)
264 silly pacote tag manifest for @types/stream-each@ts3.6 fetched in 182ms
265 http fetch GET 304 https://registry.npmjs.org/@types%2fstring-natural-compare 113ms (from cache)
266 silly pacote tag manifest for @types/string-natural-compare@ts3.6 fetched in 116ms
267 http fetch GET 304 https://registry.npmjs.org/@types%2fsemver-compare 2100ms (from cache)
268 silly pacote tag manifest for @types/semver-compare@ts3.6 fetched in 2123ms
269 http fetch GET 304 https://registry.npmjs.org/@types%2fstringify-object 123ms (from cache)
270 silly pacote tag manifest for @types/stringify-object@ts3.6 fetched in 127ms
271 http fetch GET 304 https://registry.npmjs.org/@types%2fserialize-javascript 2020ms (from cache)
272 silly pacote tag manifest for @types/serialize-javascript@ts3.6 fetched in 2025ms
273 http fetch GET 304 https://registry.npmjs.org/@types%2fshell-quote 1853ms (from cache)
274 silly pacote tag manifest for @types/shell-quote@ts3.6 fetched in 1856ms
275 http fetch GET 304 https://registry.npmjs.org/@types%2fsource-map-support 1392ms (from cache)
276 silly pacote tag manifest for @types/source-map-support@ts3.6 fetched in 1397ms
277 http fetch GET 304 https://registry.npmjs.org/@types%2fsupports-color 130ms (from cache)
278 silly pacote tag manifest for @types/supports-color@ts3.6 fetched in 133ms
279 http fetch GET 304 https://registry.npmjs.org/@types%2fsvg-parser 148ms (from cache)
280 silly pacote tag manifest for @types/svg-parser@ts3.6 fetched in 155ms
281 http fetch GET 304 https://registry.npmjs.org/@types%2fsha.js 2030ms (from cache)
282 silly pacote tag manifest for @types/sha.js@ts3.6 fetched in 2087ms
283 http fetch GET 304 https://registry.npmjs.org/@types%2fsymbol-tree 150ms (from cache)
284 http fetch GET 304 https://registry.npmjs.org/@types%2ftapable 128ms (from cache)
285 silly pacote tag manifest for @types/symbol-tree@ts3.6 fetched in 154ms
286 silly pacote tag manifest for @types/tapable@ts3.6 fetched in 133ms
287 http fetch GET 304 https://registry.npmjs.org/@types%2fstring.prototype.matchall 581ms (from cache)
288 silly pacote tag manifest for @types/string.prototype.matchall@ts3.6 fetched in 583ms
289 http fetch GET 304 https://registry.npmjs.org/@types%2fslice-ansi 1928ms (from cache)
290 silly pacote tag manifest for @types/slice-ansi@ts3.6 fetched in 1932ms
291 http fetch GET 304 https://registry.npmjs.org/@types%2fthrough2 159ms (from cache)
292 silly pacote tag manifest for @types/through2@ts3.6 fetched in 162ms
293 http fetch GET 304 https://registry.npmjs.org/@types%2fthunky 138ms (from cache)
294 silly pacote tag manifest for @types/thunky@ts3.6 fetched in 141ms
295 http fetch GET 200 https://registry.npmjs.org/@types%2fto-regex 62ms
296 silly fetchPackageMetaData error for @types/to-regex@ts3.6 No matching version found for @types/to-regex@ts3.6.
297 http fetch GET 304 https://registry.npmjs.org/@types%2ftimsort 160ms (from cache)
298 silly pacote tag manifest for @types/timsort@ts3.6 fetched in 164ms
299 http fetch GET 304 https://registry.npmjs.org/@types%2fstrip-final-newline 602ms (from cache)
300 silly pacote tag manifest for @types/strip-final-newline@ts3.6 fetched in 606ms
301 http fetch GET 200 https://registry.npmjs.org/@types%2fto-regex-range 125ms
302 silly fetchPackageMetaData error for @types/to-regex-range@ts3.6 No matching version found for @types/to-regex-range@ts3.6.
303 http fetch GET 304 https://registry.npmjs.org/@types%2fstrict-uri-encode 1275ms (from cache)
304 silly pacote tag manifest for @types/strict-uri-encode@ts3.6 fetched in 1279ms
305 http fetch GET 304 https://registry.npmjs.org/@types%2fsprintf 2087ms (from cache)
306 silly pacote tag manifest for @types/sprintf@ts3.6 fetched in 2094ms
307 http fetch GET 304 https://registry.npmjs.org/@types%2ftryer 134ms (from cache)
308 silly pacote tag manifest for @types/tryer@ts3.6 fetched in 136ms
309 http fetch GET 304 https://registry.npmjs.org/@types%2ftype-detect 77ms (from cache)
310 silly pacote tag manifest for @types/type-detect@ts3.6 fetched in 81ms
311 http fetch GET 304 https://registry.npmjs.org/@types%2ftype-check 122ms (from cache)
312 silly pacote tag manifest for @types/type-check@ts3.6 fetched in 126ms
313 http fetch GET 304 https://registry.npmjs.org/@types%2ftype-is 72ms (from cache)
314 silly pacote tag manifest for @types/type-is@ts3.6 fetched in 76ms
315 http fetch GET 200 https://registry.npmjs.org/@types%2ftypedarray-to-buffer 94ms
316 silly fetchPackageMetaData error for @types/typedarray-to-buffer@ts3.6 No matching version found for @types/typedarray-to-buffer@ts3.6.
317 http fetch GET 304 https://registry.npmjs.org/@types%2fstrip-comments 1446ms (from cache)
318 silly pacote tag manifest for @types/strip-comments@ts3.6 fetched in 1451ms
319 http fetch GET 304 https://registry.npmjs.org/@types%2ftar 1998ms (from cache)
320 silly pacote tag manifest for @types/tar@ts3.6 fetched in 2004ms
321 http fetch GET 304 https://registry.npmjs.org/@types%2ftext-table 2003ms (from cache)
322 silly pacote tag manifest for @types/text-table@ts3.6 fetched in 2007ms
323 http fetch GET 304 https://registry.npmjs.org/@types%2fthrough 2079ms (from cache)
324 silly pacote tag manifest for @types/through@ts3.6 fetched in 2083ms
325 http fetch GET 200 https://registry.npmjs.org/@types%2ftmpl 2008ms
326 silly fetchPackageMetaData error for @types/tmpl@ts3.6 No matching version found for @types/tmpl@ts3.6.
327 http fetch GET 304 https://registry.npmjs.org/@types%2futil-deprecate 138ms (from cache)
328 silly pacote tag manifest for @types/util-deprecate@ts3.6 fetched in 141ms
329 http fetch GET 304 https://registry.npmjs.org/@types%2ftoidentifier 1938ms (from cache)
330 silly registry:manifest no matching version for @types/toidentifier@ts3.6 in the cache. Forcing revalidation.
331 http fetch GET 304 https://registry.npmjs.org/@types%2futils-merge 127ms (from cache)
332 silly pacote tag manifest for @types/utils-merge@ts3.6 fetched in 134ms
333 http fetch GET 200 https://registry.npmjs.org/@types%2ftr46 1982ms
334 silly fetchPackageMetaData error for @types/tr46@ts3.6 No matching version found for @types/tr46@ts3.6.
335 http fetch GET 304 https://registry.npmjs.org/@types%2fuuid 109ms (from cache)
336 silly pacote tag manifest for @types/uuid@ts3.6 fetched in 117ms
337 http fetch GET 304 https://registry.npmjs.org/@types%2funiversalify 1357ms (from cache)
338 silly pacote tag manifest for @types/universalify@ts3.6 fetched in 1362ms
339 http fetch GET 304 https://registry.npmjs.org/@types%2ftough-cookie 2204ms (from cache)
340 silly pacote tag manifest for @types/tough-cookie@ts3.6 fetched in 2210ms
341 http fetch GET 304 https://registry.npmjs.org/@types%2fvary 84ms (from cache)
342 silly pacote tag manifest for @types/vary@ts3.6 fetched in 87ms
343 http fetch GET 304 https://registry.npmjs.org/@types%2fw3c-xmlserializer 87ms (from cache)
344 silly pacote tag manifest for @types/w3c-xmlserializer@ts3.6 fetched in 95ms
345 http fetch GET 304 https://registry.npmjs.org/@types%2fw3c-hr-time 110ms (from cache)
346 silly pacote tag manifest for @types/w3c-hr-time@ts3.6 fetched in 113ms
347 http fetch GET 304 https://registry.npmjs.org/@types%2fwebidl-conversions 134ms (from cache)
348 silly pacote tag manifest for @types/webidl-conversions@ts3.6 fetched in 138ms
349 http fetch GET 200 https://registry.npmjs.org/@types%2funbox-primitive 1909ms
350 silly fetchPackageMetaData error for @types/unbox-primitive@ts3.6 No matching version found for @types/unbox-primitive@ts3.6.
351 http fetch GET 304 https://registry.npmjs.org/@types%2fwatchpack 281ms (from cache)
352 silly pacote tag manifest for @types/watchpack@ts3.6 fetched in 297ms
353 http fetch GET 304 https://registry.npmjs.org/@types%2fwebpack 309ms (from cache)
354 silly pacote tag manifest for @types/webpack@ts3.6 fetched in 318ms
355 http fetch GET 304 https://registry.npmjs.org/@types%2fvalidate-npm-package-license 602ms (from cache)
356 http fetch GET 304 https://registry.npmjs.org/@types%2fwebpack-sources 134ms (from cache)
357 silly pacote tag manifest for @types/validate-npm-package-license@ts3.6 fetched in 618ms
358 silly pacote tag manifest for @types/webpack-sources@ts3.6 fetched in 148ms
359 http fetch GET 304 https://registry.npmjs.org/@types%2fwhatwg-encoding 183ms (from cache)
360 http fetch GET 304 https://registry.npmjs.org/@types%2funiq 2090ms (from cache)
361 silly pacote tag manifest for @types/whatwg-encoding@ts3.6 fetched in 187ms
362 silly pacote tag manifest for @types/uniq@ts3.6 fetched in 2095ms
363 http fetch GET 304 https://registry.npmjs.org/@types%2fwhich 125ms (from cache)
364 silly pacote tag manifest for @types/which@ts3.6 fetched in 127ms
365 http fetch GET 200 https://registry.npmjs.org/@types%2fwhich-boxed-primitive 92ms
366 silly fetchPackageMetaData error for @types/which-boxed-primitive@ts3.6 No matching version found for @types/which-boxed-primitive@ts3.6.
367 http fetch GET 304 https://registry.npmjs.org/@types%2fwhatwg-url 171ms (from cache)
368 silly pacote tag manifest for @types/whatwg-url@ts3.6 fetched in 176ms
369 http fetch GET 304 https://registry.npmjs.org/@types%2fwebpack-manifest-plugin 633ms (from cache)
370 silly pacote tag manifest for @types/webpack-manifest-plugin@ts3.6 fetched in 640ms
371 http fetch GET 304 https://registry.npmjs.org/@types%2fws 90ms (from cache)
372 silly pacote tag manifest for @types/ws@ts3.6 fetched in 111ms
373 http fetch GET 200 https://registry.npmjs.org/@types%2fxml-name-validator 98ms
374 silly fetchPackageMetaData error for @types/xml-name-validator@ts3.6 No matching version found for @types/xml-name-validator@ts3.6.
375 http fetch GET 304 https://registry.npmjs.org/@types%2fwrite-file-atomic 592ms (from cache)
376 silly pacote tag manifest for @types/write-file-atomic@ts3.6 fetched in 598ms
377 http fetch GET 304 https://registry.npmjs.org/@types%2fxtend 159ms (from cache)
378 silly pacote tag manifest for @types/xtend@ts3.6 fetched in 162ms
379 http fetch GET 304 https://registry.npmjs.org/@types%2fyallist 85ms (from cache)
380 silly pacote tag manifest for @types/yallist@ts3.6 fetched in 89ms
381 http fetch GET 304 https://registry.npmjs.org/@types%2fyargs 74ms (from cache)
382 silly pacote tag manifest for @types/yargs@ts3.6 fetched in 80ms
383 http fetch GET 304 https://registry.npmjs.org/@types%2furix 1949ms (from cache)
384 silly pacote tag manifest for @types/urix@ts3.6 fetched in 1952ms
385 http fetch GET 304 https://registry.npmjs.org/@types%2fyargs-parser 80ms (from cache)
386 silly pacote tag manifest for @types/yargs-parser@ts3.6 fetched in 83ms
387 http fetch GET 200 https://registry.npmjs.org/@types%2ftoidentifier 1853ms
388 silly fetchPackageMetaData error for @types/toidentifier@ts3.6 No matching version found for @types/toidentifier@ts3.6.
389 http fetch GET 304 https://registry.npmjs.org/@types%2furl-parse 2102ms (from cache)
390 silly pacote tag manifest for @types/url-parse@ts3.6 fetched in 2106ms
391 http fetch GET 304 https://registry.npmjs.org/@types%2futil.promisify 2127ms (from cache)
392 silly pacote tag manifest for @types/util.promisify@ts3.6 fetched in 2133ms
393 http fetch GET 304 https://registry.npmjs.org/@types%2fwrap-ansi 1247ms (from cache)
394 silly pacote tag manifest for @types/wrap-ansi@ts3.6 fetched in 1249ms
395 http fetch GET 304 https://registry.npmjs.org/@types%2fwhich-pm-runs 1395ms (from cache)
396 silly pacote tag manifest for @types/which-pm-runs@ts3.6 fetched in 1399ms
397 http fetch GET 304 https://registry.npmjs.org/@types%2fwhatwg-mimetype 2134ms (from cache)
398 silly pacote tag manifest for @types/whatwg-mimetype@ts3.6 fetched in 2139ms
399 http fetch GET 304 https://registry.npmjs.org/@types%2fworkbox-sw 1974ms (from cache)
400 silly pacote tag manifest for @types/workbox-sw@ts3.6 fetched in 1977ms
401 timing stage:rollbackFailedOptional Completed in 0ms
402 timing stage:runTopLevelLifecycles Completed in 15399ms
403 verbose type tag
404 verbose stack @types/postcss-preset-env: No matching version found for @types/postcss-preset-env@ts3.6.
404 verbose stack     at pickManifest (/usr/local/lib/node_modules/npm/node_modules/npm-pick-manifest/index.js:122:13)
404 verbose stack     at /usr/local/lib/node_modules/npm/node_modules/pacote/lib/fetchers/registry/manifest.js:24:14
404 verbose stack     at tryCatcher (/usr/local/lib/node_modules/npm/node_modules/bluebird/js/release/util.js:16:23)
404 verbose stack     at Promise._settlePromiseFromHandler (/usr/local/lib/node_modules/npm/node_modules/bluebird/js/release/promise.js:517:31)
404 verbose stack     at Promise._settlePromise (/usr/local/lib/node_modules/npm/node_modules/bluebird/js/release/promise.js:574:18)
404 verbose stack     at Promise._settlePromise0 (/usr/local/lib/node_modules/npm/node_modules/bluebird/js/release/promise.js:619:10)
404 verbose stack     at Promise._settlePromises (/usr/local/lib/node_modules/npm/node_modules/bluebird/js/release/promise.js:699:18)
404 verbose stack     at _drainQueueStep (/usr/local/lib/node_modules/npm/node_modules/bluebird/js/release/async.js:138:12)
404 verbose stack     at _drainQueue (/usr/local/lib/node_modules/npm/node_modules/bluebird/js/release/async.js:131:9)
404 verbose stack     at Async._drainQueues (/usr/local/lib/node_modules/npm/node_modules/bluebird/js/release/async.js:147:5)
404 verbose stack     at Immediate.Async.drainQueues [as _onImmediate] (/usr/local/lib/node_modules/npm/node_modules/bluebird/js/release/async.js:17:14)
404 verbose stack     at processImmediate (internal/timers.js:456:21)
405 verbose cwd /home/theia/.cache/typescript/3.6
406 verbose Linux 5.10.16.3-microsoft-standard-WSL2
407 verbose argv "/usr/local/bin/node" "/usr/local/bin/npm" "install" "--ignore-scripts" "@types/media-typer@ts3.6" "@types/memory-fs@ts3.6" "@types/memorystream@ts3.6" "@types/merge-descriptors@ts3.6" "@types/merge-stream@ts3.6" "@types/merge2@ts3.6" "@types/methods@ts3.6" "@types/micromatch@ts3.6" "@types/mime@ts3.6" "@types/mime-db@ts3.6" "@types/mime-types@ts3.6" "@types/min-indent@ts3.6" "@types/minimalistic-assert@ts3.6" "@types/minimatch@ts3.6" "@types/minimist@ts3.6" "@types/minizlib@ts3.6" "@types/mkdirp@ts3.6" "@types/move-concurrently@ts3.6" "@types/ms@ts3.6" "@types/multicast-dns@ts3.6" "@types/natural-compare@ts3.6" "@types/negotiator@ts3.6" "@types/next-tick@ts3.6" "@types/nice-try@ts3.6" "@types/node-forge@ts3.6" "@types/node-int64@ts3.6" "@types/node-notifier@ts3.6" "@types/normalize-package-data@ts3.6" "@types/normalize-path@ts3.6" "@types/num2fraction@ts3.6" "@types/nwsapi@ts3.6" "@types/object-assign@ts3.6" "@types/object-inspect@ts3.6" "@types/object-keys@ts3.6" "@types/object.fromentries@ts3.6" "@types/object.getownpropertydescriptors@ts3.6" "@types/object.pick@ts3.6" "@types/on-finished@ts3.6" "@types/on-headers@ts3.6" "@types/once@ts3.6" "@types/optimize-css-assets-webpack-plugin@ts3.6" "@types/pako@ts3.6" "@types/parallel-transform@ts3.6" "@types/parse-json@ts3.6" "@types/parseurl@ts3.6" "@types/pascalcase@ts3.6" "@types/path-browserify@ts3.6" "@types/path-is-absolute@ts3.6" "@types/path-is-inside@ts3.6" "@types/path-parse@ts3.6" "@types/pbkdf2@ts3.6" "@types/picomatch@ts3.6" "@types/pify@ts3.6" "@types/postcss-flexbugs-fixes@ts3.6" "@types/postcss-gap-properties@ts3.6" "@types/postcss-modules-extract-imports@ts3.6" "@types/postcss-modules-local-by-default@ts3.6" "@types/postcss-modules-scope@ts3.6" "@types/postcss-modules-values@ts3.6" "@types/postcss-normalize@ts3.6" "@types/postcss-preset-env@ts3.6" "@types/postcss-safe-parser@ts3.6" "@types/prelude-ls@ts3.6" "@types/prettier-linter-helpers@ts3.6" "@types/progress@ts3.6" "@types/promise-inflight@ts3.6" "@types/prompts@ts3.6" "@types/prop-types@ts3.6" "@types/proxy-addr@ts3.6" "@types/psl@ts3.6" "@types/pump@ts3.6" "@types/pumpify@ts3.6" "@types/punycode@ts3.6" "@types/q@ts3.6" "@types/qs@ts3.6" "@types/querystringify@ts3.6" "@types/raf@ts3.6" "@types/randombytes@ts3.6" "@types/range-parser@ts3.6" "@types/react-dev-utils@ts3.6" "@types/react-is@ts3.6" "@types/react-refresh@ts3.6" "@types/readable-stream@ts3.6" "@types/recursive-readdir@ts3.6" "@types/regenerate@ts3.6" "@types/regenerator-runtime@ts3.6" "@types/regex-not@ts3.6" "@types/relateurl@ts3.6" "@types/repeat-element@ts3.6" "@types/repeat-string@ts3.6" "@types/require-directory@ts3.6" "@types/require-from-string@ts3.6" "@types/requires-port@ts3.6" "@types/resolve@ts3.6" "@types/retry@ts3.6" "@types/rimraf@ts3.6" "@types/ripemd160@ts3.6" "@types/rsvp@ts3.6" "@types/run-parallel@ts3.6" "@types/safe-regex@ts3.6" "@types/safe-regex-test@ts3.6" "@types/safer-buffer@ts3.6" "@types/sane@ts3.6" "@types/sass-loader@ts3.6" "@types/sax@ts3.6" "@types/scheduler@ts3.6" "@types/selfsigned@ts3.6" "@types/semver@ts3.6" "@types/semver-compare@ts3.6" "@types/send@ts3.6" "@types/serialize-javascript@ts3.6" "@types/serve-index@ts3.6" "@types/serve-static@ts3.6" "@types/set-blocking@ts3.6" "@types/set-value@ts3.6" "@types/setimmediate@ts3.6" "@types/sha.js@ts3.6" "@types/shebang-command@ts3.6" "@types/shell-quote@ts3.6" "@types/signal-exit@ts3.6" "@types/simple-swizzle@ts3.6" "@types/slice-ansi@ts3.6" "@types/sockjs@ts3.6" "@types/sockjs-client@ts3.6" "@types/source-list-map@ts3.6" "@types/source-map-support@ts3.6" "@types/spdx-correct@ts3.6" "@types/spdx-expression-parse@ts3.6" "@types/spdy@ts3.6" "@types/sprintf@ts3.6" "@types/sprintf-js@ts3.6" "@types/ssri@ts3.6" "@types/stack-utils@ts3.6" "@types/statuses@ts3.6" "@types/stream-each@ts3.6" "@types/stream-shift@ts3.6" "@types/strict-uri-encode@ts3.6" "@types/string-natural-compare@ts3.6" "@types/string.prototype.matchall@ts3.6" "@types/stringify-object@ts3.6" "@types/strip-comments@ts3.6" "@types/strip-final-newline@ts3.6" "@types/supports-color@ts3.6" "@types/svg-parser@ts3.6" "@types/symbol-tree@ts3.6" "@types/tapable@ts3.6" "@types/tar@ts3.6" "@types/text-table@ts3.6" "@types/through@ts3.6" "@types/through2@ts3.6" "@types/thunky@ts3.6" "@types/timsort@ts3.6" "@types/tmpl@ts3.6" "@types/to-regex@ts3.6" "@types/to-regex-range@ts3.6" "@types/toidentifier@ts3.6" "@types/tough-cookie@ts3.6" "@types/tr46@ts3.6" "@types/tryer@ts3.6" "@types/type-check@ts3.6" "@types/type-detect@ts3.6" "@types/type-is@ts3.6" "@types/typedarray-to-buffer@ts3.6" "@types/unbox-primitive@ts3.6" "@types/uniq@ts3.6" "@types/universalify@ts3.6" "@types/urix@ts3.6" "@types/url-parse@ts3.6" "@types/util-deprecate@ts3.6" "@types/util.promisify@ts3.6" "@types/utils-merge@ts3.6" "@types/uuid@ts3.6" "@types/validate-npm-package-license@ts3.6" "@types/vary@ts3.6" "@types/w3c-hr-time@ts3.6" "@types/w3c-xmlserializer@ts3.6" "@types/watchpack@ts3.6" "@types/webidl-conversions@ts3.6" "@types/webpack@ts3.6" "@types/webpack-manifest-plugin@ts3.6" "@types/webpack-sources@ts3.6" "@types/whatwg-encoding@ts3.6" "@types/whatwg-mimetype@ts3.6" "@types/whatwg-url@ts3.6" "@types/which@ts3.6" "@types/which-boxed-primitive@ts3.6" "@types/which-pm-runs@ts3.6" "@types/workbox-sw@ts3.6" "@types/wrap-ansi@ts3.6" "@types/write-file-atomic@ts3.6" "@types/ws@ts3.6" "@types/xml-name-validator@ts3.6" "@types/xtend@ts3.6" "@types/yallist@ts3.6" "@types/yargs@ts3.6" "@types/yargs-parser@ts3.6" "--save-dev" "--user-agent=typesInstaller/3.6.3"
408 verbose node v12.18.3
409 verbose npm  v6.14.6
410 error code ETARGET
411 error notarget No matching version found for @types/postcss-preset-env@ts3.6.
412 error notarget In most cases you or one of your dependencies are requesting
412 error notarget a package version that doesn't exist.
413 verbose exit [ 1, true ]
