0 info it worked if it ends with ok
1 verbose cli [
1 verbose cli   '/usr/local/bin/node',
1 verbose cli   '/usr/local/bin/npm',
1 verbose cli   'install',
1 verbose cli   '--ignore-scripts',
1 verbose cli   '@types/media-typer@ts3.6',
1 verbose cli   '@types/memory-fs@ts3.6',
1 verbose cli   '@types/memorystream@ts3.6',
1 verbose cli   '@types/merge-descriptors@ts3.6',
1 verbose cli   '@types/merge-stream@ts3.6',
1 verbose cli   '@types/merge2@ts3.6',
1 verbose cli   '@types/methods@ts3.6',
1 verbose cli   '@types/micromatch@ts3.6',
1 verbose cli   '@types/mime@ts3.6',
1 verbose cli   '@types/mime-db@ts3.6',
1 verbose cli   '@types/mime-types@ts3.6',
1 verbose cli   '@types/min-indent@ts3.6',
1 verbose cli   '@types/minimalistic-assert@ts3.6',
1 verbose cli   '@types/minimatch@ts3.6',
1 verbose cli   '@types/minimist@ts3.6',
1 verbose cli   '@types/minizlib@ts3.6',
1 verbose cli   '@types/mkdirp@ts3.6',
1 verbose cli   '@types/move-concurrently@ts3.6',
1 verbose cli   '@types/ms@ts3.6',
1 verbose cli   '@types/multicast-dns@ts3.6',
1 verbose cli   '@types/natural-compare@ts3.6',
1 verbose cli   '@types/negotiator@ts3.6',
1 verbose cli   '@types/next-tick@ts3.6',
1 verbose cli   '@types/nice-try@ts3.6',
1 verbose cli   '@types/node-forge@ts3.6',
1 verbose cli   '@types/node-int64@ts3.6',
1 verbose cli   '@types/node-notifier@ts3.6',
1 verbose cli   '@types/normalize-package-data@ts3.6',
1 verbose cli   '@types/normalize-path@ts3.6',
1 verbose cli   '@types/num2fraction@ts3.6',
1 verbose cli   '@types/nwsapi@ts3.6',
1 verbose cli   '@types/object-assign@ts3.6',
1 verbose cli   '@types/object-inspect@ts3.6',
1 verbose cli   '@types/object-keys@ts3.6',
1 verbose cli   '@types/object.fromentries@ts3.6',
1 verbose cli   '@types/object.getownpropertydescriptors@ts3.6',
1 verbose cli   '@types/object.pick@ts3.6',
1 verbose cli   '@types/on-finished@ts3.6',
1 verbose cli   '@types/on-headers@ts3.6',
1 verbose cli   '@types/once@ts3.6',
1 verbose cli   '@types/optimize-css-assets-webpack-plugin@ts3.6',
1 verbose cli   '@types/pako@ts3.6',
1 verbose cli   '@types/parallel-transform@ts3.6',
1 verbose cli   '@types/parse-json@ts3.6',
1 verbose cli   '@types/parseurl@ts3.6',
1 verbose cli   '@types/pascalcase@ts3.6',
1 verbose cli   '@types/path-browserify@ts3.6',
1 verbose cli   '@types/path-is-absolute@ts3.6',
1 verbose cli   '@types/path-is-inside@ts3.6',
1 verbose cli   '@types/path-parse@ts3.6',
1 verbose cli   '@types/pbkdf2@ts3.6',
1 verbose cli   '@types/picomatch@ts3.6',
1 verbose cli   '@types/pify@ts3.6',
1 verbose cli   '@types/postcss-flexbugs-fixes@ts3.6',
1 verbose cli   '@types/postcss-gap-properties@ts3.6',
1 verbose cli   '@types/postcss-modules-extract-imports@ts3.6',
1 verbose cli   '@types/postcss-modules-local-by-default@ts3.6',
1 verbose cli   '@types/postcss-modules-scope@ts3.6',
1 verbose cli   '@types/postcss-modules-values@ts3.6',
1 verbose cli   '@types/postcss-normalize@ts3.6',
1 verbose cli   '@types/postcss-preset-env@ts3.6',
1 verbose cli   '@types/postcss-safe-parser@ts3.6',
1 verbose cli   '@types/prelude-ls@ts3.6',
1 verbose cli   '@types/prettier-linter-helpers@ts3.6',
1 verbose cli   '@types/progress@ts3.6',
1 verbose cli   '@types/promise-inflight@ts3.6',
1 verbose cli   '@types/prompts@ts3.6',
1 verbose cli   '@types/prop-types@ts3.6',
1 verbose cli   '@types/proxy-addr@ts3.6',
1 verbose cli   '@types/psl@ts3.6',
1 verbose cli   '@types/pump@ts3.6',
1 verbose cli   '@types/pumpify@ts3.6',
1 verbose cli   '@types/punycode@ts3.6',
1 verbose cli   '@types/q@ts3.6',
1 verbose cli   '@types/qs@ts3.6',
1 verbose cli   '@types/querystringify@ts3.6',
1 verbose cli   '@types/raf@ts3.6',
1 verbose cli   '@types/randombytes@ts3.6',
1 verbose cli   '@types/range-parser@ts3.6',
1 verbose cli   '@types/react-dev-utils@ts3.6',
1 verbose cli   '@types/react-is@ts3.6',
1 verbose cli   '@types/react-refresh@ts3.6',
1 verbose cli   '@types/readable-stream@ts3.6',
1 verbose cli   '@types/recursive-readdir@ts3.6',
1 verbose cli   '@types/regenerate@ts3.6',
1 verbose cli   '@types/regenerator-runtime@ts3.6',
1 verbose cli   '@types/regex-not@ts3.6',
1 verbose cli   '@types/relateurl@ts3.6',
1 verbose cli   '@types/repeat-element@ts3.6',
1 verbose cli   '@types/repeat-string@ts3.6',
1 verbose cli   '@types/require-directory@ts3.6',
1 verbose cli   '@types/require-from-string@ts3.6',
1 verbose cli   '@types/requires-port@ts3.6',
1 verbose cli   '@types/resolve@ts3.6',
1 verbose cli   '@types/retry@ts3.6',
1 verbose cli   '@types/rimraf@ts3.6',
1 verbose cli   ... 102 more items
1 verbose cli ]
2 info using npm@6.14.6
3 info using node@v12.18.3
4 verbose npm-session 888069283a7fd672
5 silly install loadCurrentTree
6 silly install readLocalPackageData
7 http fetch GET 200 https://registry.npmjs.org/@types%2fmemory-fs 141ms (from cache)
8 http fetch GET 200 https://registry.npmjs.org/@types%2fmemorystream 140ms (from cache)
9 http fetch GET 200 https://registry.npmjs.org/@types%2fmedia-typer 145ms (from cache)
10 http fetch GET 200 https://registry.npmjs.org/@types%2fmerge2 135ms (from cache)
11 http fetch GET 200 https://registry.npmjs.org/@types%2fmethods 132ms (from cache)
12 http fetch GET 200 https://registry.npmjs.org/@types%2fmime-db 127ms (from cache)
13 http fetch GET 200 https://registry.npmjs.org/@types%2fmicromatch 137ms (from cache)
14 http fetch GET 200 https://registry.npmjs.org/@types%2fmime 137ms (from cache)
15 silly pacote tag manifest for @types/memorystream@ts3.6 fetched in 154ms
16 silly pacote tag manifest for @types/memory-fs@ts3.6 fetched in 157ms
17 silly pacote tag manifest for @types/media-typer@ts3.6 fetched in 166ms
18 silly pacote tag manifest for @types/merge2@ts3.6 fetched in 148ms
19 silly pacote tag manifest for @types/methods@ts3.6 fetched in 157ms
20 silly pacote tag manifest for @types/mime-db@ts3.6 fetched in 152ms
21 silly pacote tag manifest for @types/micromatch@ts3.6 fetched in 159ms
22 silly pacote tag manifest for @types/mime@ts3.6 fetched in 159ms
23 http fetch GET 200 https://registry.npmjs.org/@types%2fmime-types 75ms (from cache)
24 http fetch GET 200 https://registry.npmjs.org/@types%2fminimatch 70ms (from cache)
25 http fetch GET 200 https://registry.npmjs.org/@types%2fminimalistic-assert 72ms (from cache)
26 http fetch GET 200 https://registry.npmjs.org/@types%2fmin-indent 74ms (from cache)
27 http fetch GET 200 https://registry.npmjs.org/@types%2fminimist 71ms (from cache)
28 http fetch GET 200 https://registry.npmjs.org/@types%2fminizlib 73ms (from cache)
29 http fetch GET 200 https://registry.npmjs.org/@types%2fmkdirp 71ms (from cache)
30 http fetch GET 200 https://registry.npmjs.org/@types%2fmove-concurrently 72ms (from cache)
31 silly pacote tag manifest for @types/minimatch@ts3.6 fetched in 85ms
32 silly pacote tag manifest for @types/minimalistic-assert@ts3.6 fetched in 87ms
33 silly pacote tag manifest for @types/min-indent@ts3.6 fetched in 89ms
34 silly pacote tag manifest for @types/mime-types@ts3.6 fetched in 93ms
35 silly pacote tag manifest for @types/minimist@ts3.6 fetched in 85ms
36 silly pacote tag manifest for @types/mkdirp@ts3.6 fetched in 83ms
37 silly pacote tag manifest for @types/minizlib@ts3.6 fetched in 87ms
38 silly pacote tag manifest for @types/move-concurrently@ts3.6 fetched in 94ms
39 http fetch GET 200 https://registry.npmjs.org/@types%2fmulticast-dns 34ms (from cache)
40 http fetch GET 200 https://registry.npmjs.org/@types%2fnatural-compare 34ms (from cache)
41 http fetch GET 200 https://registry.npmjs.org/@types%2fnegotiator 33ms (from cache)
42 http fetch GET 200 https://registry.npmjs.org/@types%2fms 36ms (from cache)
43 http fetch GET 200 https://registry.npmjs.org/@types%2fnext-tick 36ms (from cache)
44 http fetch GET 200 https://registry.npmjs.org/@types%2fnice-try 34ms (from cache)
45 http fetch GET 200 https://registry.npmjs.org/@types%2fnode-forge 35ms (from cache)
46 silly pacote tag manifest for @types/multicast-dns@ts3.6 fetched in 43ms
47 silly pacote tag manifest for @types/natural-compare@ts3.6 fetched in 44ms
48 silly pacote tag manifest for @types/negotiator@ts3.6 fetched in 43ms
49 silly pacote tag manifest for @types/ms@ts3.6 fetched in 45ms
50 http fetch GET 200 https://registry.npmjs.org/@types%2fnode-int64 28ms (from cache)
51 silly pacote tag manifest for @types/next-tick@ts3.6 fetched in 49ms
52 silly pacote tag manifest for @types/nice-try@ts3.6 fetched in 55ms
53 silly pacote tag manifest for @types/node-forge@ts3.6 fetched in 59ms
54 silly pacote tag manifest for @types/node-int64@ts3.6 fetched in 60ms
55 http fetch GET 200 https://registry.npmjs.org/@types%2fnode-notifier 59ms (from cache)
56 http fetch GET 200 https://registry.npmjs.org/@types%2fnormalize-package-data 60ms (from cache)
57 http fetch GET 200 https://registry.npmjs.org/@types%2fnormalize-path 66ms (from cache)
58 http fetch GET 200 https://registry.npmjs.org/@types%2fnwsapi 68ms (from cache)
59 http fetch GET 200 https://registry.npmjs.org/@types%2fobject-assign 56ms (from cache)
60 silly pacote tag manifest for @types/node-notifier@ts3.6 fetched in 80ms
61 silly pacote tag manifest for @types/normalize-package-data@ts3.6 fetched in 81ms
62 http fetch GET 200 https://registry.npmjs.org/@types%2fobject-inspect 58ms (from cache)
63 silly pacote tag manifest for @types/normalize-path@ts3.6 fetched in 80ms
64 silly pacote tag manifest for @types/nwsapi@ts3.6 fetched in 78ms
65 http fetch GET 200 https://registry.npmjs.org/@types%2fobject-keys 48ms (from cache)
66 silly pacote tag manifest for @types/object-assign@ts3.6 fetched in 68ms
67 silly pacote tag manifest for @types/object-inspect@ts3.6 fetched in 74ms
68 silly pacote tag manifest for @types/object-keys@ts3.6 fetched in 74ms
69 http fetch GET 200 https://registry.npmjs.org/@types%2fobject.fromentries 58ms (from cache)
70 http fetch GET 200 https://registry.npmjs.org/@types%2fobject.getownpropertydescriptors 58ms (from cache)
71 http fetch GET 200 https://registry.npmjs.org/@types%2fobject.pick 59ms (from cache)
72 http fetch GET 200 https://registry.npmjs.org/@types%2fon-finished 77ms (from cache)
73 http fetch GET 200 https://registry.npmjs.org/@types%2fon-headers 78ms (from cache)
74 silly pacote tag manifest for @types/object.fromentries@ts3.6 fetched in 88ms
75 silly pacote tag manifest for @types/object.getownpropertydescriptors@ts3.6 fetched in 88ms
76 silly pacote tag manifest for @types/object.pick@ts3.6 fetched in 89ms
77 http fetch GET 200 https://registry.npmjs.org/@types%2fonce 78ms (from cache)
78 silly pacote tag manifest for @types/on-finished@ts3.6 fetched in 97ms
79 http fetch GET 200 https://registry.npmjs.org/@types%2foptimize-css-assets-webpack-plugin 66ms (from cache)
80 silly pacote tag manifest for @types/on-headers@ts3.6 fetched in 112ms
81 silly pacote tag manifest for @types/once@ts3.6 fetched in 131ms
82 silly pacote tag manifest for @types/optimize-css-assets-webpack-plugin@ts3.6 fetched in 142ms
83 http fetch GET 200 https://registry.npmjs.org/@types%2fpako 113ms (from cache)
84 http fetch GET 200 https://registry.npmjs.org/@types%2fparallel-transform 113ms (from cache)
85 http fetch GET 200 https://registry.npmjs.org/@types%2fparseurl 125ms (from cache)
86 silly pacote tag manifest for @types/pako@ts3.6 fetched in 146ms
87 silly pacote tag manifest for @types/parallel-transform@ts3.6 fetched in 146ms
88 http fetch GET 200 https://registry.npmjs.org/@types%2fpascalcase 104ms (from cache)
89 http fetch GET 200 https://registry.npmjs.org/@types%2fpath-browserify 91ms (from cache)
90 silly pacote tag manifest for @types/parseurl@ts3.6 fetched in 153ms
91 silly registry:manifest no matching version for @types/path-browserify@ts3.6 in the cache. Forcing revalidation.
92 http fetch GET 200 https://registry.npmjs.org/@types%2fpath-is-absolute 86ms (from cache)
93 silly pacote tag manifest for @types/pascalcase@ts3.6 fetched in 143ms
94 silly pacote tag manifest for @types/path-is-absolute@ts3.6 fetched in 120ms
95 http fetch GET 200 https://registry.npmjs.org/@types%2fpath-is-inside 64ms (from cache)
96 http fetch GET 200 https://registry.npmjs.org/@types%2fpath-parse 64ms (from cache)
97 http fetch GET 200 https://registry.npmjs.org/@types%2fpbkdf2 61ms (from cache)
98 http fetch GET 200 https://registry.npmjs.org/@types%2fpicomatch 62ms (from cache)
99 silly pacote tag manifest for @types/path-is-inside@ts3.6 fetched in 94ms
100 silly pacote tag manifest for @types/path-parse@ts3.6 fetched in 93ms
101 silly pacote tag manifest for @types/pbkdf2@ts3.6 fetched in 98ms
102 http fetch GET 200 https://registry.npmjs.org/@types%2fpify 75ms (from cache)
103 silly pacote tag manifest for @types/picomatch@ts3.6 fetched in 122ms
104 silly pacote tag manifest for @types/pify@ts3.6 fetched in 132ms
105 http fetch GET 200 https://registry.npmjs.org/@types%2fpostcss-flexbugs-fixes 113ms (from cache)
106 http fetch GET 200 https://registry.npmjs.org/@types%2fpostcss-gap-properties 112ms (from cache)
107 http fetch GET 304 https://registry.npmjs.org/@types%2fmerge-stream 841ms (from cache)
108 http fetch GET 200 https://registry.npmjs.org/@types%2fpostcss-modules-extract-imports 98ms (from cache)
109 http fetch GET 200 https://registry.npmjs.org/@types%2fpostcss-modules-local-by-default 86ms (from cache)
110 silly pacote tag manifest for @types/postcss-flexbugs-fixes@ts3.6 fetched in 158ms
111 silly pacote tag manifest for @types/postcss-gap-properties@ts3.6 fetched in 152ms
112 silly pacote tag manifest for @types/merge-stream@ts3.6 fetched in 898ms
113 silly pacote tag manifest for @types/postcss-modules-extract-imports@ts3.6 fetched in 157ms
114 http fetch GET 200 https://registry.npmjs.org/@types%2fpostcss-modules-scope 93ms (from cache)
115 silly pacote tag manifest for @types/postcss-modules-local-by-default@ts3.6 fetched in 144ms
116 http fetch GET 304 https://registry.npmjs.org/@types%2fmerge-descriptors 932ms (from cache)
117 silly pacote tag manifest for @types/postcss-modules-scope@ts3.6 fetched in 148ms
118 silly pacote tag manifest for @types/merge-descriptors@ts3.6 fetched in 987ms
119 http fetch GET 200 https://registry.npmjs.org/@types%2fpostcss-modules-values 112ms (from cache)
120 http fetch GET 200 https://registry.npmjs.org/@types%2fpostcss-normalize 103ms (from cache)
121 http fetch GET 200 https://registry.npmjs.org/@types%2fpostcss-safe-parser 96ms (from cache)
122 http fetch GET 200 https://registry.npmjs.org/@types%2fprelude-ls 96ms (from cache)
123 http fetch GET 200 https://registry.npmjs.org/@types%2fpostcss-preset-env 121ms (from cache)
124 silly pacote tag manifest for @types/postcss-modules-values@ts3.6 fetched in 163ms
125 silly pacote tag manifest for @types/postcss-normalize@ts3.6 fetched in 164ms
126 silly registry:manifest no matching version for @types/postcss-preset-env@ts3.6 in the cache. Forcing revalidation.
127 silly pacote tag manifest for @types/postcss-safe-parser@ts3.6 fetched in 151ms
128 http fetch GET 200 https://registry.npmjs.org/@types%2fprettier-linter-helpers 97ms (from cache)
129 silly pacote tag manifest for @types/prelude-ls@ts3.6 fetched in 152ms
130 http fetch GET 200 https://registry.npmjs.org/@types%2fpath-browserify 446ms
131 http fetch GET 200 https://registry.npmjs.org/@types%2fprogress 92ms (from cache)
132 silly fetchPackageMetaData error for @types/path-browserify@ts3.6 No matching version found for @types/path-browserify@ts3.6.
133 silly pacote tag manifest for @types/prettier-linter-helpers@ts3.6 fetched in 171ms
134 silly pacote tag manifest for @types/progress@ts3.6 fetched in 168ms
135 http fetch GET 200 https://registry.npmjs.org/@types%2fpromise-inflight 108ms (from cache)
136 http fetch GET 200 https://registry.npmjs.org/@types%2fprompts 108ms (from cache)
137 http fetch GET 200 https://registry.npmjs.org/@types%2fprop-types 126ms (from cache)
138 silly pacote tag manifest for @types/promise-inflight@ts3.6 fetched in 165ms
139 silly pacote tag manifest for @types/prompts@ts3.6 fetched in 176ms
140 http fetch GET 200 https://registry.npmjs.org/@types%2fpsl 129ms (from cache)
141 silly pacote tag manifest for @types/prop-types@ts3.6 fetched in 177ms
142 http fetch GET 200 https://registry.npmjs.org/@types%2fpump 107ms (from cache)
143 http fetch GET 304 https://registry.npmjs.org/@types%2fnum2fraction 963ms (from cache)
144 http fetch GET 200 https://registry.npmjs.org/@types%2fpumpify 99ms (from cache)
145 silly pacote tag manifest for @types/psl@ts3.6 fetched in 152ms
146 silly pacote tag manifest for @types/pump@ts3.6 fetched in 125ms
147 silly pacote tag manifest for @types/num2fraction@ts3.6 fetched in 979ms
148 http fetch GET 200 https://registry.npmjs.org/@types%2fpunycode 44ms (from cache)
149 http fetch GET 200 https://registry.npmjs.org/@types%2fq 45ms (from cache)
150 silly pacote tag manifest for @types/pumpify@ts3.6 fetched in 115ms
151 http fetch GET 200 https://registry.npmjs.org/@types%2fqs 37ms (from cache)
152 silly pacote tag manifest for @types/punycode@ts3.6 fetched in 62ms
153 silly pacote tag manifest for @types/q@ts3.6 fetched in 63ms
154 http fetch GET 200 https://registry.npmjs.org/@types%2fquerystringify 39ms (from cache)
155 silly pacote tag manifest for @types/qs@ts3.6 fetched in 62ms
156 http fetch GET 200 https://registry.npmjs.org/@types%2frandombytes 41ms (from cache)
157 http fetch GET 200 https://registry.npmjs.org/@types%2fraf 46ms (from cache)
158 silly pacote tag manifest for @types/querystringify@ts3.6 fetched in 59ms
159 http fetch GET 304 https://registry.npmjs.org/@types%2fparse-json 858ms (from cache)
160 http fetch GET 200 https://registry.npmjs.org/@types%2frange-parser 49ms (from cache)
161 silly pacote tag manifest for @types/randombytes@ts3.6 fetched in 61ms
162 silly pacote tag manifest for @types/raf@ts3.6 fetched in 64ms
163 http fetch GET 200 https://registry.npmjs.org/@types%2freact-is 46ms (from cache)
164 http fetch GET 200 https://registry.npmjs.org/@types%2freact-dev-utils 48ms (from cache)
165 silly pacote tag manifest for @types/parse-json@ts3.6 fetched in 885ms
166 silly pacote tag manifest for @types/range-parser@ts3.6 fetched in 77ms
167 http fetch GET 200 https://registry.npmjs.org/@types%2freact-refresh 52ms (from cache)
168 silly registry:manifest no matching version for @types/react-refresh@ts3.6 in the cache. Forcing revalidation.
169 silly pacote tag manifest for @types/react-is@ts3.6 fetched in 74ms
170 silly pacote tag manifest for @types/react-dev-utils@ts3.6 fetched in 78ms
171 http fetch GET 200 https://registry.npmjs.org/@types%2freadable-stream 48ms (from cache)
172 http fetch GET 200 https://registry.npmjs.org/@types%2frecursive-readdir 53ms (from cache)
173 http fetch GET 200 https://registry.npmjs.org/@types%2fregenerate 57ms (from cache)
174 silly registry:manifest no matching version for @types/regenerate@ts3.6 in the cache. Forcing revalidation.
175 silly pacote tag manifest for @types/readable-stream@ts3.6 fetched in 80ms
176 http fetch GET 200 https://registry.npmjs.org/@types%2fregenerator-runtime 53ms (from cache)
177 http fetch GET 200 https://registry.npmjs.org/@types%2fregex-not 52ms (from cache)
178 silly pacote tag manifest for @types/recursive-readdir@ts3.6 fetched in 78ms
179 silly registry:manifest no matching version for @types/regex-not@ts3.6 in the cache. Forcing revalidation.
180 http fetch GET 200 https://registry.npmjs.org/@types%2frelateurl 47ms (from cache)
181 http fetch GET 200 https://registry.npmjs.org/@types%2frepeat-element 47ms (from cache)
182 http fetch GET 200 https://registry.npmjs.org/@types%2fpostcss-preset-env 372ms
183 silly pacote tag manifest for @types/regenerator-runtime@ts3.6 fetched in 74ms
184 silly fetchPackageMetaData error for @types/postcss-preset-env@ts3.6 No matching version found for @types/postcss-preset-env@ts3.6.
185 silly pacote tag manifest for @types/relateurl@ts3.6 fetched in 70ms
186 silly pacote tag manifest for @types/repeat-element@ts3.6 fetched in 72ms
187 http fetch GET 200 https://registry.npmjs.org/@types%2frepeat-string 40ms (from cache)
188 http fetch GET 200 https://registry.npmjs.org/@types%2frequire-directory 43ms (from cache)
189 silly pacote tag manifest for @types/repeat-string@ts3.6 fetched in 64ms
190 silly pacote tag manifest for @types/require-directory@ts3.6 fetched in 61ms
191 http fetch GET 200 https://registry.npmjs.org/@types%2frequires-port 35ms (from cache)
192 http fetch GET 200 https://registry.npmjs.org/@types%2fresolve 35ms (from cache)
193 http fetch GET 200 https://registry.npmjs.org/@types%2fretry 34ms (from cache)
194 silly pacote tag manifest for @types/requires-port@ts3.6 fetched in 59ms
195 silly pacote tag manifest for @types/resolve@ts3.6 fetched in 64ms
196 silly pacote tag manifest for @types/retry@ts3.6 fetched in 65ms
197 http fetch GET 200 https://registry.npmjs.org/@types%2frimraf 40ms (from cache)
198 http fetch GET 200 https://registry.npmjs.org/@types%2fripemd160 39ms (from cache)
199 silly pacote tag manifest for @types/rimraf@ts3.6 fetched in 53ms
200 silly pacote tag manifest for @types/ripemd160@ts3.6 fetched in 52ms
201 http fetch GET 200 https://registry.npmjs.org/@types%2frsvp 28ms (from cache)
202 http fetch GET 200 https://registry.npmjs.org/@types%2frun-parallel 22ms (from cache)
203 http fetch GET 200 https://registry.npmjs.org/@types%2fsafe-regex 20ms (from cache)
204 silly pacote tag manifest for @types/rsvp@ts3.6 fetched in 41ms
205 http fetch GET 304 https://registry.npmjs.org/@types%2fproxy-addr 474ms (from cache)
206 silly pacote tag manifest for @types/run-parallel@ts3.6 fetched in 37ms
207 silly pacote tag manifest for @types/safe-regex@ts3.6 fetched in 37ms
208 http fetch GET 200 https://registry.npmjs.org/@types%2fsafe-regex-test 24ms (from cache)
209 silly registry:manifest no matching version for @types/safe-regex-test@ts3.6 in the cache. Forcing revalidation.
210 http fetch GET 200 https://registry.npmjs.org/@types%2fsafer-buffer 25ms (from cache)
211 silly pacote tag manifest for @types/proxy-addr@ts3.6 fetched in 487ms
212 silly pacote tag manifest for @types/safer-buffer@ts3.6 fetched in 37ms
213 http fetch GET 200 https://registry.npmjs.org/@types%2fsane 23ms (from cache)
214 http fetch GET 200 https://registry.npmjs.org/@types%2fsass-loader 26ms (from cache)
215 http fetch GET 200 https://registry.npmjs.org/@types%2fsax 27ms (from cache)
216 silly pacote tag manifest for @types/sane@ts3.6 fetched in 48ms
217 silly pacote tag manifest for @types/sass-loader@ts3.6 fetched in 54ms
218 http fetch GET 200 https://registry.npmjs.org/@types%2freact-refresh 240ms
219 silly fetchPackageMetaData error for @types/react-refresh@ts3.6 No matching version found for @types/react-refresh@ts3.6.
220 silly pacote tag manifest for @types/sax@ts3.6 fetched in 57ms
221 http fetch GET 200 https://registry.npmjs.org/@types%2fselfsigned 47ms (from cache)
222 silly registry:manifest no matching version for @types/selfsigned@ts3.6 in the cache. Forcing revalidation.
223 http fetch GET 200 https://registry.npmjs.org/@types%2fsemver 35ms (from cache)
224 http fetch GET 200 https://registry.npmjs.org/@types%2fsemver-compare 34ms (from cache)
225 http fetch GET 200 https://registry.npmjs.org/@types%2fserialize-javascript 25ms (from cache)
226 silly pacote tag manifest for @types/semver@ts3.6 fetched in 43ms
227 http fetch GET 200 https://registry.npmjs.org/@types%2fsend 28ms (from cache)
228 silly pacote tag manifest for @types/semver-compare@ts3.6 fetched in 47ms
229 silly pacote tag manifest for @types/serialize-javascript@ts3.6 fetched in 44ms
230 silly pacote tag manifest for @types/send@ts3.6 fetched in 46ms
231 http fetch GET 200 https://registry.npmjs.org/@types%2fserve-index 32ms (from cache)
232 http fetch GET 200 https://registry.npmjs.org/@types%2fserve-static 29ms (from cache)
233 http fetch GET 200 https://registry.npmjs.org/@types%2fset-value 21ms (from cache)
234 silly pacote tag manifest for @types/serve-index@ts3.6 fetched in 40ms
235 silly pacote tag manifest for @types/serve-static@ts3.6 fetched in 35ms
236 http fetch GET 200 https://registry.npmjs.org/@types%2fset-blocking 27ms (from cache)
237 silly registry:manifest no matching version for @types/set-blocking@ts3.6 in the cache. Forcing revalidation.
238 silly pacote tag manifest for @types/set-value@ts3.6 fetched in 31ms
239 http fetch GET 200 https://registry.npmjs.org/@types%2fsetimmediate 18ms (from cache)
240 http fetch GET 200 https://registry.npmjs.org/@types%2fsha.js 20ms (from cache)
241 silly pacote tag manifest for @types/setimmediate@ts3.6 fetched in 28ms
242 http fetch GET 200 https://registry.npmjs.org/@types%2fshebang-command 23ms (from cache)
243 silly pacote tag manifest for @types/sha.js@ts3.6 fetched in 30ms
244 silly pacote tag manifest for @types/shebang-command@ts3.6 fetched in 30ms
245 http fetch GET 304 https://registry.npmjs.org/@types%2frequire-from-string 287ms (from cache)
246 http fetch GET 200 https://registry.npmjs.org/@types%2fshell-quote 14ms (from cache)
247 silly pacote tag manifest for @types/require-from-string@ts3.6 fetched in 295ms
248 http fetch GET 200 https://registry.npmjs.org/@types%2fsignal-exit 16ms (from cache)
249 silly pacote tag manifest for @types/shell-quote@ts3.6 fetched in 21ms
250 silly pacote tag manifest for @types/signal-exit@ts3.6 fetched in 22ms
251 http fetch GET 200 https://registry.npmjs.org/@types%2fsimple-swizzle 18ms (from cache)
252 silly registry:manifest no matching version for @types/simple-swizzle@ts3.6 in the cache. Forcing revalidation.
253 http fetch GET 200 https://registry.npmjs.org/@types%2fslice-ansi 16ms (from cache)
254 silly pacote tag manifest for @types/slice-ansi@ts3.6 fetched in 30ms
255 http fetch GET 200 https://registry.npmjs.org/@types%2fsockjs-client 30ms (from cache)
256 silly pacote tag manifest for @types/sockjs-client@ts3.6 fetched in 40ms
257 http fetch GET 200 https://registry.npmjs.org/@types%2fsource-list-map 17ms (from cache)
258 silly pacote tag manifest for @types/source-list-map@ts3.6 fetched in 29ms
259 http fetch GET 200 https://registry.npmjs.org/@types%2fsource-map-support 15ms (from cache)
260 silly pacote tag manifest for @types/source-map-support@ts3.6 fetched in 32ms
261 http fetch GET 200 https://registry.npmjs.org/@types%2fspdx-correct 22ms (from cache)
262 silly pacote tag manifest for @types/spdx-correct@ts3.6 fetched in 50ms
263 http fetch GET 200 https://registry.npmjs.org/@types%2fspdx-expression-parse 48ms (from cache)
264 silly pacote tag manifest for @types/spdx-expression-parse@ts3.6 fetched in 59ms
265 http fetch GET 200 https://registry.npmjs.org/@types%2fspdy 26ms (from cache)
266 silly pacote tag manifest for @types/spdy@ts3.6 fetched in 32ms
267 http fetch GET 200 https://registry.npmjs.org/@types%2fsprintf 8ms (from cache)
268 http fetch GET 200 https://registry.npmjs.org/@types%2fsafe-regex-test 331ms
269 silly fetchPackageMetaData error for @types/safe-regex-test@ts3.6 No matching version found for @types/safe-regex-test@ts3.6.
270 silly pacote tag manifest for @types/sprintf@ts3.6 fetched in 15ms
271 http fetch GET 200 https://registry.npmjs.org/@types%2fsprintf-js 11ms (from cache)
272 silly pacote tag manifest for @types/sprintf-js@ts3.6 fetched in 32ms
273 http fetch GET 200 https://registry.npmjs.org/@types%2fssri 26ms (from cache)
274 silly pacote tag manifest for @types/ssri@ts3.6 fetched in 51ms
275 http fetch GET 200 https://registry.npmjs.org/@types%2fstatuses 33ms (from cache)
276 silly pacote tag manifest for @types/statuses@ts3.6 fetched in 45ms
277 http fetch GET 200 https://registry.npmjs.org/@types%2fstream-each 20ms (from cache)
278 silly pacote tag manifest for @types/stream-each@ts3.6 fetched in 23ms
279 http fetch GET 200 https://registry.npmjs.org/@types%2fstream-shift 17ms (from cache)
280 http fetch GET 200 https://registry.npmjs.org/@types%2fstrict-uri-encode 15ms (from cache)
281 silly pacote tag manifest for @types/stream-shift@ts3.6 fetched in 24ms
282 silly pacote tag manifest for @types/strict-uri-encode@ts3.6 fetched in 27ms
283 http fetch GET 200 https://registry.npmjs.org/@types%2fstring-natural-compare 17ms (from cache)
284 http fetch GET 200 https://registry.npmjs.org/@types%2fstring.prototype.matchall 11ms (from cache)
285 silly pacote tag manifest for @types/string-natural-compare@ts3.6 fetched in 26ms
286 silly pacote tag manifest for @types/string.prototype.matchall@ts3.6 fetched in 18ms
287 http fetch GET 200 https://registry.npmjs.org/@types%2fstringify-object 8ms (from cache)
288 http fetch GET 200 https://registry.npmjs.org/@types%2fstrip-comments 11ms (from cache)
289 silly pacote tag manifest for @types/stringify-object@ts3.6 fetched in 14ms
290 silly pacote tag manifest for @types/strip-comments@ts3.6 fetched in 13ms
291 http fetch GET 200 https://registry.npmjs.org/@types%2fstrip-final-newline 6ms (from cache)
292 http fetch GET 200 https://registry.npmjs.org/@types%2fsupports-color 7ms (from cache)
293 silly pacote tag manifest for @types/strip-final-newline@ts3.6 fetched in 9ms
294 silly pacote tag manifest for @types/supports-color@ts3.6 fetched in 9ms
295 http fetch GET 200 https://registry.npmjs.org/@types%2fsvg-parser 12ms (from cache)
296 silly pacote tag manifest for @types/svg-parser@ts3.6 fetched in 23ms
297 http fetch GET 304 https://registry.npmjs.org/@types%2fstack-utils 304ms (from cache)
298 silly pacote tag manifest for @types/stack-utils@ts3.6 fetched in 310ms
299 http fetch GET 200 https://registry.npmjs.org/@types%2ftar 12ms (from cache)
300 http fetch GET 304 https://registry.npmjs.org/@types%2fscheduler 655ms (from cache)
301 silly pacote tag manifest for @types/tar@ts3.6 fetched in 17ms
302 http fetch GET 304 https://registry.npmjs.org/@types%2fsockjs 483ms (from cache)
303 silly pacote tag manifest for @types/scheduler@ts3.6 fetched in 661ms
304 silly pacote tag manifest for @types/sockjs@ts3.6 fetched in 514ms
305 http fetch GET 200 https://registry.npmjs.org/@types%2ftext-table 51ms (from cache)
306 http fetch GET 200 https://registry.npmjs.org/@types%2fthrough 48ms (from cache)
307 silly pacote tag manifest for @types/text-table@ts3.6 fetched in 65ms
308 http fetch GET 200 https://registry.npmjs.org/@types%2fthrough2 42ms (from cache)
309 silly pacote tag manifest for @types/through@ts3.6 fetched in 66ms
310 silly pacote tag manifest for @types/through2@ts3.6 fetched in 57ms
311 http fetch GET 200 https://registry.npmjs.org/@types%2fsimple-swizzle 568ms
312 http fetch GET 200 https://registry.npmjs.org/@types%2fselfsigned 696ms
313 silly fetchPackageMetaData error for @types/simple-swizzle@ts3.6 No matching version found for @types/simple-swizzle@ts3.6.
314 silly fetchPackageMetaData error for @types/selfsigned@ts3.6 No matching version found for @types/selfsigned@ts3.6.
315 http fetch GET 200 https://registry.npmjs.org/@types%2fthunky 35ms (from cache)
316 silly pacote tag manifest for @types/thunky@ts3.6 fetched in 84ms
317 http fetch GET 200 https://registry.npmjs.org/@types%2ftimsort 75ms (from cache)
318 http fetch GET 200 https://registry.npmjs.org/@types%2ftmpl 73ms (from cache)
319 silly registry:manifest no matching version for @types/tmpl@ts3.6 in the cache. Forcing revalidation.
320 http fetch GET 200 https://registry.npmjs.org/@types%2fto-regex 84ms (from cache)
321 silly pacote tag manifest for @types/timsort@ts3.6 fetched in 113ms
322 http fetch GET 200 https://registry.npmjs.org/@types%2fto-regex-range 85ms (from cache)
323 silly registry:manifest no matching version for @types/to-regex@ts3.6 in the cache. Forcing revalidation.
324 silly registry:manifest no matching version for @types/to-regex-range@ts3.6 in the cache. Forcing revalidation.
325 http fetch GET 200 https://registry.npmjs.org/@types%2ftough-cookie 55ms (from cache)
326 silly pacote tag manifest for @types/tough-cookie@ts3.6 fetched in 65ms
327 http fetch GET 200 https://registry.npmjs.org/@types%2ftr46 19ms (from cache)
328 silly registry:manifest no matching version for @types/tr46@ts3.6 in the cache. Forcing revalidation.
329 http fetch GET 200 https://registry.npmjs.org/@types%2ftmpl 249ms
330 silly fetchPackageMetaData error for @types/tmpl@ts3.6 No matching version found for @types/tmpl@ts3.6.
331 http fetch GET 200 https://registry.npmjs.org/@types%2ftoidentifier 314ms
332 silly fetchPackageMetaData error for @types/toidentifier@ts3.6 No matching version found for @types/toidentifier@ts3.6.
333 http fetch GET 200 https://registry.npmjs.org/@types%2fto-regex 269ms
334 silly fetchPackageMetaData error for @types/to-regex@ts3.6 No matching version found for @types/to-regex@ts3.6.
335 http fetch GET 200 https://registry.npmjs.org/@types%2fto-regex-range 289ms
336 silly fetchPackageMetaData error for @types/to-regex-range@ts3.6 No matching version found for @types/to-regex-range@ts3.6.
337 http fetch GET 200 https://registry.npmjs.org/@types%2ftryer 76ms (from cache)
338 silly pacote tag manifest for @types/tryer@ts3.6 fetched in 99ms
339 http fetch GET 200 https://registry.npmjs.org/@types%2ftype-detect 53ms (from cache)
340 http fetch GET 200 https://registry.npmjs.org/@types%2ftype-is 50ms (from cache)
341 http fetch GET 200 https://registry.npmjs.org/@types%2ftr46 278ms
342 silly fetchPackageMetaData error for @types/tr46@ts3.6 No matching version found for @types/tr46@ts3.6.
343 silly pacote tag manifest for @types/type-detect@ts3.6 fetched in 69ms
344 http fetch GET 304 https://registry.npmjs.org/@types%2fsymbol-tree 755ms (from cache)
345 silly pacote tag manifest for @types/type-is@ts3.6 fetched in 67ms
346 http fetch GET 200 https://registry.npmjs.org/@types%2ftypedarray-to-buffer 33ms (from cache)
347 silly registry:manifest no matching version for @types/typedarray-to-buffer@ts3.6 in the cache. Forcing revalidation.
348 silly pacote tag manifest for @types/symbol-tree@ts3.6 fetched in 771ms
349 http fetch GET 200 https://registry.npmjs.org/@types%2funiq 31ms (from cache)
350 http fetch GET 200 https://registry.npmjs.org/@types%2funbox-primitive 37ms (from cache)
351 http fetch GET 304 https://registry.npmjs.org/@types%2ftapable 766ms (from cache)
352 silly registry:manifest no matching version for @types/unbox-primitive@ts3.6 in the cache. Forcing revalidation.
353 http fetch GET 200 https://registry.npmjs.org/@types%2funiversalify 36ms (from cache)
354 silly pacote tag manifest for @types/uniq@ts3.6 fetched in 44ms
355 http fetch GET 200 https://registry.npmjs.org/@types%2furix 25ms (from cache)
356 silly pacote tag manifest for @types/tapable@ts3.6 fetched in 780ms
357 silly pacote tag manifest for @types/universalify@ts3.6 fetched in 51ms
358 silly pacote tag manifest for @types/urix@ts3.6 fetched in 44ms
359 http fetch GET 200 https://registry.npmjs.org/@types%2furl-parse 29ms (from cache)
360 http fetch GET 200 https://registry.npmjs.org/@types%2futil-deprecate 25ms (from cache)
361 http fetch GET 200 https://registry.npmjs.org/@types%2futil.promisify 20ms (from cache)
362 silly pacote tag manifest for @types/url-parse@ts3.6 fetched in 35ms
363 http fetch GET 200 https://registry.npmjs.org/@types%2futils-merge 14ms (from cache)
364 silly pacote tag manifest for @types/util-deprecate@ts3.6 fetched in 29ms
365 silly pacote tag manifest for @types/util.promisify@ts3.6 fetched in 26ms
366 silly pacote tag manifest for @types/utils-merge@ts3.6 fetched in 21ms
367 http fetch GET 200 https://registry.npmjs.org/@types%2fuuid 18ms (from cache)
368 http fetch GET 200 https://registry.npmjs.org/@types%2fvalidate-npm-package-license 20ms (from cache)
369 http fetch GET 200 https://registry.npmjs.org/@types%2fvary 18ms (from cache)
370 silly pacote tag manifest for @types/uuid@ts3.6 fetched in 26ms
371 http fetch GET 200 https://registry.npmjs.org/@types%2fw3c-hr-time 16ms (from cache)
372 silly pacote tag manifest for @types/validate-npm-package-license@ts3.6 fetched in 26ms
373 silly pacote tag manifest for @types/vary@ts3.6 fetched in 22ms
374 silly pacote tag manifest for @types/w3c-hr-time@ts3.6 fetched in 22ms
375 http fetch GET 200 https://registry.npmjs.org/@types%2fw3c-xmlserializer 13ms (from cache)
376 http fetch GET 200 https://registry.npmjs.org/@types%2fwatchpack 12ms (from cache)
377 http fetch GET 200 https://registry.npmjs.org/@types%2fwebidl-conversions 13ms (from cache)
378 silly pacote tag manifest for @types/w3c-xmlserializer@ts3.6 fetched in 18ms
379 silly pacote tag manifest for @types/watchpack@ts3.6 fetched in 18ms
380 http fetch GET 200 https://registry.npmjs.org/@types%2fwebpack 13ms (from cache)
381 silly pacote tag manifest for @types/webidl-conversions@ts3.6 fetched in 21ms
382 silly pacote tag manifest for @types/webpack@ts3.6 fetched in 26ms
383 http fetch GET 200 https://registry.npmjs.org/@types%2fwebpack-manifest-plugin 22ms (from cache)
384 http fetch GET 200 https://registry.npmjs.org/@types%2fwebpack-sources 23ms (from cache)
385 http fetch GET 200 https://registry.npmjs.org/@types%2fwhatwg-encoding 45ms (from cache)
386 silly pacote tag manifest for @types/webpack-manifest-plugin@ts3.6 fetched in 53ms
387 silly pacote tag manifest for @types/webpack-sources@ts3.6 fetched in 55ms
388 http fetch GET 200 https://registry.npmjs.org/@types%2fwhatwg-mimetype 53ms (from cache)
389 silly pacote tag manifest for @types/whatwg-encoding@ts3.6 fetched in 64ms
390 silly pacote tag manifest for @types/whatwg-mimetype@ts3.6 fetched in 78ms
391 http fetch GET 200 https://registry.npmjs.org/@types%2fwhich 66ms (from cache)
392 http fetch GET 200 https://registry.npmjs.org/@types%2fwhich-boxed-primitive 71ms (from cache)
393 silly registry:manifest no matching version for @types/which-boxed-primitive@ts3.6 in the cache. Forcing revalidation.
394 silly pacote tag manifest for @types/which@ts3.6 fetched in 83ms
395 http fetch GET 200 https://registry.npmjs.org/@types%2fwhich-pm-runs 46ms (from cache)
396 silly pacote tag manifest for @types/which-pm-runs@ts3.6 fetched in 83ms
397 http fetch GET 200 https://registry.npmjs.org/@types%2fworkbox-sw 56ms (from cache)
398 silly pacote tag manifest for @types/workbox-sw@ts3.6 fetched in 75ms
399 http fetch GET 200 https://registry.npmjs.org/@types%2fwrap-ansi 39ms (from cache)
400 http fetch GET 200 https://registry.npmjs.org/@types%2funbox-primitive 323ms
401 http fetch GET 304 https://registry.npmjs.org/@types%2ftype-check 449ms (from cache)
402 silly fetchPackageMetaData error for @types/unbox-primitive@ts3.6 No matching version found for @types/unbox-primitive@ts3.6.
403 http fetch GET 200 https://registry.npmjs.org/@types%2ftypedarray-to-buffer 350ms
404 silly pacote tag manifest for @types/wrap-ansi@ts3.6 fetched in 49ms
405 silly fetchPackageMetaData error for @types/typedarray-to-buffer@ts3.6 No matching version found for @types/typedarray-to-buffer@ts3.6.
406 http fetch GET 200 https://registry.npmjs.org/@types%2fwrite-file-atomic 19ms (from cache)
407 silly pacote tag manifest for @types/type-check@ts3.6 fetched in 461ms
408 silly pacote tag manifest for @types/write-file-atomic@ts3.6 fetched in 33ms
409 http fetch GET 200 https://registry.npmjs.org/@types%2fws 23ms (from cache)
410 http fetch GET 200 https://registry.npmjs.org/@types%2fxml-name-validator 25ms (from cache)
411 http fetch GET 200 https://registry.npmjs.org/@types%2fxtend 22ms (from cache)
412 silly registry:manifest no matching version for @types/xml-name-validator@ts3.6 in the cache. Forcing revalidation.
413 http fetch GET 200 https://registry.npmjs.org/@types%2fyallist 21ms (from cache)
414 silly pacote tag manifest for @types/ws@ts3.6 fetched in 31ms
415 silly pacote tag manifest for @types/xtend@ts3.6 fetched in 32ms
416 http fetch GET 200 https://registry.npmjs.org/@types%2fyargs 21ms (from cache)
417 silly pacote tag manifest for @types/yallist@ts3.6 fetched in 36ms
418 silly pacote tag manifest for @types/yargs@ts3.6 fetched in 28ms
419 http fetch GET 200 https://registry.npmjs.org/@types%2fyargs-parser 15ms (from cache)
420 silly pacote tag manifest for @types/yargs-parser@ts3.6 fetched in 18ms
421 http fetch GET 304 https://registry.npmjs.org/@types%2fwhatwg-url 397ms (from cache)
422 silly pacote tag manifest for @types/whatwg-url@ts3.6 fetched in 399ms
423 http fetch GET 200 https://registry.npmjs.org/@types%2fwhich-boxed-primitive 342ms
424 silly fetchPackageMetaData error for @types/which-boxed-primitive@ts3.6 No matching version found for @types/which-boxed-primitive@ts3.6.
425 http fetch GET 200 https://registry.npmjs.org/@types%2fxml-name-validator 234ms
426 silly fetchPackageMetaData error for @types/xml-name-validator@ts3.6 No matching version found for @types/xml-name-validator@ts3.6.
427 http fetch GET 200 https://registry.npmjs.org/@types%2fregex-not 2045ms
428 silly fetchPackageMetaData error for @types/regex-not@ts3.6 No matching version found for @types/regex-not@ts3.6.
429 http fetch GET 200 https://registry.npmjs.org/@types%2fregenerate 2249ms
430 silly fetchPackageMetaData error for @types/regenerate@ts3.6 No matching version found for @types/regenerate@ts3.6.
431 http fetch GET 200 https://registry.npmjs.org/@types%2fset-blocking 2153ms
432 silly fetchPackageMetaData error for @types/set-blocking@ts3.6 No matching version found for @types/set-blocking@ts3.6.
433 timing stage:rollbackFailedOptional Completed in 1ms
434 timing stage:runTopLevelLifecycles Completed in 4255ms
435 verbose type tag
436 verbose stack @types/path-browserify: No matching version found for @types/path-browserify@ts3.6.
436 verbose stack     at pickManifest (/usr/local/lib/node_modules/npm/node_modules/npm-pick-manifest/index.js:122:13)
436 verbose stack     at /usr/local/lib/node_modules/npm/node_modules/pacote/lib/fetchers/registry/manifest.js:43:18
436 verbose stack     at tryCatcher (/usr/local/lib/node_modules/npm/node_modules/bluebird/js/release/util.js:16:23)
436 verbose stack     at Promise._settlePromiseFromHandler (/usr/local/lib/node_modules/npm/node_modules/bluebird/js/release/promise.js:517:31)
436 verbose stack     at Promise._settlePromise (/usr/local/lib/node_modules/npm/node_modules/bluebird/js/release/promise.js:574:18)
436 verbose stack     at Promise._settlePromise0 (/usr/local/lib/node_modules/npm/node_modules/bluebird/js/release/promise.js:619:10)
436 verbose stack     at Promise._settlePromises (/usr/local/lib/node_modules/npm/node_modules/bluebird/js/release/promise.js:699:18)
436 verbose stack     at _drainQueueStep (/usr/local/lib/node_modules/npm/node_modules/bluebird/js/release/async.js:138:12)
436 verbose stack     at _drainQueue (/usr/local/lib/node_modules/npm/node_modules/bluebird/js/release/async.js:131:9)
436 verbose stack     at Async._drainQueues (/usr/local/lib/node_modules/npm/node_modules/bluebird/js/release/async.js:147:5)
436 verbose stack     at Immediate.Async.drainQueues [as _onImmediate] (/usr/local/lib/node_modules/npm/node_modules/bluebird/js/release/async.js:17:14)
436 verbose stack     at processImmediate (internal/timers.js:456:21)
437 verbose cwd /home/theia/.cache/typescript/3.6
438 verbose Linux 5.10.16.3-microsoft-standard-WSL2
439 verbose argv "/usr/local/bin/node" "/usr/local/bin/npm" "install" "--ignore-scripts" "@types/media-typer@ts3.6" "@types/memory-fs@ts3.6" "@types/memorystream@ts3.6" "@types/merge-descriptors@ts3.6" "@types/merge-stream@ts3.6" "@types/merge2@ts3.6" "@types/methods@ts3.6" "@types/micromatch@ts3.6" "@types/mime@ts3.6" "@types/mime-db@ts3.6" "@types/mime-types@ts3.6" "@types/min-indent@ts3.6" "@types/minimalistic-assert@ts3.6" "@types/minimatch@ts3.6" "@types/minimist@ts3.6" "@types/minizlib@ts3.6" "@types/mkdirp@ts3.6" "@types/move-concurrently@ts3.6" "@types/ms@ts3.6" "@types/multicast-dns@ts3.6" "@types/natural-compare@ts3.6" "@types/negotiator@ts3.6" "@types/next-tick@ts3.6" "@types/nice-try@ts3.6" "@types/node-forge@ts3.6" "@types/node-int64@ts3.6" "@types/node-notifier@ts3.6" "@types/normalize-package-data@ts3.6" "@types/normalize-path@ts3.6" "@types/num2fraction@ts3.6" "@types/nwsapi@ts3.6" "@types/object-assign@ts3.6" "@types/object-inspect@ts3.6" "@types/object-keys@ts3.6" "@types/object.fromentries@ts3.6" "@types/object.getownpropertydescriptors@ts3.6" "@types/object.pick@ts3.6" "@types/on-finished@ts3.6" "@types/on-headers@ts3.6" "@types/once@ts3.6" "@types/optimize-css-assets-webpack-plugin@ts3.6" "@types/pako@ts3.6" "@types/parallel-transform@ts3.6" "@types/parse-json@ts3.6" "@types/parseurl@ts3.6" "@types/pascalcase@ts3.6" "@types/path-browserify@ts3.6" "@types/path-is-absolute@ts3.6" "@types/path-is-inside@ts3.6" "@types/path-parse@ts3.6" "@types/pbkdf2@ts3.6" "@types/picomatch@ts3.6" "@types/pify@ts3.6" "@types/postcss-flexbugs-fixes@ts3.6" "@types/postcss-gap-properties@ts3.6" "@types/postcss-modules-extract-imports@ts3.6" "@types/postcss-modules-local-by-default@ts3.6" "@types/postcss-modules-scope@ts3.6" "@types/postcss-modules-values@ts3.6" "@types/postcss-normalize@ts3.6" "@types/postcss-preset-env@ts3.6" "@types/postcss-safe-parser@ts3.6" "@types/prelude-ls@ts3.6" "@types/prettier-linter-helpers@ts3.6" "@types/progress@ts3.6" "@types/promise-inflight@ts3.6" "@types/prompts@ts3.6" "@types/prop-types@ts3.6" "@types/proxy-addr@ts3.6" "@types/psl@ts3.6" "@types/pump@ts3.6" "@types/pumpify@ts3.6" "@types/punycode@ts3.6" "@types/q@ts3.6" "@types/qs@ts3.6" "@types/querystringify@ts3.6" "@types/raf@ts3.6" "@types/randombytes@ts3.6" "@types/range-parser@ts3.6" "@types/react-dev-utils@ts3.6" "@types/react-is@ts3.6" "@types/react-refresh@ts3.6" "@types/readable-stream@ts3.6" "@types/recursive-readdir@ts3.6" "@types/regenerate@ts3.6" "@types/regenerator-runtime@ts3.6" "@types/regex-not@ts3.6" "@types/relateurl@ts3.6" "@types/repeat-element@ts3.6" "@types/repeat-string@ts3.6" "@types/require-directory@ts3.6" "@types/require-from-string@ts3.6" "@types/requires-port@ts3.6" "@types/resolve@ts3.6" "@types/retry@ts3.6" "@types/rimraf@ts3.6" "@types/ripemd160@ts3.6" "@types/rsvp@ts3.6" "@types/run-parallel@ts3.6" "@types/safe-regex@ts3.6" "@types/safe-regex-test@ts3.6" "@types/safer-buffer@ts3.6" "@types/sane@ts3.6" "@types/sass-loader@ts3.6" "@types/sax@ts3.6" "@types/scheduler@ts3.6" "@types/selfsigned@ts3.6" "@types/semver@ts3.6" "@types/semver-compare@ts3.6" "@types/send@ts3.6" "@types/serialize-javascript@ts3.6" "@types/serve-index@ts3.6" "@types/serve-static@ts3.6" "@types/set-blocking@ts3.6" "@types/set-value@ts3.6" "@types/setimmediate@ts3.6" "@types/sha.js@ts3.6" "@types/shebang-command@ts3.6" "@types/shell-quote@ts3.6" "@types/signal-exit@ts3.6" "@types/simple-swizzle@ts3.6" "@types/slice-ansi@ts3.6" "@types/sockjs@ts3.6" "@types/sockjs-client@ts3.6" "@types/source-list-map@ts3.6" "@types/source-map-support@ts3.6" "@types/spdx-correct@ts3.6" "@types/spdx-expression-parse@ts3.6" "@types/spdy@ts3.6" "@types/sprintf@ts3.6" "@types/sprintf-js@ts3.6" "@types/ssri@ts3.6" "@types/stack-utils@ts3.6" "@types/statuses@ts3.6" "@types/stream-each@ts3.6" "@types/stream-shift@ts3.6" "@types/strict-uri-encode@ts3.6" "@types/string-natural-compare@ts3.6" "@types/string.prototype.matchall@ts3.6" "@types/stringify-object@ts3.6" "@types/strip-comments@ts3.6" "@types/strip-final-newline@ts3.6" "@types/supports-color@ts3.6" "@types/svg-parser@ts3.6" "@types/symbol-tree@ts3.6" "@types/tapable@ts3.6" "@types/tar@ts3.6" "@types/text-table@ts3.6" "@types/through@ts3.6" "@types/through2@ts3.6" "@types/thunky@ts3.6" "@types/timsort@ts3.6" "@types/tmpl@ts3.6" "@types/to-regex@ts3.6" "@types/to-regex-range@ts3.6" "@types/toidentifier@ts3.6" "@types/tough-cookie@ts3.6" "@types/tr46@ts3.6" "@types/tryer@ts3.6" "@types/type-check@ts3.6" "@types/type-detect@ts3.6" "@types/type-is@ts3.6" "@types/typedarray-to-buffer@ts3.6" "@types/unbox-primitive@ts3.6" "@types/uniq@ts3.6" "@types/universalify@ts3.6" "@types/urix@ts3.6" "@types/url-parse@ts3.6" "@types/util-deprecate@ts3.6" "@types/util.promisify@ts3.6" "@types/utils-merge@ts3.6" "@types/uuid@ts3.6" "@types/validate-npm-package-license@ts3.6" "@types/vary@ts3.6" "@types/w3c-hr-time@ts3.6" "@types/w3c-xmlserializer@ts3.6" "@types/watchpack@ts3.6" "@types/webidl-conversions@ts3.6" "@types/webpack@ts3.6" "@types/webpack-manifest-plugin@ts3.6" "@types/webpack-sources@ts3.6" "@types/whatwg-encoding@ts3.6" "@types/whatwg-mimetype@ts3.6" "@types/whatwg-url@ts3.6" "@types/which@ts3.6" "@types/which-boxed-primitive@ts3.6" "@types/which-pm-runs@ts3.6" "@types/workbox-sw@ts3.6" "@types/wrap-ansi@ts3.6" "@types/write-file-atomic@ts3.6" "@types/ws@ts3.6" "@types/xml-name-validator@ts3.6" "@types/xtend@ts3.6" "@types/yallist@ts3.6" "@types/yargs@ts3.6" "@types/yargs-parser@ts3.6" "--save-dev" "--user-agent=typesInstaller/3.6.3"
440 verbose node v12.18.3
441 verbose npm  v6.14.6
442 error code ETARGET
443 error notarget No matching version found for @types/path-browserify@ts3.6.
444 error notarget In most cases you or one of your dependencies are requesting
444 error notarget a package version that doesn't exist.
445 verbose exit [ 1, true ]
