0 info it worked if it ends with ok
1 verbose cli [
1 verbose cli   '/usr/local/bin/node',
1 verbose cli   '/usr/local/bin/npm',
1 verbose cli   'install',
1 verbose cli   '--ignore-scripts',
1 verbose cli   '@types/uuid@ts3.6',
1 verbose cli   '@types/accepts@ts3.6',
1 verbose cli   '@types/argparse@ts3.6',
1 verbose cli   '@types/aria-query@ts3.6',
1 verbose cli   '@types/arr-diff@ts3.6',
1 verbose cli   '@types/arr-union@ts3.6',
1 verbose cli   '@types/array-unique@ts3.6',
1 verbose cli   '@types/array.prototype.flat@ts3.6',
1 verbose cli   '@types/array.prototype.flatmap@ts3.6',
1 verbose cli   '@types/asap@ts3.6',
1 verbose cli   '@types/assert@ts3.6',
1 verbose cli   '@types/async@ts3.6',
1 verbose cli   '@types/atob@ts3.6',
1 verbose cli   '@types/babel-plugin-macros@ts3.6',
1 verbose cli   '@types/babylon@ts3.6',
1 verbose cli   '@types/balanced-match@ts3.6',
1 verbose cli   '@types/big.js@ts3.6',
1 verbose cli   '@types/bluebird@ts3.6',
1 verbose cli   '@types/bn.js@ts3.6',
1 verbose cli   '@types/body-parser@ts3.6',
1 verbose cli   '@types/bonjour@ts3.6',
1 verbose cli   '@types/boolbase@ts3.6',
1 verbose cli   '@types/brace-expansion@ts3.6',
1 verbose cli   '@types/braces@ts3.6',
1 verbose cli   '@types/brorand@ts3.6',
1 verbose cli   '@types/bser@ts3.6',
1 verbose cli   '@types/buffer-from@ts3.6',
1 verbose cli   '@types/buffer-xor@ts3.6',
1 verbose cli   '@types/bytes@ts3.6',
1 verbose cli   '@types/cacache@ts3.6',
1 verbose cli   '@types/call-bind@ts3.6',
1 verbose cli   '@types/caniuse-api@ts3.6',
1 verbose cli   '@types/caniuse-lite@ts3.6',
1 verbose cli   '@types/case-sensitive-paths-webpack-plugin@ts3.6',
1 verbose cli   '@types/check-types@ts3.6',
1 verbose cli   '@types/chownr@ts3.6',
1 verbose cli   '@types/cipher-base@ts3.6',
1 verbose cli   '@types/clean-css@ts3.6',
1 verbose cli   '@types/co@ts3.6',
1 verbose cli   '@types/color@ts3.6',
1 verbose cli   '@types/color-convert@ts3.6',
1 verbose cli   '@types/color-name@ts3.6',
1 verbose cli   '@types/color-string@ts3.6',
1 verbose cli   '@types/combined-stream@ts3.6',
1 verbose cli   '@types/common-tags@ts3.6',
1 verbose cli   '@types/commondir@ts3.6',
1 verbose cli   '@types/component-emitter@ts3.6',
1 verbose cli   '@types/compose-function@ts3.6',
1 verbose cli   '@types/compressible@ts3.6',
1 verbose cli   '@types/compression@ts3.6',
1 verbose cli   '@types/concat-map@ts3.6',
1 verbose cli   '@types/concat-stream@ts3.6',
1 verbose cli   '@types/confusing-browser-globals@ts3.6',
1 verbose cli   '@types/connect-history-api-fallback@ts3.6',
1 verbose cli   '@types/content-disposition@ts3.6',
1 verbose cli   '@types/content-type@ts3.6',
1 verbose cli   '@types/convert-source-map@ts3.6',
1 verbose cli   '@types/cookie@ts3.6',
1 verbose cli   '@types/cookie-signature@ts3.6',
1 verbose cli   '@types/core-js@ts3.6',
1 verbose cli   '@types/create-hash@ts3.6',
1 verbose cli   '@types/create-hmac@ts3.6',
1 verbose cli   '@types/cross-spawn@ts3.6',
1 verbose cli   '@types/css@ts3.6',
1 verbose cli   '@types/css-declaration-sorter@ts3.6',
1 verbose cli   '@types/css-tree@ts3.6',
1 verbose cli   '@types/css.escape@ts3.6',
1 verbose cli   '@types/cssesc@ts3.6',
1 verbose cli   '@types/csso@ts3.6',
1 verbose cli   '@types/cssom@ts3.6',
1 verbose cli   '@types/cssstyle@ts3.6',
1 verbose cli   '@types/damerau-levenshtein@ts3.6',
1 verbose cli   '@types/data-urls@ts3.6',
1 verbose cli   '@types/debug@ts3.6',
1 verbose cli   '@types/decode-uri-component@ts3.6',
1 verbose cli   '@types/dedent@ts3.6',
1 verbose cli   '@types/deep-equal@ts3.6',
1 verbose cli   '@types/default-gateway@ts3.6',
1 verbose cli   '@types/define-properties@ts3.6',
1 verbose cli   '@types/depd@ts3.6',
1 verbose cli   '@types/destroy@ts3.6',
1 verbose cli   '@types/detect-node@ts3.6',
1 verbose cli   '@types/diffie-hellman@ts3.6',
1 verbose cli   '@types/dir-glob@ts3.6',
1 verbose cli   '@types/dns-packet@ts3.6',
1 verbose cli   '@types/dns-txt@ts3.6',
1 verbose cli   '@types/doctrine@ts3.6',
1 verbose cli   '@types/domexception@ts3.6',
1 verbose cli   '@types/domutils@ts3.6',
1 verbose cli   '@types/duplexify@ts3.6',
1 verbose cli   '@types/ee-first@ts3.6',
1 verbose cli   '@types/ejs@ts3.6',
1 verbose cli   '@types/elliptic@ts3.6',
1 verbose cli   '@types/encodeurl@ts3.6',
1 verbose cli   '@types/end-of-stream@ts3.6',
1 verbose cli   '@types/es-abstract@ts3.6',
1 verbose cli   ... 102 more items
1 verbose cli ]
2 info using npm@6.14.6
3 info using node@v12.18.3
4 verbose npm-session 21af841aa743f4f7
5 silly install loadCurrentTree
6 silly install readLocalPackageData
7 http fetch GET 304 https://registry.npmjs.org/@types%2fasap 440ms (from cache)
8 http fetch GET 304 https://registry.npmjs.org/@types%2farray.prototype.flat 454ms (from cache)
9 silly pacote tag manifest for @types/asap@ts3.6 fetched in 455ms
10 silly pacote tag manifest for @types/array.prototype.flat@ts3.6 fetched in 480ms
11 http fetch GET 304 https://registry.npmjs.org/@types%2fuuid 533ms (from cache)
12 silly pacote tag manifest for @types/uuid@ts3.6 fetched in 553ms
13 http fetch GET 304 https://registry.npmjs.org/@types%2fargparse 559ms (from cache)
14 http fetch GET 304 https://registry.npmjs.org/@types%2farr-diff 561ms (from cache)
15 silly pacote tag manifest for @types/argparse@ts3.6 fetched in 568ms
16 http fetch GET 304 https://registry.npmjs.org/@types%2faccepts 579ms (from cache)
17 silly pacote tag manifest for @types/arr-diff@ts3.6 fetched in 576ms
18 http fetch GET 304 https://registry.npmjs.org/@types%2farray.prototype.flatmap 566ms (from cache)
19 http fetch GET 304 https://registry.npmjs.org/@types%2faria-query 588ms (from cache)
20 silly pacote tag manifest for @types/accepts@ts3.6 fetched in 596ms
21 silly pacote tag manifest for @types/array.prototype.flatmap@ts3.6 fetched in 581ms
22 silly pacote tag manifest for @types/aria-query@ts3.6 fetched in 604ms
23 http fetch GET 304 https://registry.npmjs.org/@types%2fassert 177ms (from cache)
24 silly pacote tag manifest for @types/assert@ts3.6 fetched in 181ms
25 http fetch GET 304 https://registry.npmjs.org/@types%2fatob 138ms (from cache)
26 http fetch GET 304 https://registry.npmjs.org/@types%2fasync 180ms (from cache)
27 silly pacote tag manifest for @types/atob@ts3.6 fetched in 146ms
28 silly pacote tag manifest for @types/async@ts3.6 fetched in 187ms
29 http fetch GET 304 https://registry.npmjs.org/@types%2fbabylon 134ms (from cache)
30 silly pacote tag manifest for @types/babylon@ts3.6 fetched in 138ms
31 http fetch GET 304 https://registry.npmjs.org/@types%2fbluebird 153ms (from cache)
32 http fetch GET 304 https://registry.npmjs.org/@types%2fbig.js 157ms (from cache)
33 silly pacote tag manifest for @types/bluebird@ts3.6 fetched in 157ms
34 silly pacote tag manifest for @types/big.js@ts3.6 fetched in 168ms
35 http fetch GET 304 https://registry.npmjs.org/@types%2fbonjour 121ms (from cache)
36 http fetch GET 304 https://registry.npmjs.org/@types%2fbody-parser 126ms (from cache)
37 silly pacote tag manifest for @types/bonjour@ts3.6 fetched in 126ms
38 silly pacote tag manifest for @types/body-parser@ts3.6 fetched in 133ms
39 http fetch GET 304 https://registry.npmjs.org/@types%2fbraces 109ms (from cache)
40 http fetch GET 304 https://registry.npmjs.org/@types%2fbrace-expansion 123ms (from cache)
41 silly pacote tag manifest for @types/braces@ts3.6 fetched in 113ms
42 silly pacote tag manifest for @types/brace-expansion@ts3.6 fetched in 128ms
43 http fetch GET 304 https://registry.npmjs.org/@types%2fbser 99ms (from cache)
44 silly pacote tag manifest for @types/bser@ts3.6 fetched in 101ms
45 http fetch GET 304 https://registry.npmjs.org/@types%2fbuffer-from 75ms (from cache)
46 silly pacote tag manifest for @types/buffer-from@ts3.6 fetched in 77ms
47 http fetch GET 304 https://registry.npmjs.org/@types%2fbuffer-xor 124ms (from cache)
48 silly pacote tag manifest for @types/buffer-xor@ts3.6 fetched in 126ms
49 http fetch GET 304 https://registry.npmjs.org/@types%2fcacache 113ms (from cache)
50 silly pacote tag manifest for @types/cacache@ts3.6 fetched in 114ms
51 http fetch GET 200 https://registry.npmjs.org/@types%2fcall-bind 87ms
52 silly fetchPackageMetaData error for @types/call-bind@ts3.6 No matching version found for @types/call-bind@ts3.6.
53 http fetch GET 304 https://registry.npmjs.org/@types%2fcaniuse-api 87ms (from cache)
54 silly pacote tag manifest for @types/caniuse-api@ts3.6 fetched in 90ms
55 http fetch GET 304 https://registry.npmjs.org/@types%2fbytes 287ms (from cache)
56 silly pacote tag manifest for @types/bytes@ts3.6 fetched in 289ms
57 http fetch GET 304 https://registry.npmjs.org/@types%2fcase-sensitive-paths-webpack-plugin 78ms (from cache)
58 silly pacote tag manifest for @types/case-sensitive-paths-webpack-plugin@ts3.6 fetched in 80ms
59 http fetch GET 304 https://registry.npmjs.org/@types%2fcheck-types 83ms (from cache)
60 silly pacote tag manifest for @types/check-types@ts3.6 fetched in 85ms
61 http fetch GET 304 https://registry.npmjs.org/@types%2fchownr 107ms (from cache)
62 silly pacote tag manifest for @types/chownr@ts3.6 fetched in 109ms
63 http fetch GET 304 https://registry.npmjs.org/@types%2fcipher-base 93ms (from cache)
64 silly pacote tag manifest for @types/cipher-base@ts3.6 fetched in 95ms
65 http fetch GET 304 https://registry.npmjs.org/@types%2fclean-css 114ms (from cache)
66 silly pacote tag manifest for @types/clean-css@ts3.6 fetched in 116ms
67 http fetch GET 304 https://registry.npmjs.org/@types%2farray-unique 1485ms (from cache)
68 silly pacote tag manifest for @types/array-unique@ts3.6 fetched in 1488ms
69 http fetch GET 304 https://registry.npmjs.org/@types%2fco 249ms (from cache)
70 silly pacote tag manifest for @types/co@ts3.6 fetched in 251ms
71 http fetch GET 304 https://registry.npmjs.org/@types%2fcolor-name 86ms (from cache)
72 silly pacote tag manifest for @types/color-name@ts3.6 fetched in 88ms
73 http fetch GET 304 https://registry.npmjs.org/@types%2fbn.js 1236ms (from cache)
74 silly pacote tag manifest for @types/bn.js@ts3.6 fetched in 1237ms
75 http fetch GET 304 https://registry.npmjs.org/@types%2fcombined-stream 79ms (from cache)
76 silly pacote tag manifest for @types/combined-stream@ts3.6 fetched in 81ms
77 http fetch GET 304 https://registry.npmjs.org/@types%2fcommon-tags 70ms (from cache)
78 silly pacote tag manifest for @types/common-tags@ts3.6 fetched in 73ms
79 http fetch GET 304 https://registry.npmjs.org/@types%2fcolor-convert 585ms (from cache)
80 silly pacote tag manifest for @types/color-convert@ts3.6 fetched in 587ms
81 http fetch GET 304 https://registry.npmjs.org/@types%2fcommondir 104ms (from cache)
82 silly pacote tag manifest for @types/commondir@ts3.6 fetched in 105ms
83 http fetch GET 304 https://registry.npmjs.org/@types%2fcomponent-emitter 95ms (from cache)
84 silly pacote tag manifest for @types/component-emitter@ts3.6 fetched in 97ms
85 http fetch GET 304 https://registry.npmjs.org/@types%2fcompose-function 91ms (from cache)
86 silly pacote tag manifest for @types/compose-function@ts3.6 fetched in 95ms
87 http fetch GET 304 https://registry.npmjs.org/@types%2farr-union 2271ms (from cache)
88 silly pacote tag manifest for @types/arr-union@ts3.6 fetched in 2273ms
89 http fetch GET 304 https://registry.npmjs.org/@types%2fcompression 92ms (from cache)
90 silly pacote tag manifest for @types/compression@ts3.6 fetched in 93ms
91 http fetch GET 304 https://registry.npmjs.org/@types%2fbabel-plugin-macros 2053ms (from cache)
92 silly pacote tag manifest for @types/babel-plugin-macros@ts3.6 fetched in 2054ms
93 http fetch GET 304 https://registry.npmjs.org/@types%2fbalanced-match 2097ms (from cache)
94 silly pacote tag manifest for @types/balanced-match@ts3.6 fetched in 2099ms
95 http fetch GET 304 https://registry.npmjs.org/@types%2fcompressible 565ms (from cache)
96 silly pacote tag manifest for @types/compressible@ts3.6 fetched in 570ms
97 http fetch GET 304 https://registry.npmjs.org/@types%2fconfusing-browser-globals 151ms (from cache)
98 http fetch GET 304 https://registry.npmjs.org/@types%2fboolbase 2058ms (from cache)
99 silly pacote tag manifest for @types/confusing-browser-globals@ts3.6 fetched in 153ms
100 silly pacote tag manifest for @types/boolbase@ts3.6 fetched in 2061ms
101 http fetch GET 304 https://registry.npmjs.org/@types%2fbrorand 2007ms (from cache)
102 http fetch GET 304 https://registry.npmjs.org/@types%2fconnect-history-api-fallback 135ms (from cache)
103 silly pacote tag manifest for @types/brorand@ts3.6 fetched in 2011ms
104 silly pacote tag manifest for @types/connect-history-api-fallback@ts3.6 fetched in 139ms
105 http fetch GET 304 https://registry.npmjs.org/@types%2fconvert-source-map 113ms (from cache)
106 silly pacote tag manifest for @types/convert-source-map@ts3.6 fetched in 115ms
107 http fetch GET 304 https://registry.npmjs.org/@types%2fcontent-type 122ms (from cache)
108 http fetch GET 304 https://registry.npmjs.org/@types%2fconcat-stream 556ms (from cache)
109 silly pacote tag manifest for @types/content-type@ts3.6 fetched in 129ms
110 silly pacote tag manifest for @types/concat-stream@ts3.6 fetched in 561ms
111 http fetch GET 304 https://registry.npmjs.org/@types%2fcookie-signature 123ms (from cache)
112 silly pacote tag manifest for @types/cookie-signature@ts3.6 fetched in 125ms
113 http fetch GET 304 https://registry.npmjs.org/@types%2fcore-js 138ms (from cache)
114 http fetch GET 304 https://registry.npmjs.org/@types%2fcreate-hash 130ms (from cache)
115 silly pacote tag manifest for @types/core-js@ts3.6 fetched in 144ms
116 silly pacote tag manifest for @types/create-hash@ts3.6 fetched in 138ms
117 http fetch GET 304 https://registry.npmjs.org/@types%2fcreate-hmac 138ms (from cache)
118 silly pacote tag manifest for @types/create-hmac@ts3.6 fetched in 154ms
119 http fetch GET 304 https://registry.npmjs.org/@types%2fcross-spawn 118ms (from cache)
120 silly pacote tag manifest for @types/cross-spawn@ts3.6 fetched in 120ms
121 http fetch GET 304 https://registry.npmjs.org/@types%2fcss-tree 64ms (from cache)
122 silly pacote tag manifest for @types/css-tree@ts3.6 fetched in 65ms
123 http fetch GET 304 https://registry.npmjs.org/@types%2fcaniuse-lite 2056ms (from cache)
124 silly pacote tag manifest for @types/caniuse-lite@ts3.6 fetched in 2060ms
125 http fetch GET 304 https://registry.npmjs.org/@types%2fcss.escape 131ms (from cache)
126 silly registry:manifest no matching version for @types/css.escape@ts3.6 in the cache. Forcing revalidation.
127 http fetch GET 304 https://registry.npmjs.org/@types%2fcsso 170ms (from cache)
128 http fetch GET 200 https://registry.npmjs.org/@types%2fcss.escape 136ms
129 silly fetchPackageMetaData error for @types/css.escape@ts3.6 No matching version found for @types/css.escape@ts3.6.
130 silly pacote tag manifest for @types/csso@ts3.6 fetched in 195ms
131 http fetch GET 304 https://registry.npmjs.org/@types%2fcookie 635ms (from cache)
132 silly pacote tag manifest for @types/cookie@ts3.6 fetched in 667ms
133 http fetch GET 304 https://registry.npmjs.org/@types%2fcssstyle 182ms (from cache)
134 silly pacote tag manifest for @types/cssstyle@ts3.6 fetched in 185ms
135 http fetch GET 304 https://registry.npmjs.org/@types%2fcolor 2073ms (from cache)
136 silly pacote tag manifest for @types/color@ts3.6 fetched in 2080ms
137 http fetch GET 304 https://registry.npmjs.org/@types%2fdata-urls 104ms (from cache)
138 silly pacote tag manifest for @types/data-urls@ts3.6 fetched in 106ms
139 http fetch GET 304 https://registry.npmjs.org/@types%2fcssesc 561ms (from cache)
140 silly pacote tag manifest for @types/cssesc@ts3.6 fetched in 564ms
141 http fetch GET 304 https://registry.npmjs.org/@types%2fdebug 153ms (from cache)
142 silly pacote tag manifest for @types/debug@ts3.6 fetched in 157ms
143 http fetch GET 304 https://registry.npmjs.org/@types%2fdecode-uri-component 103ms (from cache)
144 silly pacote tag manifest for @types/decode-uri-component@ts3.6 fetched in 105ms
145 http fetch GET 304 https://registry.npmjs.org/@types%2fcolor-string 2053ms (from cache)
146 silly pacote tag manifest for @types/color-string@ts3.6 fetched in 2055ms
147 http fetch GET 304 https://registry.npmjs.org/@types%2fdeep-equal 100ms (from cache)
148 silly pacote tag manifest for @types/deep-equal@ts3.6 fetched in 103ms
149 http fetch GET 304 https://registry.npmjs.org/@types%2fdefine-properties 105ms (from cache)
150 silly pacote tag manifest for @types/define-properties@ts3.6 fetched in 108ms
151 http fetch GET 304 https://registry.npmjs.org/@types%2fdefault-gateway 153ms (from cache)
152 silly pacote tag manifest for @types/default-gateway@ts3.6 fetched in 154ms
153 http fetch GET 304 https://registry.npmjs.org/@types%2fdetect-node 108ms (from cache)
154 silly pacote tag manifest for @types/detect-node@ts3.6 fetched in 110ms
155 http fetch GET 304 https://registry.npmjs.org/@types%2fdamerau-levenshtein 581ms (from cache)
156 silly pacote tag manifest for @types/damerau-levenshtein@ts3.6 fetched in 585ms
157 http fetch GET 304 https://registry.npmjs.org/@types%2fdepd 276ms (from cache)
158 silly pacote tag manifest for @types/depd@ts3.6 fetched in 284ms
159 http fetch GET 304 https://registry.npmjs.org/@types%2fcontent-disposition 1371ms (from cache)
160 http fetch GET 304 https://registry.npmjs.org/@types%2fdiffie-hellman 105ms (from cache)
161 silly pacote tag manifest for @types/content-disposition@ts3.6 fetched in 1374ms
162 silly pacote tag manifest for @types/diffie-hellman@ts3.6 fetched in 111ms
163 http fetch GET 304 https://registry.npmjs.org/@types%2fconcat-map 1917ms (from cache)
164 silly pacote tag manifest for @types/concat-map@ts3.6 fetched in 1921ms
165 http fetch GET 304 https://registry.npmjs.org/@types%2fdns-packet 113ms (from cache)
166 silly pacote tag manifest for @types/dns-packet@ts3.6 fetched in 116ms
167 http fetch GET 304 https://registry.npmjs.org/@types%2fdns-txt 103ms (from cache)
168 silly registry:manifest no matching version for @types/dns-txt@ts3.6 in the cache. Forcing revalidation.
169 http fetch GET 304 https://registry.npmjs.org/@types%2fdomutils 134ms (from cache)
170 http fetch GET 304 https://registry.npmjs.org/@types%2fdomexception 157ms (from cache)
171 silly pacote tag manifest for @types/domutils@ts3.6 fetched in 138ms
172 silly pacote tag manifest for @types/domexception@ts3.6 fetched in 162ms
173 http fetch GET 304 https://registry.npmjs.org/@types%2fduplexify 93ms (from cache)
174 silly pacote tag manifest for @types/duplexify@ts3.6 fetched in 95ms
175 http fetch GET 304 https://registry.npmjs.org/@types%2fee-first 125ms (from cache)
176 silly pacote tag manifest for @types/ee-first@ts3.6 fetched in 126ms
177 http fetch GET 304 https://registry.npmjs.org/@types%2fejs 75ms (from cache)
178 silly pacote tag manifest for @types/ejs@ts3.6 fetched in 77ms
179 http fetch GET 304 https://registry.npmjs.org/@types%2felliptic 91ms (from cache)
180 silly pacote tag manifest for @types/elliptic@ts3.6 fetched in 94ms
181 http fetch GET 304 https://registry.npmjs.org/@types%2fencodeurl 107ms (from cache)
182 silly pacote tag manifest for @types/encodeurl@ts3.6 fetched in 109ms
183 http fetch GET 304 https://registry.npmjs.org/@types%2fdir-glob 606ms (from cache)
184 silly pacote tag manifest for @types/dir-glob@ts3.6 fetched in 608ms
185 http fetch GET 304 https://registry.npmjs.org/@types%2fes-abstract 109ms (from cache)
186 silly pacote tag manifest for @types/es-abstract@ts3.6 fetched in 112ms
187 http fetch GET 304 https://registry.npmjs.org/@types%2fes-to-primitive 118ms (from cache)
188 silly pacote tag manifest for @types/es-to-primitive@ts3.6 fetched in 126ms
189 http fetch GET 200 https://registry.npmjs.org/@types%2fdns-txt 610ms
190 silly fetchPackageMetaData error for @types/dns-txt@ts3.6 No matching version found for @types/dns-txt@ts3.6.
191 http fetch GET 304 https://registry.npmjs.org/@types%2fescape-html 120ms (from cache)
192 silly pacote tag manifest for @types/escape-html@ts3.6 fetched in 123ms
193 http fetch GET 304 https://registry.npmjs.org/@types%2feslint 78ms (from cache)
194 silly pacote tag manifest for @types/eslint@ts3.6 fetched in 90ms
195 http fetch GET 304 https://registry.npmjs.org/@types%2fdedent 1263ms (from cache)
196 http fetch GET 304 https://registry.npmjs.org/@types%2fend-of-stream 372ms (from cache)
197 silly pacote tag manifest for @types/dedent@ts3.6 fetched in 1266ms
198 silly pacote tag manifest for @types/end-of-stream@ts3.6 fetched in 377ms
199 http fetch GET 304 https://registry.npmjs.org/@types%2feslint-utils 94ms (from cache)
200 silly pacote tag manifest for @types/eslint-utils@ts3.6 fetched in 95ms
201 http fetch GET 304 https://registry.npmjs.org/@types%2fesquery 91ms (from cache)
202 silly pacote tag manifest for @types/esquery@ts3.6 fetched in 92ms
203 http fetch GET 304 https://registry.npmjs.org/@types%2fcss 2053ms (from cache)
204 silly pacote tag manifest for @types/css@ts3.6 fetched in 2057ms
205 http fetch GET 304 https://registry.npmjs.org/@types%2fcss-declaration-sorter 2067ms (from cache)
206 silly pacote tag manifest for @types/css-declaration-sorter@ts3.6 fetched in 2069ms
207 http fetch GET 304 https://registry.npmjs.org/@types%2feslint-scope 256ms (from cache)
208 silly pacote tag manifest for @types/eslint-scope@ts3.6 fetched in 257ms
209 http fetch GET 304 https://registry.npmjs.org/@types%2fetag 102ms (from cache)
210 silly pacote tag manifest for @types/etag@ts3.6 fetched in 106ms
211 http fetch GET 304 https://registry.npmjs.org/@types%2feventsource 102ms (from cache)
212 silly pacote tag manifest for @types/eventsource@ts3.6 fetched in 108ms
213 http fetch GET 304 https://registry.npmjs.org/@types%2fescodegen 592ms (from cache)
214 http fetch GET 304 https://registry.npmjs.org/@types%2fcssom 2048ms (from cache)
215 silly pacote tag manifest for @types/escodegen@ts3.6 fetched in 598ms
216 silly pacote tag manifest for @types/cssom@ts3.6 fetched in 2055ms
217 http fetch GET 304 https://registry.npmjs.org/@types%2ffb-watchman 77ms (from cache)
218 silly pacote tag manifest for @types/fb-watchman@ts3.6 fetched in 79ms
219 http fetch GET 304 https://registry.npmjs.org/@types%2fesprima 577ms (from cache)
220 silly pacote tag manifest for @types/esprima@ts3.6 fetched in 579ms
221 http fetch GET 304 https://registry.npmjs.org/@types%2ffile-loader 96ms (from cache)
222 silly pacote tag manifest for @types/file-loader@ts3.6 fetched in 99ms
223 http fetch GET 304 https://registry.npmjs.org/@types%2fevents 507ms (from cache)
224 http fetch GET 304 https://registry.npmjs.org/@types%2festraverse 587ms (from cache)
225 silly pacote tag manifest for @types/events@ts3.6 fetched in 513ms
226 silly pacote tag manifest for @types/estraverse@ts3.6 fetched in 590ms
227 http fetch GET 304 https://registry.npmjs.org/@types%2ffill-range 114ms (from cache)
228 silly registry:manifest no matching version for @types/fill-range@ts3.6 in the cache. Forcing revalidation.
229 http fetch GET 304 https://registry.npmjs.org/@types%2ffind-cache-dir 100ms (from cache)
230 silly pacote tag manifest for @types/find-cache-dir@ts3.6 fetched in 102ms
231 http fetch GET 304 https://registry.npmjs.org/@types%2fdestroy 2072ms (from cache)
232 silly pacote tag manifest for @types/destroy@ts3.6 fetched in 2075ms
233 http fetch GET 304 https://registry.npmjs.org/@types%2fflush-write-stream 254ms (from cache)
234 silly pacote tag manifest for @types/flush-write-stream@ts3.6 fetched in 256ms
235 http fetch GET 304 https://registry.npmjs.org/@types%2ffollow-redirects 98ms (from cache)
236 silly pacote tag manifest for @types/follow-redirects@ts3.6 fetched in 100ms
237 http fetch GET 304 https://registry.npmjs.org/@types%2fforwarded 114ms (from cache)
238 silly pacote tag manifest for @types/forwarded@ts3.6 fetched in 118ms
239 http fetch GET 304 https://registry.npmjs.org/@types%2ffresh 114ms (from cache)
240 silly pacote tag manifest for @types/fresh@ts3.6 fetched in 116ms
241 http fetch GET 200 https://registry.npmjs.org/@types%2ffill-range 582ms
242 silly fetchPackageMetaData error for @types/fill-range@ts3.6 No matching version found for @types/fill-range@ts3.6.
243 http fetch GET 304 https://registry.npmjs.org/@types%2fdoctrine 2100ms (from cache)
244 http fetch GET 304 https://registry.npmjs.org/@types%2fflat-cache 621ms (from cache)
245 silly pacote tag manifest for @types/doctrine@ts3.6 fetched in 2115ms
246 http fetch GET 304 https://registry.npmjs.org/@types%2ffinalhandler 664ms (from cache)
247 silly pacote tag manifest for @types/flat-cache@ts3.6 fetched in 631ms
248 silly pacote tag manifest for @types/finalhandler@ts3.6 fetched in 678ms
249 http fetch GET 304 https://registry.npmjs.org/@types%2ffs-minipass 112ms (from cache)
250 silly registry:manifest no matching version for @types/fs-minipass@ts3.6 in the cache. Forcing revalidation.
251 http fetch GET 304 https://registry.npmjs.org/@types%2ffunction-bind 84ms (from cache)
252 silly pacote tag manifest for @types/function-bind@ts3.6 fetched in 86ms
253 http fetch GET 200 https://registry.npmjs.org/@types%2ffs-minipass 104ms
254 silly fetchPackageMetaData error for @types/fs-minipass@ts3.6 No matching version found for @types/fs-minipass@ts3.6.
255 http fetch GET 304 https://registry.npmjs.org/@types%2fglob 99ms (from cache)
256 silly pacote tag manifest for @types/glob@ts3.6 fetched in 101ms
257 http fetch GET 304 https://registry.npmjs.org/@types%2fexit 1371ms (from cache)
258 silly pacote tag manifest for @types/exit@ts3.6 fetched in 1373ms
259 http fetch GET 200 https://registry.npmjs.org/@types%2fget-intrinsic 581ms
260 silly fetchPackageMetaData error for @types/get-intrinsic@ts3.6 No matching version found for @types/get-intrinsic@ts3.6.
261 http fetch GET 304 https://registry.npmjs.org/@types%2fgensync 602ms (from cache)
262 silly registry:manifest no matching version for @types/gensync@ts3.6 in the cache. Forcing revalidation.
263 http fetch GET 304 https://registry.npmjs.org/@types%2fget-value 642ms (from cache)
264 silly pacote tag manifest for @types/get-value@ts3.6 fetched in 645ms
265 http fetch GET 304 https://registry.npmjs.org/@types%2fesutils 1927ms (from cache)
266 silly pacote tag manifest for @types/esutils@ts3.6 fetched in 1929ms
267 http fetch GET 304 https://registry.npmjs.org/@types%2fgraceful-fs 123ms (from cache)
268 silly pacote tag manifest for @types/graceful-fs@ts3.6 fetched in 129ms
269 http fetch GET 304 https://registry.npmjs.org/@types%2fhas 113ms (from cache)
270 silly pacote tag manifest for @types/has@ts3.6 fetched in 118ms
271 http fetch GET 304 https://registry.npmjs.org/@types%2fhas-symbols 101ms (from cache)
272 silly pacote tag manifest for @types/has-symbols@ts3.6 fetched in 103ms
273 http fetch GET 304 https://registry.npmjs.org/@types%2ffast-levenshtein 2005ms (from cache)
274 silly pacote tag manifest for @types/fast-levenshtein@ts3.6 fetched in 2007ms
275 http fetch GET 200 https://registry.npmjs.org/@types%2fgensync 576ms
276 silly fetchPackageMetaData error for @types/gensync@ts3.6 No matching version found for @types/gensync@ts3.6.
277 http fetch GET 304 https://registry.npmjs.org/@types%2fglobal-prefix 595ms (from cache)
278 silly pacote tag manifest for @types/global-prefix@ts3.6 fetched in 598ms
279 http fetch GET 304 https://registry.npmjs.org/@types%2ffile-entry-cache 2058ms (from cache)
280 silly pacote tag manifest for @types/file-entry-cache@ts3.6 fetched in 2059ms
281 http fetch GET 304 https://registry.npmjs.org/@types%2fhosted-git-info 75ms (from cache)
282 silly pacote tag manifest for @types/hosted-git-info@ts3.6 fetched in 77ms
283 http fetch GET 304 https://registry.npmjs.org/@types%2fhas-bigints 586ms (from cache)
284 silly registry:manifest no matching version for @types/has-bigints@ts3.6 in the cache. Forcing revalidation.
285 http fetch GET 304 https://registry.npmjs.org/@types%2fhex-color-regex 595ms (from cache)
286 silly pacote tag manifest for @types/hex-color-regex@ts3.6 fetched in 598ms
287 http fetch GET 304 https://registry.npmjs.org/@types%2fhtml-minifier-terser 111ms (from cache)
288 silly pacote tag manifest for @types/html-minifier-terser@ts3.6 fetched in 113ms
289 http fetch GET 200 https://registry.npmjs.org/@types%2fhas-bigints 572ms
290 silly fetchPackageMetaData error for @types/has-bigints@ts3.6 No matching version found for @types/has-bigints@ts3.6.
291 http fetch GET 304 https://registry.npmjs.org/@types%2ffrom2 2286ms (from cache)
292 silly pacote tag manifest for @types/from2@ts3.6 fetched in 2294ms
293 http fetch GET 304 https://registry.npmjs.org/@types%2ffunctional-red-black-tree 2148ms (from cache)
294 http fetch GET 304 https://registry.npmjs.org/@types%2fhttp-proxy 138ms (from cache)
295 silly pacote tag manifest for @types/functional-red-black-tree@ts3.6 fetched in 2175ms
296 silly pacote tag manifest for @types/http-proxy@ts3.6 fetched in 176ms
297 http fetch GET 304 https://registry.npmjs.org/@types%2ficss-utils 142ms (from cache)
298 silly pacote tag manifest for @types/icss-utils@ts3.6 fetched in 144ms
299 http fetch GET 304 https://registry.npmjs.org/@types%2fglob-parent 2060ms (from cache)
300 silly pacote tag manifest for @types/glob-parent@ts3.6 fetched in 2063ms
301 http fetch GET 304 https://registry.npmjs.org/@types%2fimport-local 139ms (from cache)
302 silly registry:manifest no matching version for @types/import-local@ts3.6 in the cache. Forcing revalidation.
303 http fetch GET 304 https://registry.npmjs.org/@types%2fglobal-modules 2064ms (from cache)
304 silly pacote tag manifest for @types/global-modules@ts3.6 fetched in 2065ms
305 http fetch GET 304 https://registry.npmjs.org/@types%2fini 70ms (from cache)
306 silly pacote tag manifest for @types/ini@ts3.6 fetched in 74ms
307 http fetch GET 304 https://registry.npmjs.org/@types%2fhttp-errors 632ms (from cache)
308 silly pacote tag manifest for @types/http-errors@ts3.6 fetched in 634ms
309 http fetch GET 304 https://registry.npmjs.org/@types%2fhtml-escaper 1292ms (from cache)
310 silly pacote tag manifest for @types/html-escaper@ts3.6 fetched in 1294ms
311 http fetch GET 304 https://registry.npmjs.org/@types%2finherits 268ms (from cache)
312 silly pacote tag manifest for @types/inherits@ts3.6 fetched in 270ms
313 http fetch GET 304 https://registry.npmjs.org/@types%2fip 84ms (from cache)
314 silly pacote tag manifest for @types/ip@ts3.6 fetched in 86ms
315 http fetch GET 304 https://registry.npmjs.org/@types%2fis-arguments 108ms (from cache)
316 silly pacote tag manifest for @types/is-arguments@ts3.6 fetched in 109ms
317 http fetch GET 304 https://registry.npmjs.org/@types%2fis-bigint 107ms (from cache)
318 silly registry:manifest no matching version for @types/is-bigint@ts3.6 in the cache. Forcing revalidation.
319 http fetch GET 304 https://registry.npmjs.org/@types%2fiferr 591ms (from cache)
320 silly pacote tag manifest for @types/iferr@ts3.6 fetched in 593ms
321 http fetch GET 304 https://registry.npmjs.org/@types%2fhas-values 1930ms (from cache)
322 silly registry:manifest no matching version for @types/has-values@ts3.6 in the cache. Forcing revalidation.
323 http fetch GET 304 https://registry.npmjs.org/@types%2fhe 2187ms (from cache)
324 silly pacote tag manifest for @types/he@ts3.6 fetched in 2189ms
325 http fetch GET 304 https://registry.npmjs.org/@types%2fis-boolean-object 580ms (from cache)
326 silly registry:manifest no matching version for @types/is-boolean-object@ts3.6 in the cache. Forcing revalidation.
327 http fetch GET 304 https://registry.npmjs.org/@types%2fhtml-encoding-sniffer 2041ms (from cache)
328 silly pacote tag manifest for @types/html-encoding-sniffer@ts3.6 fetched in 2044ms
329 http fetch GET 304 https://registry.npmjs.org/@types%2fis-buffer 597ms (from cache)
330 silly pacote tag manifest for @types/is-buffer@ts3.6 fetched in 599ms
331 http fetch GET 304 https://registry.npmjs.org/@types%2fis-core-module 110ms (from cache)
332 silly pacote tag manifest for @types/is-core-module@ts3.6 fetched in 114ms
333 http fetch GET 304 https://registry.npmjs.org/@types%2fis-callable 636ms (from cache)
334 http fetch GET 304 https://registry.npmjs.org/@types%2fis-data-descriptor 127ms (from cache)
335 silly registry:manifest no matching version for @types/is-data-descriptor@ts3.6 in the cache. Forcing revalidation.
336 silly pacote tag manifest for @types/is-callable@ts3.6 fetched in 643ms
337 http fetch GET 200 https://registry.npmjs.org/@types%2fis-boolean-object 580ms
338 silly fetchPackageMetaData error for @types/is-boolean-object@ts3.6 No matching version found for @types/is-boolean-object@ts3.6.
339 http fetch GET 304 https://registry.npmjs.org/@types%2fis-glob 555ms (from cache)
340 silly pacote tag manifest for @types/is-glob@ts3.6 fetched in 557ms
341 http fetch GET 200 https://registry.npmjs.org/@types%2fis-data-descriptor 634ms
342 silly fetchPackageMetaData error for @types/is-data-descriptor@ts3.6 No matching version found for @types/is-data-descriptor@ts3.6.
343 http fetch GET 304 https://registry.npmjs.org/@types%2fimurmurhash 2037ms (from cache)
344 silly pacote tag manifest for @types/imurmurhash@ts3.6 fetched in 2038ms
345 http fetch GET 304 https://registry.npmjs.org/@types%2fis-number 575ms (from cache)
346 silly pacote tag manifest for @types/is-number@ts3.6 fetched in 577ms
347 http fetch GET 200 https://registry.npmjs.org/@types%2fimport-local 2127ms
348 silly fetchPackageMetaData error for @types/import-local@ts3.6 No matching version found for @types/import-local@ts3.6.
349 http fetch GET 304 https://registry.npmjs.org/@types%2fis-regex 529ms (from cache)
350 silly pacote tag manifest for @types/is-regex@ts3.6 fetched in 531ms
351 http fetch GET 304 https://registry.npmjs.org/@types%2finternal-slot 2083ms (from cache)
352 silly pacote tag manifest for @types/internal-slot@ts3.6 fetched in 2085ms
353 http fetch GET 304 https://registry.npmjs.org/@types%2fis-windows 109ms (from cache)
354 silly pacote tag manifest for @types/is-windows@ts3.6 fetched in 111ms
355 http fetch GET 304 https://registry.npmjs.org/@types%2fisexe 74ms (from cache)
356 silly pacote tag manifest for @types/isexe@ts3.6 fetched in 75ms
357 http fetch GET 304 https://registry.npmjs.org/@types%2fistanbul-lib-coverage 119ms (from cache)
358 silly pacote tag manifest for @types/istanbul-lib-coverage@ts3.6 fetched in 121ms
359 http fetch GET 200 https://registry.npmjs.org/@types%2fhas-values 1891ms
360 silly fetchPackageMetaData error for @types/has-values@ts3.6 No matching version found for @types/has-values@ts3.6.
361 http fetch GET 200 https://registry.npmjs.org/@types%2fis-bigint 2107ms
362 silly fetchPackageMetaData error for @types/is-bigint@ts3.6 No matching version found for @types/is-bigint@ts3.6.
363 http fetch GET 304 https://registry.npmjs.org/@types%2fistanbul-lib-report 123ms (from cache)
364 silly pacote tag manifest for @types/istanbul-lib-report@ts3.6 fetched in 126ms
365 http fetch GET 304 https://registry.npmjs.org/@types%2fistanbul-reports 88ms (from cache)
366 silly pacote tag manifest for @types/istanbul-reports@ts3.6 fetched in 90ms
367 http fetch GET 304 https://registry.npmjs.org/@types%2fis-typedarray 549ms (from cache)
368 silly pacote tag manifest for @types/is-typedarray@ts3.6 fetched in 551ms
369 http fetch GET 304 https://registry.npmjs.org/@types%2fisarray 564ms (from cache)
370 silly pacote tag manifest for @types/isarray@ts3.6 fetched in 566ms
371 http fetch GET 304 https://registry.npmjs.org/@types%2fjson-parse-better-errors 72ms (from cache)
372 silly pacote tag manifest for @types/json-parse-better-errors@ts3.6 fetched in 76ms
373 http fetch GET 304 https://registry.npmjs.org/@types%2fjsdom 280ms (from cache)
374 silly pacote tag manifest for @types/jsdom@ts3.6 fetched in 283ms
375 http fetch GET 304 https://registry.npmjs.org/@types%2fjson-stable-stringify-without-jsonify 74ms (from cache)
376 silly registry:manifest no matching version for @types/json-stable-stringify-without-jsonify@ts3.6 in the cache. Forcing revalidation.
377 http fetch GET 304 https://registry.npmjs.org/@types%2fis-ci 2106ms (from cache)
378 silly pacote tag manifest for @types/is-ci@ts3.6 fetched in 2107ms
379 http fetch GET 304 https://registry.npmjs.org/@types%2fis-string 1299ms (from cache)
380 silly registry:manifest no matching version for @types/is-string@ts3.6 in the cache. Forcing revalidation.
381 http fetch GET 304 https://registry.npmjs.org/@types%2fis-date-object 2040ms (from cache)
382 silly pacote tag manifest for @types/is-date-object@ts3.6 fetched in 2042ms
383 http fetch GET 304 https://registry.npmjs.org/@types%2fjsesc 548ms (from cache)
384 silly pacote tag manifest for @types/jsesc@ts3.6 fetched in 549ms
385 http fetch GET 304 https://registry.npmjs.org/@types%2flanguage-tags 78ms (from cache)
386 silly registry:manifest no matching version for @types/language-tags@ts3.6 in the cache. Forcing revalidation.
387 http fetch GET 200 https://registry.npmjs.org/@types%2flanguage-tags 81ms
388 silly fetchPackageMetaData error for @types/language-tags@ts3.6 No matching version found for @types/language-tags@ts3.6.
389 http fetch GET 304 https://registry.npmjs.org/@types%2floader-runner 79ms (from cache)
390 silly pacote tag manifest for @types/loader-runner@ts3.6 fetched in 82ms
391 http fetch GET 200 https://registry.npmjs.org/@types%2fjson-stable-stringify-without-jsonify 559ms
392 silly fetchPackageMetaData error for @types/json-stable-stringify-without-jsonify@ts3.6 No matching version found for @types/json-stable-stringify-without-jsonify@ts3.6.
393 http fetch GET 200 https://registry.npmjs.org/@types%2fis-string 544ms
394 silly fetchPackageMetaData error for @types/is-string@ts3.6 No matching version found for @types/is-string@ts3.6.
395 http fetch GET 304 https://registry.npmjs.org/@types%2fistanbul-lib-source-maps 1238ms (from cache)
396 silly pacote tag manifest for @types/istanbul-lib-source-maps@ts3.6 fetched in 1240ms
397 http fetch GET 304 https://registry.npmjs.org/@types%2flodash.memoize 90ms (from cache)
398 silly pacote tag manifest for @types/lodash.memoize@ts3.6 fetched in 91ms
399 http fetch GET 304 https://registry.npmjs.org/@types%2flodash.merge 105ms (from cache)
400 silly pacote tag manifest for @types/lodash.merge@ts3.6 fetched in 107ms
401 http fetch GET 304 https://registry.npmjs.org/@types%2fis-symbol 2109ms (from cache)
402 silly registry:manifest no matching version for @types/is-symbol@ts3.6 in the cache. Forcing revalidation.
403 http fetch GET 304 https://registry.npmjs.org/@types%2flodash.debounce 576ms (from cache)
404 silly pacote tag manifest for @types/lodash.debounce@ts3.6 fetched in 579ms
405 http fetch GET 200 https://registry.npmjs.org/@types%2fis-symbol 84ms
406 silly fetchPackageMetaData error for @types/is-symbol@ts3.6 No matching version found for @types/is-symbol@ts3.6.
407 http fetch GET 304 https://registry.npmjs.org/@types%2fistanbul-lib-instrument 2028ms (from cache)
408 silly pacote tag manifest for @types/istanbul-lib-instrument@ts3.6 fetched in 2030ms
409 http fetch GET 304 https://registry.npmjs.org/@types%2flodash.uniq 132ms (from cache)
410 silly pacote tag manifest for @types/lodash.uniq@ts3.6 fetched in 134ms
411 http fetch GET 304 https://registry.npmjs.org/@types%2flz-string 96ms (from cache)
412 silly pacote tag manifest for @types/lz-string@ts3.6 fetched in 98ms
413 http fetch GET 304 https://registry.npmjs.org/@types%2flodash.template 590ms (from cache)
414 silly pacote tag manifest for @types/lodash.template@ts3.6 fetched in 592ms
415 http fetch GET 304 https://registry.npmjs.org/@types%2fjs-yaml 2032ms (from cache)
416 silly pacote tag manifest for @types/js-yaml@ts3.6 fetched in 2035ms
417 http fetch GET 304 https://registry.npmjs.org/@types%2floader-utils 1191ms (from cache)
418 silly pacote tag manifest for @types/loader-utils@ts3.6 fetched in 1193ms
419 http fetch GET 304 https://registry.npmjs.org/@types%2flodash.clonedeep 1199ms (from cache)
420 silly pacote tag manifest for @types/lodash.clonedeep@ts3.6 fetched in 1203ms
421 http fetch GET 304 https://registry.npmjs.org/@types%2flodash.truncate 575ms (from cache)
422 silly pacote tag manifest for @types/lodash.truncate@ts3.6 fetched in 579ms
423 http fetch GET 304 https://registry.npmjs.org/@types%2fjson3 2047ms (from cache)
424 silly pacote tag manifest for @types/json3@ts3.6 fetched in 2057ms
425 http fetch GET 304 https://registry.npmjs.org/@types%2fjsonfile 2041ms (from cache)
426 silly pacote tag manifest for @types/jsonfile@ts3.6 fetched in 2044ms
427 http fetch GET 304 https://registry.npmjs.org/@types%2fkind-of 2062ms (from cache)
428 silly pacote tag manifest for @types/kind-of@ts3.6 fetched in 2066ms
429 timing stage:rollbackFailedOptional Completed in 2ms
430 timing stage:runTopLevelLifecycles Completed in 14166ms
431 verbose type tag
432 verbose stack @types/call-bind: No matching version found for @types/call-bind@ts3.6.
432 verbose stack     at pickManifest (/usr/local/lib/node_modules/npm/node_modules/npm-pick-manifest/index.js:122:13)
432 verbose stack     at /usr/local/lib/node_modules/npm/node_modules/pacote/lib/fetchers/registry/manifest.js:24:14
432 verbose stack     at tryCatcher (/usr/local/lib/node_modules/npm/node_modules/bluebird/js/release/util.js:16:23)
432 verbose stack     at Promise._settlePromiseFromHandler (/usr/local/lib/node_modules/npm/node_modules/bluebird/js/release/promise.js:517:31)
432 verbose stack     at Promise._settlePromise (/usr/local/lib/node_modules/npm/node_modules/bluebird/js/release/promise.js:574:18)
432 verbose stack     at Promise._settlePromise0 (/usr/local/lib/node_modules/npm/node_modules/bluebird/js/release/promise.js:619:10)
432 verbose stack     at Promise._settlePromises (/usr/local/lib/node_modules/npm/node_modules/bluebird/js/release/promise.js:699:18)
432 verbose stack     at _drainQueueStep (/usr/local/lib/node_modules/npm/node_modules/bluebird/js/release/async.js:138:12)
432 verbose stack     at _drainQueue (/usr/local/lib/node_modules/npm/node_modules/bluebird/js/release/async.js:131:9)
432 verbose stack     at Async._drainQueues (/usr/local/lib/node_modules/npm/node_modules/bluebird/js/release/async.js:147:5)
432 verbose stack     at Immediate.Async.drainQueues [as _onImmediate] (/usr/local/lib/node_modules/npm/node_modules/bluebird/js/release/async.js:17:14)
432 verbose stack     at processImmediate (internal/timers.js:456:21)
433 verbose cwd /home/theia/.cache/typescript/3.6
434 verbose Linux 5.10.16.3-microsoft-standard-WSL2
435 verbose argv "/usr/local/bin/node" "/usr/local/bin/npm" "install" "--ignore-scripts" "@types/uuid@ts3.6" "@types/accepts@ts3.6" "@types/argparse@ts3.6" "@types/aria-query@ts3.6" "@types/arr-diff@ts3.6" "@types/arr-union@ts3.6" "@types/array-unique@ts3.6" "@types/array.prototype.flat@ts3.6" "@types/array.prototype.flatmap@ts3.6" "@types/asap@ts3.6" "@types/assert@ts3.6" "@types/async@ts3.6" "@types/atob@ts3.6" "@types/babel-plugin-macros@ts3.6" "@types/babylon@ts3.6" "@types/balanced-match@ts3.6" "@types/big.js@ts3.6" "@types/bluebird@ts3.6" "@types/bn.js@ts3.6" "@types/body-parser@ts3.6" "@types/bonjour@ts3.6" "@types/boolbase@ts3.6" "@types/brace-expansion@ts3.6" "@types/braces@ts3.6" "@types/brorand@ts3.6" "@types/bser@ts3.6" "@types/buffer-from@ts3.6" "@types/buffer-xor@ts3.6" "@types/bytes@ts3.6" "@types/cacache@ts3.6" "@types/call-bind@ts3.6" "@types/caniuse-api@ts3.6" "@types/caniuse-lite@ts3.6" "@types/case-sensitive-paths-webpack-plugin@ts3.6" "@types/check-types@ts3.6" "@types/chownr@ts3.6" "@types/cipher-base@ts3.6" "@types/clean-css@ts3.6" "@types/co@ts3.6" "@types/color@ts3.6" "@types/color-convert@ts3.6" "@types/color-name@ts3.6" "@types/color-string@ts3.6" "@types/combined-stream@ts3.6" "@types/common-tags@ts3.6" "@types/commondir@ts3.6" "@types/component-emitter@ts3.6" "@types/compose-function@ts3.6" "@types/compressible@ts3.6" "@types/compression@ts3.6" "@types/concat-map@ts3.6" "@types/concat-stream@ts3.6" "@types/confusing-browser-globals@ts3.6" "@types/connect-history-api-fallback@ts3.6" "@types/content-disposition@ts3.6" "@types/content-type@ts3.6" "@types/convert-source-map@ts3.6" "@types/cookie@ts3.6" "@types/cookie-signature@ts3.6" "@types/core-js@ts3.6" "@types/create-hash@ts3.6" "@types/create-hmac@ts3.6" "@types/cross-spawn@ts3.6" "@types/css@ts3.6" "@types/css-declaration-sorter@ts3.6" "@types/css-tree@ts3.6" "@types/css.escape@ts3.6" "@types/cssesc@ts3.6" "@types/csso@ts3.6" "@types/cssom@ts3.6" "@types/cssstyle@ts3.6" "@types/damerau-levenshtein@ts3.6" "@types/data-urls@ts3.6" "@types/debug@ts3.6" "@types/decode-uri-component@ts3.6" "@types/dedent@ts3.6" "@types/deep-equal@ts3.6" "@types/default-gateway@ts3.6" "@types/define-properties@ts3.6" "@types/depd@ts3.6" "@types/destroy@ts3.6" "@types/detect-node@ts3.6" "@types/diffie-hellman@ts3.6" "@types/dir-glob@ts3.6" "@types/dns-packet@ts3.6" "@types/dns-txt@ts3.6" "@types/doctrine@ts3.6" "@types/domexception@ts3.6" "@types/domutils@ts3.6" "@types/duplexify@ts3.6" "@types/ee-first@ts3.6" "@types/ejs@ts3.6" "@types/elliptic@ts3.6" "@types/encodeurl@ts3.6" "@types/end-of-stream@ts3.6" "@types/es-abstract@ts3.6" "@types/es-to-primitive@ts3.6" "@types/escape-html@ts3.6" "@types/escodegen@ts3.6" "@types/eslint@ts3.6" "@types/eslint-scope@ts3.6" "@types/eslint-utils@ts3.6" "@types/esprima@ts3.6" "@types/esquery@ts3.6" "@types/estraverse@ts3.6" "@types/esutils@ts3.6" "@types/etag@ts3.6" "@types/events@ts3.6" "@types/eventsource@ts3.6" "@types/exit@ts3.6" "@types/fast-levenshtein@ts3.6" "@types/fb-watchman@ts3.6" "@types/file-entry-cache@ts3.6" "@types/file-loader@ts3.6" "@types/fill-range@ts3.6" "@types/finalhandler@ts3.6" "@types/find-cache-dir@ts3.6" "@types/flat-cache@ts3.6" "@types/flush-write-stream@ts3.6" "@types/follow-redirects@ts3.6" "@types/forwarded@ts3.6" "@types/fresh@ts3.6" "@types/from2@ts3.6" "@types/fs-minipass@ts3.6" "@types/function-bind@ts3.6" "@types/functional-red-black-tree@ts3.6" "@types/gensync@ts3.6" "@types/get-intrinsic@ts3.6" "@types/get-value@ts3.6" "@types/glob@ts3.6" "@types/glob-parent@ts3.6" "@types/global-modules@ts3.6" "@types/global-prefix@ts3.6" "@types/graceful-fs@ts3.6" "@types/has@ts3.6" "@types/has-bigints@ts3.6" "@types/has-symbols@ts3.6" "@types/has-values@ts3.6" "@types/he@ts3.6" "@types/hex-color-regex@ts3.6" "@types/hosted-git-info@ts3.6" "@types/html-encoding-sniffer@ts3.6" "@types/html-escaper@ts3.6" "@types/html-minifier-terser@ts3.6" "@types/http-errors@ts3.6" "@types/http-proxy@ts3.6" "@types/icss-utils@ts3.6" "@types/iferr@ts3.6" "@types/import-local@ts3.6" "@types/imurmurhash@ts3.6" "@types/inherits@ts3.6" "@types/ini@ts3.6" "@types/internal-slot@ts3.6" "@types/ip@ts3.6" "@types/is-arguments@ts3.6" "@types/is-bigint@ts3.6" "@types/is-boolean-object@ts3.6" "@types/is-buffer@ts3.6" "@types/is-callable@ts3.6" "@types/is-ci@ts3.6" "@types/is-core-module@ts3.6" "@types/is-data-descriptor@ts3.6" "@types/is-date-object@ts3.6" "@types/is-glob@ts3.6" "@types/is-number@ts3.6" "@types/is-regex@ts3.6" "@types/is-string@ts3.6" "@types/is-symbol@ts3.6" "@types/is-typedarray@ts3.6" "@types/is-windows@ts3.6" "@types/isarray@ts3.6" "@types/isexe@ts3.6" "@types/istanbul-lib-coverage@ts3.6" "@types/istanbul-lib-instrument@ts3.6" "@types/istanbul-lib-report@ts3.6" "@types/istanbul-lib-source-maps@ts3.6" "@types/istanbul-reports@ts3.6" "@types/js-yaml@ts3.6" "@types/jsdom@ts3.6" "@types/jsesc@ts3.6" "@types/json-parse-better-errors@ts3.6" "@types/json-stable-stringify-without-jsonify@ts3.6" "@types/json3@ts3.6" "@types/jsonfile@ts3.6" "@types/kind-of@ts3.6" "@types/language-tags@ts3.6" "@types/loader-runner@ts3.6" "@types/loader-utils@ts3.6" "@types/lodash.clonedeep@ts3.6" "@types/lodash.debounce@ts3.6" "@types/lodash.memoize@ts3.6" "@types/lodash.merge@ts3.6" "@types/lodash.template@ts3.6" "@types/lodash.truncate@ts3.6" "@types/lodash.uniq@ts3.6" "@types/lz-string@ts3.6" "--save-dev" "--user-agent=typesInstaller/3.6.3"
436 verbose node v12.18.3
437 verbose npm  v6.14.6
438 error code ETARGET
439 error notarget No matching version found for @types/call-bind@ts3.6.
440 error notarget In most cases you or one of your dependencies are requesting
440 error notarget a package version that doesn't exist.
441 verbose exit [ 1, true ]
