0 info it worked if it ends with ok
1 verbose cli [
1 verbose cli   '/usr/local/bin/node',
1 verbose cli   '/usr/local/bin/npm',
1 verbose cli   'install',
1 verbose cli   '--ignore-scripts',
1 verbose cli   '@types/accepts@ts3.6',
1 verbose cli   '@types/argparse@ts3.6',
1 verbose cli   '@types/aria-query@ts3.6',
1 verbose cli   '@types/arr-diff@ts3.6',
1 verbose cli   '@types/arr-union@ts3.6',
1 verbose cli   '@types/array-unique@ts3.6',
1 verbose cli   '@types/array.prototype.flat@ts3.6',
1 verbose cli   '@types/array.prototype.flatmap@ts3.6',
1 verbose cli   '@types/asap@ts3.6',
1 verbose cli   '@types/assert@ts3.6',
1 verbose cli   '@types/async@ts3.6',
1 verbose cli   '@types/atob@ts3.6',
1 verbose cli   '@types/babel-plugin-macros@ts3.6',
1 verbose cli   '@types/babylon@ts3.6',
1 verbose cli   '@types/balanced-match@ts3.6',
1 verbose cli   '@types/big.js@ts3.6',
1 verbose cli   '@types/bluebird@ts3.6',
1 verbose cli   '@types/bn.js@ts3.6',
1 verbose cli   '@types/body-parser@ts3.6',
1 verbose cli   '@types/bonjour@ts3.6',
1 verbose cli   '@types/boolbase@ts3.6',
1 verbose cli   '@types/brace-expansion@ts3.6',
1 verbose cli   '@types/braces@ts3.6',
1 verbose cli   '@types/brorand@ts3.6',
1 verbose cli   '@types/bser@ts3.6',
1 verbose cli   '@types/buffer-from@ts3.6',
1 verbose cli   '@types/buffer-xor@ts3.6',
1 verbose cli   '@types/bytes@ts3.6',
1 verbose cli   '@types/cacache@ts3.6',
1 verbose cli   '@types/call-bind@ts3.6',
1 verbose cli   '@types/caniuse-api@ts3.6',
1 verbose cli   '@types/caniuse-lite@ts3.6',
1 verbose cli   '@types/case-sensitive-paths-webpack-plugin@ts3.6',
1 verbose cli   '@types/check-types@ts3.6',
1 verbose cli   '@types/chownr@ts3.6',
1 verbose cli   '@types/cipher-base@ts3.6',
1 verbose cli   '@types/clean-css@ts3.6',
1 verbose cli   '@types/co@ts3.6',
1 verbose cli   '@types/color@ts3.6',
1 verbose cli   '@types/color-convert@ts3.6',
1 verbose cli   '@types/color-name@ts3.6',
1 verbose cli   '@types/color-string@ts3.6',
1 verbose cli   '@types/combined-stream@ts3.6',
1 verbose cli   '@types/common-tags@ts3.6',
1 verbose cli   '@types/commondir@ts3.6',
1 verbose cli   '@types/component-emitter@ts3.6',
1 verbose cli   '@types/compose-function@ts3.6',
1 verbose cli   '@types/compressible@ts3.6',
1 verbose cli   '@types/compression@ts3.6',
1 verbose cli   '@types/concat-map@ts3.6',
1 verbose cli   '@types/concat-stream@ts3.6',
1 verbose cli   '@types/confusing-browser-globals@ts3.6',
1 verbose cli   '@types/connect-history-api-fallback@ts3.6',
1 verbose cli   '@types/content-disposition@ts3.6',
1 verbose cli   '@types/content-type@ts3.6',
1 verbose cli   '@types/convert-source-map@ts3.6',
1 verbose cli   '@types/cookie@ts3.6',
1 verbose cli   '@types/cookie-signature@ts3.6',
1 verbose cli   '@types/core-js@ts3.6',
1 verbose cli   '@types/create-hash@ts3.6',
1 verbose cli   '@types/create-hmac@ts3.6',
1 verbose cli   '@types/cross-spawn@ts3.6',
1 verbose cli   '@types/css@ts3.6',
1 verbose cli   '@types/css-declaration-sorter@ts3.6',
1 verbose cli   '@types/css-tree@ts3.6',
1 verbose cli   '@types/css.escape@ts3.6',
1 verbose cli   '@types/cssesc@ts3.6',
1 verbose cli   '@types/csso@ts3.6',
1 verbose cli   '@types/cssom@ts3.6',
1 verbose cli   '@types/cssstyle@ts3.6',
1 verbose cli   '@types/damerau-levenshtein@ts3.6',
1 verbose cli   '@types/data-urls@ts3.6',
1 verbose cli   '@types/debug@ts3.6',
1 verbose cli   '@types/decode-uri-component@ts3.6',
1 verbose cli   '@types/dedent@ts3.6',
1 verbose cli   '@types/deep-equal@ts3.6',
1 verbose cli   '@types/default-gateway@ts3.6',
1 verbose cli   '@types/define-properties@ts3.6',
1 verbose cli   '@types/depd@ts3.6',
1 verbose cli   '@types/destroy@ts3.6',
1 verbose cli   '@types/detect-node@ts3.6',
1 verbose cli   '@types/diffie-hellman@ts3.6',
1 verbose cli   '@types/dir-glob@ts3.6',
1 verbose cli   '@types/dns-packet@ts3.6',
1 verbose cli   '@types/dns-txt@ts3.6',
1 verbose cli   '@types/doctrine@ts3.6',
1 verbose cli   '@types/domexception@ts3.6',
1 verbose cli   '@types/domutils@ts3.6',
1 verbose cli   '@types/duplexify@ts3.6',
1 verbose cli   '@types/ee-first@ts3.6',
1 verbose cli   '@types/ejs@ts3.6',
1 verbose cli   '@types/elliptic@ts3.6',
1 verbose cli   '@types/encodeurl@ts3.6',
1 verbose cli   '@types/end-of-stream@ts3.6',
1 verbose cli   '@types/es-abstract@ts3.6',
1 verbose cli   '@types/es-get-iterator@ts3.6',
1 verbose cli   ... 103 more items
1 verbose cli ]
2 info using npm@6.14.6
3 info using node@v12.18.3
4 verbose npm-session 1e55620f3a6f871e
5 silly install loadCurrentTree
6 silly install readLocalPackageData
7 http fetch GET 304 https://registry.npmjs.org/@types%2farr-diff 813ms (from cache)
8 http fetch GET 304 https://registry.npmjs.org/@types%2farr-union 817ms (from cache)
9 http fetch GET 304 https://registry.npmjs.org/@types%2fassert 811ms (from cache)
10 http fetch GET 304 https://registry.npmjs.org/@types%2faccepts 838ms (from cache)
11 http fetch GET 304 https://registry.npmjs.org/@types%2farray-unique 829ms (from cache)
12 silly pacote tag manifest for @types/arr-diff@ts3.6 fetched in 841ms
13 silly pacote tag manifest for @types/assert@ts3.6 fetched in 834ms
14 silly pacote tag manifest for @types/arr-union@ts3.6 fetched in 846ms
15 silly pacote tag manifest for @types/accepts@ts3.6 fetched in 883ms
16 silly pacote tag manifest for @types/array-unique@ts3.6 fetched in 878ms
17 http fetch GET 304 https://registry.npmjs.org/@types%2fargparse 905ms (from cache)
18 silly pacote tag manifest for @types/argparse@ts3.6 fetched in 938ms
19 http fetch GET 304 https://registry.npmjs.org/@types%2fasap 943ms (from cache)
20 silly pacote tag manifest for @types/asap@ts3.6 fetched in 946ms
21 http fetch GET 304 https://registry.npmjs.org/@types%2fbabel-plugin-macros 285ms (from cache)
22 http fetch GET 304 https://registry.npmjs.org/@types%2fbalanced-match 280ms (from cache)
23 silly pacote tag manifest for @types/babel-plugin-macros@ts3.6 fetched in 310ms
24 http fetch GET 304 https://registry.npmjs.org/@types%2fbabylon 302ms (from cache)
25 http fetch GET 304 https://registry.npmjs.org/@types%2fasync 330ms (from cache)
26 silly pacote tag manifest for @types/balanced-match@ts3.6 fetched in 301ms
27 silly pacote tag manifest for @types/babylon@ts3.6 fetched in 323ms
28 silly pacote tag manifest for @types/async@ts3.6 fetched in 352ms
29 http fetch GET 304 https://registry.npmjs.org/@types%2fatob 380ms (from cache)
30 http fetch GET 304 https://registry.npmjs.org/@types%2fbluebird 287ms (from cache)
31 silly pacote tag manifest for @types/atob@ts3.6 fetched in 395ms
32 silly pacote tag manifest for @types/bluebird@ts3.6 fetched in 294ms
33 http fetch GET 304 https://registry.npmjs.org/@types%2fbn.js 148ms (from cache)
34 silly pacote tag manifest for @types/bn.js@ts3.6 fetched in 151ms
35 http fetch GET 304 https://registry.npmjs.org/@types%2fbody-parser 259ms (from cache)
36 http fetch GET 304 https://registry.npmjs.org/@types%2fboolbase 251ms (from cache)
37 silly pacote tag manifest for @types/body-parser@ts3.6 fetched in 268ms
38 http fetch GET 304 https://registry.npmjs.org/@types%2fbrace-expansion 212ms (from cache)
39 silly pacote tag manifest for @types/boolbase@ts3.6 fetched in 260ms
40 http fetch GET 304 https://registry.npmjs.org/@types%2fbraces 223ms (from cache)
41 silly pacote tag manifest for @types/brace-expansion@ts3.6 fetched in 242ms
42 silly pacote tag manifest for @types/braces@ts3.6 fetched in 250ms
43 http fetch GET 304 https://registry.npmjs.org/@types%2fbuffer-from 159ms (from cache)
44 silly pacote tag manifest for @types/buffer-from@ts3.6 fetched in 166ms
45 http fetch GET 304 https://registry.npmjs.org/@types%2fbser 231ms (from cache)
46 silly pacote tag manifest for @types/bser@ts3.6 fetched in 258ms
47 http fetch GET 304 https://registry.npmjs.org/@types%2fbytes 231ms (from cache)
48 silly pacote tag manifest for @types/bytes@ts3.6 fetched in 252ms
49 http fetch GET 304 https://registry.npmjs.org/@types%2fcall-bind 158ms (from cache)
50 silly registry:manifest no matching version for @types/call-bind@ts3.6 in the cache. Forcing revalidation.
51 http fetch GET 304 https://registry.npmjs.org/@types%2fbrorand 602ms (from cache)
52 silly pacote tag manifest for @types/brorand@ts3.6 fetched in 612ms
53 http fetch GET 200 https://registry.npmjs.org/@types%2fcall-bind 213ms
54 silly fetchPackageMetaData error for @types/call-bind@ts3.6 No matching version found for @types/call-bind@ts3.6.
55 http fetch GET 304 https://registry.npmjs.org/@types%2fcaniuse-lite 170ms (from cache)
56 http fetch GET 304 https://registry.npmjs.org/@types%2fbig.js 1184ms (from cache)
57 silly pacote tag manifest for @types/caniuse-lite@ts3.6 fetched in 191ms
58 silly pacote tag manifest for @types/big.js@ts3.6 fetched in 1209ms
59 http fetch GET 304 https://registry.npmjs.org/@types%2fcase-sensitive-paths-webpack-plugin 221ms (from cache)
60 silly pacote tag manifest for @types/case-sensitive-paths-webpack-plugin@ts3.6 fetched in 263ms
61 http fetch GET 304 https://registry.npmjs.org/@types%2fcheck-types 358ms (from cache)
62 silly pacote tag manifest for @types/check-types@ts3.6 fetched in 363ms
63 http fetch GET 304 https://registry.npmjs.org/@types%2farray.prototype.flatmap 2644ms (from cache)
64 http fetch GET 304 https://registry.npmjs.org/@types%2fchownr 509ms (from cache)
65 http fetch GET 304 https://registry.npmjs.org/@types%2faria-query 2657ms (from cache)
66 http fetch GET 304 https://registry.npmjs.org/@types%2fbonjour 1461ms (from cache)
67 http fetch GET 304 https://registry.npmjs.org/@types%2fcipher-base 305ms (from cache)
68 silly pacote tag manifest for @types/array.prototype.flatmap@ts3.6 fetched in 2657ms
69 silly pacote tag manifest for @types/bonjour@ts3.6 fetched in 1476ms
70 silly pacote tag manifest for @types/aria-query@ts3.6 fetched in 2673ms
71 silly pacote tag manifest for @types/chownr@ts3.6 fetched in 527ms
72 silly pacote tag manifest for @types/cipher-base@ts3.6 fetched in 324ms
73 http fetch GET 304 https://registry.npmjs.org/@types%2farray.prototype.flat 2686ms (from cache)
74 silly pacote tag manifest for @types/array.prototype.flat@ts3.6 fetched in 2755ms
75 http fetch GET 304 https://registry.npmjs.org/@types%2fclean-css 330ms (from cache)
76 silly pacote tag manifest for @types/clean-css@ts3.6 fetched in 345ms
77 http fetch GET 304 https://registry.npmjs.org/@types%2fco 200ms (from cache)
78 silly pacote tag manifest for @types/co@ts3.6 fetched in 204ms
79 http fetch GET 304 https://registry.npmjs.org/@types%2fcolor-string 226ms (from cache)
80 http fetch GET 304 https://registry.npmjs.org/@types%2fcacache 1281ms (from cache)
81 silly pacote tag manifest for @types/color-string@ts3.6 fetched in 232ms
82 silly pacote tag manifest for @types/cacache@ts3.6 fetched in 1285ms
83 http fetch GET 304 https://registry.npmjs.org/@types%2fcombined-stream 177ms (from cache)
84 silly pacote tag manifest for @types/combined-stream@ts3.6 fetched in 181ms
85 http fetch GET 304 https://registry.npmjs.org/@types%2fcommondir 95ms (from cache)
86 silly pacote tag manifest for @types/commondir@ts3.6 fetched in 99ms
87 http fetch GET 304 https://registry.npmjs.org/@types%2fcommon-tags 142ms (from cache)
88 silly pacote tag manifest for @types/common-tags@ts3.6 fetched in 145ms
89 http fetch GET 304 https://registry.npmjs.org/@types%2fcompose-function 123ms (from cache)
90 silly pacote tag manifest for @types/compose-function@ts3.6 fetched in 128ms
91 http fetch GET 304 https://registry.npmjs.org/@types%2fcomponent-emitter 169ms (from cache)
92 silly pacote tag manifest for @types/component-emitter@ts3.6 fetched in 172ms
93 http fetch GET 304 https://registry.npmjs.org/@types%2fcompression 146ms (from cache)
94 silly pacote tag manifest for @types/compression@ts3.6 fetched in 150ms
95 http fetch GET 304 https://registry.npmjs.org/@types%2fcompressible 187ms (from cache)
96 silly pacote tag manifest for @types/compressible@ts3.6 fetched in 191ms
97 http fetch GET 304 https://registry.npmjs.org/@types%2fconcat-map 160ms (from cache)
98 silly pacote tag manifest for @types/concat-map@ts3.6 fetched in 164ms
99 http fetch GET 304 https://registry.npmjs.org/@types%2fconcat-stream 138ms (from cache)
100 silly pacote tag manifest for @types/concat-stream@ts3.6 fetched in 141ms
101 http fetch GET 304 https://registry.npmjs.org/@types%2fconfusing-browser-globals 139ms (from cache)
102 silly pacote tag manifest for @types/confusing-browser-globals@ts3.6 fetched in 150ms
103 http fetch GET 304 https://registry.npmjs.org/@types%2fcontent-type 86ms (from cache)
104 silly pacote tag manifest for @types/content-type@ts3.6 fetched in 102ms
105 http fetch GET 304 https://registry.npmjs.org/@types%2fcolor 606ms (from cache)
106 silly pacote tag manifest for @types/color@ts3.6 fetched in 611ms
107 http fetch GET 304 https://registry.npmjs.org/@types%2fcontent-disposition 182ms (from cache)
108 silly pacote tag manifest for @types/content-disposition@ts3.6 fetched in 184ms
109 http fetch GET 304 https://registry.npmjs.org/@types%2fcookie 241ms (from cache)
110 http fetch GET 304 https://registry.npmjs.org/@types%2fcreate-hash 160ms (from cache)
111 http fetch GET 304 https://registry.npmjs.org/@types%2fcore-js 198ms (from cache)
112 silly pacote tag manifest for @types/cookie@ts3.6 fetched in 248ms
113 silly pacote tag manifest for @types/create-hash@ts3.6 fetched in 165ms
114 silly pacote tag manifest for @types/core-js@ts3.6 fetched in 203ms
115 http fetch GET 304 https://registry.npmjs.org/@types%2fbuffer-xor 2079ms (from cache)
116 silly pacote tag manifest for @types/buffer-xor@ts3.6 fetched in 2084ms
117 http fetch GET 304 https://registry.npmjs.org/@types%2fcross-spawn 112ms (from cache)
118 silly pacote tag manifest for @types/cross-spawn@ts3.6 fetched in 116ms
119 http fetch GET 304 https://registry.npmjs.org/@types%2fcaniuse-api 1894ms (from cache)
120 http fetch GET 304 https://registry.npmjs.org/@types%2fcookie-signature 386ms (from cache)
121 silly pacote tag manifest for @types/caniuse-api@ts3.6 fetched in 1897ms
122 silly pacote tag manifest for @types/cookie-signature@ts3.6 fetched in 391ms
123 http fetch GET 304 https://registry.npmjs.org/@types%2fconnect-history-api-fallback 631ms (from cache)
124 silly pacote tag manifest for @types/connect-history-api-fallback@ts3.6 fetched in 635ms
125 http fetch GET 200 https://registry.npmjs.org/@types%2fcss.escape 160ms
126 silly fetchPackageMetaData error for @types/css.escape@ts3.6 No matching version found for @types/css.escape@ts3.6.
127 http fetch GET 304 https://registry.npmjs.org/@types%2fconvert-source-map 649ms (from cache)
128 http fetch GET 304 https://registry.npmjs.org/@types%2fcssesc 184ms (from cache)
129 silly pacote tag manifest for @types/convert-source-map@ts3.6 fetched in 660ms
130 silly pacote tag manifest for @types/cssesc@ts3.6 fetched in 209ms
131 http fetch GET 304 https://registry.npmjs.org/@types%2fcsso 146ms (from cache)
132 silly pacote tag manifest for @types/csso@ts3.6 fetched in 150ms
133 http fetch GET 304 https://registry.npmjs.org/@types%2fcssom 196ms (from cache)
134 http fetch GET 304 https://registry.npmjs.org/@types%2fcssstyle 175ms (from cache)
135 silly pacote tag manifest for @types/cssom@ts3.6 fetched in 203ms
136 silly pacote tag manifest for @types/cssstyle@ts3.6 fetched in 187ms
137 http fetch GET 304 https://registry.npmjs.org/@types%2fdamerau-levenshtein 196ms (from cache)
138 http fetch GET 304 https://registry.npmjs.org/@types%2fdata-urls 173ms (from cache)
139 silly pacote tag manifest for @types/damerau-levenshtein@ts3.6 fetched in 221ms
140 silly pacote tag manifest for @types/data-urls@ts3.6 fetched in 185ms
141 http fetch GET 304 https://registry.npmjs.org/@types%2fdebug 171ms (from cache)
142 silly pacote tag manifest for @types/debug@ts3.6 fetched in 188ms
143 http fetch GET 304 https://registry.npmjs.org/@types%2fdecode-uri-component 185ms (from cache)
144 http fetch GET 304 https://registry.npmjs.org/@types%2fdeep-equal 126ms (from cache)
145 silly pacote tag manifest for @types/decode-uri-component@ts3.6 fetched in 188ms
146 silly pacote tag manifest for @types/deep-equal@ts3.6 fetched in 135ms
147 http fetch GET 304 https://registry.npmjs.org/@types%2fdefault-gateway 161ms (from cache)
148 silly pacote tag manifest for @types/default-gateway@ts3.6 fetched in 165ms
149 http fetch GET 304 https://registry.npmjs.org/@types%2fdefine-properties 222ms (from cache)
150 silly pacote tag manifest for @types/define-properties@ts3.6 fetched in 225ms
151 http fetch GET 304 https://registry.npmjs.org/@types%2fdetect-node 84ms (from cache)
152 silly pacote tag manifest for @types/detect-node@ts3.6 fetched in 88ms
153 http fetch GET 304 https://registry.npmjs.org/@types%2fcolor-name 1914ms (from cache)
154 silly pacote tag manifest for @types/color-name@ts3.6 fetched in 1920ms
155 http fetch GET 304 https://registry.npmjs.org/@types%2fcss-declaration-sorter 1139ms (from cache)
156 silly pacote tag manifest for @types/css-declaration-sorter@ts3.6 fetched in 1143ms
157 http fetch GET 304 https://registry.npmjs.org/@types%2fcolor-convert 2113ms (from cache)
158 silly pacote tag manifest for @types/color-convert@ts3.6 fetched in 2118ms
159 http fetch GET 304 https://registry.npmjs.org/@types%2fdepd 607ms (from cache)
160 silly pacote tag manifest for @types/depd@ts3.6 fetched in 612ms
161 http fetch GET 304 https://registry.npmjs.org/@types%2fdns-packet 137ms (from cache)
162 silly pacote tag manifest for @types/dns-packet@ts3.6 fetched in 141ms
163 http fetch GET 304 https://registry.npmjs.org/@types%2fdomexception 166ms (from cache)
164 silly pacote tag manifest for @types/domexception@ts3.6 fetched in 173ms
165 http fetch GET 304 https://registry.npmjs.org/@types%2fdestroy 667ms (from cache)
166 silly pacote tag manifest for @types/destroy@ts3.6 fetched in 682ms
167 http fetch GET 304 https://registry.npmjs.org/@types%2fdiffie-hellman 584ms (from cache)
168 silly pacote tag manifest for @types/diffie-hellman@ts3.6 fetched in 590ms
169 http fetch GET 304 https://registry.npmjs.org/@types%2fdomutils 130ms (from cache)
170 silly pacote tag manifest for @types/domutils@ts3.6 fetched in 133ms
171 http fetch GET 304 https://registry.npmjs.org/@types%2fduplexify 132ms (from cache)
172 silly pacote tag manifest for @types/duplexify@ts3.6 fetched in 134ms
173 http fetch GET 304 https://registry.npmjs.org/@types%2fee-first 124ms (from cache)
174 silly pacote tag manifest for @types/ee-first@ts3.6 fetched in 127ms
175 http fetch GET 304 https://registry.npmjs.org/@types%2fejs 130ms (from cache)
176 silly pacote tag manifest for @types/ejs@ts3.6 fetched in 134ms
177 http fetch GET 304 https://registry.npmjs.org/@types%2fencodeurl 138ms (from cache)
178 silly pacote tag manifest for @types/encodeurl@ts3.6 fetched in 140ms
179 http fetch GET 304 https://registry.npmjs.org/@types%2fend-of-stream 120ms (from cache)
180 silly pacote tag manifest for @types/end-of-stream@ts3.6 fetched in 123ms
181 http fetch GET 304 https://registry.npmjs.org/@types%2fcreate-hmac 1971ms (from cache)
182 silly pacote tag manifest for @types/create-hmac@ts3.6 fetched in 1974ms
183 http fetch GET 304 https://registry.npmjs.org/@types%2fes-abstract 91ms (from cache)
184 silly pacote tag manifest for @types/es-abstract@ts3.6 fetched in 100ms
185 http fetch GET 304 https://registry.npmjs.org/@types%2fdoctrine 665ms (from cache)
186 silly pacote tag manifest for @types/doctrine@ts3.6 fetched in 669ms
187 http fetch GET 304 https://registry.npmjs.org/@types%2fes-to-primitive 110ms (from cache)
188 silly pacote tag manifest for @types/es-to-primitive@ts3.6 fetched in 114ms
189 http fetch GET 304 https://registry.npmjs.org/@types%2fescape-html 140ms (from cache)
190 silly pacote tag manifest for @types/escape-html@ts3.6 fetched in 173ms
191 http fetch GET 304 https://registry.npmjs.org/@types%2fescodegen 210ms (from cache)
192 http fetch GET 304 https://registry.npmjs.org/@types%2fcss 2249ms (from cache)
193 silly pacote tag manifest for @types/escodegen@ts3.6 fetched in 227ms
194 silly pacote tag manifest for @types/css@ts3.6 fetched in 2259ms
195 http fetch GET 304 https://registry.npmjs.org/@types%2fcss-tree 2145ms (from cache)
196 silly pacote tag manifest for @types/css-tree@ts3.6 fetched in 2151ms
197 http fetch GET 304 https://registry.npmjs.org/@types%2feslint 196ms (from cache)
198 silly pacote tag manifest for @types/eslint@ts3.6 fetched in 211ms
199 http fetch GET 304 https://registry.npmjs.org/@types%2felliptic 645ms (from cache)
200 silly pacote tag manifest for @types/elliptic@ts3.6 fetched in 654ms
201 http fetch GET 304 https://registry.npmjs.org/@types%2fdir-glob 1269ms (from cache)
202 silly pacote tag manifest for @types/dir-glob@ts3.6 fetched in 1283ms
203 http fetch GET 304 https://registry.npmjs.org/@types%2feslint-utils 145ms (from cache)
204 silly pacote tag manifest for @types/eslint-utils@ts3.6 fetched in 161ms
205 http fetch GET 304 https://registry.npmjs.org/@types%2fesprima 183ms (from cache)
206 silly pacote tag manifest for @types/esprima@ts3.6 fetched in 185ms
207 http fetch GET 304 https://registry.npmjs.org/@types%2festraverse 287ms (from cache)
208 http fetch GET 304 https://registry.npmjs.org/@types%2fesutils 229ms (from cache)
209 silly pacote tag manifest for @types/estraverse@ts3.6 fetched in 303ms
210 http fetch GET 304 https://registry.npmjs.org/@types%2fdedent 2006ms (from cache)
211 silly pacote tag manifest for @types/esutils@ts3.6 fetched in 239ms
212 http fetch GET 304 https://registry.npmjs.org/@types%2feslint-scope 428ms (from cache)
213 silly pacote tag manifest for @types/dedent@ts3.6 fetched in 2014ms
214 silly pacote tag manifest for @types/eslint-scope@ts3.6 fetched in 437ms
215 http fetch GET 304 https://registry.npmjs.org/@types%2fesquery 431ms (from cache)
216 silly pacote tag manifest for @types/esquery@ts3.6 fetched in 439ms
217 http fetch GET 304 https://registry.npmjs.org/@types%2fexit 131ms (from cache)
218 silly pacote tag manifest for @types/exit@ts3.6 fetched in 133ms
219 http fetch GET 304 https://registry.npmjs.org/@types%2ffb-watchman 184ms (from cache)
220 silly pacote tag manifest for @types/fb-watchman@ts3.6 fetched in 189ms
221 http fetch GET 304 https://registry.npmjs.org/@types%2ffile-loader 129ms (from cache)
222 http fetch GET 200 https://registry.npmjs.org/@types%2ffill-range 104ms
223 silly fetchPackageMetaData error for @types/fill-range@ts3.6 No matching version found for @types/fill-range@ts3.6.
224 silly pacote tag manifest for @types/file-loader@ts3.6 fetched in 136ms
225 http fetch GET 304 https://registry.npmjs.org/@types%2ffast-levenshtein 386ms (from cache)
226 silly pacote tag manifest for @types/fast-levenshtein@ts3.6 fetched in 392ms
227 http fetch GET 304 https://registry.npmjs.org/@types%2fevents 630ms (from cache)
228 silly pacote tag manifest for @types/events@ts3.6 fetched in 637ms
229 http fetch GET 304 https://registry.npmjs.org/@types%2fflush-write-stream 209ms (from cache)
230 silly pacote tag manifest for @types/flush-write-stream@ts3.6 fetched in 212ms
231 http fetch GET 304 https://registry.npmjs.org/@types%2ffile-entry-cache 620ms (from cache)
232 silly pacote tag manifest for @types/file-entry-cache@ts3.6 fetched in 627ms
233 http fetch GET 200 https://registry.npmjs.org/@types%2fdns-txt 2060ms
234 silly fetchPackageMetaData error for @types/dns-txt@ts3.6 No matching version found for @types/dns-txt@ts3.6.
235 http fetch GET 304 https://registry.npmjs.org/@types%2ffresh 128ms (from cache)
236 silly pacote tag manifest for @types/fresh@ts3.6 fetched in 138ms
237 http fetch GET 304 https://registry.npmjs.org/@types%2feventsource 1117ms (from cache)
238 silly pacote tag manifest for @types/eventsource@ts3.6 fetched in 1121ms
239 http fetch GET 304 https://registry.npmjs.org/@types%2ffunction-bind 245ms (from cache)
240 silly pacote tag manifest for @types/function-bind@ts3.6 fetched in 250ms
241 http fetch GET 304 https://registry.npmjs.org/@types%2fforwarded 644ms (from cache)
242 silly pacote tag manifest for @types/forwarded@ts3.6 fetched in 650ms
243 http fetch GET 304 https://registry.npmjs.org/@types%2ffinalhandler 1231ms (from cache)
244 silly pacote tag manifest for @types/finalhandler@ts3.6 fetched in 1296ms
245 http fetch GET 200 https://registry.npmjs.org/@types%2ffs-minipass 764ms
246 silly fetchPackageMetaData error for @types/fs-minipass@ts3.6 No matching version found for @types/fs-minipass@ts3.6.
247 http fetch GET 304 https://registry.npmjs.org/@types%2ffind-cache-dir 1338ms (from cache)
248 http fetch GET 304 https://registry.npmjs.org/@types%2fes-get-iterator 2257ms (from cache)
249 silly pacote tag manifest for @types/find-cache-dir@ts3.6 fetched in 1361ms
250 http fetch GET 304 https://registry.npmjs.org/@types%2fflat-cache 1362ms (from cache)
251 silly pacote tag manifest for @types/es-get-iterator@ts3.6 fetched in 2267ms
252 http fetch GET 304 https://registry.npmjs.org/@types%2ffollow-redirects 1159ms (from cache)
253 silly pacote tag manifest for @types/flat-cache@ts3.6 fetched in 1372ms
254 silly pacote tag manifest for @types/follow-redirects@ts3.6 fetched in 1175ms
255 http fetch GET 304 https://registry.npmjs.org/@types%2fget-value 128ms (from cache)
256 silly pacote tag manifest for @types/get-value@ts3.6 fetched in 131ms
257 http fetch GET 304 https://registry.npmjs.org/@types%2fglob 134ms (from cache)
258 silly pacote tag manifest for @types/glob@ts3.6 fetched in 142ms
259 http fetch GET 304 https://registry.npmjs.org/@types%2fglob-parent 184ms (from cache)
260 silly pacote tag manifest for @types/glob-parent@ts3.6 fetched in 188ms
261 http fetch GET 304 https://registry.npmjs.org/@types%2fetag 2004ms (from cache)
262 silly pacote tag manifest for @types/etag@ts3.6 fetched in 2008ms
263 http fetch GET 304 https://registry.npmjs.org/@types%2fglobal-modules 314ms (from cache)
264 http fetch GET 304 https://registry.npmjs.org/@types%2fglobal-prefix 320ms (from cache)
265 http fetch GET 200 https://registry.npmjs.org/@types%2fgensync 697ms
266 silly fetchPackageMetaData error for @types/gensync@ts3.6 No matching version found for @types/gensync@ts3.6.
267 silly pacote tag manifest for @types/global-prefix@ts3.6 fetched in 337ms
268 silly pacote tag manifest for @types/global-modules@ts3.6 fetched in 350ms
269 http fetch GET 200 https://registry.npmjs.org/@types%2fgopd 263ms
270 silly fetchPackageMetaData error for @types/gopd@ts3.6 No matching version found for @types/gopd@ts3.6.
271 http fetch GET 304 https://registry.npmjs.org/@types%2fgraceful-fs 216ms (from cache)
272 silly pacote tag manifest for @types/graceful-fs@ts3.6 fetched in 232ms
273 http fetch GET 200 https://registry.npmjs.org/@types%2fhas-values 150ms
274 silly fetchPackageMetaData error for @types/has-values@ts3.6 No matching version found for @types/has-values@ts3.6.
275 http fetch GET 200 https://registry.npmjs.org/@types%2fhas-bigints 222ms
276 silly fetchPackageMetaData error for @types/has-bigints@ts3.6 No matching version found for @types/has-bigints@ts3.6.
277 http fetch GET 304 https://registry.npmjs.org/@types%2fhas-symbols 224ms (from cache)
278 silly pacote tag manifest for @types/has-symbols@ts3.6 fetched in 230ms
279 http fetch GET 304 https://registry.npmjs.org/@types%2fhe 207ms (from cache)
280 silly pacote tag manifest for @types/he@ts3.6 fetched in 212ms
281 http fetch GET 304 https://registry.npmjs.org/@types%2fhtml-encoding-sniffer 127ms (from cache)
282 http fetch GET 304 https://registry.npmjs.org/@types%2fhosted-git-info 185ms (from cache)
283 silly pacote tag manifest for @types/html-encoding-sniffer@ts3.6 fetched in 130ms
284 silly pacote tag manifest for @types/hosted-git-info@ts3.6 fetched in 189ms
285 http fetch GET 304 https://registry.npmjs.org/@types%2fhtml-minifier-terser 128ms (from cache)
286 silly pacote tag manifest for @types/html-minifier-terser@ts3.6 fetched in 143ms
287 http fetch GET 304 https://registry.npmjs.org/@types%2fhttp-proxy 178ms (from cache)
288 silly pacote tag manifest for @types/http-proxy@ts3.6 fetched in 183ms
289 http fetch GET 304 https://registry.npmjs.org/@types%2fhttp-errors 190ms (from cache)
290 silly pacote tag manifest for @types/http-errors@ts3.6 fetched in 198ms
291 http fetch GET 304 https://registry.npmjs.org/@types%2fget-intrinsic 1055ms (from cache)
292 silly registry:manifest no matching version for @types/get-intrinsic@ts3.6 in the cache. Forcing revalidation.
293 http fetch GET 200 https://registry.npmjs.org/@types%2fimport-local 98ms
294 silly fetchPackageMetaData error for @types/import-local@ts3.6 No matching version found for @types/import-local@ts3.6.
295 http fetch GET 304 https://registry.npmjs.org/@types%2fimurmurhash 102ms (from cache)
296 silly pacote tag manifest for @types/imurmurhash@ts3.6 fetched in 107ms
297 http fetch GET 304 https://registry.npmjs.org/@types%2fhtml-escaper 593ms (from cache)
298 silly pacote tag manifest for @types/html-escaper@ts3.6 fetched in 604ms
299 http fetch GET 304 https://registry.npmjs.org/@types%2finherits 191ms (from cache)
300 http fetch GET 304 https://registry.npmjs.org/@types%2ffrom2 2147ms (from cache)
301 http fetch GET 304 https://registry.npmjs.org/@types%2fini 120ms (from cache)
302 silly pacote tag manifest for @types/inherits@ts3.6 fetched in 201ms
303 silly pacote tag manifest for @types/from2@ts3.6 fetched in 2158ms
304 silly pacote tag manifest for @types/ini@ts3.6 fetched in 130ms
305 http fetch GET 304 https://registry.npmjs.org/@types%2finternal-slot 122ms (from cache)
306 silly pacote tag manifest for @types/internal-slot@ts3.6 fetched in 127ms
307 http fetch GET 304 https://registry.npmjs.org/@types%2fip 166ms (from cache)
308 silly pacote tag manifest for @types/ip@ts3.6 fetched in 172ms
309 http fetch GET 200 https://registry.npmjs.org/@types%2fis-bigint 143ms
310 silly fetchPackageMetaData error for @types/is-bigint@ts3.6 No matching version found for @types/is-bigint@ts3.6.
311 http fetch GET 304 https://registry.npmjs.org/@types%2ffunctional-red-black-tree 2011ms (from cache)
312 silly pacote tag manifest for @types/functional-red-black-tree@ts3.6 fetched in 2014ms
313 http fetch GET 304 https://registry.npmjs.org/@types%2fis-buffer 103ms (from cache)
314 http fetch GET 304 https://registry.npmjs.org/@types%2fis-arguments 374ms (from cache)
315 silly pacote tag manifest for @types/is-buffer@ts3.6 fetched in 108ms
316 silly pacote tag manifest for @types/is-arguments@ts3.6 fetched in 379ms
317 http fetch GET 304 https://registry.npmjs.org/@types%2fis-callable 132ms (from cache)
318 silly pacote tag manifest for @types/is-callable@ts3.6 fetched in 136ms
319 http fetch GET 304 https://registry.npmjs.org/@types%2fis-core-module 107ms (from cache)
320 http fetch GET 304 https://registry.npmjs.org/@types%2fis-ci 113ms (from cache)
321 silly pacote tag manifest for @types/is-core-module@ts3.6 fetched in 112ms
322 silly pacote tag manifest for @types/is-ci@ts3.6 fetched in 116ms
323 http fetch GET 304 https://registry.npmjs.org/@types%2fis-glob 130ms (from cache)
324 silly pacote tag manifest for @types/is-glob@ts3.6 fetched in 135ms
325 http fetch GET 304 https://registry.npmjs.org/@types%2ficss-utils 1313ms (from cache)
326 silly pacote tag manifest for @types/icss-utils@ts3.6 fetched in 1316ms
327 http fetch GET 304 https://registry.npmjs.org/@types%2fglobalthis 2022ms (from cache)
328 silly pacote tag manifest for @types/globalthis@ts3.6 fetched in 2026ms
329 http fetch GET 304 https://registry.npmjs.org/@types%2fhas 1979ms (from cache)
330 silly pacote tag manifest for @types/has@ts3.6 fetched in 1983ms
331 http fetch GET 304 https://registry.npmjs.org/@types%2fis-number 162ms (from cache)
332 silly pacote tag manifest for @types/is-number@ts3.6 fetched in 164ms
333 http fetch GET 304 https://registry.npmjs.org/@types%2fis-regex 175ms (from cache)
334 silly pacote tag manifest for @types/is-regex@ts3.6 fetched in 178ms
335 http fetch GET 200 https://registry.npmjs.org/@types%2fis-string 173ms
336 silly fetchPackageMetaData error for @types/is-string@ts3.6 No matching version found for @types/is-string@ts3.6.
337 http fetch GET 200 https://registry.npmjs.org/@types%2fis-symbol 129ms
338 silly fetchPackageMetaData error for @types/is-symbol@ts3.6 No matching version found for @types/is-symbol@ts3.6.
339 http fetch GET 304 https://registry.npmjs.org/@types%2fis-typedarray 101ms (from cache)
340 silly pacote tag manifest for @types/is-typedarray@ts3.6 fetched in 108ms
341 http fetch GET 304 https://registry.npmjs.org/@types%2fis-date-object 596ms (from cache)
342 silly pacote tag manifest for @types/is-date-object@ts3.6 fetched in 600ms
343 http fetch GET 304 https://registry.npmjs.org/@types%2fisarray 167ms (from cache)
344 silly pacote tag manifest for @types/isarray@ts3.6 fetched in 174ms
345 http fetch GET 304 https://registry.npmjs.org/@types%2fistanbul-lib-coverage 140ms (from cache)
346 silly pacote tag manifest for @types/istanbul-lib-coverage@ts3.6 fetched in 148ms
347 http fetch GET 304 https://registry.npmjs.org/@types%2fis-map 615ms (from cache)
348 silly registry:manifest no matching version for @types/is-map@ts3.6 in the cache. Forcing revalidation.
349 http fetch GET 304 https://registry.npmjs.org/@types%2fhex-color-regex 2172ms (from cache)
350 silly pacote tag manifest for @types/hex-color-regex@ts3.6 fetched in 2178ms
351 http fetch GET 304 https://registry.npmjs.org/@types%2fistanbul-lib-instrument 73ms (from cache)
352 silly pacote tag manifest for @types/istanbul-lib-instrument@ts3.6 fetched in 78ms
353 http fetch GET 200 https://registry.npmjs.org/@types%2fis-boolean-object 1151ms
354 silly fetchPackageMetaData error for @types/is-boolean-object@ts3.6 No matching version found for @types/is-boolean-object@ts3.6.
355 http fetch GET 304 https://registry.npmjs.org/@types%2fistanbul-lib-report 99ms (from cache)
356 silly pacote tag manifest for @types/istanbul-lib-report@ts3.6 fetched in 101ms
357 http fetch GET 304 https://registry.npmjs.org/@types%2fistanbul-lib-source-maps 103ms (from cache)
358 silly pacote tag manifest for @types/istanbul-lib-source-maps@ts3.6 fetched in 106ms
359 http fetch GET 304 https://registry.npmjs.org/@types%2fistanbul-reports 110ms (from cache)
360 silly pacote tag manifest for @types/istanbul-reports@ts3.6 fetched in 114ms
361 http fetch GET 304 https://registry.npmjs.org/@types%2fjsdom 123ms (from cache)
362 silly pacote tag manifest for @types/jsdom@ts3.6 fetched in 140ms
363 http fetch GET 200 https://registry.npmjs.org/@types%2fget-intrinsic 1878ms
364 silly fetchPackageMetaData error for @types/get-intrinsic@ts3.6 No matching version found for @types/get-intrinsic@ts3.6.
365 http fetch GET 304 https://registry.npmjs.org/@types%2fjs-yaml 187ms (from cache)
366 silly pacote tag manifest for @types/js-yaml@ts3.6 fetched in 193ms
367 http fetch GET 304 https://registry.npmjs.org/@types%2fjsesc 151ms (from cache)
368 silly pacote tag manifest for @types/jsesc@ts3.6 fetched in 158ms
369 http fetch GET 304 https://registry.npmjs.org/@types%2fjson-parse-better-errors 127ms (from cache)
370 silly pacote tag manifest for @types/json-parse-better-errors@ts3.6 fetched in 130ms
371 http fetch GET 304 https://registry.npmjs.org/@types%2fiferr 2043ms (from cache)
372 silly pacote tag manifest for @types/iferr@ts3.6 fetched in 2046ms
373 http fetch GET 304 https://registry.npmjs.org/@types%2fjsonfile 148ms (from cache)
374 silly pacote tag manifest for @types/jsonfile@ts3.6 fetched in 157ms
375 http fetch GET 200 https://registry.npmjs.org/@types%2flanguage-tags 121ms
376 silly fetchPackageMetaData error for @types/language-tags@ts3.6 No matching version found for @types/language-tags@ts3.6.
377 http fetch GET 304 https://registry.npmjs.org/@types%2floader-runner 146ms (from cache)
378 silly pacote tag manifest for @types/loader-runner@ts3.6 fetched in 149ms
379 http fetch GET 200 https://registry.npmjs.org/@types%2fjson-stable-stringify-without-jsonify 644ms
380 silly fetchPackageMetaData error for @types/json-stable-stringify-without-jsonify@ts3.6 No matching version found for @types/json-stable-stringify-without-jsonify@ts3.6.
381 http fetch GET 304 https://registry.npmjs.org/@types%2flodash.template 121ms (from cache)
382 silly pacote tag manifest for @types/lodash.template@ts3.6 fetched in 124ms
383 http fetch GET 200 https://registry.npmjs.org/@types%2fis-map 1241ms
384 silly fetchPackageMetaData error for @types/is-map@ts3.6 No matching version found for @types/is-map@ts3.6.
385 http fetch GET 200 https://registry.npmjs.org/@types%2fis-data-descriptor 2098ms
386 silly fetchPackageMetaData error for @types/is-data-descriptor@ts3.6 No matching version found for @types/is-data-descriptor@ts3.6.
387 http fetch GET 304 https://registry.npmjs.org/@types%2flodash.uniq 86ms (from cache)
388 silly pacote tag manifest for @types/lodash.uniq@ts3.6 fetched in 89ms
389 http fetch GET 304 https://registry.npmjs.org/@types%2flz-string 105ms (from cache)
390 silly pacote tag manifest for @types/lz-string@ts3.6 fetched in 108ms
391 http fetch GET 304 https://registry.npmjs.org/@types%2flodash.truncate 628ms (from cache)
392 silly pacote tag manifest for @types/lodash.truncate@ts3.6 fetched in 634ms
393 http fetch GET 304 https://registry.npmjs.org/@types%2fis-windows 1878ms (from cache)
394 silly pacote tag manifest for @types/is-windows@ts3.6 fetched in 1882ms
395 http fetch GET 304 https://registry.npmjs.org/@types%2flodash.merge 1271ms (from cache)
396 silly pacote tag manifest for @types/lodash.merge@ts3.6 fetched in 1278ms
397 http fetch GET 304 https://registry.npmjs.org/@types%2fisexe 2083ms (from cache)
398 silly pacote tag manifest for @types/isexe@ts3.6 fetched in 2087ms
399 http fetch GET 304 https://registry.npmjs.org/@types%2fkind-of 1872ms (from cache)
400 silly pacote tag manifest for @types/kind-of@ts3.6 fetched in 1887ms
401 http fetch GET 304 https://registry.npmjs.org/@types%2floader-utils 2046ms (from cache)
402 silly pacote tag manifest for @types/loader-utils@ts3.6 fetched in 2054ms
403 http fetch GET 304 https://registry.npmjs.org/@types%2flodash.memoize 2035ms (from cache)
404 silly pacote tag manifest for @types/lodash.memoize@ts3.6 fetched in 2040ms
405 http fetch GET 304 https://registry.npmjs.org/@types%2flodash.debounce 2120ms (from cache)
406 silly pacote tag manifest for @types/lodash.debounce@ts3.6 fetched in 2135ms
407 timing stage:rollbackFailedOptional Completed in 1ms
408 timing stage:runTopLevelLifecycles Completed in 13177ms
409 verbose type tag
410 verbose stack @types/call-bind: No matching version found for @types/call-bind@ts3.6.
410 verbose stack     at pickManifest (/usr/local/lib/node_modules/npm/node_modules/npm-pick-manifest/index.js:122:13)
410 verbose stack     at /usr/local/lib/node_modules/npm/node_modules/pacote/lib/fetchers/registry/manifest.js:43:18
410 verbose stack     at tryCatcher (/usr/local/lib/node_modules/npm/node_modules/bluebird/js/release/util.js:16:23)
410 verbose stack     at Promise._settlePromiseFromHandler (/usr/local/lib/node_modules/npm/node_modules/bluebird/js/release/promise.js:517:31)
410 verbose stack     at Promise._settlePromise (/usr/local/lib/node_modules/npm/node_modules/bluebird/js/release/promise.js:574:18)
410 verbose stack     at Promise._settlePromise0 (/usr/local/lib/node_modules/npm/node_modules/bluebird/js/release/promise.js:619:10)
410 verbose stack     at Promise._settlePromises (/usr/local/lib/node_modules/npm/node_modules/bluebird/js/release/promise.js:699:18)
410 verbose stack     at _drainQueueStep (/usr/local/lib/node_modules/npm/node_modules/bluebird/js/release/async.js:138:12)
410 verbose stack     at _drainQueue (/usr/local/lib/node_modules/npm/node_modules/bluebird/js/release/async.js:131:9)
410 verbose stack     at Async._drainQueues (/usr/local/lib/node_modules/npm/node_modules/bluebird/js/release/async.js:147:5)
410 verbose stack     at Immediate.Async.drainQueues [as _onImmediate] (/usr/local/lib/node_modules/npm/node_modules/bluebird/js/release/async.js:17:14)
410 verbose stack     at processImmediate (internal/timers.js:456:21)
411 verbose cwd /home/theia/.cache/typescript/3.6
412 verbose Linux 5.10.16.3-microsoft-standard-WSL2
413 verbose argv "/usr/local/bin/node" "/usr/local/bin/npm" "install" "--ignore-scripts" "@types/accepts@ts3.6" "@types/argparse@ts3.6" "@types/aria-query@ts3.6" "@types/arr-diff@ts3.6" "@types/arr-union@ts3.6" "@types/array-unique@ts3.6" "@types/array.prototype.flat@ts3.6" "@types/array.prototype.flatmap@ts3.6" "@types/asap@ts3.6" "@types/assert@ts3.6" "@types/async@ts3.6" "@types/atob@ts3.6" "@types/babel-plugin-macros@ts3.6" "@types/babylon@ts3.6" "@types/balanced-match@ts3.6" "@types/big.js@ts3.6" "@types/bluebird@ts3.6" "@types/bn.js@ts3.6" "@types/body-parser@ts3.6" "@types/bonjour@ts3.6" "@types/boolbase@ts3.6" "@types/brace-expansion@ts3.6" "@types/braces@ts3.6" "@types/brorand@ts3.6" "@types/bser@ts3.6" "@types/buffer-from@ts3.6" "@types/buffer-xor@ts3.6" "@types/bytes@ts3.6" "@types/cacache@ts3.6" "@types/call-bind@ts3.6" "@types/caniuse-api@ts3.6" "@types/caniuse-lite@ts3.6" "@types/case-sensitive-paths-webpack-plugin@ts3.6" "@types/check-types@ts3.6" "@types/chownr@ts3.6" "@types/cipher-base@ts3.6" "@types/clean-css@ts3.6" "@types/co@ts3.6" "@types/color@ts3.6" "@types/color-convert@ts3.6" "@types/color-name@ts3.6" "@types/color-string@ts3.6" "@types/combined-stream@ts3.6" "@types/common-tags@ts3.6" "@types/commondir@ts3.6" "@types/component-emitter@ts3.6" "@types/compose-function@ts3.6" "@types/compressible@ts3.6" "@types/compression@ts3.6" "@types/concat-map@ts3.6" "@types/concat-stream@ts3.6" "@types/confusing-browser-globals@ts3.6" "@types/connect-history-api-fallback@ts3.6" "@types/content-disposition@ts3.6" "@types/content-type@ts3.6" "@types/convert-source-map@ts3.6" "@types/cookie@ts3.6" "@types/cookie-signature@ts3.6" "@types/core-js@ts3.6" "@types/create-hash@ts3.6" "@types/create-hmac@ts3.6" "@types/cross-spawn@ts3.6" "@types/css@ts3.6" "@types/css-declaration-sorter@ts3.6" "@types/css-tree@ts3.6" "@types/css.escape@ts3.6" "@types/cssesc@ts3.6" "@types/csso@ts3.6" "@types/cssom@ts3.6" "@types/cssstyle@ts3.6" "@types/damerau-levenshtein@ts3.6" "@types/data-urls@ts3.6" "@types/debug@ts3.6" "@types/decode-uri-component@ts3.6" "@types/dedent@ts3.6" "@types/deep-equal@ts3.6" "@types/default-gateway@ts3.6" "@types/define-properties@ts3.6" "@types/depd@ts3.6" "@types/destroy@ts3.6" "@types/detect-node@ts3.6" "@types/diffie-hellman@ts3.6" "@types/dir-glob@ts3.6" "@types/dns-packet@ts3.6" "@types/dns-txt@ts3.6" "@types/doctrine@ts3.6" "@types/domexception@ts3.6" "@types/domutils@ts3.6" "@types/duplexify@ts3.6" "@types/ee-first@ts3.6" "@types/ejs@ts3.6" "@types/elliptic@ts3.6" "@types/encodeurl@ts3.6" "@types/end-of-stream@ts3.6" "@types/es-abstract@ts3.6" "@types/es-get-iterator@ts3.6" "@types/es-to-primitive@ts3.6" "@types/escape-html@ts3.6" "@types/escodegen@ts3.6" "@types/eslint@ts3.6" "@types/eslint-scope@ts3.6" "@types/eslint-utils@ts3.6" "@types/esprima@ts3.6" "@types/esquery@ts3.6" "@types/estraverse@ts3.6" "@types/esutils@ts3.6" "@types/etag@ts3.6" "@types/events@ts3.6" "@types/eventsource@ts3.6" "@types/exit@ts3.6" "@types/fast-levenshtein@ts3.6" "@types/fb-watchman@ts3.6" "@types/file-entry-cache@ts3.6" "@types/file-loader@ts3.6" "@types/fill-range@ts3.6" "@types/finalhandler@ts3.6" "@types/find-cache-dir@ts3.6" "@types/flat-cache@ts3.6" "@types/flush-write-stream@ts3.6" "@types/follow-redirects@ts3.6" "@types/forwarded@ts3.6" "@types/fresh@ts3.6" "@types/from2@ts3.6" "@types/fs-minipass@ts3.6" "@types/function-bind@ts3.6" "@types/functional-red-black-tree@ts3.6" "@types/gensync@ts3.6" "@types/get-intrinsic@ts3.6" "@types/get-value@ts3.6" "@types/glob@ts3.6" "@types/glob-parent@ts3.6" "@types/global-modules@ts3.6" "@types/global-prefix@ts3.6" "@types/globalthis@ts3.6" "@types/gopd@ts3.6" "@types/graceful-fs@ts3.6" "@types/has@ts3.6" "@types/has-bigints@ts3.6" "@types/has-symbols@ts3.6" "@types/has-values@ts3.6" "@types/he@ts3.6" "@types/hex-color-regex@ts3.6" "@types/hosted-git-info@ts3.6" "@types/html-encoding-sniffer@ts3.6" "@types/html-escaper@ts3.6" "@types/html-minifier-terser@ts3.6" "@types/http-errors@ts3.6" "@types/http-proxy@ts3.6" "@types/icss-utils@ts3.6" "@types/iferr@ts3.6" "@types/import-local@ts3.6" "@types/imurmurhash@ts3.6" "@types/inherits@ts3.6" "@types/ini@ts3.6" "@types/internal-slot@ts3.6" "@types/ip@ts3.6" "@types/is-arguments@ts3.6" "@types/is-bigint@ts3.6" "@types/is-boolean-object@ts3.6" "@types/is-buffer@ts3.6" "@types/is-callable@ts3.6" "@types/is-ci@ts3.6" "@types/is-core-module@ts3.6" "@types/is-data-descriptor@ts3.6" "@types/is-date-object@ts3.6" "@types/is-glob@ts3.6" "@types/is-map@ts3.6" "@types/is-number@ts3.6" "@types/is-regex@ts3.6" "@types/is-string@ts3.6" "@types/is-symbol@ts3.6" "@types/is-typedarray@ts3.6" "@types/is-windows@ts3.6" "@types/isarray@ts3.6" "@types/isexe@ts3.6" "@types/istanbul-lib-coverage@ts3.6" "@types/istanbul-lib-instrument@ts3.6" "@types/istanbul-lib-report@ts3.6" "@types/istanbul-lib-source-maps@ts3.6" "@types/istanbul-reports@ts3.6" "@types/js-yaml@ts3.6" "@types/jsdom@ts3.6" "@types/jsesc@ts3.6" "@types/json-parse-better-errors@ts3.6" "@types/json-stable-stringify-without-jsonify@ts3.6" "@types/jsonfile@ts3.6" "@types/kind-of@ts3.6" "@types/language-tags@ts3.6" "@types/loader-runner@ts3.6" "@types/loader-utils@ts3.6" "@types/lodash.debounce@ts3.6" "@types/lodash.memoize@ts3.6" "@types/lodash.merge@ts3.6" "@types/lodash.template@ts3.6" "@types/lodash.truncate@ts3.6" "@types/lodash.uniq@ts3.6" "@types/lz-string@ts3.6" "--save-dev" "--user-agent=typesInstaller/3.6.3"
414 verbose node v12.18.3
415 verbose npm  v6.14.6
416 error code ETARGET
417 error notarget No matching version found for @types/call-bind@ts3.6.
418 error notarget In most cases you or one of your dependencies are requesting
418 error notarget a package version that doesn't exist.
419 verbose exit [ 1, true ]
