0 info it worked if it ends with ok
1 verbose cli [
1 verbose cli   '/usr/local/bin/node',
1 verbose cli   '/usr/local/bin/npm',
1 verbose cli   'install',
1 verbose cli   '--ignore-scripts',
1 verbose cli   '@types/memory-fs@ts3.6',
1 verbose cli   '@types/memorystream@ts3.6',
1 verbose cli   '@types/merge-descriptors@ts3.6',
1 verbose cli   '@types/merge-stream@ts3.6',
1 verbose cli   '@types/merge2@ts3.6',
1 verbose cli   '@types/methods@ts3.6',
1 verbose cli   '@types/micromatch@ts3.6',
1 verbose cli   '@types/mime@ts3.6',
1 verbose cli   '@types/mime-db@ts3.6',
1 verbose cli   '@types/mime-types@ts3.6',
1 verbose cli   '@types/min-indent@ts3.6',
1 verbose cli   '@types/minimalistic-assert@ts3.6',
1 verbose cli   '@types/minimatch@ts3.6',
1 verbose cli   '@types/minimist@ts3.6',
1 verbose cli   '@types/minizlib@ts3.6',
1 verbose cli   '@types/mkdirp@ts3.6',
1 verbose cli   '@types/move-concurrently@ts3.6',
1 verbose cli   '@types/ms@ts3.6',
1 verbose cli   '@types/multicast-dns@ts3.6',
1 verbose cli   '@types/natural-compare@ts3.6',
1 verbose cli   '@types/negotiator@ts3.6',
1 verbose cli   '@types/next-tick@ts3.6',
1 verbose cli   '@types/nice-try@ts3.6',
1 verbose cli   '@types/node-forge@ts3.6',
1 verbose cli   '@types/node-int64@ts3.6',
1 verbose cli   '@types/node-notifier@ts3.6',
1 verbose cli   '@types/normalize-package-data@ts3.6',
1 verbose cli   '@types/normalize-path@ts3.6',
1 verbose cli   '@types/num2fraction@ts3.6',
1 verbose cli   '@types/nwsapi@ts3.6',
1 verbose cli   '@types/object-assign@ts3.6',
1 verbose cli   '@types/object-inspect@ts3.6',
1 verbose cli   '@types/object-keys@ts3.6',
1 verbose cli   '@types/object.fromentries@ts3.6',
1 verbose cli   '@types/object.getownpropertydescriptors@ts3.6',
1 verbose cli   '@types/object.pick@ts3.6',
1 verbose cli   '@types/on-finished@ts3.6',
1 verbose cli   '@types/on-headers@ts3.6',
1 verbose cli   '@types/once@ts3.6',
1 verbose cli   '@types/optimize-css-assets-webpack-plugin@ts3.6',
1 verbose cli   '@types/original@ts3.6',
1 verbose cli   '@types/pako@ts3.6',
1 verbose cli   '@types/parallel-transform@ts3.6',
1 verbose cli   '@types/parse-json@ts3.6',
1 verbose cli   '@types/parseurl@ts3.6',
1 verbose cli   '@types/pascalcase@ts3.6',
1 verbose cli   '@types/path-browserify@ts3.6',
1 verbose cli   '@types/path-is-absolute@ts3.6',
1 verbose cli   '@types/path-is-inside@ts3.6',
1 verbose cli   '@types/path-parse@ts3.6',
1 verbose cli   '@types/pbkdf2@ts3.6',
1 verbose cli   '@types/picomatch@ts3.6',
1 verbose cli   '@types/pify@ts3.6',
1 verbose cli   '@types/postcss-flexbugs-fixes@ts3.6',
1 verbose cli   '@types/postcss-gap-properties@ts3.6',
1 verbose cli   '@types/postcss-modules-extract-imports@ts3.6',
1 verbose cli   '@types/postcss-modules-local-by-default@ts3.6',
1 verbose cli   '@types/postcss-modules-scope@ts3.6',
1 verbose cli   '@types/postcss-modules-values@ts3.6',
1 verbose cli   '@types/postcss-normalize@ts3.6',
1 verbose cli   '@types/postcss-preset-env@ts3.6',
1 verbose cli   '@types/postcss-safe-parser@ts3.6',
1 verbose cli   '@types/prelude-ls@ts3.6',
1 verbose cli   '@types/prettier-linter-helpers@ts3.6',
1 verbose cli   '@types/progress@ts3.6',
1 verbose cli   '@types/promise-inflight@ts3.6',
1 verbose cli   '@types/prompts@ts3.6',
1 verbose cli   '@types/prop-types@ts3.6',
1 verbose cli   '@types/proxy-addr@ts3.6',
1 verbose cli   '@types/psl@ts3.6',
1 verbose cli   '@types/pump@ts3.6',
1 verbose cli   '@types/pumpify@ts3.6',
1 verbose cli   '@types/punycode@ts3.6',
1 verbose cli   '@types/q@ts3.6',
1 verbose cli   '@types/qs@ts3.6',
1 verbose cli   '@types/querystringify@ts3.6',
1 verbose cli   '@types/raf@ts3.6',
1 verbose cli   '@types/randombytes@ts3.6',
1 verbose cli   '@types/range-parser@ts3.6',
1 verbose cli   '@types/react-dev-utils@ts3.6',
1 verbose cli   '@types/react-is@ts3.6',
1 verbose cli   '@types/react-refresh@ts3.6',
1 verbose cli   '@types/readable-stream@ts3.6',
1 verbose cli   '@types/recursive-readdir@ts3.6',
1 verbose cli   '@types/regenerate@ts3.6',
1 verbose cli   '@types/regenerator-runtime@ts3.6',
1 verbose cli   '@types/regex-not@ts3.6',
1 verbose cli   '@types/relateurl@ts3.6',
1 verbose cli   '@types/repeat-element@ts3.6',
1 verbose cli   '@types/repeat-string@ts3.6',
1 verbose cli   '@types/require-directory@ts3.6',
1 verbose cli   '@types/require-from-string@ts3.6',
1 verbose cli   '@types/requires-port@ts3.6',
1 verbose cli   '@types/resolve@ts3.6',
1 verbose cli   '@types/retry@ts3.6',
1 verbose cli   '@types/rimraf@ts3.6',
1 verbose cli   ... 101 more items
1 verbose cli ]
2 info using npm@6.14.6
3 info using node@v12.18.3
4 verbose npm-session dc5c823b0e21705f
5 silly install loadCurrentTree
6 silly install readLocalPackageData
7 http fetch GET 304 https://registry.npmjs.org/@types%2fmemorystream 456ms (from cache)
8 silly pacote tag manifest for @types/memorystream@ts3.6 fetched in 462ms
9 http fetch GET 304 https://registry.npmjs.org/@types%2fmemory-fs 472ms (from cache)
10 silly pacote tag manifest for @types/memory-fs@ts3.6 fetched in 487ms
11 http fetch GET 304 https://registry.npmjs.org/@types%2fmime 476ms (from cache)
12 silly pacote tag manifest for @types/mime@ts3.6 fetched in 481ms
13 http fetch GET 304 https://registry.npmjs.org/@types%2fminimalistic-assert 103ms (from cache)
14 silly pacote tag manifest for @types/minimalistic-assert@ts3.6 fetched in 117ms
15 http fetch GET 304 https://registry.npmjs.org/@types%2fmerge-stream 637ms (from cache)
16 silly pacote tag manifest for @types/merge-stream@ts3.6 fetched in 643ms
17 http fetch GET 304 https://registry.npmjs.org/@types%2fminimatch 153ms (from cache)
18 silly pacote tag manifest for @types/minimatch@ts3.6 fetched in 165ms
19 http fetch GET 304 https://registry.npmjs.org/@types%2fmethods 664ms (from cache)
20 http fetch GET 304 https://registry.npmjs.org/@types%2fmime-db 663ms (from cache)
21 silly pacote tag manifest for @types/methods@ts3.6 fetched in 670ms
22 silly pacote tag manifest for @types/mime-db@ts3.6 fetched in 672ms
23 http fetch GET 304 https://registry.npmjs.org/@types%2fminimist 130ms (from cache)
24 silly pacote tag manifest for @types/minimist@ts3.6 fetched in 133ms
25 http fetch GET 304 https://registry.npmjs.org/@types%2fmkdirp 93ms (from cache)
26 silly pacote tag manifest for @types/mkdirp@ts3.6 fetched in 96ms
27 http fetch GET 304 https://registry.npmjs.org/@types%2fmove-concurrently 140ms (from cache)
28 silly pacote tag manifest for @types/move-concurrently@ts3.6 fetched in 147ms
29 http fetch GET 304 https://registry.npmjs.org/@types%2fms 142ms (from cache)
30 silly pacote tag manifest for @types/ms@ts3.6 fetched in 154ms
31 http fetch GET 304 https://registry.npmjs.org/@types%2fmime-types 829ms (from cache)
32 silly pacote tag manifest for @types/mime-types@ts3.6 fetched in 842ms
33 http fetch GET 304 https://registry.npmjs.org/@types%2fmulticast-dns 142ms (from cache)
34 silly pacote tag manifest for @types/multicast-dns@ts3.6 fetched in 150ms
35 http fetch GET 304 https://registry.npmjs.org/@types%2fmerge2 889ms (from cache)
36 silly pacote tag manifest for @types/merge2@ts3.6 fetched in 892ms
37 http fetch GET 304 https://registry.npmjs.org/@types%2fnode-int64 72ms (from cache)
38 silly pacote tag manifest for @types/node-int64@ts3.6 fetched in 74ms
39 http fetch GET 304 https://registry.npmjs.org/@types%2fnode-notifier 81ms (from cache)
40 silly pacote tag manifest for @types/node-notifier@ts3.6 fetched in 84ms
41 http fetch GET 304 https://registry.npmjs.org/@types%2fnormalize-package-data 75ms (from cache)
42 silly pacote tag manifest for @types/normalize-package-data@ts3.6 fetched in 78ms
43 http fetch GET 304 https://registry.npmjs.org/@types%2fnormalize-path 98ms (from cache)
44 silly pacote tag manifest for @types/normalize-path@ts3.6 fetched in 99ms
45 http fetch GET 304 https://registry.npmjs.org/@types%2fnum2fraction 85ms (from cache)
46 silly pacote tag manifest for @types/num2fraction@ts3.6 fetched in 87ms
47 http fetch GET 304 https://registry.npmjs.org/@types%2fmicromatch 1689ms (from cache)
48 silly pacote tag manifest for @types/micromatch@ts3.6 fetched in 1692ms
49 http fetch GET 304 https://registry.npmjs.org/@types%2fobject-assign 97ms (from cache)
50 silly pacote tag manifest for @types/object-assign@ts3.6 fetched in 104ms
51 http fetch GET 304 https://registry.npmjs.org/@types%2fnwsapi 580ms (from cache)
52 silly pacote tag manifest for @types/nwsapi@ts3.6 fetched in 583ms
53 http fetch GET 304 https://registry.npmjs.org/@types%2fobject-keys 110ms (from cache)
54 silly pacote tag manifest for @types/object-keys@ts3.6 fetched in 113ms
55 http fetch GET 304 https://registry.npmjs.org/@types%2fnext-tick 1377ms (from cache)
56 silly pacote tag manifest for @types/next-tick@ts3.6 fetched in 1395ms
57 http fetch GET 304 https://registry.npmjs.org/@types%2fmerge-descriptors 2364ms (from cache)
58 silly pacote tag manifest for @types/merge-descriptors@ts3.6 fetched in 2366ms
59 http fetch GET 304 https://registry.npmjs.org/@types%2fobject.pick 92ms (from cache)
60 silly pacote tag manifest for @types/object.pick@ts3.6 fetched in 94ms
61 http fetch GET 304 https://registry.npmjs.org/@types%2fmin-indent 2035ms (from cache)
62 silly pacote tag manifest for @types/min-indent@ts3.6 fetched in 2041ms
63 http fetch GET 304 https://registry.npmjs.org/@types%2fobject.fromentries 552ms (from cache)
64 silly pacote tag manifest for @types/object.fromentries@ts3.6 fetched in 555ms
65 http fetch GET 304 https://registry.npmjs.org/@types%2fminizlib 2045ms (from cache)
66 silly pacote tag manifest for @types/minizlib@ts3.6 fetched in 2047ms
67 http fetch GET 304 https://registry.npmjs.org/@types%2fnatural-compare 2073ms (from cache)
68 silly pacote tag manifest for @types/natural-compare@ts3.6 fetched in 2081ms
69 http fetch GET 304 https://registry.npmjs.org/@types%2foptimize-css-assets-webpack-plugin 148ms (from cache)
70 silly pacote tag manifest for @types/optimize-css-assets-webpack-plugin@ts3.6 fetched in 150ms
71 http fetch GET 304 https://registry.npmjs.org/@types%2fnice-try 2031ms (from cache)
72 silly pacote tag manifest for @types/nice-try@ts3.6 fetched in 2040ms
73 http fetch GET 304 https://registry.npmjs.org/@types%2fnegotiator 2109ms (from cache)
74 silly pacote tag manifest for @types/negotiator@ts3.6 fetched in 2112ms
75 http fetch GET 304 https://registry.npmjs.org/@types%2fnode-forge 2073ms (from cache)
76 http fetch GET 304 https://registry.npmjs.org/@types%2fpako 109ms (from cache)
77 silly pacote tag manifest for @types/node-forge@ts3.6 fetched in 2077ms
78 silly pacote tag manifest for @types/pako@ts3.6 fetched in 114ms
79 http fetch GET 304 https://registry.npmjs.org/@types%2fparse-json 131ms (from cache)
80 silly pacote tag manifest for @types/parse-json@ts3.6 fetched in 134ms
81 http fetch GET 304 https://registry.npmjs.org/@types%2fpascalcase 121ms (from cache)
82 silly pacote tag manifest for @types/pascalcase@ts3.6 fetched in 125ms
83 http fetch GET 200 https://registry.npmjs.org/@types%2fpath-browserify 86ms
84 silly fetchPackageMetaData error for @types/path-browserify@ts3.6 No matching version found for @types/path-browserify@ts3.6.
85 http fetch GET 304 https://registry.npmjs.org/@types%2fonce 585ms (from cache)
86 silly pacote tag manifest for @types/once@ts3.6 fetched in 590ms
87 http fetch GET 304 https://registry.npmjs.org/@types%2fpath-is-absolute 252ms (from cache)
88 silly pacote tag manifest for @types/path-is-absolute@ts3.6 fetched in 254ms
89 http fetch GET 304 https://registry.npmjs.org/@types%2fpath-parse 240ms (from cache)
90 silly pacote tag manifest for @types/path-parse@ts3.6 fetched in 242ms
91 http fetch GET 304 https://registry.npmjs.org/@types%2fpbkdf2 102ms (from cache)
92 silly pacote tag manifest for @types/pbkdf2@ts3.6 fetched in 103ms
93 http fetch GET 304 https://registry.npmjs.org/@types%2fpicomatch 96ms (from cache)
94 silly pacote tag manifest for @types/picomatch@ts3.6 fetched in 97ms
95 http fetch GET 304 https://registry.npmjs.org/@types%2fpify 96ms (from cache)
96 silly pacote tag manifest for @types/pify@ts3.6 fetched in 98ms
97 http fetch GET 304 https://registry.npmjs.org/@types%2fpath-is-inside 557ms (from cache)
98 silly pacote tag manifest for @types/path-is-inside@ts3.6 fetched in 559ms
99 http fetch GET 304 https://registry.npmjs.org/@types%2fon-headers 1476ms (from cache)
100 silly pacote tag manifest for @types/on-headers@ts3.6 fetched in 1484ms
101 http fetch GET 304 https://registry.npmjs.org/@types%2fobject-inspect 2182ms (from cache)
102 silly pacote tag manifest for @types/object-inspect@ts3.6 fetched in 2188ms
103 http fetch GET 304 https://registry.npmjs.org/@types%2fpostcss-modules-local-by-default 325ms (from cache)
104 http fetch GET 304 https://registry.npmjs.org/@types%2fobject.getownpropertydescriptors 2076ms (from cache)
105 http fetch GET 304 https://registry.npmjs.org/@types%2fpostcss-modules-extract-imports 596ms (from cache)
106 silly pacote tag manifest for @types/postcss-modules-local-by-default@ts3.6 fetched in 329ms
107 silly pacote tag manifest for @types/object.getownpropertydescriptors@ts3.6 fetched in 2082ms
108 silly pacote tag manifest for @types/postcss-modules-extract-imports@ts3.6 fetched in 601ms
109 http fetch GET 200 https://registry.npmjs.org/@types%2fpostcss-preset-env 89ms
110 silly fetchPackageMetaData error for @types/postcss-preset-env@ts3.6 No matching version found for @types/postcss-preset-env@ts3.6.
111 http fetch GET 304 https://registry.npmjs.org/@types%2fpostcss-normalize 147ms (from cache)
112 http fetch GET 304 https://registry.npmjs.org/@types%2fpostcss-modules-scope 466ms (from cache)
113 silly pacote tag manifest for @types/postcss-normalize@ts3.6 fetched in 149ms
114 silly pacote tag manifest for @types/postcss-modules-scope@ts3.6 fetched in 469ms
115 http fetch GET 304 https://registry.npmjs.org/@types%2fpostcss-safe-parser 101ms (from cache)
116 silly pacote tag manifest for @types/postcss-safe-parser@ts3.6 fetched in 103ms
117 http fetch GET 304 https://registry.npmjs.org/@types%2fon-finished 2060ms (from cache)
118 silly pacote tag manifest for @types/on-finished@ts3.6 fetched in 2063ms
119 http fetch GET 304 https://registry.npmjs.org/@types%2fpostcss-modules-values 316ms (from cache)
120 http fetch GET 304 https://registry.npmjs.org/@types%2fprogress 119ms (from cache)
121 silly pacote tag manifest for @types/postcss-modules-values@ts3.6 fetched in 319ms
122 silly pacote tag manifest for @types/progress@ts3.6 fetched in 124ms
123 http fetch GET 304 https://registry.npmjs.org/@types%2fpromise-inflight 153ms (from cache)
124 silly pacote tag manifest for @types/promise-inflight@ts3.6 fetched in 162ms
125 http fetch GET 304 https://registry.npmjs.org/@types%2fprop-types 111ms (from cache)
126 silly pacote tag manifest for @types/prop-types@ts3.6 fetched in 113ms
127 http fetch GET 304 https://registry.npmjs.org/@types%2fpsl 154ms (from cache)
128 silly pacote tag manifest for @types/psl@ts3.6 fetched in 161ms
129 http fetch GET 304 https://registry.npmjs.org/@types%2fprompts 290ms (from cache)
130 silly pacote tag manifest for @types/prompts@ts3.6 fetched in 296ms
131 http fetch GET 304 https://registry.npmjs.org/@types%2foriginal 2106ms (from cache)
132 silly pacote tag manifest for @types/original@ts3.6 fetched in 2111ms
133 http fetch GET 304 https://registry.npmjs.org/@types%2fpostcss-gap-properties 1447ms (from cache)
134 http fetch GET 304 https://registry.npmjs.org/@types%2fparallel-transform 2095ms (from cache)
135 silly pacote tag manifest for @types/postcss-gap-properties@ts3.6 fetched in 1453ms
136 silly pacote tag manifest for @types/parallel-transform@ts3.6 fetched in 2099ms
137 http fetch GET 304 https://registry.npmjs.org/@types%2fparseurl 2063ms (from cache)
138 silly pacote tag manifest for @types/parseurl@ts3.6 fetched in 2070ms
139 http fetch GET 304 https://registry.npmjs.org/@types%2fpump 135ms (from cache)
140 silly pacote tag manifest for @types/pump@ts3.6 fetched in 136ms
141 http fetch GET 304 https://registry.npmjs.org/@types%2fpunycode 190ms (from cache)
142 silly pacote tag manifest for @types/punycode@ts3.6 fetched in 200ms
143 http fetch GET 304 https://registry.npmjs.org/@types%2fq 164ms (from cache)
144 silly pacote tag manifest for @types/q@ts3.6 fetched in 167ms
145 http fetch GET 304 https://registry.npmjs.org/@types%2fqs 341ms (from cache)
146 silly pacote tag manifest for @types/qs@ts3.6 fetched in 344ms
147 http fetch GET 304 https://registry.npmjs.org/@types%2frange-parser 187ms (from cache)
148 silly pacote tag manifest for @types/range-parser@ts3.6 fetched in 190ms
149 http fetch GET 304 https://registry.npmjs.org/@types%2frandombytes 252ms (from cache)
150 silly pacote tag manifest for @types/randombytes@ts3.6 fetched in 254ms
151 http fetch GET 304 https://registry.npmjs.org/@types%2fpumpify 2120ms (from cache)
152 http fetch GET 304 https://registry.npmjs.org/@types%2fprelude-ls 2586ms (from cache)
153 http fetch GET 304 https://registry.npmjs.org/@types%2fproxy-addr 2371ms (from cache)
154 http fetch GET 304 https://registry.npmjs.org/@types%2fprettier-linter-helpers 2587ms (from cache)
155 silly pacote tag manifest for @types/pumpify@ts3.6 fetched in 2124ms
156 silly pacote tag manifest for @types/prelude-ls@ts3.6 fetched in 2590ms
157 silly pacote tag manifest for @types/proxy-addr@ts3.6 fetched in 2380ms
158 silly pacote tag manifest for @types/prettier-linter-helpers@ts3.6 fetched in 2602ms
159 http fetch GET 304 https://registry.npmjs.org/@types%2fquerystringify 2101ms (from cache)
160 silly pacote tag manifest for @types/querystringify@ts3.6 fetched in 2106ms
161 http fetch GET 304 https://registry.npmjs.org/@types%2freadable-stream 126ms (from cache)
162 http fetch GET 304 https://registry.npmjs.org/@types%2frecursive-readdir 127ms (from cache)
163 silly pacote tag manifest for @types/readable-stream@ts3.6 fetched in 130ms
164 silly pacote tag manifest for @types/recursive-readdir@ts3.6 fetched in 133ms
165 http fetch GET 200 https://registry.npmjs.org/@types%2fregex-not 118ms
166 silly fetchPackageMetaData error for @types/regex-not@ts3.6 No matching version found for @types/regex-not@ts3.6.
167 http fetch GET 304 https://registry.npmjs.org/@types%2frepeat-element 93ms (from cache)
168 silly pacote tag manifest for @types/repeat-element@ts3.6 fetched in 95ms
169 http fetch GET 304 https://registry.npmjs.org/@types%2frelateurl 110ms (from cache)
170 silly pacote tag manifest for @types/relateurl@ts3.6 fetched in 113ms
171 http fetch GET 304 https://registry.npmjs.org/@types%2frequire-directory 84ms (from cache)
172 silly pacote tag manifest for @types/require-directory@ts3.6 fetched in 85ms
173 http fetch GET 200 https://registry.npmjs.org/@types%2freact-refresh 2089ms
174 silly fetchPackageMetaData error for @types/react-refresh@ts3.6 No matching version found for @types/react-refresh@ts3.6.
175 http fetch GET 304 https://registry.npmjs.org/@types%2fpostcss-flexbugs-fixes 4116ms (from cache)
176 silly pacote tag manifest for @types/postcss-flexbugs-fixes@ts3.6 fetched in 4127ms
177 http fetch GET 304 https://registry.npmjs.org/@types%2fresolve 152ms (from cache)
178 http fetch GET 304 https://registry.npmjs.org/@types%2freact-is 2298ms (from cache)
179 silly pacote tag manifest for @types/react-is@ts3.6 fetched in 2303ms
180 silly pacote tag manifest for @types/resolve@ts3.6 fetched in 160ms
181 http fetch GET 304 https://registry.npmjs.org/@types%2freact-dev-utils 2364ms (from cache)
182 silly pacote tag manifest for @types/react-dev-utils@ts3.6 fetched in 2366ms
183 http fetch GET 304 https://registry.npmjs.org/@types%2fretry 138ms (from cache)
184 http fetch GET 304 https://registry.npmjs.org/@types%2fraf 2727ms (from cache)
185 silly pacote tag manifest for @types/retry@ts3.6 fetched in 151ms
186 silly pacote tag manifest for @types/raf@ts3.6 fetched in 2740ms
187 http fetch GET 304 https://registry.npmjs.org/@types%2frimraf 171ms (from cache)
188 http fetch GET 304 https://registry.npmjs.org/@types%2fripemd160 169ms (from cache)
189 silly pacote tag manifest for @types/rimraf@ts3.6 fetched in 176ms
190 silly pacote tag manifest for @types/ripemd160@ts3.6 fetched in 176ms
191 http fetch GET 304 https://registry.npmjs.org/@types%2fsane 81ms (from cache)
192 silly pacote tag manifest for @types/sane@ts3.6 fetched in 83ms
193 http fetch GET 304 https://registry.npmjs.org/@types%2frun-parallel 162ms (from cache)
194 silly pacote tag manifest for @types/run-parallel@ts3.6 fetched in 164ms
195 http fetch GET 304 https://registry.npmjs.org/@types%2fsass-loader 226ms (from cache)
196 silly pacote tag manifest for @types/sass-loader@ts3.6 fetched in 229ms
197 http fetch GET 304 https://registry.npmjs.org/@types%2fregenerator-runtime 1140ms (from cache)
198 silly pacote tag manifest for @types/regenerator-runtime@ts3.6 fetched in 1143ms
199 http fetch GET 304 https://registry.npmjs.org/@types%2fscheduler 99ms (from cache)
200 silly pacote tag manifest for @types/scheduler@ts3.6 fetched in 101ms
201 http fetch GET 304 https://registry.npmjs.org/@types%2fsafer-buffer 444ms (from cache)
202 silly pacote tag manifest for @types/safer-buffer@ts3.6 fetched in 448ms
203 http fetch GET 304 https://registry.npmjs.org/@types%2fsemver 89ms (from cache)
204 silly pacote tag manifest for @types/semver@ts3.6 fetched in 91ms
205 http fetch GET 304 https://registry.npmjs.org/@types%2frepeat-string 1097ms (from cache)
206 silly pacote tag manifest for @types/repeat-string@ts3.6 fetched in 1100ms
207 http fetch GET 304 https://registry.npmjs.org/@types%2fserialize-javascript 117ms (from cache)
208 silly pacote tag manifest for @types/serialize-javascript@ts3.6 fetched in 119ms
209 http fetch GET 304 https://registry.npmjs.org/@types%2fsax 567ms (from cache)
210 silly pacote tag manifest for @types/sax@ts3.6 fetched in 569ms
211 http fetch GET 304 https://registry.npmjs.org/@types%2fsemver-compare 269ms (from cache)
212 silly pacote tag manifest for @types/semver-compare@ts3.6 fetched in 271ms
213 http fetch GET 304 https://registry.npmjs.org/@types%2fserve-index 114ms (from cache)
214 silly pacote tag manifest for @types/serve-index@ts3.6 fetched in 117ms
215 http fetch GET 304 https://registry.npmjs.org/@types%2fserve-static 103ms (from cache)
216 silly pacote tag manifest for @types/serve-static@ts3.6 fetched in 105ms
217 http fetch GET 200 https://registry.npmjs.org/@types%2fset-blocking 89ms
218 silly fetchPackageMetaData error for @types/set-blocking@ts3.6 No matching version found for @types/set-blocking@ts3.6.
219 http fetch GET 304 https://registry.npmjs.org/@types%2fset-value 79ms (from cache)
220 silly pacote tag manifest for @types/set-value@ts3.6 fetched in 81ms
221 http fetch GET 200 https://registry.npmjs.org/@types%2fregenerate 2070ms
222 silly fetchPackageMetaData error for @types/regenerate@ts3.6 No matching version found for @types/regenerate@ts3.6.
223 http fetch GET 304 https://registry.npmjs.org/@types%2frequire-from-string 2006ms (from cache)
224 silly pacote tag manifest for @types/require-from-string@ts3.6 fetched in 2009ms
225 http fetch GET 304 https://registry.npmjs.org/@types%2fsignal-exit 102ms (from cache)
226 silly pacote tag manifest for @types/signal-exit@ts3.6 fetched in 105ms
227 http fetch GET 304 https://registry.npmjs.org/@types%2frequires-port 2122ms (from cache)
228 silly pacote tag manifest for @types/requires-port@ts3.6 fetched in 2124ms
229 http fetch GET 200 https://registry.npmjs.org/@types%2fsimple-swizzle 84ms
230 silly fetchPackageMetaData error for @types/simple-swizzle@ts3.6 No matching version found for @types/simple-swizzle@ts3.6.
231 http fetch GET 304 https://registry.npmjs.org/@types%2fsockjs 92ms (from cache)
232 silly pacote tag manifest for @types/sockjs@ts3.6 fetched in 96ms
233 http fetch GET 304 https://registry.npmjs.org/@types%2frsvp 2143ms (from cache)
234 silly pacote tag manifest for @types/rsvp@ts3.6 fetched in 2145ms
235 http fetch GET 304 https://registry.npmjs.org/@types%2fsockjs-client 249ms (from cache)
236 silly pacote tag manifest for @types/sockjs-client@ts3.6 fetched in 256ms
237 http fetch GET 304 https://registry.npmjs.org/@types%2fsetimmediate 1249ms (from cache)
238 silly pacote tag manifest for @types/setimmediate@ts3.6 fetched in 1252ms
239 http fetch GET 304 https://registry.npmjs.org/@types%2fsafe-regex 2110ms (from cache)
240 silly pacote tag manifest for @types/safe-regex@ts3.6 fetched in 2112ms
241 http fetch GET 304 https://registry.npmjs.org/@types%2fspdx-correct 69ms (from cache)
242 silly pacote tag manifest for @types/spdx-correct@ts3.6 fetched in 70ms
243 http fetch GET 304 https://registry.npmjs.org/@types%2fsource-list-map 118ms (from cache)
244 silly pacote tag manifest for @types/source-list-map@ts3.6 fetched in 120ms
245 http fetch GET 304 https://registry.npmjs.org/@types%2fsprintf 105ms (from cache)
246 silly pacote tag manifest for @types/sprintf@ts3.6 fetched in 107ms
247 http fetch GET 304 https://registry.npmjs.org/@types%2fshebang-command 1432ms (from cache)
248 silly pacote tag manifest for @types/shebang-command@ts3.6 fetched in 1435ms
249 http fetch GET 200 https://registry.npmjs.org/@types%2fselfsigned 2021ms
250 silly fetchPackageMetaData error for @types/selfsigned@ts3.6 No matching version found for @types/selfsigned@ts3.6.
251 http fetch GET 304 https://registry.npmjs.org/@types%2fstack-utils 114ms (from cache)
252 silly pacote tag manifest for @types/stack-utils@ts3.6 fetched in 117ms
253 http fetch GET 304 https://registry.npmjs.org/@types%2fsend 2067ms (from cache)
254 silly pacote tag manifest for @types/send@ts3.6 fetched in 2070ms
255 http fetch GET 304 https://registry.npmjs.org/@types%2fstream-each 96ms (from cache)
256 silly pacote tag manifest for @types/stream-each@ts3.6 fetched in 98ms
257 http fetch GET 304 https://registry.npmjs.org/@types%2fstream-shift 89ms (from cache)
258 silly pacote tag manifest for @types/stream-shift@ts3.6 fetched in 94ms
259 http fetch GET 304 https://registry.npmjs.org/@types%2fstatuses 308ms (from cache)
260 http fetch GET 304 https://registry.npmjs.org/@types%2fsha.js 2027ms (from cache)
261 silly pacote tag manifest for @types/statuses@ts3.6 fetched in 311ms
262 silly pacote tag manifest for @types/sha.js@ts3.6 fetched in 2033ms
263 http fetch GET 304 https://registry.npmjs.org/@types%2fspdy 1028ms (from cache)
264 silly pacote tag manifest for @types/spdy@ts3.6 fetched in 1030ms
265 http fetch GET 304 https://registry.npmjs.org/@types%2fstringify-object 95ms (from cache)
266 silly pacote tag manifest for @types/stringify-object@ts3.6 fetched in 97ms
267 http fetch GET 304 https://registry.npmjs.org/@types%2fstrip-comments 87ms (from cache)
268 silly pacote tag manifest for @types/strip-comments@ts3.6 fetched in 90ms
269 http fetch GET 304 https://registry.npmjs.org/@types%2fshell-quote 2051ms (from cache)
270 silly pacote tag manifest for @types/shell-quote@ts3.6 fetched in 2053ms
271 http fetch GET 304 https://registry.npmjs.org/@types%2fstrip-final-newline 80ms (from cache)
272 silly pacote tag manifest for @types/strip-final-newline@ts3.6 fetched in 82ms
273 http fetch GET 304 https://registry.npmjs.org/@types%2fslice-ansi 2019ms (from cache)
274 silly pacote tag manifest for @types/slice-ansi@ts3.6 fetched in 2022ms
275 http fetch GET 304 https://registry.npmjs.org/@types%2fsymbol-tree 85ms (from cache)
276 silly pacote tag manifest for @types/symbol-tree@ts3.6 fetched in 87ms
277 http fetch GET 304 https://registry.npmjs.org/@types%2ftapable 94ms (from cache)
278 silly pacote tag manifest for @types/tapable@ts3.6 fetched in 95ms
279 http fetch GET 304 https://registry.npmjs.org/@types%2fsource-map-support 2714ms (from cache)
280 silly pacote tag manifest for @types/source-map-support@ts3.6 fetched in 2731ms
281 http fetch GET 304 https://registry.npmjs.org/@types%2fsvg-parser 1526ms (from cache)
282 http fetch GET 304 https://registry.npmjs.org/@types%2fsprintf-js 2698ms (from cache)
283 http fetch GET 304 https://registry.npmjs.org/@types%2fssri 2677ms (from cache)
284 http fetch GET 304 https://registry.npmjs.org/@types%2fspdx-expression-parse 2879ms (from cache)
285 http fetch GET 304 https://registry.npmjs.org/@types%2fstrict-uri-encode 2186ms (from cache)
286 silly pacote tag manifest for @types/svg-parser@ts3.6 fetched in 1539ms
287 silly pacote tag manifest for @types/sprintf-js@ts3.6 fetched in 2711ms
288 silly pacote tag manifest for @types/ssri@ts3.6 fetched in 2687ms
289 silly pacote tag manifest for @types/spdx-expression-parse@ts3.6 fetched in 2893ms
290 silly pacote tag manifest for @types/strict-uri-encode@ts3.6 fetched in 2202ms
291 http fetch GET 304 https://registry.npmjs.org/@types%2ftext-table 324ms (from cache)
292 http fetch GET 304 https://registry.npmjs.org/@types%2fstring.prototype.matchall 2240ms (from cache)
293 http fetch GET 304 https://registry.npmjs.org/@types%2fstring-natural-compare 2249ms (from cache)
294 http fetch GET 304 https://registry.npmjs.org/@types%2ftar 1214ms (from cache)
295 silly pacote tag manifest for @types/text-table@ts3.6 fetched in 329ms
296 silly pacote tag manifest for @types/string.prototype.matchall@ts3.6 fetched in 2245ms
297 silly pacote tag manifest for @types/string-natural-compare@ts3.6 fetched in 2256ms
298 silly pacote tag manifest for @types/tar@ts3.6 fetched in 1227ms
299 http fetch GET 200 https://registry.npmjs.org/@types%2ftmpl 169ms
300 silly fetchPackageMetaData error for @types/tmpl@ts3.6 No matching version found for @types/tmpl@ts3.6.
301 http fetch GET 304 https://registry.npmjs.org/@types%2fthrough2 188ms (from cache)
302 silly pacote tag manifest for @types/through2@ts3.6 fetched in 194ms
303 http fetch GET 304 https://registry.npmjs.org/@types%2fthrough 199ms (from cache)
304 silly pacote tag manifest for @types/through@ts3.6 fetched in 204ms
305 http fetch GET 304 https://registry.npmjs.org/@types%2ftoidentifier 108ms (from cache)
306 silly registry:manifest no matching version for @types/toidentifier@ts3.6 in the cache. Forcing revalidation.
307 http fetch GET 304 https://registry.npmjs.org/@types%2ftough-cookie 104ms (from cache)
308 silly pacote tag manifest for @types/tough-cookie@ts3.6 fetched in 112ms
309 http fetch GET 304 https://registry.npmjs.org/@types%2ftryer 85ms (from cache)
310 silly pacote tag manifest for @types/tryer@ts3.6 fetched in 88ms
311 http fetch GET 200 https://registry.npmjs.org/@types%2ftr46 109ms
312 silly fetchPackageMetaData error for @types/tr46@ts3.6 No matching version found for @types/tr46@ts3.6.
313 http fetch GET 304 https://registry.npmjs.org/@types%2fthunky 321ms (from cache)
314 silly pacote tag manifest for @types/thunky@ts3.6 fetched in 322ms
315 http fetch GET 200 https://registry.npmjs.org/@types%2ftoidentifier 149ms
316 silly fetchPackageMetaData error for @types/toidentifier@ts3.6 No matching version found for @types/toidentifier@ts3.6.
317 http fetch GET 200 https://registry.npmjs.org/@types%2funbox-primitive 87ms
318 silly fetchPackageMetaData error for @types/unbox-primitive@ts3.6 No matching version found for @types/unbox-primitive@ts3.6.
319 http fetch GET 304 https://registry.npmjs.org/@types%2ftype-is 129ms (from cache)
320 silly pacote tag manifest for @types/type-is@ts3.6 fetched in 132ms
321 http fetch GET 304 https://registry.npmjs.org/@types%2fsupports-color 2063ms (from cache)
322 silly pacote tag manifest for @types/supports-color@ts3.6 fetched in 2064ms
323 http fetch GET 304 https://registry.npmjs.org/@types%2funiq 107ms (from cache)
324 http fetch GET 304 https://registry.npmjs.org/@types%2furix 93ms (from cache)
325 silly pacote tag manifest for @types/uniq@ts3.6 fetched in 109ms
326 http fetch GET 304 https://registry.npmjs.org/@types%2funiversalify 98ms (from cache)
327 silly pacote tag manifest for @types/urix@ts3.6 fetched in 97ms
328 silly pacote tag manifest for @types/universalify@ts3.6 fetched in 102ms
329 http fetch GET 304 https://registry.npmjs.org/@types%2futil-deprecate 87ms (from cache)
330 silly pacote tag manifest for @types/util-deprecate@ts3.6 fetched in 90ms
331 http fetch GET 304 https://registry.npmjs.org/@types%2fuuid 91ms (from cache)
332 silly pacote tag manifest for @types/uuid@ts3.6 fetched in 95ms
333 http fetch GET 304 https://registry.npmjs.org/@types%2furl-parse 245ms (from cache)
334 silly pacote tag manifest for @types/url-parse@ts3.6 fetched in 247ms
335 http fetch GET 304 https://registry.npmjs.org/@types%2futil.promisify 273ms (from cache)
336 silly pacote tag manifest for @types/util.promisify@ts3.6 fetched in 276ms
337 http fetch GET 304 https://registry.npmjs.org/@types%2fvary 80ms (from cache)
338 silly pacote tag manifest for @types/vary@ts3.6 fetched in 83ms
339 http fetch GET 304 https://registry.npmjs.org/@types%2fw3c-hr-time 78ms (from cache)
340 silly pacote tag manifest for @types/w3c-hr-time@ts3.6 fetched in 82ms
341 http fetch GET 304 https://registry.npmjs.org/@types%2futils-merge 548ms (from cache)
342 silly pacote tag manifest for @types/utils-merge@ts3.6 fetched in 550ms
343 http fetch GET 304 https://registry.npmjs.org/@types%2fwebidl-conversions 85ms (from cache)
344 silly pacote tag manifest for @types/webidl-conversions@ts3.6 fetched in 87ms
345 http fetch GET 200 https://registry.npmjs.org/@types%2fto-regex-range 1064ms
346 silly fetchPackageMetaData error for @types/to-regex-range@ts3.6 No matching version found for @types/to-regex-range@ts3.6.
347 http fetch GET 304 https://registry.npmjs.org/@types%2fwebpack-manifest-plugin 85ms (from cache)
348 silly pacote tag manifest for @types/webpack-manifest-plugin@ts3.6 fetched in 87ms
349 http fetch GET 304 https://registry.npmjs.org/@types%2ftype-check 1133ms (from cache)
350 silly pacote tag manifest for @types/type-check@ts3.6 fetched in 1137ms
351 http fetch GET 304 https://registry.npmjs.org/@types%2fwebpack 224ms (from cache)
352 silly pacote tag manifest for @types/webpack@ts3.6 fetched in 228ms
353 http fetch GET 200 https://registry.npmjs.org/@types%2ftypedarray-to-buffer 1141ms
354 silly fetchPackageMetaData error for @types/typedarray-to-buffer@ts3.6 No matching version found for @types/typedarray-to-buffer@ts3.6.
355 http fetch GET 304 https://registry.npmjs.org/@types%2fwhatwg-encoding 107ms (from cache)
356 silly pacote tag manifest for @types/whatwg-encoding@ts3.6 fetched in 109ms
357 http fetch GET 304 https://registry.npmjs.org/@types%2fwhatwg-mimetype 79ms (from cache)
358 silly pacote tag manifest for @types/whatwg-mimetype@ts3.6 fetched in 94ms
359 http fetch GET 304 https://registry.npmjs.org/@types%2fwebpack-sources 243ms (from cache)
360 silly pacote tag manifest for @types/webpack-sources@ts3.6 fetched in 247ms
361 http fetch GET 304 https://registry.npmjs.org/@types%2fwhich 106ms (from cache)
362 silly pacote tag manifest for @types/which@ts3.6 fetched in 108ms
363 http fetch GET 304 https://registry.npmjs.org/@types%2fwhatwg-url 241ms (from cache)
364 silly pacote tag manifest for @types/whatwg-url@ts3.6 fetched in 243ms
365 http fetch GET 304 https://registry.npmjs.org/@types%2fwrap-ansi 79ms (from cache)
366 silly pacote tag manifest for @types/wrap-ansi@ts3.6 fetched in 82ms
367 http fetch GET 200 https://registry.npmjs.org/@types%2fwhich-boxed-primitive 523ms
368 silly fetchPackageMetaData error for @types/which-boxed-primitive@ts3.6 No matching version found for @types/which-boxed-primitive@ts3.6.
369 http fetch GET 304 https://registry.npmjs.org/@types%2fws 176ms (from cache)
370 http fetch GET 304 https://registry.npmjs.org/@types%2ftimsort 2174ms (from cache)
371 silly pacote tag manifest for @types/timsort@ts3.6 fetched in 2177ms
372 silly pacote tag manifest for @types/ws@ts3.6 fetched in 181ms
373 http fetch GET 200 https://registry.npmjs.org/@types%2fxml-name-validator 69ms
374 silly fetchPackageMetaData error for @types/xml-name-validator@ts3.6 No matching version found for @types/xml-name-validator@ts3.6.
375 http fetch GET 304 https://registry.npmjs.org/@types%2fxtend 92ms (from cache)
376 silly pacote tag manifest for @types/xtend@ts3.6 fetched in 94ms
377 http fetch GET 200 https://registry.npmjs.org/@types%2fto-regex 2187ms
378 silly fetchPackageMetaData error for @types/to-regex@ts3.6 No matching version found for @types/to-regex@ts3.6.
379 http fetch GET 304 https://registry.npmjs.org/@types%2fyallist 85ms (from cache)
380 silly pacote tag manifest for @types/yallist@ts3.6 fetched in 86ms
381 http fetch GET 304 https://registry.npmjs.org/@types%2fyargs 101ms (from cache)
382 silly pacote tag manifest for @types/yargs@ts3.6 fetched in 104ms
383 http fetch GET 304 https://registry.npmjs.org/@types%2fyargs-parser 105ms (from cache)
384 silly pacote tag manifest for @types/yargs-parser@ts3.6 fetched in 107ms
385 http fetch GET 304 https://registry.npmjs.org/@types%2ftype-detect 2228ms (from cache)
386 silly pacote tag manifest for @types/type-detect@ts3.6 fetched in 2231ms
387 http fetch GET 304 https://registry.npmjs.org/@types%2fvalidate-npm-package-license 2088ms (from cache)
388 silly pacote tag manifest for @types/validate-npm-package-license@ts3.6 fetched in 2090ms
389 http fetch GET 304 https://registry.npmjs.org/@types%2fw3c-xmlserializer 2042ms (from cache)
390 silly pacote tag manifest for @types/w3c-xmlserializer@ts3.6 fetched in 2045ms
391 http fetch GET 304 https://registry.npmjs.org/@types%2fwatchpack 2019ms (from cache)
392 silly pacote tag manifest for @types/watchpack@ts3.6 fetched in 2021ms
393 http fetch GET 304 https://registry.npmjs.org/@types%2fwhich-pm-runs 1357ms (from cache)
394 silly pacote tag manifest for @types/which-pm-runs@ts3.6 fetched in 1358ms
395 http fetch GET 304 https://registry.npmjs.org/@types%2fworkbox-sw 2202ms (from cache)
396 silly pacote tag manifest for @types/workbox-sw@ts3.6 fetched in 2205ms
397 http fetch GET 304 https://registry.npmjs.org/@types%2fwrite-file-atomic 2060ms (from cache)
398 silly pacote tag manifest for @types/write-file-atomic@ts3.6 fetched in 2063ms
399 timing stage:rollbackFailedOptional Completed in 1ms
400 timing stage:runTopLevelLifecycles Completed in 16996ms
401 verbose type tag
402 verbose stack @types/path-browserify: No matching version found for @types/path-browserify@ts3.6.
402 verbose stack     at pickManifest (/usr/local/lib/node_modules/npm/node_modules/npm-pick-manifest/index.js:122:13)
402 verbose stack     at /usr/local/lib/node_modules/npm/node_modules/pacote/lib/fetchers/registry/manifest.js:24:14
402 verbose stack     at tryCatcher (/usr/local/lib/node_modules/npm/node_modules/bluebird/js/release/util.js:16:23)
402 verbose stack     at Promise._settlePromiseFromHandler (/usr/local/lib/node_modules/npm/node_modules/bluebird/js/release/promise.js:517:31)
402 verbose stack     at Promise._settlePromise (/usr/local/lib/node_modules/npm/node_modules/bluebird/js/release/promise.js:574:18)
402 verbose stack     at Promise._settlePromise0 (/usr/local/lib/node_modules/npm/node_modules/bluebird/js/release/promise.js:619:10)
402 verbose stack     at Promise._settlePromises (/usr/local/lib/node_modules/npm/node_modules/bluebird/js/release/promise.js:699:18)
402 verbose stack     at _drainQueueStep (/usr/local/lib/node_modules/npm/node_modules/bluebird/js/release/async.js:138:12)
402 verbose stack     at _drainQueue (/usr/local/lib/node_modules/npm/node_modules/bluebird/js/release/async.js:131:9)
402 verbose stack     at Async._drainQueues (/usr/local/lib/node_modules/npm/node_modules/bluebird/js/release/async.js:147:5)
402 verbose stack     at Immediate.Async.drainQueues [as _onImmediate] (/usr/local/lib/node_modules/npm/node_modules/bluebird/js/release/async.js:17:14)
402 verbose stack     at processImmediate (internal/timers.js:456:21)
403 verbose cwd /home/theia/.cache/typescript/3.6
404 verbose Linux 5.10.16.3-microsoft-standard-WSL2
405 verbose argv "/usr/local/bin/node" "/usr/local/bin/npm" "install" "--ignore-scripts" "@types/memory-fs@ts3.6" "@types/memorystream@ts3.6" "@types/merge-descriptors@ts3.6" "@types/merge-stream@ts3.6" "@types/merge2@ts3.6" "@types/methods@ts3.6" "@types/micromatch@ts3.6" "@types/mime@ts3.6" "@types/mime-db@ts3.6" "@types/mime-types@ts3.6" "@types/min-indent@ts3.6" "@types/minimalistic-assert@ts3.6" "@types/minimatch@ts3.6" "@types/minimist@ts3.6" "@types/minizlib@ts3.6" "@types/mkdirp@ts3.6" "@types/move-concurrently@ts3.6" "@types/ms@ts3.6" "@types/multicast-dns@ts3.6" "@types/natural-compare@ts3.6" "@types/negotiator@ts3.6" "@types/next-tick@ts3.6" "@types/nice-try@ts3.6" "@types/node-forge@ts3.6" "@types/node-int64@ts3.6" "@types/node-notifier@ts3.6" "@types/normalize-package-data@ts3.6" "@types/normalize-path@ts3.6" "@types/num2fraction@ts3.6" "@types/nwsapi@ts3.6" "@types/object-assign@ts3.6" "@types/object-inspect@ts3.6" "@types/object-keys@ts3.6" "@types/object.fromentries@ts3.6" "@types/object.getownpropertydescriptors@ts3.6" "@types/object.pick@ts3.6" "@types/on-finished@ts3.6" "@types/on-headers@ts3.6" "@types/once@ts3.6" "@types/optimize-css-assets-webpack-plugin@ts3.6" "@types/original@ts3.6" "@types/pako@ts3.6" "@types/parallel-transform@ts3.6" "@types/parse-json@ts3.6" "@types/parseurl@ts3.6" "@types/pascalcase@ts3.6" "@types/path-browserify@ts3.6" "@types/path-is-absolute@ts3.6" "@types/path-is-inside@ts3.6" "@types/path-parse@ts3.6" "@types/pbkdf2@ts3.6" "@types/picomatch@ts3.6" "@types/pify@ts3.6" "@types/postcss-flexbugs-fixes@ts3.6" "@types/postcss-gap-properties@ts3.6" "@types/postcss-modules-extract-imports@ts3.6" "@types/postcss-modules-local-by-default@ts3.6" "@types/postcss-modules-scope@ts3.6" "@types/postcss-modules-values@ts3.6" "@types/postcss-normalize@ts3.6" "@types/postcss-preset-env@ts3.6" "@types/postcss-safe-parser@ts3.6" "@types/prelude-ls@ts3.6" "@types/prettier-linter-helpers@ts3.6" "@types/progress@ts3.6" "@types/promise-inflight@ts3.6" "@types/prompts@ts3.6" "@types/prop-types@ts3.6" "@types/proxy-addr@ts3.6" "@types/psl@ts3.6" "@types/pump@ts3.6" "@types/pumpify@ts3.6" "@types/punycode@ts3.6" "@types/q@ts3.6" "@types/qs@ts3.6" "@types/querystringify@ts3.6" "@types/raf@ts3.6" "@types/randombytes@ts3.6" "@types/range-parser@ts3.6" "@types/react-dev-utils@ts3.6" "@types/react-is@ts3.6" "@types/react-refresh@ts3.6" "@types/readable-stream@ts3.6" "@types/recursive-readdir@ts3.6" "@types/regenerate@ts3.6" "@types/regenerator-runtime@ts3.6" "@types/regex-not@ts3.6" "@types/relateurl@ts3.6" "@types/repeat-element@ts3.6" "@types/repeat-string@ts3.6" "@types/require-directory@ts3.6" "@types/require-from-string@ts3.6" "@types/requires-port@ts3.6" "@types/resolve@ts3.6" "@types/retry@ts3.6" "@types/rimraf@ts3.6" "@types/ripemd160@ts3.6" "@types/rsvp@ts3.6" "@types/run-parallel@ts3.6" "@types/safe-regex@ts3.6" "@types/safer-buffer@ts3.6" "@types/sane@ts3.6" "@types/sass-loader@ts3.6" "@types/sax@ts3.6" "@types/scheduler@ts3.6" "@types/selfsigned@ts3.6" "@types/semver@ts3.6" "@types/semver-compare@ts3.6" "@types/send@ts3.6" "@types/serialize-javascript@ts3.6" "@types/serve-index@ts3.6" "@types/serve-static@ts3.6" "@types/set-blocking@ts3.6" "@types/set-value@ts3.6" "@types/setimmediate@ts3.6" "@types/sha.js@ts3.6" "@types/shebang-command@ts3.6" "@types/shell-quote@ts3.6" "@types/signal-exit@ts3.6" "@types/simple-swizzle@ts3.6" "@types/slice-ansi@ts3.6" "@types/sockjs@ts3.6" "@types/sockjs-client@ts3.6" "@types/source-list-map@ts3.6" "@types/source-map-support@ts3.6" "@types/spdx-correct@ts3.6" "@types/spdx-expression-parse@ts3.6" "@types/spdy@ts3.6" "@types/sprintf@ts3.6" "@types/sprintf-js@ts3.6" "@types/ssri@ts3.6" "@types/stack-utils@ts3.6" "@types/statuses@ts3.6" "@types/stream-each@ts3.6" "@types/stream-shift@ts3.6" "@types/strict-uri-encode@ts3.6" "@types/string-natural-compare@ts3.6" "@types/string.prototype.matchall@ts3.6" "@types/stringify-object@ts3.6" "@types/strip-comments@ts3.6" "@types/strip-final-newline@ts3.6" "@types/supports-color@ts3.6" "@types/svg-parser@ts3.6" "@types/symbol-tree@ts3.6" "@types/tapable@ts3.6" "@types/tar@ts3.6" "@types/text-table@ts3.6" "@types/through@ts3.6" "@types/through2@ts3.6" "@types/thunky@ts3.6" "@types/timsort@ts3.6" "@types/tmpl@ts3.6" "@types/to-regex@ts3.6" "@types/to-regex-range@ts3.6" "@types/toidentifier@ts3.6" "@types/tough-cookie@ts3.6" "@types/tr46@ts3.6" "@types/tryer@ts3.6" "@types/type-check@ts3.6" "@types/type-detect@ts3.6" "@types/type-is@ts3.6" "@types/typedarray-to-buffer@ts3.6" "@types/unbox-primitive@ts3.6" "@types/uniq@ts3.6" "@types/universalify@ts3.6" "@types/urix@ts3.6" "@types/url-parse@ts3.6" "@types/util-deprecate@ts3.6" "@types/util.promisify@ts3.6" "@types/utils-merge@ts3.6" "@types/uuid@ts3.6" "@types/validate-npm-package-license@ts3.6" "@types/vary@ts3.6" "@types/w3c-hr-time@ts3.6" "@types/w3c-xmlserializer@ts3.6" "@types/watchpack@ts3.6" "@types/webidl-conversions@ts3.6" "@types/webpack@ts3.6" "@types/webpack-manifest-plugin@ts3.6" "@types/webpack-sources@ts3.6" "@types/whatwg-encoding@ts3.6" "@types/whatwg-mimetype@ts3.6" "@types/whatwg-url@ts3.6" "@types/which@ts3.6" "@types/which-boxed-primitive@ts3.6" "@types/which-pm-runs@ts3.6" "@types/workbox-sw@ts3.6" "@types/wrap-ansi@ts3.6" "@types/write-file-atomic@ts3.6" "@types/ws@ts3.6" "@types/xml-name-validator@ts3.6" "@types/xtend@ts3.6" "@types/yallist@ts3.6" "@types/yargs@ts3.6" "@types/yargs-parser@ts3.6" "--save-dev" "--user-agent=typesInstaller/3.6.3"
406 verbose node v12.18.3
407 verbose npm  v6.14.6
408 error code ETARGET
409 error notarget No matching version found for @types/path-browserify@ts3.6.
410 error notarget In most cases you or one of your dependencies are requesting
410 error notarget a package version that doesn't exist.
411 verbose exit [ 1, true ]
