0 info it worked if it ends with ok
1 verbose cli [
1 verbose cli   '/usr/local/bin/node',
1 verbose cli   '/usr/local/bin/npm',
1 verbose cli   'install',
1 verbose cli   '--ignore-scripts',
1 verbose cli   '@types/media-typer@ts3.6',
1 verbose cli   '@types/memory-fs@ts3.6',
1 verbose cli   '@types/memorystream@ts3.6',
1 verbose cli   '@types/merge-descriptors@ts3.6',
1 verbose cli   '@types/merge-stream@ts3.6',
1 verbose cli   '@types/merge2@ts3.6',
1 verbose cli   '@types/methods@ts3.6',
1 verbose cli   '@types/micromatch@ts3.6',
1 verbose cli   '@types/mime@ts3.6',
1 verbose cli   '@types/mime-db@ts3.6',
1 verbose cli   '@types/mime-types@ts3.6',
1 verbose cli   '@types/min-indent@ts3.6',
1 verbose cli   '@types/minimalistic-assert@ts3.6',
1 verbose cli   '@types/minimatch@ts3.6',
1 verbose cli   '@types/minimist@ts3.6',
1 verbose cli   '@types/minizlib@ts3.6',
1 verbose cli   '@types/mkdirp@ts3.6',
1 verbose cli   '@types/move-concurrently@ts3.6',
1 verbose cli   '@types/ms@ts3.6',
1 verbose cli   '@types/multicast-dns@ts3.6',
1 verbose cli   '@types/natural-compare@ts3.6',
1 verbose cli   '@types/negotiator@ts3.6',
1 verbose cli   '@types/next-tick@ts3.6',
1 verbose cli   '@types/nice-try@ts3.6',
1 verbose cli   '@types/node-forge@ts3.6',
1 verbose cli   '@types/node-int64@ts3.6',
1 verbose cli   '@types/node-notifier@ts3.6',
1 verbose cli   '@types/normalize-package-data@ts3.6',
1 verbose cli   '@types/normalize-path@ts3.6',
1 verbose cli   '@types/num2fraction@ts3.6',
1 verbose cli   '@types/nwsapi@ts3.6',
1 verbose cli   '@types/object-assign@ts3.6',
1 verbose cli   '@types/object-inspect@ts3.6',
1 verbose cli   '@types/object-keys@ts3.6',
1 verbose cli   '@types/object.fromentries@ts3.6',
1 verbose cli   '@types/object.getownpropertydescriptors@ts3.6',
1 verbose cli   '@types/object.pick@ts3.6',
1 verbose cli   '@types/on-finished@ts3.6',
1 verbose cli   '@types/on-headers@ts3.6',
1 verbose cli   '@types/once@ts3.6',
1 verbose cli   '@types/optimize-css-assets-webpack-plugin@ts3.6',
1 verbose cli   '@types/original@ts3.6',
1 verbose cli   '@types/pako@ts3.6',
1 verbose cli   '@types/parallel-transform@ts3.6',
1 verbose cli   '@types/parse-json@ts3.6',
1 verbose cli   '@types/parseurl@ts3.6',
1 verbose cli   '@types/pascalcase@ts3.6',
1 verbose cli   '@types/path-browserify@ts3.6',
1 verbose cli   '@types/path-is-absolute@ts3.6',
1 verbose cli   '@types/path-is-inside@ts3.6',
1 verbose cli   '@types/path-parse@ts3.6',
1 verbose cli   '@types/pbkdf2@ts3.6',
1 verbose cli   '@types/picomatch@ts3.6',
1 verbose cli   '@types/pify@ts3.6',
1 verbose cli   '@types/postcss-flexbugs-fixes@ts3.6',
1 verbose cli   '@types/postcss-gap-properties@ts3.6',
1 verbose cli   '@types/postcss-modules-extract-imports@ts3.6',
1 verbose cli   '@types/postcss-modules-local-by-default@ts3.6',
1 verbose cli   '@types/postcss-modules-scope@ts3.6',
1 verbose cli   '@types/postcss-modules-values@ts3.6',
1 verbose cli   '@types/postcss-normalize@ts3.6',
1 verbose cli   '@types/postcss-preset-env@ts3.6',
1 verbose cli   '@types/postcss-safe-parser@ts3.6',
1 verbose cli   '@types/prelude-ls@ts3.6',
1 verbose cli   '@types/prettier-linter-helpers@ts3.6',
1 verbose cli   '@types/progress@ts3.6',
1 verbose cli   '@types/promise-inflight@ts3.6',
1 verbose cli   '@types/prompts@ts3.6',
1 verbose cli   '@types/prop-types@ts3.6',
1 verbose cli   '@types/proxy-addr@ts3.6',
1 verbose cli   '@types/psl@ts3.6',
1 verbose cli   '@types/pump@ts3.6',
1 verbose cli   '@types/pumpify@ts3.6',
1 verbose cli   '@types/punycode@ts3.6',
1 verbose cli   '@types/q@ts3.6',
1 verbose cli   '@types/qs@ts3.6',
1 verbose cli   '@types/querystringify@ts3.6',
1 verbose cli   '@types/raf@ts3.6',
1 verbose cli   '@types/randombytes@ts3.6',
1 verbose cli   '@types/range-parser@ts3.6',
1 verbose cli   '@types/react-dev-utils@ts3.6',
1 verbose cli   '@types/react-is@ts3.6',
1 verbose cli   '@types/react-refresh@ts3.6',
1 verbose cli   '@types/readable-stream@ts3.6',
1 verbose cli   '@types/recursive-readdir@ts3.6',
1 verbose cli   '@types/regenerate@ts3.6',
1 verbose cli   '@types/regenerator-runtime@ts3.6',
1 verbose cli   '@types/regex-not@ts3.6',
1 verbose cli   '@types/relateurl@ts3.6',
1 verbose cli   '@types/repeat-element@ts3.6',
1 verbose cli   '@types/repeat-string@ts3.6',
1 verbose cli   '@types/require-directory@ts3.6',
1 verbose cli   '@types/require-from-string@ts3.6',
1 verbose cli   '@types/requires-port@ts3.6',
1 verbose cli   '@types/resolve@ts3.6',
1 verbose cli   '@types/retry@ts3.6',
1 verbose cli   ... 101 more items
1 verbose cli ]
2 info using npm@6.14.6
3 info using node@v12.18.3
4 verbose npm-session 1214ea87291dcb29
5 silly install loadCurrentTree
6 silly install readLocalPackageData
7 http fetch GET 304 https://registry.npmjs.org/@types%2fmemorystream 489ms (from cache)
8 silly pacote tag manifest for @types/memorystream@ts3.6 fetched in 497ms
9 http fetch GET 304 https://registry.npmjs.org/@types%2fmedia-typer 509ms (from cache)
10 silly pacote tag manifest for @types/media-typer@ts3.6 fetched in 542ms
11 http fetch GET 304 https://registry.npmjs.org/@types%2fmemory-fs 598ms (from cache)
12 http fetch GET 304 https://registry.npmjs.org/@types%2fmethods 580ms (from cache)
13 http fetch GET 304 https://registry.npmjs.org/@types%2fmerge2 587ms (from cache)
14 http fetch GET 304 https://registry.npmjs.org/@types%2fmime-db 577ms (from cache)
15 silly pacote tag manifest for @types/memory-fs@ts3.6 fetched in 607ms
16 silly pacote tag manifest for @types/methods@ts3.6 fetched in 590ms
17 silly pacote tag manifest for @types/merge2@ts3.6 fetched in 600ms
18 silly pacote tag manifest for @types/mime-db@ts3.6 fetched in 601ms
19 http fetch GET 304 https://registry.npmjs.org/@types%2fmin-indent 139ms (from cache)
20 silly pacote tag manifest for @types/min-indent@ts3.6 fetched in 143ms
21 http fetch GET 304 https://registry.npmjs.org/@types%2fmerge-descriptors 725ms (from cache)
22 silly pacote tag manifest for @types/merge-descriptors@ts3.6 fetched in 733ms
23 http fetch GET 304 https://registry.npmjs.org/@types%2fminimist 153ms (from cache)
24 http fetch GET 304 https://registry.npmjs.org/@types%2fminimalistic-assert 159ms (from cache)
25 http fetch GET 304 https://registry.npmjs.org/@types%2fminimatch 159ms (from cache)
26 silly pacote tag manifest for @types/minimist@ts3.6 fetched in 158ms
27 silly pacote tag manifest for @types/minimalistic-assert@ts3.6 fetched in 165ms
28 silly pacote tag manifest for @types/minimatch@ts3.6 fetched in 167ms
29 http fetch GET 304 https://registry.npmjs.org/@types%2fmkdirp 131ms (from cache)
30 silly pacote tag manifest for @types/mkdirp@ts3.6 fetched in 133ms
31 http fetch GET 304 https://registry.npmjs.org/@types%2fmove-concurrently 110ms (from cache)
32 silly pacote tag manifest for @types/move-concurrently@ts3.6 fetched in 112ms
33 http fetch GET 304 https://registry.npmjs.org/@types%2fnegotiator 126ms (from cache)
34 silly pacote tag manifest for @types/negotiator@ts3.6 fetched in 136ms
35 http fetch GET 304 https://registry.npmjs.org/@types%2fms 174ms (from cache)
36 http fetch GET 304 https://registry.npmjs.org/@types%2fmulticast-dns 179ms (from cache)
37 silly pacote tag manifest for @types/ms@ts3.6 fetched in 188ms
38 silly pacote tag manifest for @types/multicast-dns@ts3.6 fetched in 191ms
39 http fetch GET 304 https://registry.npmjs.org/@types%2fnatural-compare 191ms (from cache)
40 http fetch GET 304 https://registry.npmjs.org/@types%2fmime 954ms (from cache)
41 silly pacote tag manifest for @types/natural-compare@ts3.6 fetched in 215ms
42 silly pacote tag manifest for @types/mime@ts3.6 fetched in 976ms
43 http fetch GET 304 https://registry.npmjs.org/@types%2fmicromatch 982ms (from cache)
44 silly pacote tag manifest for @types/micromatch@ts3.6 fetched in 1000ms
45 http fetch GET 304 https://registry.npmjs.org/@types%2fnext-tick 189ms (from cache)
46 silly pacote tag manifest for @types/next-tick@ts3.6 fetched in 193ms
47 http fetch GET 304 https://registry.npmjs.org/@types%2fnice-try 118ms (from cache)
48 silly pacote tag manifest for @types/nice-try@ts3.6 fetched in 128ms
49 http fetch GET 304 https://registry.npmjs.org/@types%2fmime-types 684ms (from cache)
50 silly pacote tag manifest for @types/mime-types@ts3.6 fetched in 694ms
51 http fetch GET 304 https://registry.npmjs.org/@types%2fnode-int64 232ms (from cache)
52 silly pacote tag manifest for @types/node-int64@ts3.6 fetched in 247ms
53 http fetch GET 304 https://registry.npmjs.org/@types%2fnormalize-path 198ms (from cache)
54 http fetch GET 304 https://registry.npmjs.org/@types%2fnormalize-package-data 220ms (from cache)
55 http fetch GET 304 https://registry.npmjs.org/@types%2fnode-notifier 226ms (from cache)
56 http fetch GET 304 https://registry.npmjs.org/@types%2fnode-forge 264ms (from cache)
57 silly pacote tag manifest for @types/normalize-path@ts3.6 fetched in 216ms
58 silly pacote tag manifest for @types/normalize-package-data@ts3.6 fetched in 243ms
59 silly pacote tag manifest for @types/node-notifier@ts3.6 fetched in 248ms
60 http fetch GET 304 https://registry.npmjs.org/@types%2fnwsapi 175ms (from cache)
61 http fetch GET 304 https://registry.npmjs.org/@types%2fnum2fraction 206ms (from cache)
62 silly pacote tag manifest for @types/node-forge@ts3.6 fetched in 287ms
63 silly pacote tag manifest for @types/nwsapi@ts3.6 fetched in 232ms
64 silly pacote tag manifest for @types/num2fraction@ts3.6 fetched in 299ms
65 http fetch GET 304 https://registry.npmjs.org/@types%2fobject-assign 309ms (from cache)
66 http fetch GET 304 https://registry.npmjs.org/@types%2fobject-inspect 289ms (from cache)
67 silly pacote tag manifest for @types/object-assign@ts3.6 fetched in 318ms
68 silly pacote tag manifest for @types/object-inspect@ts3.6 fetched in 298ms
69 http fetch GET 304 https://registry.npmjs.org/@types%2fobject-keys 283ms (from cache)
70 http fetch GET 304 https://registry.npmjs.org/@types%2fobject.fromentries 281ms (from cache)
71 silly pacote tag manifest for @types/object-keys@ts3.6 fetched in 304ms
72 http fetch GET 304 https://registry.npmjs.org/@types%2fobject.pick 295ms (from cache)
73 http fetch GET 304 https://registry.npmjs.org/@types%2fobject.getownpropertydescriptors 302ms (from cache)
74 silly pacote tag manifest for @types/object.fromentries@ts3.6 fetched in 304ms
75 http fetch GET 304 https://registry.npmjs.org/@types%2fon-headers 198ms (from cache)
76 silly pacote tag manifest for @types/object.pick@ts3.6 fetched in 308ms
77 silly pacote tag manifest for @types/object.getownpropertydescriptors@ts3.6 fetched in 315ms
78 http fetch GET 304 https://registry.npmjs.org/@types%2fon-finished 251ms (from cache)
79 silly pacote tag manifest for @types/on-headers@ts3.6 fetched in 215ms
80 silly pacote tag manifest for @types/on-finished@ts3.6 fetched in 274ms
81 http fetch GET 304 https://registry.npmjs.org/@types%2foptimize-css-assets-webpack-plugin 195ms (from cache)
82 http fetch GET 304 https://registry.npmjs.org/@types%2fparse-json 151ms (from cache)
83 silly pacote tag manifest for @types/optimize-css-assets-webpack-plugin@ts3.6 fetched in 203ms
84 silly pacote tag manifest for @types/parse-json@ts3.6 fetched in 158ms
85 http fetch GET 304 https://registry.npmjs.org/@types%2fonce 211ms (from cache)
86 http fetch GET 304 https://registry.npmjs.org/@types%2fmerge-stream 1716ms (from cache)
87 http fetch GET 304 https://registry.npmjs.org/@types%2fpako 188ms (from cache)
88 http fetch GET 304 https://registry.npmjs.org/@types%2fparallel-transform 187ms (from cache)
89 silly pacote tag manifest for @types/once@ts3.6 fetched in 235ms
90 silly pacote tag manifest for @types/merge-stream@ts3.6 fetched in 1743ms
91 http fetch GET 304 https://registry.npmjs.org/@types%2fparseurl 186ms (from cache)
92 silly pacote tag manifest for @types/pako@ts3.6 fetched in 208ms
93 http fetch GET 304 https://registry.npmjs.org/@types%2foriginal 217ms (from cache)
94 silly pacote tag manifest for @types/parallel-transform@ts3.6 fetched in 201ms
95 silly pacote tag manifest for @types/parseurl@ts3.6 fetched in 202ms
96 silly pacote tag manifest for @types/original@ts3.6 fetched in 235ms
97 http fetch GET 304 https://registry.npmjs.org/@types%2fpath-is-absolute 177ms (from cache)
98 silly pacote tag manifest for @types/path-is-absolute@ts3.6 fetched in 190ms
99 http fetch GET 304 https://registry.npmjs.org/@types%2fpath-parse 173ms (from cache)
100 http fetch GET 304 https://registry.npmjs.org/@types%2fpath-browserify 214ms (from cache)
101 silly registry:manifest no matching version for @types/path-browserify@ts3.6 in the cache. Forcing revalidation.
102 http fetch GET 304 https://registry.npmjs.org/@types%2fpath-is-inside 191ms (from cache)
103 silly pacote tag manifest for @types/path-parse@ts3.6 fetched in 189ms
104 http fetch GET 304 https://registry.npmjs.org/@types%2fpbkdf2 194ms (from cache)
105 silly pacote tag manifest for @types/path-is-inside@ts3.6 fetched in 208ms
106 silly pacote tag manifest for @types/pbkdf2@ts3.6 fetched in 206ms
107 http fetch GET 304 https://registry.npmjs.org/@types%2fpify 186ms (from cache)
108 http fetch GET 304 https://registry.npmjs.org/@types%2fpostcss-flexbugs-fixes 188ms (from cache)
109 http fetch GET 304 https://registry.npmjs.org/@types%2fpicomatch 211ms (from cache)
110 silly pacote tag manifest for @types/pify@ts3.6 fetched in 199ms
111 silly pacote tag manifest for @types/postcss-flexbugs-fixes@ts3.6 fetched in 202ms
112 silly pacote tag manifest for @types/picomatch@ts3.6 fetched in 221ms
113 http fetch GET 304 https://registry.npmjs.org/@types%2fpostcss-gap-properties 100ms (from cache)
114 silly pacote tag manifest for @types/postcss-gap-properties@ts3.6 fetched in 101ms
115 http fetch GET 304 https://registry.npmjs.org/@types%2fpostcss-safe-parser 183ms (from cache)
116 http fetch GET 304 https://registry.npmjs.org/@types%2fpostcss-modules-scope 237ms (from cache)
117 http fetch GET 304 https://registry.npmjs.org/@types%2fpostcss-modules-extract-imports 260ms (from cache)
118 http fetch GET 304 https://registry.npmjs.org/@types%2fpostcss-normalize 221ms (from cache)
119 http fetch GET 304 https://registry.npmjs.org/@types%2fpostcss-modules-values 228ms (from cache)
120 http fetch GET 304 https://registry.npmjs.org/@types%2fpostcss-preset-env 225ms (from cache)
121 silly pacote tag manifest for @types/postcss-safe-parser@ts3.6 fetched in 196ms
122 silly pacote tag manifest for @types/postcss-modules-scope@ts3.6 fetched in 246ms
123 silly registry:manifest no matching version for @types/postcss-preset-env@ts3.6 in the cache. Forcing revalidation.
124 silly pacote tag manifest for @types/postcss-modules-extract-imports@ts3.6 fetched in 272ms
125 silly pacote tag manifest for @types/postcss-normalize@ts3.6 fetched in 234ms
126 silly pacote tag manifest for @types/postcss-modules-values@ts3.6 fetched in 239ms
127 http fetch GET 304 https://registry.npmjs.org/@types%2fprelude-ls 113ms (from cache)
128 silly pacote tag manifest for @types/prelude-ls@ts3.6 fetched in 116ms
129 http fetch GET 304 https://registry.npmjs.org/@types%2fprogress 125ms (from cache)
130 silly pacote tag manifest for @types/progress@ts3.6 fetched in 127ms
131 http fetch GET 304 https://registry.npmjs.org/@types%2fpromise-inflight 130ms (from cache)
132 silly pacote tag manifest for @types/promise-inflight@ts3.6 fetched in 135ms
133 http fetch GET 304 https://registry.npmjs.org/@types%2fpsl 86ms (from cache)
134 silly pacote tag manifest for @types/psl@ts3.6 fetched in 88ms
135 http fetch GET 200 https://registry.npmjs.org/@types%2fpath-browserify 581ms
136 silly fetchPackageMetaData error for @types/path-browserify@ts3.6 No matching version found for @types/path-browserify@ts3.6.
137 http fetch GET 304 https://registry.npmjs.org/@types%2fprompts 306ms (from cache)
138 silly pacote tag manifest for @types/prompts@ts3.6 fetched in 316ms
139 http fetch GET 304 https://registry.npmjs.org/@types%2fpostcss-modules-local-by-default 592ms (from cache)
140 silly pacote tag manifest for @types/postcss-modules-local-by-default@ts3.6 fetched in 594ms
141 http fetch GET 304 https://registry.npmjs.org/@types%2fpunycode 85ms (from cache)
142 silly pacote tag manifest for @types/punycode@ts3.6 fetched in 96ms
143 http fetch GET 304 https://registry.npmjs.org/@types%2fpumpify 124ms (from cache)
144 silly pacote tag manifest for @types/pumpify@ts3.6 fetched in 129ms
145 http fetch GET 304 https://registry.npmjs.org/@types%2fq 110ms (from cache)
146 silly pacote tag manifest for @types/q@ts3.6 fetched in 116ms
147 http fetch GET 304 https://registry.npmjs.org/@types%2fraf 87ms (from cache)
148 silly pacote tag manifest for @types/raf@ts3.6 fetched in 90ms
149 http fetch GET 304 https://registry.npmjs.org/@types%2fquerystringify 113ms (from cache)
150 silly pacote tag manifest for @types/querystringify@ts3.6 fetched in 115ms
151 http fetch GET 304 https://registry.npmjs.org/@types%2frandombytes 102ms (from cache)
152 silly pacote tag manifest for @types/randombytes@ts3.6 fetched in 106ms
153 http fetch GET 304 https://registry.npmjs.org/@types%2fminizlib 2282ms (from cache)
154 http fetch GET 304 https://registry.npmjs.org/@types%2fproxy-addr 571ms (from cache)
155 silly pacote tag manifest for @types/minizlib@ts3.6 fetched in 2285ms
156 http fetch GET 304 https://registry.npmjs.org/@types%2fprop-types 590ms (from cache)
157 silly pacote tag manifest for @types/proxy-addr@ts3.6 fetched in 575ms
158 silly pacote tag manifest for @types/prop-types@ts3.6 fetched in 614ms
159 http fetch GET 304 https://registry.npmjs.org/@types%2freact-dev-utils 105ms (from cache)
160 silly pacote tag manifest for @types/react-dev-utils@ts3.6 fetched in 108ms
161 http fetch GET 304 https://registry.npmjs.org/@types%2frange-parser 321ms (from cache)
162 http fetch GET 304 https://registry.npmjs.org/@types%2fpump 648ms (from cache)
163 http fetch GET 304 https://registry.npmjs.org/@types%2freadable-stream 152ms (from cache)
164 silly pacote tag manifest for @types/range-parser@ts3.6 fetched in 328ms
165 http fetch GET 304 https://registry.npmjs.org/@types%2freact-refresh 180ms (from cache)
166 silly registry:manifest no matching version for @types/react-refresh@ts3.6 in the cache. Forcing revalidation.
167 silly pacote tag manifest for @types/pump@ts3.6 fetched in 661ms
168 silly pacote tag manifest for @types/readable-stream@ts3.6 fetched in 167ms
169 http fetch GET 304 https://registry.npmjs.org/@types%2freact-is 205ms (from cache)
170 http fetch GET 304 https://registry.npmjs.org/@types%2frecursive-readdir 206ms (from cache)
171 silly pacote tag manifest for @types/react-is@ts3.6 fetched in 283ms
172 silly pacote tag manifest for @types/recursive-readdir@ts3.6 fetched in 232ms
173 http fetch GET 200 https://registry.npmjs.org/@types%2freact-refresh 188ms
174 silly fetchPackageMetaData error for @types/react-refresh@ts3.6 No matching version found for @types/react-refresh@ts3.6.
175 http fetch GET 304 https://registry.npmjs.org/@types%2fregenerate 222ms (from cache)
176 silly registry:manifest no matching version for @types/regenerate@ts3.6 in the cache. Forcing revalidation.
177 http fetch GET 304 https://registry.npmjs.org/@types%2fregex-not 280ms (from cache)
178 silly registry:manifest no matching version for @types/regex-not@ts3.6 in the cache. Forcing revalidation.
179 http fetch GET 304 https://registry.npmjs.org/@types%2frepeat-element 188ms (from cache)
180 silly pacote tag manifest for @types/repeat-element@ts3.6 fetched in 202ms
181 http fetch GET 304 https://registry.npmjs.org/@types%2frelateurl 215ms (from cache)
182 silly pacote tag manifest for @types/relateurl@ts3.6 fetched in 244ms
183 http fetch GET 304 https://registry.npmjs.org/@types%2frepeat-string 166ms (from cache)
184 silly pacote tag manifest for @types/repeat-string@ts3.6 fetched in 168ms
185 http fetch GET 200 https://registry.npmjs.org/@types%2fregex-not 108ms
186 silly fetchPackageMetaData error for @types/regex-not@ts3.6 No matching version found for @types/regex-not@ts3.6.
187 http fetch GET 304 https://registry.npmjs.org/@types%2frequire-directory 116ms (from cache)
188 silly pacote tag manifest for @types/require-directory@ts3.6 fetched in 118ms
189 http fetch GET 304 https://registry.npmjs.org/@types%2frequire-from-string 111ms (from cache)
190 silly pacote tag manifest for @types/require-from-string@ts3.6 fetched in 113ms
191 http fetch GET 304 https://registry.npmjs.org/@types%2frequires-port 130ms (from cache)
192 http fetch GET 304 https://registry.npmjs.org/@types%2fresolve 105ms (from cache)
193 silly pacote tag manifest for @types/requires-port@ts3.6 fetched in 135ms
194 silly pacote tag manifest for @types/resolve@ts3.6 fetched in 109ms
195 http fetch GET 304 https://registry.npmjs.org/@types%2fretry 95ms (from cache)
196 silly pacote tag manifest for @types/retry@ts3.6 fetched in 101ms
197 http fetch GET 304 https://registry.npmjs.org/@types%2fpascalcase 2071ms (from cache)
198 silly pacote tag manifest for @types/pascalcase@ts3.6 fetched in 2073ms
199 http fetch GET 304 https://registry.npmjs.org/@types%2frimraf 106ms (from cache)
200 silly pacote tag manifest for @types/rimraf@ts3.6 fetched in 115ms
201 http fetch GET 304 https://registry.npmjs.org/@types%2frun-parallel 92ms (from cache)
202 silly pacote tag manifest for @types/run-parallel@ts3.6 fetched in 94ms
203 http fetch GET 304 https://registry.npmjs.org/@types%2fregenerator-runtime 651ms (from cache)
204 silly pacote tag manifest for @types/regenerator-runtime@ts3.6 fetched in 655ms
205 http fetch GET 304 https://registry.npmjs.org/@types%2fsafe-regex 109ms (from cache)
206 silly pacote tag manifest for @types/safe-regex@ts3.6 fetched in 116ms
207 http fetch GET 304 https://registry.npmjs.org/@types%2fsafer-buffer 120ms (from cache)
208 silly pacote tag manifest for @types/safer-buffer@ts3.6 fetched in 123ms
209 http fetch GET 304 https://registry.npmjs.org/@types%2fsane 94ms (from cache)
210 silly pacote tag manifest for @types/sane@ts3.6 fetched in 99ms
211 http fetch GET 304 https://registry.npmjs.org/@types%2fsass-loader 87ms (from cache)
212 silly pacote tag manifest for @types/sass-loader@ts3.6 fetched in 89ms
213 http fetch GET 304 https://registry.npmjs.org/@types%2fqs 1232ms (from cache)
214 silly pacote tag manifest for @types/qs@ts3.6 fetched in 1237ms
215 http fetch GET 304 https://registry.npmjs.org/@types%2fsax 109ms (from cache)
216 silly pacote tag manifest for @types/sax@ts3.6 fetched in 112ms
217 http fetch GET 304 https://registry.npmjs.org/@types%2fselfsigned 85ms (from cache)
218 silly registry:manifest no matching version for @types/selfsigned@ts3.6 in the cache. Forcing revalidation.
219 http fetch GET 304 https://registry.npmjs.org/@types%2fscheduler 140ms (from cache)
220 silly pacote tag manifest for @types/scheduler@ts3.6 fetched in 143ms
221 http fetch GET 200 https://registry.npmjs.org/@types%2fregenerate 620ms
222 silly fetchPackageMetaData error for @types/regenerate@ts3.6 No matching version found for @types/regenerate@ts3.6.
223 http fetch GET 304 https://registry.npmjs.org/@types%2fsemver 103ms (from cache)
224 silly pacote tag manifest for @types/semver@ts3.6 fetched in 107ms
225 http fetch GET 304 https://registry.npmjs.org/@types%2fsemver-compare 123ms (from cache)
226 silly pacote tag manifest for @types/semver-compare@ts3.6 fetched in 126ms
227 http fetch GET 304 https://registry.npmjs.org/@types%2fsend 119ms (from cache)
228 silly pacote tag manifest for @types/send@ts3.6 fetched in 127ms
229 http fetch GET 200 https://registry.npmjs.org/@types%2fselfsigned 117ms
230 silly fetchPackageMetaData error for @types/selfsigned@ts3.6 No matching version found for @types/selfsigned@ts3.6.
231 http fetch GET 304 https://registry.npmjs.org/@types%2fserve-index 104ms (from cache)
232 silly pacote tag manifest for @types/serve-index@ts3.6 fetched in 111ms
233 http fetch GET 304 https://registry.npmjs.org/@types%2fserialize-javascript 173ms (from cache)
234 silly pacote tag manifest for @types/serialize-javascript@ts3.6 fetched in 186ms
235 http fetch GET 304 https://registry.npmjs.org/@types%2fset-blocking 133ms (from cache)
236 silly registry:manifest no matching version for @types/set-blocking@ts3.6 in the cache. Forcing revalidation.
237 http fetch GET 304 https://registry.npmjs.org/@types%2fserve-static 194ms (from cache)
238 silly pacote tag manifest for @types/serve-static@ts3.6 fetched in 202ms
239 http fetch GET 304 https://registry.npmjs.org/@types%2fsetimmediate 135ms (from cache)
240 http fetch GET 304 https://registry.npmjs.org/@types%2fset-value 155ms (from cache)
241 silly pacote tag manifest for @types/setimmediate@ts3.6 fetched in 141ms
242 silly pacote tag manifest for @types/set-value@ts3.6 fetched in 160ms
243 http fetch GET 304 https://registry.npmjs.org/@types%2fsha.js 140ms (from cache)
244 silly pacote tag manifest for @types/sha.js@ts3.6 fetched in 142ms
245 http fetch GET 200 https://registry.npmjs.org/@types%2fset-blocking 84ms
246 silly fetchPackageMetaData error for @types/set-blocking@ts3.6 No matching version found for @types/set-blocking@ts3.6.
247 http fetch GET 304 https://registry.npmjs.org/@types%2fprettier-linter-helpers 2055ms (from cache)
248 http fetch GET 304 https://registry.npmjs.org/@types%2fshebang-command 139ms (from cache)
249 http fetch GET 304 https://registry.npmjs.org/@types%2fshell-quote 104ms (from cache)
250 silly pacote tag manifest for @types/prettier-linter-helpers@ts3.6 fetched in 2061ms
251 silly pacote tag manifest for @types/shebang-command@ts3.6 fetched in 148ms
252 silly pacote tag manifest for @types/shell-quote@ts3.6 fetched in 119ms
253 http fetch GET 304 https://registry.npmjs.org/@types%2fsignal-exit 169ms (from cache)
254 http fetch GET 304 https://registry.npmjs.org/@types%2fslice-ansi 151ms (from cache)
255 http fetch GET 304 https://registry.npmjs.org/@types%2fsimple-swizzle 174ms (from cache)
256 silly registry:manifest no matching version for @types/simple-swizzle@ts3.6 in the cache. Forcing revalidation.
257 silly pacote tag manifest for @types/signal-exit@ts3.6 fetched in 180ms
258 http fetch GET 200 https://registry.npmjs.org/@types%2fpostcss-preset-env 2150ms
259 silly fetchPackageMetaData error for @types/postcss-preset-env@ts3.6 No matching version found for @types/postcss-preset-env@ts3.6.
260 silly pacote tag manifest for @types/slice-ansi@ts3.6 fetched in 164ms
261 http fetch GET 304 https://registry.npmjs.org/@types%2fsockjs 172ms (from cache)
262 silly pacote tag manifest for @types/sockjs@ts3.6 fetched in 177ms
263 http fetch GET 304 https://registry.npmjs.org/@types%2fsockjs-client 140ms (from cache)
264 silly pacote tag manifest for @types/sockjs-client@ts3.6 fetched in 146ms
265 http fetch GET 200 https://registry.npmjs.org/@types%2fsimple-swizzle 95ms
266 silly fetchPackageMetaData error for @types/simple-swizzle@ts3.6 No matching version found for @types/simple-swizzle@ts3.6.
267 http fetch GET 304 https://registry.npmjs.org/@types%2fsource-map-support 174ms (from cache)
268 silly pacote tag manifest for @types/source-map-support@ts3.6 fetched in 189ms
269 http fetch GET 304 https://registry.npmjs.org/@types%2fspdy 128ms (from cache)
270 silly pacote tag manifest for @types/spdy@ts3.6 fetched in 132ms
271 http fetch GET 304 https://registry.npmjs.org/@types%2fspdx-expression-parse 158ms (from cache)
272 http fetch GET 304 https://registry.npmjs.org/@types%2fspdx-correct 167ms (from cache)
273 silly pacote tag manifest for @types/spdx-expression-parse@ts3.6 fetched in 164ms
274 silly pacote tag manifest for @types/spdx-correct@ts3.6 fetched in 173ms
275 http fetch GET 304 https://registry.npmjs.org/@types%2fstack-utils 121ms (from cache)
276 http fetch GET 304 https://registry.npmjs.org/@types%2fssri 156ms (from cache)
277 silly pacote tag manifest for @types/stack-utils@ts3.6 fetched in 133ms
278 http fetch GET 304 https://registry.npmjs.org/@types%2fsource-list-map 333ms (from cache)
279 silly pacote tag manifest for @types/ssri@ts3.6 fetched in 165ms
280 silly pacote tag manifest for @types/source-list-map@ts3.6 fetched in 350ms
281 http fetch GET 304 https://registry.npmjs.org/@types%2fstatuses 176ms (from cache)
282 silly pacote tag manifest for @types/statuses@ts3.6 fetched in 191ms
283 http fetch GET 304 https://registry.npmjs.org/@types%2fstream-each 201ms (from cache)
284 http fetch GET 304 https://registry.npmjs.org/@types%2fsprintf 348ms (from cache)
285 silly pacote tag manifest for @types/stream-each@ts3.6 fetched in 219ms
286 silly pacote tag manifest for @types/sprintf@ts3.6 fetched in 361ms
287 http fetch GET 304 https://registry.npmjs.org/@types%2fstrict-uri-encode 168ms (from cache)
288 http fetch GET 304 https://registry.npmjs.org/@types%2fstring-natural-compare 162ms (from cache)
289 silly pacote tag manifest for @types/strict-uri-encode@ts3.6 fetched in 171ms
290 http fetch GET 304 https://registry.npmjs.org/@types%2fstring.prototype.matchall 154ms (from cache)
291 silly pacote tag manifest for @types/string-natural-compare@ts3.6 fetched in 167ms
292 silly pacote tag manifest for @types/string.prototype.matchall@ts3.6 fetched in 180ms
293 http fetch GET 304 https://registry.npmjs.org/@types%2frsvp 1268ms (from cache)
294 http fetch GET 304 https://registry.npmjs.org/@types%2fstrip-comments 133ms (from cache)
295 silly pacote tag manifest for @types/rsvp@ts3.6 fetched in 1281ms
296 silly pacote tag manifest for @types/strip-comments@ts3.6 fetched in 148ms
297 http fetch GET 304 https://registry.npmjs.org/@types%2fsupports-color 152ms (from cache)
298 http fetch GET 304 https://registry.npmjs.org/@types%2fsvg-parser 149ms (from cache)
299 http fetch GET 304 https://registry.npmjs.org/@types%2fsymbol-tree 124ms (from cache)
300 silly pacote tag manifest for @types/supports-color@ts3.6 fetched in 157ms
301 silly pacote tag manifest for @types/svg-parser@ts3.6 fetched in 155ms
302 silly pacote tag manifest for @types/symbol-tree@ts3.6 fetched in 131ms
303 http fetch GET 304 https://registry.npmjs.org/@types%2fsprintf-js 568ms (from cache)
304 silly pacote tag manifest for @types/sprintf-js@ts3.6 fetched in 571ms
305 http fetch GET 304 https://registry.npmjs.org/@types%2ftapable 134ms (from cache)
306 http fetch GET 304 https://registry.npmjs.org/@types%2ftar 133ms (from cache)
307 http fetch GET 304 https://registry.npmjs.org/@types%2ftext-table 91ms (from cache)
308 silly pacote tag manifest for @types/tapable@ts3.6 fetched in 142ms
309 silly pacote tag manifest for @types/tar@ts3.6 fetched in 143ms
310 silly pacote tag manifest for @types/text-table@ts3.6 fetched in 102ms
311 http fetch GET 304 https://registry.npmjs.org/@types%2fthrough 131ms (from cache)
312 silly pacote tag manifest for @types/through@ts3.6 fetched in 133ms
313 http fetch GET 304 https://registry.npmjs.org/@types%2fstrip-final-newline 320ms (from cache)
314 silly pacote tag manifest for @types/strip-final-newline@ts3.6 fetched in 328ms
315 http fetch GET 304 https://registry.npmjs.org/@types%2fthrough2 207ms (from cache)
316 http fetch GET 304 https://registry.npmjs.org/@types%2fstream-shift 626ms (from cache)
317 silly pacote tag manifest for @types/through2@ts3.6 fetched in 212ms
318 http fetch GET 304 https://registry.npmjs.org/@types%2ftimsort 124ms (from cache)
319 http fetch GET 304 https://registry.npmjs.org/@types%2fthunky 172ms (from cache)
320 silly pacote tag manifest for @types/stream-shift@ts3.6 fetched in 632ms
321 silly pacote tag manifest for @types/timsort@ts3.6 fetched in 132ms
322 silly pacote tag manifest for @types/thunky@ts3.6 fetched in 186ms
323 http fetch GET 304 https://registry.npmjs.org/@types%2fto-regex 136ms (from cache)
324 silly registry:manifest no matching version for @types/to-regex@ts3.6 in the cache. Forcing revalidation.
325 http fetch GET 200 https://registry.npmjs.org/@types%2ftoidentifier 136ms
326 silly fetchPackageMetaData error for @types/toidentifier@ts3.6 No matching version found for @types/toidentifier@ts3.6.
327 http fetch GET 304 https://registry.npmjs.org/@types%2fto-regex-range 153ms (from cache)
328 silly registry:manifest no matching version for @types/to-regex-range@ts3.6 in the cache. Forcing revalidation.
329 http fetch GET 304 https://registry.npmjs.org/@types%2ftough-cookie 94ms (from cache)
330 silly pacote tag manifest for @types/tough-cookie@ts3.6 fetched in 97ms
331 http fetch GET 304 https://registry.npmjs.org/@types%2ftryer 112ms (from cache)
332 http fetch GET 304 https://registry.npmjs.org/@types%2ftr46 122ms (from cache)
333 silly registry:manifest no matching version for @types/tr46@ts3.6 in the cache. Forcing revalidation.
334 silly pacote tag manifest for @types/tryer@ts3.6 fetched in 117ms
335 http fetch GET 304 https://registry.npmjs.org/@types%2ftype-check 153ms (from cache)
336 silly pacote tag manifest for @types/type-check@ts3.6 fetched in 156ms
337 http fetch GET 200 https://registry.npmjs.org/@types%2ftr46 76ms
338 silly fetchPackageMetaData error for @types/tr46@ts3.6 No matching version found for @types/tr46@ts3.6.
339 http fetch GET 304 https://registry.npmjs.org/@types%2ftypedarray-to-buffer 153ms (from cache)
340 silly registry:manifest no matching version for @types/typedarray-to-buffer@ts3.6 in the cache. Forcing revalidation.
341 http fetch GET 304 https://registry.npmjs.org/@types%2funbox-primitive 145ms (from cache)
342 silly registry:manifest no matching version for @types/unbox-primitive@ts3.6 in the cache. Forcing revalidation.
343 http fetch GET 304 https://registry.npmjs.org/@types%2funiq 134ms (from cache)
344 silly pacote tag manifest for @types/uniq@ts3.6 fetched in 137ms
345 http fetch GET 200 https://registry.npmjs.org/@types%2ftypedarray-to-buffer 88ms
346 silly fetchPackageMetaData error for @types/typedarray-to-buffer@ts3.6 No matching version found for @types/typedarray-to-buffer@ts3.6.
347 http fetch GET 200 https://registry.npmjs.org/@types%2funbox-primitive 107ms
348 silly fetchPackageMetaData error for @types/unbox-primitive@ts3.6 No matching version found for @types/unbox-primitive@ts3.6.
349 http fetch GET 304 https://registry.npmjs.org/@types%2ftype-detect 446ms (from cache)
350 silly pacote tag manifest for @types/type-detect@ts3.6 fetched in 463ms
351 http fetch GET 304 https://registry.npmjs.org/@types%2furix 193ms (from cache)
352 silly pacote tag manifest for @types/urix@ts3.6 fetched in 207ms
353 http fetch GET 304 https://registry.npmjs.org/@types%2furl-parse 163ms (from cache)
354 http fetch GET 200 https://registry.npmjs.org/@types%2fto-regex 578ms
355 silly pacote tag manifest for @types/url-parse@ts3.6 fetched in 172ms
356 silly fetchPackageMetaData error for @types/to-regex@ts3.6 No matching version found for @types/to-regex@ts3.6.
357 http fetch GET 304 https://registry.npmjs.org/@types%2funiversalify 263ms (from cache)
358 http fetch GET 304 https://registry.npmjs.org/@types%2fripemd160 2174ms (from cache)
359 silly pacote tag manifest for @types/universalify@ts3.6 fetched in 281ms
360 silly pacote tag manifest for @types/ripemd160@ts3.6 fetched in 2179ms
361 http fetch GET 304 https://registry.npmjs.org/@types%2futil-deprecate 119ms (from cache)
362 silly pacote tag manifest for @types/util-deprecate@ts3.6 fetched in 120ms
363 http fetch GET 304 https://registry.npmjs.org/@types%2futil.promisify 90ms (from cache)
364 silly pacote tag manifest for @types/util.promisify@ts3.6 fetched in 96ms
365 http fetch GET 304 https://registry.npmjs.org/@types%2futils-merge 95ms (from cache)
366 http fetch GET 304 https://registry.npmjs.org/@types%2fvalidate-npm-package-license 94ms (from cache)
367 silly pacote tag manifest for @types/utils-merge@ts3.6 fetched in 98ms
368 silly pacote tag manifest for @types/validate-npm-package-license@ts3.6 fetched in 102ms
369 http fetch GET 304 https://registry.npmjs.org/@types%2fvary 145ms (from cache)
370 silly pacote tag manifest for @types/vary@ts3.6 fetched in 154ms
371 http fetch GET 304 https://registry.npmjs.org/@types%2fstringify-object 1262ms (from cache)
372 http fetch GET 304 https://registry.npmjs.org/@types%2fwatchpack 115ms (from cache)
373 silly pacote tag manifest for @types/stringify-object@ts3.6 fetched in 1272ms
374 http fetch GET 304 https://registry.npmjs.org/@types%2fw3c-xmlserializer 155ms (from cache)
375 silly pacote tag manifest for @types/watchpack@ts3.6 fetched in 126ms
376 silly pacote tag manifest for @types/w3c-xmlserializer@ts3.6 fetched in 170ms
377 http fetch GET 304 https://registry.npmjs.org/@types%2fwebidl-conversions 136ms (from cache)
378 silly pacote tag manifest for @types/webidl-conversions@ts3.6 fetched in 138ms
379 http fetch GET 304 https://registry.npmjs.org/@types%2fwebpack 143ms (from cache)
380 silly pacote tag manifest for @types/webpack@ts3.6 fetched in 148ms
381 http fetch GET 304 https://registry.npmjs.org/@types%2fwebpack-manifest-plugin 104ms (from cache)
382 http fetch GET 304 https://registry.npmjs.org/@types%2fwebpack-sources 83ms (from cache)
383 silly pacote tag manifest for @types/webpack-manifest-plugin@ts3.6 fetched in 110ms
384 silly pacote tag manifest for @types/webpack-sources@ts3.6 fetched in 92ms
385 http fetch GET 304 https://registry.npmjs.org/@types%2fwhatwg-encoding 116ms (from cache)
386 silly pacote tag manifest for @types/whatwg-encoding@ts3.6 fetched in 123ms
387 http fetch GET 304 https://registry.npmjs.org/@types%2fwhatwg-url 109ms (from cache)
388 http fetch GET 304 https://registry.npmjs.org/@types%2fwhatwg-mimetype 131ms (from cache)
389 silly pacote tag manifest for @types/whatwg-url@ts3.6 fetched in 115ms
390 http fetch GET 304 https://registry.npmjs.org/@types%2fwhich 99ms (from cache)
391 silly pacote tag manifest for @types/whatwg-mimetype@ts3.6 fetched in 137ms
392 silly pacote tag manifest for @types/which@ts3.6 fetched in 107ms
393 http fetch GET 304 https://registry.npmjs.org/@types%2fwhich-boxed-primitive 123ms (from cache)
394 silly registry:manifest no matching version for @types/which-boxed-primitive@ts3.6 in the cache. Forcing revalidation.
395 http fetch GET 304 https://registry.npmjs.org/@types%2fworkbox-sw 95ms (from cache)
396 silly pacote tag manifest for @types/workbox-sw@ts3.6 fetched in 102ms
397 http fetch GET 304 https://registry.npmjs.org/@types%2fwrap-ansi 104ms (from cache)
398 silly pacote tag manifest for @types/wrap-ansi@ts3.6 fetched in 106ms
399 http fetch GET 304 https://registry.npmjs.org/@types%2fwrite-file-atomic 108ms (from cache)
400 silly pacote tag manifest for @types/write-file-atomic@ts3.6 fetched in 111ms
401 http fetch GET 304 https://registry.npmjs.org/@types%2fws 125ms (from cache)
402 silly pacote tag manifest for @types/ws@ts3.6 fetched in 128ms
403 http fetch GET 200 https://registry.npmjs.org/@types%2fwhich-boxed-primitive 138ms
404 silly fetchPackageMetaData error for @types/which-boxed-primitive@ts3.6 No matching version found for @types/which-boxed-primitive@ts3.6.
405 http fetch GET 304 https://registry.npmjs.org/@types%2fxtend 104ms (from cache)
406 silly pacote tag manifest for @types/xtend@ts3.6 fetched in 106ms
407 http fetch GET 304 https://registry.npmjs.org/@types%2fyargs 94ms (from cache)
408 silly pacote tag manifest for @types/yargs@ts3.6 fetched in 100ms
409 http fetch GET 304 https://registry.npmjs.org/@types%2fyallist 133ms (from cache)
410 silly pacote tag manifest for @types/yallist@ts3.6 fetched in 135ms
411 http fetch GET 304 https://registry.npmjs.org/@types%2fyargs-parser 96ms (from cache)
412 silly pacote tag manifest for @types/yargs-parser@ts3.6 fetched in 99ms
413 http fetch GET 304 https://registry.npmjs.org/@types%2fxml-name-validator 600ms (from cache)
414 silly registry:manifest no matching version for @types/xml-name-validator@ts3.6 in the cache. Forcing revalidation.
415 http fetch GET 200 https://registry.npmjs.org/@types%2fxml-name-validator 63ms
416 silly fetchPackageMetaData error for @types/xml-name-validator@ts3.6 No matching version found for @types/xml-name-validator@ts3.6.
417 http fetch GET 304 https://registry.npmjs.org/@types%2fw3c-hr-time 1258ms (from cache)
418 silly pacote tag manifest for @types/w3c-hr-time@ts3.6 fetched in 1260ms
419 http fetch GET 304 https://registry.npmjs.org/@types%2ftmpl 2036ms (from cache)
420 silly registry:manifest no matching version for @types/tmpl@ts3.6 in the cache. Forcing revalidation.
421 http fetch GET 200 https://registry.npmjs.org/@types%2ftmpl 59ms
422 silly fetchPackageMetaData error for @types/tmpl@ts3.6 No matching version found for @types/tmpl@ts3.6.
423 http fetch GET 200 https://registry.npmjs.org/@types%2fto-regex-range 2026ms
424 silly fetchPackageMetaData error for @types/to-regex-range@ts3.6 No matching version found for @types/to-regex-range@ts3.6.
425 http fetch GET 304 https://registry.npmjs.org/@types%2ftype-is 2093ms (from cache)
426 silly pacote tag manifest for @types/type-is@ts3.6 fetched in 2098ms
427 http fetch GET 304 https://registry.npmjs.org/@types%2fwhich-pm-runs 1305ms (from cache)
428 silly pacote tag manifest for @types/which-pm-runs@ts3.6 fetched in 1307ms
429 timing stage:rollbackFailedOptional Completed in 1ms
430 timing stage:runTopLevelLifecycles Completed in 7828ms
431 verbose type tag
432 verbose stack @types/path-browserify: No matching version found for @types/path-browserify@ts3.6.
432 verbose stack     at pickManifest (/usr/local/lib/node_modules/npm/node_modules/npm-pick-manifest/index.js:122:13)
432 verbose stack     at /usr/local/lib/node_modules/npm/node_modules/pacote/lib/fetchers/registry/manifest.js:43:18
432 verbose stack     at tryCatcher (/usr/local/lib/node_modules/npm/node_modules/bluebird/js/release/util.js:16:23)
432 verbose stack     at Promise._settlePromiseFromHandler (/usr/local/lib/node_modules/npm/node_modules/bluebird/js/release/promise.js:517:31)
432 verbose stack     at Promise._settlePromise (/usr/local/lib/node_modules/npm/node_modules/bluebird/js/release/promise.js:574:18)
432 verbose stack     at Promise._settlePromise0 (/usr/local/lib/node_modules/npm/node_modules/bluebird/js/release/promise.js:619:10)
432 verbose stack     at Promise._settlePromises (/usr/local/lib/node_modules/npm/node_modules/bluebird/js/release/promise.js:699:18)
432 verbose stack     at _drainQueueStep (/usr/local/lib/node_modules/npm/node_modules/bluebird/js/release/async.js:138:12)
432 verbose stack     at _drainQueue (/usr/local/lib/node_modules/npm/node_modules/bluebird/js/release/async.js:131:9)
432 verbose stack     at Async._drainQueues (/usr/local/lib/node_modules/npm/node_modules/bluebird/js/release/async.js:147:5)
432 verbose stack     at Immediate.Async.drainQueues [as _onImmediate] (/usr/local/lib/node_modules/npm/node_modules/bluebird/js/release/async.js:17:14)
432 verbose stack     at processImmediate (internal/timers.js:456:21)
433 verbose cwd /home/theia/.cache/typescript/3.6
434 verbose Linux 5.10.16.3-microsoft-standard-WSL2
435 verbose argv "/usr/local/bin/node" "/usr/local/bin/npm" "install" "--ignore-scripts" "@types/media-typer@ts3.6" "@types/memory-fs@ts3.6" "@types/memorystream@ts3.6" "@types/merge-descriptors@ts3.6" "@types/merge-stream@ts3.6" "@types/merge2@ts3.6" "@types/methods@ts3.6" "@types/micromatch@ts3.6" "@types/mime@ts3.6" "@types/mime-db@ts3.6" "@types/mime-types@ts3.6" "@types/min-indent@ts3.6" "@types/minimalistic-assert@ts3.6" "@types/minimatch@ts3.6" "@types/minimist@ts3.6" "@types/minizlib@ts3.6" "@types/mkdirp@ts3.6" "@types/move-concurrently@ts3.6" "@types/ms@ts3.6" "@types/multicast-dns@ts3.6" "@types/natural-compare@ts3.6" "@types/negotiator@ts3.6" "@types/next-tick@ts3.6" "@types/nice-try@ts3.6" "@types/node-forge@ts3.6" "@types/node-int64@ts3.6" "@types/node-notifier@ts3.6" "@types/normalize-package-data@ts3.6" "@types/normalize-path@ts3.6" "@types/num2fraction@ts3.6" "@types/nwsapi@ts3.6" "@types/object-assign@ts3.6" "@types/object-inspect@ts3.6" "@types/object-keys@ts3.6" "@types/object.fromentries@ts3.6" "@types/object.getownpropertydescriptors@ts3.6" "@types/object.pick@ts3.6" "@types/on-finished@ts3.6" "@types/on-headers@ts3.6" "@types/once@ts3.6" "@types/optimize-css-assets-webpack-plugin@ts3.6" "@types/original@ts3.6" "@types/pako@ts3.6" "@types/parallel-transform@ts3.6" "@types/parse-json@ts3.6" "@types/parseurl@ts3.6" "@types/pascalcase@ts3.6" "@types/path-browserify@ts3.6" "@types/path-is-absolute@ts3.6" "@types/path-is-inside@ts3.6" "@types/path-parse@ts3.6" "@types/pbkdf2@ts3.6" "@types/picomatch@ts3.6" "@types/pify@ts3.6" "@types/postcss-flexbugs-fixes@ts3.6" "@types/postcss-gap-properties@ts3.6" "@types/postcss-modules-extract-imports@ts3.6" "@types/postcss-modules-local-by-default@ts3.6" "@types/postcss-modules-scope@ts3.6" "@types/postcss-modules-values@ts3.6" "@types/postcss-normalize@ts3.6" "@types/postcss-preset-env@ts3.6" "@types/postcss-safe-parser@ts3.6" "@types/prelude-ls@ts3.6" "@types/prettier-linter-helpers@ts3.6" "@types/progress@ts3.6" "@types/promise-inflight@ts3.6" "@types/prompts@ts3.6" "@types/prop-types@ts3.6" "@types/proxy-addr@ts3.6" "@types/psl@ts3.6" "@types/pump@ts3.6" "@types/pumpify@ts3.6" "@types/punycode@ts3.6" "@types/q@ts3.6" "@types/qs@ts3.6" "@types/querystringify@ts3.6" "@types/raf@ts3.6" "@types/randombytes@ts3.6" "@types/range-parser@ts3.6" "@types/react-dev-utils@ts3.6" "@types/react-is@ts3.6" "@types/react-refresh@ts3.6" "@types/readable-stream@ts3.6" "@types/recursive-readdir@ts3.6" "@types/regenerate@ts3.6" "@types/regenerator-runtime@ts3.6" "@types/regex-not@ts3.6" "@types/relateurl@ts3.6" "@types/repeat-element@ts3.6" "@types/repeat-string@ts3.6" "@types/require-directory@ts3.6" "@types/require-from-string@ts3.6" "@types/requires-port@ts3.6" "@types/resolve@ts3.6" "@types/retry@ts3.6" "@types/rimraf@ts3.6" "@types/ripemd160@ts3.6" "@types/rsvp@ts3.6" "@types/run-parallel@ts3.6" "@types/safe-regex@ts3.6" "@types/safer-buffer@ts3.6" "@types/sane@ts3.6" "@types/sass-loader@ts3.6" "@types/sax@ts3.6" "@types/scheduler@ts3.6" "@types/selfsigned@ts3.6" "@types/semver@ts3.6" "@types/semver-compare@ts3.6" "@types/send@ts3.6" "@types/serialize-javascript@ts3.6" "@types/serve-index@ts3.6" "@types/serve-static@ts3.6" "@types/set-blocking@ts3.6" "@types/set-value@ts3.6" "@types/setimmediate@ts3.6" "@types/sha.js@ts3.6" "@types/shebang-command@ts3.6" "@types/shell-quote@ts3.6" "@types/signal-exit@ts3.6" "@types/simple-swizzle@ts3.6" "@types/slice-ansi@ts3.6" "@types/sockjs@ts3.6" "@types/sockjs-client@ts3.6" "@types/source-list-map@ts3.6" "@types/source-map-support@ts3.6" "@types/spdx-correct@ts3.6" "@types/spdx-expression-parse@ts3.6" "@types/spdy@ts3.6" "@types/sprintf@ts3.6" "@types/sprintf-js@ts3.6" "@types/ssri@ts3.6" "@types/stack-utils@ts3.6" "@types/statuses@ts3.6" "@types/stream-each@ts3.6" "@types/stream-shift@ts3.6" "@types/strict-uri-encode@ts3.6" "@types/string-natural-compare@ts3.6" "@types/string.prototype.matchall@ts3.6" "@types/stringify-object@ts3.6" "@types/strip-comments@ts3.6" "@types/strip-final-newline@ts3.6" "@types/supports-color@ts3.6" "@types/svg-parser@ts3.6" "@types/symbol-tree@ts3.6" "@types/tapable@ts3.6" "@types/tar@ts3.6" "@types/text-table@ts3.6" "@types/through@ts3.6" "@types/through2@ts3.6" "@types/thunky@ts3.6" "@types/timsort@ts3.6" "@types/tmpl@ts3.6" "@types/to-regex@ts3.6" "@types/to-regex-range@ts3.6" "@types/toidentifier@ts3.6" "@types/tough-cookie@ts3.6" "@types/tr46@ts3.6" "@types/tryer@ts3.6" "@types/type-check@ts3.6" "@types/type-detect@ts3.6" "@types/type-is@ts3.6" "@types/typedarray-to-buffer@ts3.6" "@types/unbox-primitive@ts3.6" "@types/uniq@ts3.6" "@types/universalify@ts3.6" "@types/urix@ts3.6" "@types/url-parse@ts3.6" "@types/util-deprecate@ts3.6" "@types/util.promisify@ts3.6" "@types/utils-merge@ts3.6" "@types/validate-npm-package-license@ts3.6" "@types/vary@ts3.6" "@types/w3c-hr-time@ts3.6" "@types/w3c-xmlserializer@ts3.6" "@types/watchpack@ts3.6" "@types/webidl-conversions@ts3.6" "@types/webpack@ts3.6" "@types/webpack-manifest-plugin@ts3.6" "@types/webpack-sources@ts3.6" "@types/whatwg-encoding@ts3.6" "@types/whatwg-mimetype@ts3.6" "@types/whatwg-url@ts3.6" "@types/which@ts3.6" "@types/which-boxed-primitive@ts3.6" "@types/which-pm-runs@ts3.6" "@types/workbox-sw@ts3.6" "@types/wrap-ansi@ts3.6" "@types/write-file-atomic@ts3.6" "@types/ws@ts3.6" "@types/xml-name-validator@ts3.6" "@types/xtend@ts3.6" "@types/yallist@ts3.6" "@types/yargs@ts3.6" "@types/yargs-parser@ts3.6" "--save-dev" "--user-agent=typesInstaller/3.6.3"
436 verbose node v12.18.3
437 verbose npm  v6.14.6
438 error code ETARGET
439 error notarget No matching version found for @types/path-browserify@ts3.6.
440 error notarget In most cases you or one of your dependencies are requesting
440 error notarget a package version that doesn't exist.
441 verbose exit [ 1, true ]
