0 info it worked if it ends with ok
1 verbose cli [
1 verbose cli   '/usr/local/bin/node',
1 verbose cli   '/usr/local/bin/npm',
1 verbose cli   'install',
1 verbose cli   '--ignore-scripts',
1 verbose cli   '@types/accepts@ts3.6',
1 verbose cli   '@types/argparse@ts3.6',
1 verbose cli   '@types/aria-query@ts3.6',
1 verbose cli   '@types/arr-diff@ts3.6',
1 verbose cli   '@types/arr-union@ts3.6',
1 verbose cli   '@types/array-unique@ts3.6',
1 verbose cli   '@types/array.prototype.flat@ts3.6',
1 verbose cli   '@types/array.prototype.flatmap@ts3.6',
1 verbose cli   '@types/asap@ts3.6',
1 verbose cli   '@types/assert@ts3.6',
1 verbose cli   '@types/async@ts3.6',
1 verbose cli   '@types/atob@ts3.6',
1 verbose cli   '@types/babel-plugin-macros@ts3.6',
1 verbose cli   '@types/babylon@ts3.6',
1 verbose cli   '@types/balanced-match@ts3.6',
1 verbose cli   '@types/big.js@ts3.6',
1 verbose cli   '@types/bluebird@ts3.6',
1 verbose cli   '@types/bn.js@ts3.6',
1 verbose cli   '@types/body-parser@ts3.6',
1 verbose cli   '@types/bonjour@ts3.6',
1 verbose cli   '@types/boolbase@ts3.6',
1 verbose cli   '@types/brace-expansion@ts3.6',
1 verbose cli   '@types/braces@ts3.6',
1 verbose cli   '@types/brorand@ts3.6',
1 verbose cli   '@types/bser@ts3.6',
1 verbose cli   '@types/buffer-from@ts3.6',
1 verbose cli   '@types/buffer-xor@ts3.6',
1 verbose cli   '@types/bytes@ts3.6',
1 verbose cli   '@types/cacache@ts3.6',
1 verbose cli   '@types/call-bind@ts3.6',
1 verbose cli   '@types/caniuse-api@ts3.6',
1 verbose cli   '@types/caniuse-lite@ts3.6',
1 verbose cli   '@types/case-sensitive-paths-webpack-plugin@ts3.6',
1 verbose cli   '@types/check-types@ts3.6',
1 verbose cli   '@types/chownr@ts3.6',
1 verbose cli   '@types/cipher-base@ts3.6',
1 verbose cli   '@types/clean-css@ts3.6',
1 verbose cli   '@types/co@ts3.6',
1 verbose cli   '@types/color@ts3.6',
1 verbose cli   '@types/color-convert@ts3.6',
1 verbose cli   '@types/color-name@ts3.6',
1 verbose cli   '@types/color-string@ts3.6',
1 verbose cli   '@types/combined-stream@ts3.6',
1 verbose cli   '@types/common-tags@ts3.6',
1 verbose cli   '@types/commondir@ts3.6',
1 verbose cli   '@types/component-emitter@ts3.6',
1 verbose cli   '@types/compose-function@ts3.6',
1 verbose cli   '@types/compressible@ts3.6',
1 verbose cli   '@types/compression@ts3.6',
1 verbose cli   '@types/concat-map@ts3.6',
1 verbose cli   '@types/concat-stream@ts3.6',
1 verbose cli   '@types/confusing-browser-globals@ts3.6',
1 verbose cli   '@types/connect-history-api-fallback@ts3.6',
1 verbose cli   '@types/content-disposition@ts3.6',
1 verbose cli   '@types/content-type@ts3.6',
1 verbose cli   '@types/convert-source-map@ts3.6',
1 verbose cli   '@types/cookie@ts3.6',
1 verbose cli   '@types/cookie-signature@ts3.6',
1 verbose cli   '@types/core-js@ts3.6',
1 verbose cli   '@types/create-hash@ts3.6',
1 verbose cli   '@types/create-hmac@ts3.6',
1 verbose cli   '@types/cross-spawn@ts3.6',
1 verbose cli   '@types/css@ts3.6',
1 verbose cli   '@types/css-declaration-sorter@ts3.6',
1 verbose cli   '@types/css-tree@ts3.6',
1 verbose cli   '@types/css.escape@ts3.6',
1 verbose cli   '@types/cssesc@ts3.6',
1 verbose cli   '@types/csso@ts3.6',
1 verbose cli   '@types/cssom@ts3.6',
1 verbose cli   '@types/cssstyle@ts3.6',
1 verbose cli   '@types/damerau-levenshtein@ts3.6',
1 verbose cli   '@types/data-urls@ts3.6',
1 verbose cli   '@types/debug@ts3.6',
1 verbose cli   '@types/decode-uri-component@ts3.6',
1 verbose cli   '@types/dedent@ts3.6',
1 verbose cli   '@types/deep-equal@ts3.6',
1 verbose cli   '@types/default-gateway@ts3.6',
1 verbose cli   '@types/define-properties@ts3.6',
1 verbose cli   '@types/depd@ts3.6',
1 verbose cli   '@types/destroy@ts3.6',
1 verbose cli   '@types/detect-node@ts3.6',
1 verbose cli   '@types/diffie-hellman@ts3.6',
1 verbose cli   '@types/dir-glob@ts3.6',
1 verbose cli   '@types/dns-packet@ts3.6',
1 verbose cli   '@types/dns-txt@ts3.6',
1 verbose cli   '@types/doctrine@ts3.6',
1 verbose cli   '@types/domexception@ts3.6',
1 verbose cli   '@types/domutils@ts3.6',
1 verbose cli   '@types/duplexify@ts3.6',
1 verbose cli   '@types/ee-first@ts3.6',
1 verbose cli   '@types/ejs@ts3.6',
1 verbose cli   '@types/elliptic@ts3.6',
1 verbose cli   '@types/encodeurl@ts3.6',
1 verbose cli   '@types/end-of-stream@ts3.6',
1 verbose cli   '@types/es-abstract@ts3.6',
1 verbose cli   '@types/es-to-primitive@ts3.6',
1 verbose cli   ... 102 more items
1 verbose cli ]
2 info using npm@6.14.6
3 info using node@v12.18.3
4 verbose npm-session 02a2a5c46e7b1d34
5 silly install loadCurrentTree
6 silly install readLocalPackageData
7 http fetch GET 304 https://registry.npmjs.org/@types%2faccepts 612ms (from cache)
8 silly pacote tag manifest for @types/accepts@ts3.6 fetched in 658ms
9 http fetch GET 304 https://registry.npmjs.org/@types%2farray.prototype.flatmap 627ms (from cache)
10 silly pacote tag manifest for @types/array.prototype.flatmap@ts3.6 fetched in 661ms
11 http fetch GET 304 https://registry.npmjs.org/@types%2faria-query 720ms (from cache)
12 silly pacote tag manifest for @types/aria-query@ts3.6 fetched in 743ms
13 http fetch GET 304 https://registry.npmjs.org/@types%2fassert 751ms (from cache)
14 http fetch GET 304 https://registry.npmjs.org/@types%2farr-union 778ms (from cache)
15 http fetch GET 304 https://registry.npmjs.org/@types%2farr-diff 791ms (from cache)
16 silly pacote tag manifest for @types/assert@ts3.6 fetched in 758ms
17 silly pacote tag manifest for @types/arr-union@ts3.6 fetched in 787ms
18 silly pacote tag manifest for @types/arr-diff@ts3.6 fetched in 800ms
19 http fetch GET 304 https://registry.npmjs.org/@types%2fbabylon 105ms (from cache)
20 silly pacote tag manifest for @types/babylon@ts3.6 fetched in 108ms
21 http fetch GET 304 https://registry.npmjs.org/@types%2fbluebird 110ms (from cache)
22 silly pacote tag manifest for @types/bluebird@ts3.6 fetched in 114ms
23 http fetch GET 304 https://registry.npmjs.org/@types%2fbig.js 281ms (from cache)
24 silly pacote tag manifest for @types/big.js@ts3.6 fetched in 283ms
25 http fetch GET 304 https://registry.npmjs.org/@types%2fbn.js 100ms (from cache)
26 silly pacote tag manifest for @types/bn.js@ts3.6 fetched in 103ms
27 http fetch GET 304 https://registry.npmjs.org/@types%2fbody-parser 97ms (from cache)
28 silly pacote tag manifest for @types/body-parser@ts3.6 fetched in 104ms
29 http fetch GET 304 https://registry.npmjs.org/@types%2fboolbase 129ms (from cache)
30 silly pacote tag manifest for @types/boolbase@ts3.6 fetched in 132ms
31 http fetch GET 304 https://registry.npmjs.org/@types%2fbonjour 472ms (from cache)
32 silly pacote tag manifest for @types/bonjour@ts3.6 fetched in 477ms
33 http fetch GET 304 https://registry.npmjs.org/@types%2fbrace-expansion 283ms (from cache)
34 silly pacote tag manifest for @types/brace-expansion@ts3.6 fetched in 290ms
35 http fetch GET 304 https://registry.npmjs.org/@types%2fbrorand 111ms (from cache)
36 silly pacote tag manifest for @types/brorand@ts3.6 fetched in 116ms
37 http fetch GET 304 https://registry.npmjs.org/@types%2fargparse 2406ms (from cache)
38 http fetch GET 304 https://registry.npmjs.org/@types%2farray.prototype.flat 2384ms (from cache)
39 silly pacote tag manifest for @types/argparse@ts3.6 fetched in 2412ms
40 silly pacote tag manifest for @types/array.prototype.flat@ts3.6 fetched in 2410ms
41 http fetch GET 304 https://registry.npmjs.org/@types%2farray-unique 2583ms (from cache)
42 silly pacote tag manifest for @types/array-unique@ts3.6 fetched in 2601ms
43 http fetch GET 304 https://registry.npmjs.org/@types%2fasync 2062ms (from cache)
44 http fetch GET 304 https://registry.npmjs.org/@types%2fbuffer-from 304ms (from cache)
45 silly pacote tag manifest for @types/async@ts3.6 fetched in 2119ms
46 silly pacote tag manifest for @types/buffer-from@ts3.6 fetched in 338ms
47 http fetch GET 304 https://registry.npmjs.org/@types%2fbuffer-xor 473ms (from cache)
48 silly pacote tag manifest for @types/buffer-xor@ts3.6 fetched in 506ms
49 http fetch GET 304 https://registry.npmjs.org/@types%2fatob 2298ms (from cache)
50 silly pacote tag manifest for @types/atob@ts3.6 fetched in 2342ms
51 http fetch GET 304 https://registry.npmjs.org/@types%2fbabel-plugin-macros 2326ms (from cache)
52 http fetch GET 304 https://registry.npmjs.org/@types%2fasap 3058ms (from cache)
53 http fetch GET 304 https://registry.npmjs.org/@types%2fbalanced-match 2284ms (from cache)
54 silly pacote tag manifest for @types/babel-plugin-macros@ts3.6 fetched in 2343ms
55 silly pacote tag manifest for @types/asap@ts3.6 fetched in 3080ms
56 silly pacote tag manifest for @types/balanced-match@ts3.6 fetched in 2308ms
57 http fetch GET 304 https://registry.npmjs.org/@types%2fcall-bind 387ms (from cache)
58 silly registry:manifest no matching version for @types/call-bind@ts3.6 in the cache. Forcing revalidation.
59 http fetch GET 304 https://registry.npmjs.org/@types%2fbytes 593ms (from cache)
60 silly pacote tag manifest for @types/bytes@ts3.6 fetched in 619ms
61 http fetch GET 304 https://registry.npmjs.org/@types%2fcaniuse-api 344ms (from cache)
62 silly pacote tag manifest for @types/caniuse-api@ts3.6 fetched in 356ms
63 http fetch GET 304 https://registry.npmjs.org/@types%2fcaniuse-lite 261ms (from cache)
64 silly pacote tag manifest for @types/caniuse-lite@ts3.6 fetched in 294ms
65 http fetch GET 200 https://registry.npmjs.org/@types%2fcall-bind 287ms
66 silly fetchPackageMetaData error for @types/call-bind@ts3.6 No matching version found for @types/call-bind@ts3.6.
67 http fetch GET 304 https://registry.npmjs.org/@types%2fcheck-types 458ms (from cache)
68 silly pacote tag manifest for @types/check-types@ts3.6 fetched in 463ms
69 http fetch GET 304 https://registry.npmjs.org/@types%2fcacache 847ms (from cache)
70 http fetch GET 304 https://registry.npmjs.org/@types%2fco 268ms (from cache)
71 silly pacote tag manifest for @types/cacache@ts3.6 fetched in 885ms
72 http fetch GET 304 https://registry.npmjs.org/@types%2fcipher-base 384ms (from cache)
73 silly pacote tag manifest for @types/co@ts3.6 fetched in 312ms
74 silly pacote tag manifest for @types/cipher-base@ts3.6 fetched in 428ms
75 http fetch GET 304 https://registry.npmjs.org/@types%2fcolor 326ms (from cache)
76 http fetch GET 304 https://registry.npmjs.org/@types%2fbraces 2197ms (from cache)
77 silly pacote tag manifest for @types/color@ts3.6 fetched in 341ms
78 silly pacote tag manifest for @types/braces@ts3.6 fetched in 2214ms
79 http fetch GET 304 https://registry.npmjs.org/@types%2fbser 2113ms (from cache)
80 silly pacote tag manifest for @types/bser@ts3.6 fetched in 2142ms
81 http fetch GET 304 https://registry.npmjs.org/@types%2fcolor-name 263ms (from cache)
82 silly pacote tag manifest for @types/color-name@ts3.6 fetched in 274ms
83 http fetch GET 304 https://registry.npmjs.org/@types%2fcolor-convert 421ms (from cache)
84 http fetch GET 304 https://registry.npmjs.org/@types%2fcolor-string 342ms (from cache)
85 silly pacote tag manifest for @types/color-convert@ts3.6 fetched in 424ms
86 silly pacote tag manifest for @types/color-string@ts3.6 fetched in 359ms
87 http fetch GET 304 https://registry.npmjs.org/@types%2fcommondir 343ms (from cache)
88 http fetch GET 304 https://registry.npmjs.org/@types%2fcompose-function 250ms (from cache)
89 silly pacote tag manifest for @types/commondir@ts3.6 fetched in 348ms
90 silly pacote tag manifest for @types/compose-function@ts3.6 fetched in 269ms
91 http fetch GET 304 https://registry.npmjs.org/@types%2fcompression 192ms (from cache)
92 silly pacote tag manifest for @types/compression@ts3.6 fetched in 213ms
93 http fetch GET 304 https://registry.npmjs.org/@types%2fcomponent-emitter 386ms (from cache)
94 silly pacote tag manifest for @types/component-emitter@ts3.6 fetched in 389ms
95 http fetch GET 304 https://registry.npmjs.org/@types%2fconcat-map 199ms (from cache)
96 silly pacote tag manifest for @types/concat-map@ts3.6 fetched in 208ms
97 http fetch GET 304 https://registry.npmjs.org/@types%2fconfusing-browser-globals 170ms (from cache)
98 silly pacote tag manifest for @types/confusing-browser-globals@ts3.6 fetched in 202ms
99 http fetch GET 304 https://registry.npmjs.org/@types%2fconcat-stream 260ms (from cache)
100 silly pacote tag manifest for @types/concat-stream@ts3.6 fetched in 277ms
101 http fetch GET 304 https://registry.npmjs.org/@types%2fconnect-history-api-fallback 211ms (from cache)
102 silly pacote tag manifest for @types/connect-history-api-fallback@ts3.6 fetched in 219ms
103 http fetch GET 304 https://registry.npmjs.org/@types%2fcontent-type 135ms (from cache)
104 http fetch GET 304 https://registry.npmjs.org/@types%2fcontent-disposition 192ms (from cache)
105 silly pacote tag manifest for @types/content-type@ts3.6 fetched in 139ms
106 http fetch GET 304 https://registry.npmjs.org/@types%2fconvert-source-map 126ms (from cache)
107 silly pacote tag manifest for @types/content-disposition@ts3.6 fetched in 210ms
108 silly pacote tag manifest for @types/convert-source-map@ts3.6 fetched in 153ms
109 http fetch GET 304 https://registry.npmjs.org/@types%2fcookie 175ms (from cache)
110 http fetch GET 304 https://registry.npmjs.org/@types%2fclean-css 1372ms (from cache)
111 silly pacote tag manifest for @types/cookie@ts3.6 fetched in 190ms
112 silly pacote tag manifest for @types/clean-css@ts3.6 fetched in 1385ms
113 http fetch GET 304 https://registry.npmjs.org/@types%2fcookie-signature 141ms (from cache)
114 silly pacote tag manifest for @types/cookie-signature@ts3.6 fetched in 152ms
115 http fetch GET 304 https://registry.npmjs.org/@types%2fcore-js 160ms (from cache)
116 http fetch GET 304 https://registry.npmjs.org/@types%2fcreate-hash 154ms (from cache)
117 silly pacote tag manifest for @types/core-js@ts3.6 fetched in 168ms
118 silly pacote tag manifest for @types/create-hash@ts3.6 fetched in 161ms
119 http fetch GET 304 https://registry.npmjs.org/@types%2fcss 92ms (from cache)
120 silly pacote tag manifest for @types/css@ts3.6 fetched in 98ms
121 http fetch GET 304 https://registry.npmjs.org/@types%2fcombined-stream 1312ms (from cache)
122 silly pacote tag manifest for @types/combined-stream@ts3.6 fetched in 1316ms
123 http fetch GET 304 https://registry.npmjs.org/@types%2fcommon-tags 1179ms (from cache)
124 silly pacote tag manifest for @types/common-tags@ts3.6 fetched in 1191ms
125 http fetch GET 304 https://registry.npmjs.org/@types%2fcssesc 76ms (from cache)
126 silly pacote tag manifest for @types/cssesc@ts3.6 fetched in 80ms
127 http fetch GET 304 https://registry.npmjs.org/@types%2fcase-sensitive-paths-webpack-plugin 2038ms (from cache)
128 silly pacote tag manifest for @types/case-sensitive-paths-webpack-plugin@ts3.6 fetched in 2040ms
129 http fetch GET 304 https://registry.npmjs.org/@types%2fcssom 96ms (from cache)
130 silly pacote tag manifest for @types/cssom@ts3.6 fetched in 99ms
131 http fetch GET 304 https://registry.npmjs.org/@types%2fchownr 2106ms (from cache)
132 silly pacote tag manifest for @types/chownr@ts3.6 fetched in 2110ms
133 http fetch GET 304 https://registry.npmjs.org/@types%2fdamerau-levenshtein 91ms (from cache)
134 silly pacote tag manifest for @types/damerau-levenshtein@ts3.6 fetched in 95ms
135 http fetch GET 304 https://registry.npmjs.org/@types%2fcss-tree 1256ms (from cache)
136 silly pacote tag manifest for @types/css-tree@ts3.6 fetched in 1260ms
137 http fetch GET 304 https://registry.npmjs.org/@types%2fdecode-uri-component 120ms (from cache)
138 silly pacote tag manifest for @types/decode-uri-component@ts3.6 fetched in 141ms
139 http fetch GET 304 https://registry.npmjs.org/@types%2fcompressible 2189ms (from cache)
140 silly pacote tag manifest for @types/compressible@ts3.6 fetched in 2195ms
141 http fetch GET 304 https://registry.npmjs.org/@types%2fdeep-equal 282ms (from cache)
142 silly pacote tag manifest for @types/deep-equal@ts3.6 fetched in 285ms
143 http fetch GET 304 https://registry.npmjs.org/@types%2fdefault-gateway 129ms (from cache)
144 silly pacote tag manifest for @types/default-gateway@ts3.6 fetched in 133ms
145 http fetch GET 304 https://registry.npmjs.org/@types%2fcross-spawn 1948ms (from cache)
146 silly pacote tag manifest for @types/cross-spawn@ts3.6 fetched in 1955ms
147 http fetch GET 304 https://registry.npmjs.org/@types%2fdata-urls 1413ms (from cache)
148 silly pacote tag manifest for @types/data-urls@ts3.6 fetched in 1416ms
149 http fetch GET 200 https://registry.npmjs.org/@types%2fcss.escape 1897ms
150 silly fetchPackageMetaData error for @types/css.escape@ts3.6 No matching version found for @types/css.escape@ts3.6.
151 http fetch GET 304 https://registry.npmjs.org/@types%2fcreate-hmac 2066ms (from cache)
152 silly pacote tag manifest for @types/create-hmac@ts3.6 fetched in 2072ms
153 http fetch GET 304 https://registry.npmjs.org/@types%2fdepd 114ms (from cache)
154 silly pacote tag manifest for @types/depd@ts3.6 fetched in 124ms
155 http fetch GET 304 https://registry.npmjs.org/@types%2fcss-declaration-sorter 2019ms (from cache)
156 silly pacote tag manifest for @types/css-declaration-sorter@ts3.6 fetched in 2021ms
157 http fetch GET 304 https://registry.npmjs.org/@types%2fdetect-node 85ms (from cache)
158 silly pacote tag manifest for @types/detect-node@ts3.6 fetched in 87ms
159 http fetch GET 304 https://registry.npmjs.org/@types%2fdefine-properties 233ms (from cache)
160 silly pacote tag manifest for @types/define-properties@ts3.6 fetched in 235ms
161 http fetch GET 304 https://registry.npmjs.org/@types%2fdns-packet 101ms (from cache)
162 silly pacote tag manifest for @types/dns-packet@ts3.6 fetched in 104ms
163 http fetch GET 304 https://registry.npmjs.org/@types%2fdestroy 257ms (from cache)
164 silly pacote tag manifest for @types/destroy@ts3.6 fetched in 260ms
165 http fetch GET 304 https://registry.npmjs.org/@types%2fcsso 1932ms (from cache)
166 silly pacote tag manifest for @types/csso@ts3.6 fetched in 1936ms
167 http fetch GET 304 https://registry.npmjs.org/@types%2fdomexception 110ms (from cache)
168 silly pacote tag manifest for @types/domexception@ts3.6 fetched in 116ms
169 http fetch GET 304 https://registry.npmjs.org/@types%2fdiffie-hellman 264ms (from cache)
170 silly pacote tag manifest for @types/diffie-hellman@ts3.6 fetched in 267ms
171 http fetch GET 304 https://registry.npmjs.org/@types%2fduplexify 91ms (from cache)
172 silly pacote tag manifest for @types/duplexify@ts3.6 fetched in 93ms
173 http fetch GET 304 https://registry.npmjs.org/@types%2felliptic 79ms (from cache)
174 silly pacote tag manifest for @types/elliptic@ts3.6 fetched in 83ms
175 http fetch GET 304 https://registry.npmjs.org/@types%2fdedent 962ms (from cache)
176 http fetch GET 304 https://registry.npmjs.org/@types%2fejs 113ms (from cache)
177 silly pacote tag manifest for @types/dedent@ts3.6 fetched in 968ms
178 silly pacote tag manifest for @types/ejs@ts3.6 fetched in 121ms
179 http fetch GET 304 https://registry.npmjs.org/@types%2fcssstyle 2032ms (from cache)
180 silly pacote tag manifest for @types/cssstyle@ts3.6 fetched in 2034ms
181 http fetch GET 304 https://registry.npmjs.org/@types%2fdebug 1955ms (from cache)
182 silly pacote tag manifest for @types/debug@ts3.6 fetched in 1960ms
183 http fetch GET 304 https://registry.npmjs.org/@types%2fescape-html 87ms (from cache)
184 silly pacote tag manifest for @types/escape-html@ts3.6 fetched in 93ms
185 http fetch GET 304 https://registry.npmjs.org/@types%2fdoctrine 478ms (from cache)
186 http fetch GET 304 https://registry.npmjs.org/@types%2fdir-glob 570ms (from cache)
187 silly pacote tag manifest for @types/doctrine@ts3.6 fetched in 483ms
188 silly pacote tag manifest for @types/dir-glob@ts3.6 fetched in 580ms
189 http fetch GET 200 https://registry.npmjs.org/@types%2fdns-txt 581ms
190 silly fetchPackageMetaData error for @types/dns-txt@ts3.6 No matching version found for @types/dns-txt@ts3.6.
191 http fetch GET 304 https://registry.npmjs.org/@types%2fes-abstract 312ms (from cache)
192 silly pacote tag manifest for @types/es-abstract@ts3.6 fetched in 317ms
193 http fetch GET 304 https://registry.npmjs.org/@types%2feslint-scope 119ms (from cache)
194 silly pacote tag manifest for @types/eslint-scope@ts3.6 fetched in 124ms
195 http fetch GET 304 https://registry.npmjs.org/@types%2feslint 132ms (from cache)
196 silly pacote tag manifest for @types/eslint@ts3.6 fetched in 146ms
197 http fetch GET 304 https://registry.npmjs.org/@types%2fesprima 230ms (from cache)
198 silly pacote tag manifest for @types/esprima@ts3.6 fetched in 233ms
199 http fetch GET 304 https://registry.npmjs.org/@types%2fescodegen 542ms (from cache)
200 silly pacote tag manifest for @types/escodegen@ts3.6 fetched in 543ms
201 http fetch GET 304 https://registry.npmjs.org/@types%2fetag 63ms (from cache)
202 silly pacote tag manifest for @types/etag@ts3.6 fetched in 65ms
203 http fetch GET 304 https://registry.npmjs.org/@types%2fevents 61ms (from cache)
204 silly pacote tag manifest for @types/events@ts3.6 fetched in 65ms
205 http fetch GET 304 https://registry.npmjs.org/@types%2fesquery 586ms (from cache)
206 silly pacote tag manifest for @types/esquery@ts3.6 fetched in 589ms
207 http fetch GET 304 https://registry.npmjs.org/@types%2feventsource 92ms (from cache)
208 silly pacote tag manifest for @types/eventsource@ts3.6 fetched in 100ms
209 http fetch GET 304 https://registry.npmjs.org/@types%2fexit 67ms (from cache)
210 silly pacote tag manifest for @types/exit@ts3.6 fetched in 69ms
211 http fetch GET 304 https://registry.npmjs.org/@types%2ffast-levenshtein 59ms (from cache)
212 silly pacote tag manifest for @types/fast-levenshtein@ts3.6 fetched in 60ms
213 http fetch GET 304 https://registry.npmjs.org/@types%2ffb-watchman 59ms (from cache)
214 silly pacote tag manifest for @types/fb-watchman@ts3.6 fetched in 61ms
215 http fetch GET 304 https://registry.npmjs.org/@types%2ffile-loader 59ms (from cache)
216 silly pacote tag manifest for @types/file-loader@ts3.6 fetched in 61ms
217 http fetch GET 200 https://registry.npmjs.org/@types%2ffill-range 65ms
218 silly fetchPackageMetaData error for @types/fill-range@ts3.6 No matching version found for @types/fill-range@ts3.6.
219 http fetch GET 304 https://registry.npmjs.org/@types%2fencodeurl 1235ms (from cache)
220 silly pacote tag manifest for @types/encodeurl@ts3.6 fetched in 1236ms
221 http fetch GET 304 https://registry.npmjs.org/@types%2ffinalhandler 73ms (from cache)
222 silly pacote tag manifest for @types/finalhandler@ts3.6 fetched in 76ms
223 http fetch GET 304 https://registry.npmjs.org/@types%2fend-of-stream 1295ms (from cache)
224 silly pacote tag manifest for @types/end-of-stream@ts3.6 fetched in 1299ms
225 http fetch GET 304 https://registry.npmjs.org/@types%2feslint-utils 1253ms (from cache)
226 silly pacote tag manifest for @types/eslint-utils@ts3.6 fetched in 1255ms
227 http fetch GET 304 https://registry.npmjs.org/@types%2ffile-entry-cache 546ms (from cache)
228 silly pacote tag manifest for @types/file-entry-cache@ts3.6 fetched in 550ms
229 http fetch GET 304 https://registry.npmjs.org/@types%2fforwarded 79ms (from cache)
230 silly pacote tag manifest for @types/forwarded@ts3.6 fetched in 81ms
231 http fetch GET 304 https://registry.npmjs.org/@types%2ffind-cache-dir 551ms (from cache)
232 silly pacote tag manifest for @types/find-cache-dir@ts3.6 fetched in 554ms
233 http fetch GET 304 https://registry.npmjs.org/@types%2fdomutils 2027ms (from cache)
234 http fetch GET 304 https://registry.npmjs.org/@types%2fflat-cache 548ms (from cache)
235 silly pacote tag manifest for @types/domutils@ts3.6 fetched in 2029ms
236 silly pacote tag manifest for @types/flat-cache@ts3.6 fetched in 551ms
237 http fetch GET 304 https://registry.npmjs.org/@types%2ffunction-bind 89ms (from cache)
238 silly pacote tag manifest for @types/function-bind@ts3.6 fetched in 95ms
239 http fetch GET 200 https://registry.npmjs.org/@types%2ffs-minipass 100ms
240 silly fetchPackageMetaData error for @types/fs-minipass@ts3.6 No matching version found for @types/fs-minipass@ts3.6.
241 http fetch GET 304 https://registry.npmjs.org/@types%2fee-first 2053ms (from cache)
242 silly pacote tag manifest for @types/ee-first@ts3.6 fetched in 2055ms
243 http fetch GET 304 https://registry.npmjs.org/@types%2fes-to-primitive 2047ms (from cache)
244 silly pacote tag manifest for @types/es-to-primitive@ts3.6 fetched in 2049ms
245 http fetch GET 200 https://registry.npmjs.org/@types%2fgensync 245ms
246 silly fetchPackageMetaData error for @types/gensync@ts3.6 No matching version found for @types/gensync@ts3.6.
247 http fetch GET 304 https://registry.npmjs.org/@types%2fget-intrinsic 254ms (from cache)
248 silly registry:manifest no matching version for @types/get-intrinsic@ts3.6 in the cache. Forcing revalidation.
249 http fetch GET 304 https://registry.npmjs.org/@types%2fglob 112ms (from cache)
250 silly pacote tag manifest for @types/glob@ts3.6 fetched in 115ms
251 http fetch GET 304 https://registry.npmjs.org/@types%2ffrom2 587ms (from cache)
252 silly pacote tag manifest for @types/from2@ts3.6 fetched in 589ms
253 http fetch GET 304 https://registry.npmjs.org/@types%2festraverse 2090ms (from cache)
254 silly pacote tag manifest for @types/estraverse@ts3.6 fetched in 2093ms
255 http fetch GET 304 https://registry.npmjs.org/@types%2ffunctional-red-black-tree 565ms (from cache)
256 silly pacote tag manifest for @types/functional-red-black-tree@ts3.6 fetched in 566ms
257 http fetch GET 304 https://registry.npmjs.org/@types%2fflush-write-stream 1253ms (from cache)
258 silly pacote tag manifest for @types/flush-write-stream@ts3.6 fetched in 1255ms
259 http fetch GET 304 https://registry.npmjs.org/@types%2fgraceful-fs 223ms (from cache)
260 http fetch GET 304 https://registry.npmjs.org/@types%2fglob-parent 421ms (from cache)
261 silly pacote tag manifest for @types/graceful-fs@ts3.6 fetched in 236ms
262 silly pacote tag manifest for @types/glob-parent@ts3.6 fetched in 434ms
263 http fetch GET 304 https://registry.npmjs.org/@types%2fesutils 2155ms (from cache)
264 silly pacote tag manifest for @types/esutils@ts3.6 fetched in 2196ms
265 http fetch GET 304 https://registry.npmjs.org/@types%2fhas 197ms (from cache)
266 silly pacote tag manifest for @types/has@ts3.6 fetched in 207ms
267 http fetch GET 304 https://registry.npmjs.org/@types%2ffollow-redirects 1285ms (from cache)
268 silly pacote tag manifest for @types/follow-redirects@ts3.6 fetched in 1287ms
269 http fetch GET 200 https://registry.npmjs.org/@types%2fhas-bigints 121ms
270 silly fetchPackageMetaData error for @types/has-bigints@ts3.6 No matching version found for @types/has-bigints@ts3.6.
271 http fetch GET 304 https://registry.npmjs.org/@types%2fhe 124ms (from cache)
272 silly pacote tag manifest for @types/he@ts3.6 fetched in 152ms
273 http fetch GET 304 https://registry.npmjs.org/@types%2ffresh 1325ms (from cache)
274 silly pacote tag manifest for @types/fresh@ts3.6 fetched in 1328ms
275 http fetch GET 304 https://registry.npmjs.org/@types%2fglobal-modules 649ms (from cache)
276 http fetch GET 304 https://registry.npmjs.org/@types%2fhas-symbols 304ms (from cache)
277 silly pacote tag manifest for @types/global-modules@ts3.6 fetched in 654ms
278 silly pacote tag manifest for @types/has-symbols@ts3.6 fetched in 316ms
279 http fetch GET 304 https://registry.npmjs.org/@types%2fhtml-escaper 96ms (from cache)
280 silly pacote tag manifest for @types/html-escaper@ts3.6 fetched in 98ms
281 http fetch GET 304 https://registry.npmjs.org/@types%2fhttp-proxy 120ms (from cache)
282 silly pacote tag manifest for @types/http-proxy@ts3.6 fetched in 128ms
283 http fetch GET 304 https://registry.npmjs.org/@types%2fhttp-errors 295ms (from cache)
284 silly pacote tag manifest for @types/http-errors@ts3.6 fetched in 296ms
285 http fetch GET 304 https://registry.npmjs.org/@types%2fhex-color-regex 590ms (from cache)
286 http fetch GET 304 https://registry.npmjs.org/@types%2fhosted-git-info 566ms (from cache)
287 silly pacote tag manifest for @types/hex-color-regex@ts3.6 fetched in 595ms
288 silly pacote tag manifest for @types/hosted-git-info@ts3.6 fetched in 573ms
289 http fetch GET 304 https://registry.npmjs.org/@types%2fiferr 123ms (from cache)
290 silly pacote tag manifest for @types/iferr@ts3.6 fetched in 126ms
291 http fetch GET 304 https://registry.npmjs.org/@types%2finherits 86ms (from cache)
292 silly pacote tag manifest for @types/inherits@ts3.6 fetched in 87ms
293 http fetch GET 304 https://registry.npmjs.org/@types%2fhtml-minifier-terser 562ms (from cache)
294 silly pacote tag manifest for @types/html-minifier-terser@ts3.6 fetched in 565ms
295 http fetch GET 304 https://registry.npmjs.org/@types%2ficss-utils 544ms (from cache)
296 silly pacote tag manifest for @types/icss-utils@ts3.6 fetched in 546ms
297 http fetch GET 304 https://registry.npmjs.org/@types%2fip 71ms (from cache)
298 silly pacote tag manifest for @types/ip@ts3.6 fetched in 74ms
299 http fetch GET 304 https://registry.npmjs.org/@types%2fimurmurhash 611ms (from cache)
300 silly pacote tag manifest for @types/imurmurhash@ts3.6 fetched in 615ms
301 http fetch GET 304 https://registry.npmjs.org/@types%2fget-value 1999ms (from cache)
302 silly pacote tag manifest for @types/get-value@ts3.6 fetched in 2001ms
303 http fetch GET 304 https://registry.npmjs.org/@types%2fhtml-encoding-sniffer 1225ms (from cache)
304 silly pacote tag manifest for @types/html-encoding-sniffer@ts3.6 fetched in 1226ms
305 http fetch GET 304 https://registry.npmjs.org/@types%2finternal-slot 604ms (from cache)
306 silly pacote tag manifest for @types/internal-slot@ts3.6 fetched in 607ms
307 http fetch GET 304 https://registry.npmjs.org/@types%2fis-buffer 85ms (from cache)
308 silly pacote tag manifest for @types/is-buffer@ts3.6 fetched in 87ms
309 http fetch GET 200 https://registry.npmjs.org/@types%2fget-intrinsic 2093ms
310 silly fetchPackageMetaData error for @types/get-intrinsic@ts3.6 No matching version found for @types/get-intrinsic@ts3.6.
311 http fetch GET 304 https://registry.npmjs.org/@types%2fis-callable 98ms (from cache)
312 silly pacote tag manifest for @types/is-callable@ts3.6 fetched in 100ms
313 http fetch GET 304 https://registry.npmjs.org/@types%2fis-ci 106ms (from cache)
314 silly pacote tag manifest for @types/is-ci@ts3.6 fetched in 116ms
315 http fetch GET 304 https://registry.npmjs.org/@types%2fis-arguments 564ms (from cache)
316 silly pacote tag manifest for @types/is-arguments@ts3.6 fetched in 566ms
317 http fetch GET 200 https://registry.npmjs.org/@types%2fis-data-descriptor 135ms
318 silly fetchPackageMetaData error for @types/is-data-descriptor@ts3.6 No matching version found for @types/is-data-descriptor@ts3.6.
319 http fetch GET 304 https://registry.npmjs.org/@types%2fis-date-object 134ms (from cache)
320 silly pacote tag manifest for @types/is-date-object@ts3.6 fetched in 141ms
321 http fetch GET 304 https://registry.npmjs.org/@types%2fglobal-prefix 2136ms (from cache)
322 silly pacote tag manifest for @types/global-prefix@ts3.6 fetched in 2152ms
323 http fetch GET 304 https://registry.npmjs.org/@types%2fis-glob 231ms (from cache)
324 silly pacote tag manifest for @types/is-glob@ts3.6 fetched in 264ms
325 http fetch GET 304 https://registry.npmjs.org/@types%2fis-core-module 420ms (from cache)
326 http fetch GET 200 https://registry.npmjs.org/@types%2fis-bigint 689ms
327 silly fetchPackageMetaData error for @types/is-bigint@ts3.6 No matching version found for @types/is-bigint@ts3.6.
328 http fetch GET 304 https://registry.npmjs.org/@types%2fis-number 281ms (from cache)
329 silly pacote tag manifest for @types/is-core-module@ts3.6 fetched in 450ms
330 http fetch GET 200 https://registry.npmjs.org/@types%2fimport-local 1329ms
331 silly fetchPackageMetaData error for @types/import-local@ts3.6 No matching version found for @types/import-local@ts3.6.
332 silly pacote tag manifest for @types/is-number@ts3.6 fetched in 302ms
333 http fetch GET 304 https://registry.npmjs.org/@types%2fis-regex 266ms (from cache)
334 silly pacote tag manifest for @types/is-regex@ts3.6 fetched in 268ms
335 http fetch GET 200 https://registry.npmjs.org/@types%2fhas-values 2076ms
336 silly fetchPackageMetaData error for @types/has-values@ts3.6 No matching version found for @types/has-values@ts3.6.
337 http fetch GET 304 https://registry.npmjs.org/@types%2fis-windows 114ms (from cache)
338 silly pacote tag manifest for @types/is-windows@ts3.6 fetched in 116ms
339 http fetch GET 304 https://registry.npmjs.org/@types%2fistanbul-lib-instrument 68ms (from cache)
340 silly pacote tag manifest for @types/istanbul-lib-instrument@ts3.6 fetched in 75ms
341 http fetch GET 304 https://registry.npmjs.org/@types%2fistanbul-lib-report 106ms (from cache)
342 silly pacote tag manifest for @types/istanbul-lib-report@ts3.6 fetched in 112ms
343 http fetch GET 304 https://registry.npmjs.org/@types%2fistanbul-reports 101ms (from cache)
344 silly pacote tag manifest for @types/istanbul-reports@ts3.6 fetched in 102ms
345 http fetch GET 304 https://registry.npmjs.org/@types%2fjs-yaml 91ms (from cache)
346 silly pacote tag manifest for @types/js-yaml@ts3.6 fetched in 94ms
347 http fetch GET 304 https://registry.npmjs.org/@types%2fjsdom 110ms (from cache)
348 silly pacote tag manifest for @types/jsdom@ts3.6 fetched in 114ms
349 http fetch GET 304 https://registry.npmjs.org/@types%2fisexe 595ms (from cache)
350 silly pacote tag manifest for @types/isexe@ts3.6 fetched in 597ms
351 http fetch GET 304 https://registry.npmjs.org/@types%2fistanbul-lib-coverage 595ms (from cache)
352 silly pacote tag manifest for @types/istanbul-lib-coverage@ts3.6 fetched in 606ms
353 http fetch GET 304 https://registry.npmjs.org/@types%2fistanbul-lib-source-maps 576ms (from cache)
354 silly pacote tag manifest for @types/istanbul-lib-source-maps@ts3.6 fetched in 578ms
355 http fetch GET 304 https://registry.npmjs.org/@types%2fini 2006ms (from cache)
356 silly pacote tag manifest for @types/ini@ts3.6 fetched in 2008ms
357 http fetch GET 304 https://registry.npmjs.org/@types%2fjson-parse-better-errors 558ms (from cache)
358 silly pacote tag manifest for @types/json-parse-better-errors@ts3.6 fetched in 559ms
359 http fetch GET 200 https://registry.npmjs.org/@types%2fjson-stable-stringify-without-jsonify 529ms
360 silly fetchPackageMetaData error for @types/json-stable-stringify-without-jsonify@ts3.6 No matching version found for @types/json-stable-stringify-without-jsonify@ts3.6.
361 http fetch GET 304 https://registry.npmjs.org/@types%2fkind-of 64ms (from cache)
362 silly pacote tag manifest for @types/kind-of@ts3.6 fetched in 66ms
363 http fetch GET 304 https://registry.npmjs.org/@types%2fisarray 1247ms (from cache)
364 silly pacote tag manifest for @types/isarray@ts3.6 fetched in 1251ms
365 http fetch GET 200 https://registry.npmjs.org/@types%2flanguage-tags 82ms
366 silly fetchPackageMetaData error for @types/language-tags@ts3.6 No matching version found for @types/language-tags@ts3.6.
367 http fetch GET 304 https://registry.npmjs.org/@types%2floader-utils 85ms (from cache)
368 silly pacote tag manifest for @types/loader-utils@ts3.6 fetched in 87ms
369 http fetch GET 304 https://registry.npmjs.org/@types%2fjson3 601ms (from cache)
370 silly pacote tag manifest for @types/json3@ts3.6 fetched in 605ms
371 http fetch GET 200 https://registry.npmjs.org/@types%2fis-boolean-object 2063ms
372 silly fetchPackageMetaData error for @types/is-boolean-object@ts3.6 No matching version found for @types/is-boolean-object@ts3.6.
373 http fetch GET 304 https://registry.npmjs.org/@types%2flodash.debounce 84ms (from cache)
374 silly pacote tag manifest for @types/lodash.debounce@ts3.6 fetched in 87ms
375 http fetch GET 304 https://registry.npmjs.org/@types%2flodash.merge 107ms (from cache)
376 silly pacote tag manifest for @types/lodash.merge@ts3.6 fetched in 109ms
377 http fetch GET 304 https://registry.npmjs.org/@types%2flodash.truncate 242ms (from cache)
378 silly pacote tag manifest for @types/lodash.truncate@ts3.6 fetched in 247ms
379 http fetch GET 304 https://registry.npmjs.org/@types%2flodash.clonedeep 564ms (from cache)
380 silly pacote tag manifest for @types/lodash.clonedeep@ts3.6 fetched in 574ms
381 http fetch GET 304 https://registry.npmjs.org/@types%2flodash.uniq 90ms (from cache)
382 silly pacote tag manifest for @types/lodash.uniq@ts3.6 fetched in 92ms
383 http fetch GET 200 https://registry.npmjs.org/@types%2fis-string 2053ms
384 silly fetchPackageMetaData error for @types/is-string@ts3.6 No matching version found for @types/is-string@ts3.6.
385 http fetch GET 304 https://registry.npmjs.org/@types%2flodash.memoize 565ms (from cache)
386 silly pacote tag manifest for @types/lodash.memoize@ts3.6 fetched in 566ms
387 http fetch GET 304 https://registry.npmjs.org/@types%2fmedia-typer 77ms (from cache)
388 silly pacote tag manifest for @types/media-typer@ts3.6 fetched in 78ms
389 http fetch GET 304 https://registry.npmjs.org/@types%2fis-typedarray 2058ms (from cache)
390 silly pacote tag manifest for @types/is-typedarray@ts3.6 fetched in 2060ms
391 http fetch GET 200 https://registry.npmjs.org/@types%2fis-symbol 2297ms
392 silly fetchPackageMetaData error for @types/is-symbol@ts3.6 No matching version found for @types/is-symbol@ts3.6.
393 http fetch GET 304 https://registry.npmjs.org/@types%2flz-string 544ms (from cache)
394 silly pacote tag manifest for @types/lz-string@ts3.6 fetched in 545ms
395 http fetch GET 304 https://registry.npmjs.org/@types%2floader-runner 1180ms (from cache)
396 silly pacote tag manifest for @types/loader-runner@ts3.6 fetched in 1181ms
397 http fetch GET 304 https://registry.npmjs.org/@types%2fjsesc 2005ms (from cache)
398 silly pacote tag manifest for @types/jsesc@ts3.6 fetched in 2007ms
399 http fetch GET 304 https://registry.npmjs.org/@types%2flodash.template 1224ms (from cache)
400 silly pacote tag manifest for @types/lodash.template@ts3.6 fetched in 1225ms
401 http fetch GET 304 https://registry.npmjs.org/@types%2fjsonfile 2015ms (from cache)
402 silly pacote tag manifest for @types/jsonfile@ts3.6 fetched in 2017ms
403 timing stage:rollbackFailedOptional Completed in 1ms
404 timing stage:runTopLevelLifecycles Completed in 15238ms
405 verbose type tag
406 verbose stack @types/call-bind: No matching version found for @types/call-bind@ts3.6.
406 verbose stack     at pickManifest (/usr/local/lib/node_modules/npm/node_modules/npm-pick-manifest/index.js:122:13)
406 verbose stack     at /usr/local/lib/node_modules/npm/node_modules/pacote/lib/fetchers/registry/manifest.js:43:18
406 verbose stack     at tryCatcher (/usr/local/lib/node_modules/npm/node_modules/bluebird/js/release/util.js:16:23)
406 verbose stack     at Promise._settlePromiseFromHandler (/usr/local/lib/node_modules/npm/node_modules/bluebird/js/release/promise.js:517:31)
406 verbose stack     at Promise._settlePromise (/usr/local/lib/node_modules/npm/node_modules/bluebird/js/release/promise.js:574:18)
406 verbose stack     at Promise._settlePromise0 (/usr/local/lib/node_modules/npm/node_modules/bluebird/js/release/promise.js:619:10)
406 verbose stack     at Promise._settlePromises (/usr/local/lib/node_modules/npm/node_modules/bluebird/js/release/promise.js:699:18)
406 verbose stack     at _drainQueueStep (/usr/local/lib/node_modules/npm/node_modules/bluebird/js/release/async.js:138:12)
406 verbose stack     at _drainQueue (/usr/local/lib/node_modules/npm/node_modules/bluebird/js/release/async.js:131:9)
406 verbose stack     at Async._drainQueues (/usr/local/lib/node_modules/npm/node_modules/bluebird/js/release/async.js:147:5)
406 verbose stack     at Immediate.Async.drainQueues [as _onImmediate] (/usr/local/lib/node_modules/npm/node_modules/bluebird/js/release/async.js:17:14)
406 verbose stack     at processImmediate (internal/timers.js:456:21)
407 verbose cwd /home/theia/.cache/typescript/3.6
408 verbose Linux 5.10.16.3-microsoft-standard-WSL2
409 verbose argv "/usr/local/bin/node" "/usr/local/bin/npm" "install" "--ignore-scripts" "@types/accepts@ts3.6" "@types/argparse@ts3.6" "@types/aria-query@ts3.6" "@types/arr-diff@ts3.6" "@types/arr-union@ts3.6" "@types/array-unique@ts3.6" "@types/array.prototype.flat@ts3.6" "@types/array.prototype.flatmap@ts3.6" "@types/asap@ts3.6" "@types/assert@ts3.6" "@types/async@ts3.6" "@types/atob@ts3.6" "@types/babel-plugin-macros@ts3.6" "@types/babylon@ts3.6" "@types/balanced-match@ts3.6" "@types/big.js@ts3.6" "@types/bluebird@ts3.6" "@types/bn.js@ts3.6" "@types/body-parser@ts3.6" "@types/bonjour@ts3.6" "@types/boolbase@ts3.6" "@types/brace-expansion@ts3.6" "@types/braces@ts3.6" "@types/brorand@ts3.6" "@types/bser@ts3.6" "@types/buffer-from@ts3.6" "@types/buffer-xor@ts3.6" "@types/bytes@ts3.6" "@types/cacache@ts3.6" "@types/call-bind@ts3.6" "@types/caniuse-api@ts3.6" "@types/caniuse-lite@ts3.6" "@types/case-sensitive-paths-webpack-plugin@ts3.6" "@types/check-types@ts3.6" "@types/chownr@ts3.6" "@types/cipher-base@ts3.6" "@types/clean-css@ts3.6" "@types/co@ts3.6" "@types/color@ts3.6" "@types/color-convert@ts3.6" "@types/color-name@ts3.6" "@types/color-string@ts3.6" "@types/combined-stream@ts3.6" "@types/common-tags@ts3.6" "@types/commondir@ts3.6" "@types/component-emitter@ts3.6" "@types/compose-function@ts3.6" "@types/compressible@ts3.6" "@types/compression@ts3.6" "@types/concat-map@ts3.6" "@types/concat-stream@ts3.6" "@types/confusing-browser-globals@ts3.6" "@types/connect-history-api-fallback@ts3.6" "@types/content-disposition@ts3.6" "@types/content-type@ts3.6" "@types/convert-source-map@ts3.6" "@types/cookie@ts3.6" "@types/cookie-signature@ts3.6" "@types/core-js@ts3.6" "@types/create-hash@ts3.6" "@types/create-hmac@ts3.6" "@types/cross-spawn@ts3.6" "@types/css@ts3.6" "@types/css-declaration-sorter@ts3.6" "@types/css-tree@ts3.6" "@types/css.escape@ts3.6" "@types/cssesc@ts3.6" "@types/csso@ts3.6" "@types/cssom@ts3.6" "@types/cssstyle@ts3.6" "@types/damerau-levenshtein@ts3.6" "@types/data-urls@ts3.6" "@types/debug@ts3.6" "@types/decode-uri-component@ts3.6" "@types/dedent@ts3.6" "@types/deep-equal@ts3.6" "@types/default-gateway@ts3.6" "@types/define-properties@ts3.6" "@types/depd@ts3.6" "@types/destroy@ts3.6" "@types/detect-node@ts3.6" "@types/diffie-hellman@ts3.6" "@types/dir-glob@ts3.6" "@types/dns-packet@ts3.6" "@types/dns-txt@ts3.6" "@types/doctrine@ts3.6" "@types/domexception@ts3.6" "@types/domutils@ts3.6" "@types/duplexify@ts3.6" "@types/ee-first@ts3.6" "@types/ejs@ts3.6" "@types/elliptic@ts3.6" "@types/encodeurl@ts3.6" "@types/end-of-stream@ts3.6" "@types/es-abstract@ts3.6" "@types/es-to-primitive@ts3.6" "@types/escape-html@ts3.6" "@types/escodegen@ts3.6" "@types/eslint@ts3.6" "@types/eslint-scope@ts3.6" "@types/eslint-utils@ts3.6" "@types/esprima@ts3.6" "@types/esquery@ts3.6" "@types/estraverse@ts3.6" "@types/esutils@ts3.6" "@types/etag@ts3.6" "@types/events@ts3.6" "@types/eventsource@ts3.6" "@types/exit@ts3.6" "@types/fast-levenshtein@ts3.6" "@types/fb-watchman@ts3.6" "@types/file-entry-cache@ts3.6" "@types/file-loader@ts3.6" "@types/fill-range@ts3.6" "@types/finalhandler@ts3.6" "@types/find-cache-dir@ts3.6" "@types/flat-cache@ts3.6" "@types/flush-write-stream@ts3.6" "@types/follow-redirects@ts3.6" "@types/forwarded@ts3.6" "@types/fresh@ts3.6" "@types/from2@ts3.6" "@types/fs-minipass@ts3.6" "@types/function-bind@ts3.6" "@types/functional-red-black-tree@ts3.6" "@types/gensync@ts3.6" "@types/get-intrinsic@ts3.6" "@types/get-value@ts3.6" "@types/glob@ts3.6" "@types/glob-parent@ts3.6" "@types/global-modules@ts3.6" "@types/global-prefix@ts3.6" "@types/graceful-fs@ts3.6" "@types/has@ts3.6" "@types/has-bigints@ts3.6" "@types/has-symbols@ts3.6" "@types/has-values@ts3.6" "@types/he@ts3.6" "@types/hex-color-regex@ts3.6" "@types/hosted-git-info@ts3.6" "@types/html-encoding-sniffer@ts3.6" "@types/html-escaper@ts3.6" "@types/html-minifier-terser@ts3.6" "@types/http-errors@ts3.6" "@types/http-proxy@ts3.6" "@types/icss-utils@ts3.6" "@types/iferr@ts3.6" "@types/import-local@ts3.6" "@types/imurmurhash@ts3.6" "@types/inherits@ts3.6" "@types/ini@ts3.6" "@types/internal-slot@ts3.6" "@types/ip@ts3.6" "@types/is-arguments@ts3.6" "@types/is-bigint@ts3.6" "@types/is-boolean-object@ts3.6" "@types/is-buffer@ts3.6" "@types/is-callable@ts3.6" "@types/is-ci@ts3.6" "@types/is-core-module@ts3.6" "@types/is-data-descriptor@ts3.6" "@types/is-date-object@ts3.6" "@types/is-glob@ts3.6" "@types/is-number@ts3.6" "@types/is-regex@ts3.6" "@types/is-string@ts3.6" "@types/is-symbol@ts3.6" "@types/is-typedarray@ts3.6" "@types/is-windows@ts3.6" "@types/isarray@ts3.6" "@types/isexe@ts3.6" "@types/istanbul-lib-coverage@ts3.6" "@types/istanbul-lib-instrument@ts3.6" "@types/istanbul-lib-report@ts3.6" "@types/istanbul-lib-source-maps@ts3.6" "@types/istanbul-reports@ts3.6" "@types/js-yaml@ts3.6" "@types/jsdom@ts3.6" "@types/jsesc@ts3.6" "@types/json-parse-better-errors@ts3.6" "@types/json-stable-stringify-without-jsonify@ts3.6" "@types/json3@ts3.6" "@types/jsonfile@ts3.6" "@types/kind-of@ts3.6" "@types/language-tags@ts3.6" "@types/loader-runner@ts3.6" "@types/loader-utils@ts3.6" "@types/lodash.clonedeep@ts3.6" "@types/lodash.debounce@ts3.6" "@types/lodash.memoize@ts3.6" "@types/lodash.merge@ts3.6" "@types/lodash.template@ts3.6" "@types/lodash.truncate@ts3.6" "@types/lodash.uniq@ts3.6" "@types/lz-string@ts3.6" "@types/media-typer@ts3.6" "--save-dev" "--user-agent=typesInstaller/3.6.3"
410 verbose node v12.18.3
411 verbose npm  v6.14.6
412 error code ETARGET
413 error notarget No matching version found for @types/call-bind@ts3.6.
414 error notarget In most cases you or one of your dependencies are requesting
414 error notarget a package version that doesn't exist.
415 verbose exit [ 1, true ]
