0 info it worked if it ends with ok
1 verbose cli [
1 verbose cli   '/usr/local/bin/node',
1 verbose cli   '/usr/local/bin/npm',
1 verbose cli   'install',
1 verbose cli   '--ignore-scripts',
1 verbose cli   '@types/media-typer@ts3.6',
1 verbose cli   '@types/memory-fs@ts3.6',
1 verbose cli   '@types/memorystream@ts3.6',
1 verbose cli   '@types/merge-descriptors@ts3.6',
1 verbose cli   '@types/merge-stream@ts3.6',
1 verbose cli   '@types/merge2@ts3.6',
1 verbose cli   '@types/methods@ts3.6',
1 verbose cli   '@types/micromatch@ts3.6',
1 verbose cli   '@types/mime@ts3.6',
1 verbose cli   '@types/mime-db@ts3.6',
1 verbose cli   '@types/mime-types@ts3.6',
1 verbose cli   '@types/min-indent@ts3.6',
1 verbose cli   '@types/minimalistic-assert@ts3.6',
1 verbose cli   '@types/minimatch@ts3.6',
1 verbose cli   '@types/minimist@ts3.6',
1 verbose cli   '@types/minizlib@ts3.6',
1 verbose cli   '@types/mkdirp@ts3.6',
1 verbose cli   '@types/move-concurrently@ts3.6',
1 verbose cli   '@types/ms@ts3.6',
1 verbose cli   '@types/multicast-dns@ts3.6',
1 verbose cli   '@types/natural-compare@ts3.6',
1 verbose cli   '@types/negotiator@ts3.6',
1 verbose cli   '@types/next-tick@ts3.6',
1 verbose cli   '@types/nice-try@ts3.6',
1 verbose cli   '@types/node-forge@ts3.6',
1 verbose cli   '@types/node-int64@ts3.6',
1 verbose cli   '@types/node-notifier@ts3.6',
1 verbose cli   '@types/normalize-package-data@ts3.6',
1 verbose cli   '@types/normalize-path@ts3.6',
1 verbose cli   '@types/num2fraction@ts3.6',
1 verbose cli   '@types/nwsapi@ts3.6',
1 verbose cli   '@types/object-assign@ts3.6',
1 verbose cli   '@types/object-inspect@ts3.6',
1 verbose cli   '@types/object-keys@ts3.6',
1 verbose cli   '@types/object.fromentries@ts3.6',
1 verbose cli   '@types/object.getownpropertydescriptors@ts3.6',
1 verbose cli   '@types/object.pick@ts3.6',
1 verbose cli   '@types/on-finished@ts3.6',
1 verbose cli   '@types/on-headers@ts3.6',
1 verbose cli   '@types/once@ts3.6',
1 verbose cli   '@types/optimize-css-assets-webpack-plugin@ts3.6',
1 verbose cli   '@types/pako@ts3.6',
1 verbose cli   '@types/parallel-transform@ts3.6',
1 verbose cli   '@types/parse-json@ts3.6',
1 verbose cli   '@types/parseurl@ts3.6',
1 verbose cli   '@types/pascalcase@ts3.6',
1 verbose cli   '@types/path-browserify@ts3.6',
1 verbose cli   '@types/path-is-absolute@ts3.6',
1 verbose cli   '@types/path-is-inside@ts3.6',
1 verbose cli   '@types/path-parse@ts3.6',
1 verbose cli   '@types/pbkdf2@ts3.6',
1 verbose cli   '@types/picomatch@ts3.6',
1 verbose cli   '@types/pify@ts3.6',
1 verbose cli   '@types/postcss-flexbugs-fixes@ts3.6',
1 verbose cli   '@types/postcss-gap-properties@ts3.6',
1 verbose cli   '@types/postcss-modules-extract-imports@ts3.6',
1 verbose cli   '@types/postcss-modules-local-by-default@ts3.6',
1 verbose cli   '@types/postcss-modules-scope@ts3.6',
1 verbose cli   '@types/postcss-modules-values@ts3.6',
1 verbose cli   '@types/postcss-normalize@ts3.6',
1 verbose cli   '@types/postcss-preset-env@ts3.6',
1 verbose cli   '@types/postcss-safe-parser@ts3.6',
1 verbose cli   '@types/prelude-ls@ts3.6',
1 verbose cli   '@types/prettier-linter-helpers@ts3.6',
1 verbose cli   '@types/progress@ts3.6',
1 verbose cli   '@types/promise-inflight@ts3.6',
1 verbose cli   '@types/prompts@ts3.6',
1 verbose cli   '@types/prop-types@ts3.6',
1 verbose cli   '@types/proxy-addr@ts3.6',
1 verbose cli   '@types/psl@ts3.6',
1 verbose cli   '@types/pump@ts3.6',
1 verbose cli   '@types/pumpify@ts3.6',
1 verbose cli   '@types/punycode@ts3.6',
1 verbose cli   '@types/q@ts3.6',
1 verbose cli   '@types/qs@ts3.6',
1 verbose cli   '@types/querystringify@ts3.6',
1 verbose cli   '@types/raf@ts3.6',
1 verbose cli   '@types/randombytes@ts3.6',
1 verbose cli   '@types/range-parser@ts3.6',
1 verbose cli   '@types/react-dev-utils@ts3.6',
1 verbose cli   '@types/react-is@ts3.6',
1 verbose cli   '@types/react-refresh@ts3.6',
1 verbose cli   '@types/readable-stream@ts3.6',
1 verbose cli   '@types/recursive-readdir@ts3.6',
1 verbose cli   '@types/regenerate@ts3.6',
1 verbose cli   '@types/regenerator-runtime@ts3.6',
1 verbose cli   '@types/regex-not@ts3.6',
1 verbose cli   '@types/relateurl@ts3.6',
1 verbose cli   '@types/repeat-element@ts3.6',
1 verbose cli   '@types/repeat-string@ts3.6',
1 verbose cli   '@types/require-directory@ts3.6',
1 verbose cli   '@types/require-from-string@ts3.6',
1 verbose cli   '@types/requires-port@ts3.6',
1 verbose cli   '@types/resolve@ts3.6',
1 verbose cli   '@types/retry@ts3.6',
1 verbose cli   '@types/rimraf@ts3.6',
1 verbose cli   ... 102 more items
1 verbose cli ]
2 info using npm@6.14.6
3 info using node@v12.18.3
4 verbose npm-session c2d161d9b05ceeaa
5 silly install loadCurrentTree
6 silly install readLocalPackageData
7 http fetch GET 304 https://registry.npmjs.org/@types%2fmemory-fs 1678ms (from cache)
8 http fetch GET 304 https://registry.npmjs.org/@types%2fmedia-typer 1699ms (from cache)
9 http fetch GET 304 https://registry.npmjs.org/@types%2fmicromatch 1658ms (from cache)
10 http fetch GET 304 https://registry.npmjs.org/@types%2fmethods 1661ms (from cache)
11 http fetch GET 304 https://registry.npmjs.org/@types%2fmemorystream 1695ms (from cache)
12 http fetch GET 304 https://registry.npmjs.org/@types%2fmime-db 1661ms (from cache)
13 http fetch GET 304 https://registry.npmjs.org/@types%2fmerge-descriptors 1718ms (from cache)
14 http fetch GET 304 https://registry.npmjs.org/@types%2fmime 1685ms (from cache)
15 http fetch GET 304 https://registry.npmjs.org/@types%2fmerge-stream 1717ms (from cache)
16 http fetch GET 304 https://registry.npmjs.org/@types%2fmerge2 1701ms (from cache)
17 silly pacote tag manifest for @types/media-typer@ts3.6 fetched in 1783ms
18 silly pacote tag manifest for @types/memory-fs@ts3.6 fetched in 1750ms
19 silly pacote tag manifest for @types/micromatch@ts3.6 fetched in 1713ms
20 silly pacote tag manifest for @types/memorystream@ts3.6 fetched in 1770ms
21 silly pacote tag manifest for @types/methods@ts3.6 fetched in 1740ms
22 silly pacote tag manifest for @types/mime-db@ts3.6 fetched in 1726ms
23 silly pacote tag manifest for @types/merge2@ts3.6 fetched in 1757ms
24 silly pacote tag manifest for @types/merge-descriptors@ts3.6 fetched in 1775ms
25 silly pacote tag manifest for @types/mime@ts3.6 fetched in 1746ms
26 silly pacote tag manifest for @types/merge-stream@ts3.6 fetched in 1779ms
27 http fetch GET 304 https://registry.npmjs.org/@types%2fmime-types 550ms (from cache)
28 http fetch GET 304 https://registry.npmjs.org/@types%2fminimalistic-assert 554ms (from cache)
29 http fetch GET 304 https://registry.npmjs.org/@types%2fminimist 542ms (from cache)
30 http fetch GET 304 https://registry.npmjs.org/@types%2fmin-indent 560ms (from cache)
31 http fetch GET 304 https://registry.npmjs.org/@types%2fminizlib 564ms (from cache)
32 silly pacote tag manifest for @types/mime-types@ts3.6 fetched in 630ms
33 silly pacote tag manifest for @types/minimist@ts3.6 fetched in 607ms
34 silly pacote tag manifest for @types/min-indent@ts3.6 fetched in 632ms
35 silly pacote tag manifest for @types/minimalistic-assert@ts3.6 fetched in 648ms
36 http fetch GET 304 https://registry.npmjs.org/@types%2fmove-concurrently 622ms (from cache)
37 silly pacote tag manifest for @types/minizlib@ts3.6 fetched in 638ms
38 http fetch GET 304 https://registry.npmjs.org/@types%2fmulticast-dns 629ms (from cache)
39 http fetch GET 304 https://registry.npmjs.org/@types%2fms 631ms (from cache)
40 http fetch GET 304 https://registry.npmjs.org/@types%2fmkdirp 639ms (from cache)
41 silly pacote tag manifest for @types/move-concurrently@ts3.6 fetched in 672ms
42 silly pacote tag manifest for @types/multicast-dns@ts3.6 fetched in 682ms
43 silly pacote tag manifest for @types/mkdirp@ts3.6 fetched in 696ms
44 silly pacote tag manifest for @types/ms@ts3.6 fetched in 690ms
45 http fetch GET 304 https://registry.npmjs.org/@types%2fnice-try 402ms (from cache)
46 http fetch GET 304 https://registry.npmjs.org/@types%2fnext-tick 435ms (from cache)
47 http fetch GET 304 https://registry.npmjs.org/@types%2fnatural-compare 455ms (from cache)
48 http fetch GET 304 https://registry.npmjs.org/@types%2fnode-int64 365ms (from cache)
49 http fetch GET 304 https://registry.npmjs.org/@types%2fnode-notifier 363ms (from cache)
50 http fetch GET 304 https://registry.npmjs.org/@types%2fnormalize-package-data 354ms (from cache)
51 silly pacote tag manifest for @types/nice-try@ts3.6 fetched in 436ms
52 silly pacote tag manifest for @types/next-tick@ts3.6 fetched in 468ms
53 silly pacote tag manifest for @types/natural-compare@ts3.6 fetched in 475ms
54 http fetch GET 304 https://registry.npmjs.org/@types%2fnode-forge 449ms (from cache)
55 http fetch GET 304 https://registry.npmjs.org/@types%2fnormalize-path 373ms (from cache)
56 silly pacote tag manifest for @types/node-int64@ts3.6 fetched in 398ms
57 silly pacote tag manifest for @types/normalize-package-data@ts3.6 fetched in 384ms
58 silly pacote tag manifest for @types/node-notifier@ts3.6 fetched in 397ms
59 silly pacote tag manifest for @types/node-forge@ts3.6 fetched in 476ms
60 silly pacote tag manifest for @types/normalize-path@ts3.6 fetched in 430ms
61 http fetch GET 304 https://registry.npmjs.org/@types%2fobject-assign 440ms (from cache)
62 http fetch GET 304 https://registry.npmjs.org/@types%2fnum2fraction 451ms (from cache)
63 http fetch GET 304 https://registry.npmjs.org/@types%2fnwsapi 450ms (from cache)
64 http fetch GET 304 https://registry.npmjs.org/@types%2fobject-keys 435ms (from cache)
65 http fetch GET 304 https://registry.npmjs.org/@types%2fobject-inspect 450ms (from cache)
66 http fetch GET 304 https://registry.npmjs.org/@types%2fobject.getownpropertydescriptors 458ms (from cache)
67 http fetch GET 304 https://registry.npmjs.org/@types%2fobject.fromentries 493ms (from cache)
68 silly pacote tag manifest for @types/nwsapi@ts3.6 fetched in 515ms
69 silly pacote tag manifest for @types/object-keys@ts3.6 fetched in 505ms
70 silly pacote tag manifest for @types/object-assign@ts3.6 fetched in 530ms
71 silly pacote tag manifest for @types/num2fraction@ts3.6 fetched in 538ms
72 silly pacote tag manifest for @types/object-inspect@ts3.6 fetched in 518ms
73 http fetch GET 304 https://registry.npmjs.org/@types%2fminimatch 1629ms (from cache)
74 silly pacote tag manifest for @types/object.getownpropertydescriptors@ts3.6 fetched in 518ms
75 http fetch GET 304 https://registry.npmjs.org/@types%2fobject.pick 492ms (from cache)
76 silly pacote tag manifest for @types/object.fromentries@ts3.6 fetched in 537ms
77 silly pacote tag manifest for @types/minimatch@ts3.6 fetched in 1683ms
78 silly pacote tag manifest for @types/object.pick@ts3.6 fetched in 563ms
79 http fetch GET 304 https://registry.npmjs.org/@types%2fpako 245ms (from cache)
80 http fetch GET 304 https://registry.npmjs.org/@types%2fon-headers 261ms (from cache)
81 http fetch GET 304 https://registry.npmjs.org/@types%2fon-finished 289ms (from cache)
82 http fetch GET 304 https://registry.npmjs.org/@types%2foptimize-css-assets-webpack-plugin 276ms (from cache)
83 silly pacote tag manifest for @types/pako@ts3.6 fetched in 278ms
84 silly pacote tag manifest for @types/on-headers@ts3.6 fetched in 296ms
85 http fetch GET 304 https://registry.npmjs.org/@types%2fonce 293ms (from cache)
86 silly pacote tag manifest for @types/on-finished@ts3.6 fetched in 312ms
87 silly pacote tag manifest for @types/optimize-css-assets-webpack-plugin@ts3.6 fetched in 308ms
88 silly pacote tag manifest for @types/once@ts3.6 fetched in 345ms
89 http fetch GET 304 https://registry.npmjs.org/@types%2fparallel-transform 377ms (from cache)
90 http fetch GET 304 https://registry.npmjs.org/@types%2fpascalcase 307ms (from cache)
91 http fetch GET 304 https://registry.npmjs.org/@types%2fparse-json 381ms (from cache)
92 http fetch GET 304 https://registry.npmjs.org/@types%2fparseurl 352ms (from cache)
93 silly pacote tag manifest for @types/parallel-transform@ts3.6 fetched in 397ms
94 silly pacote tag manifest for @types/pascalcase@ts3.6 fetched in 321ms
95 silly pacote tag manifest for @types/parse-json@ts3.6 fetched in 393ms
96 silly pacote tag manifest for @types/parseurl@ts3.6 fetched in 367ms
97 http fetch GET 304 https://registry.npmjs.org/@types%2fnegotiator 1456ms (from cache)
98 silly pacote tag manifest for @types/negotiator@ts3.6 fetched in 1507ms
99 http fetch GET 304 https://registry.npmjs.org/@types%2fpath-is-absolute 258ms (from cache)
100 http fetch GET 304 https://registry.npmjs.org/@types%2fpath-is-inside 255ms (from cache)
101 http fetch GET 304 https://registry.npmjs.org/@types%2fpath-browserify 269ms (from cache)
102 silly registry:manifest no matching version for @types/path-browserify@ts3.6 in the cache. Forcing revalidation.
103 silly pacote tag manifest for @types/path-is-inside@ts3.6 fetched in 299ms
104 silly pacote tag manifest for @types/path-is-absolute@ts3.6 fetched in 304ms
105 http fetch GET 304 https://registry.npmjs.org/@types%2fpath-parse 335ms (from cache)
106 silly pacote tag manifest for @types/path-parse@ts3.6 fetched in 387ms
107 http fetch GET 304 https://registry.npmjs.org/@types%2fpify 284ms (from cache)
108 http fetch GET 304 https://registry.npmjs.org/@types%2fpicomatch 288ms (from cache)
109 http fetch GET 304 https://registry.npmjs.org/@types%2fpostcss-gap-properties 278ms (from cache)
110 http fetch GET 304 https://registry.npmjs.org/@types%2fpbkdf2 366ms (from cache)
111 http fetch GET 304 https://registry.npmjs.org/@types%2fpostcss-flexbugs-fixes 291ms (from cache)
112 silly pacote tag manifest for @types/pify@ts3.6 fetched in 316ms
113 silly pacote tag manifest for @types/picomatch@ts3.6 fetched in 321ms
114 silly pacote tag manifest for @types/postcss-gap-properties@ts3.6 fetched in 309ms
115 silly pacote tag manifest for @types/pbkdf2@ts3.6 fetched in 401ms
116 silly pacote tag manifest for @types/postcss-flexbugs-fixes@ts3.6 fetched in 324ms
117 http fetch GET 304 https://registry.npmjs.org/@types%2fpostcss-modules-extract-imports 256ms (from cache)
118 http fetch GET 200 https://registry.npmjs.org/@types%2fpath-browserify 213ms
119 silly fetchPackageMetaData error for @types/path-browserify@ts3.6 No matching version found for @types/path-browserify@ts3.6.
120 silly pacote tag manifest for @types/postcss-modules-extract-imports@ts3.6 fetched in 349ms
121 http fetch GET 304 https://registry.npmjs.org/@types%2fpostcss-modules-scope 320ms (from cache)
122 http fetch GET 304 https://registry.npmjs.org/@types%2fpostcss-modules-local-by-default 326ms (from cache)
123 silly pacote tag manifest for @types/postcss-modules-scope@ts3.6 fetched in 337ms
124 silly pacote tag manifest for @types/postcss-modules-local-by-default@ts3.6 fetched in 341ms
125 http fetch GET 304 https://registry.npmjs.org/@types%2fpostcss-modules-values 242ms (from cache)
126 silly pacote tag manifest for @types/postcss-modules-values@ts3.6 fetched in 264ms
127 http fetch GET 304 https://registry.npmjs.org/@types%2fprelude-ls 385ms (from cache)
128 http fetch GET 304 https://registry.npmjs.org/@types%2fprogress 354ms (from cache)
129 http fetch GET 304 https://registry.npmjs.org/@types%2fpostcss-preset-env 408ms (from cache)
130 http fetch GET 304 https://registry.npmjs.org/@types%2fprettier-linter-helpers 398ms (from cache)
131 silly registry:manifest no matching version for @types/postcss-preset-env@ts3.6 in the cache. Forcing revalidation.
132 http fetch GET 304 https://registry.npmjs.org/@types%2fpromise-inflight 305ms (from cache)
133 http fetch GET 304 https://registry.npmjs.org/@types%2fpostcss-safe-parser 412ms (from cache)
134 http fetch GET 304 https://registry.npmjs.org/@types%2fpostcss-normalize 432ms (from cache)
135 silly pacote tag manifest for @types/prelude-ls@ts3.6 fetched in 417ms
136 silly pacote tag manifest for @types/progress@ts3.6 fetched in 384ms
137 silly pacote tag manifest for @types/prettier-linter-helpers@ts3.6 fetched in 443ms
138 silly pacote tag manifest for @types/promise-inflight@ts3.6 fetched in 348ms
139 http fetch GET 304 https://registry.npmjs.org/@types%2fprompts 280ms (from cache)
140 silly pacote tag manifest for @types/postcss-normalize@ts3.6 fetched in 480ms
141 silly pacote tag manifest for @types/postcss-safe-parser@ts3.6 fetched in 474ms
142 silly pacote tag manifest for @types/prompts@ts3.6 fetched in 353ms
143 http fetch GET 304 https://registry.npmjs.org/@types%2fproxy-addr 416ms (from cache)
144 silly pacote tag manifest for @types/proxy-addr@ts3.6 fetched in 448ms
145 http fetch GET 304 https://registry.npmjs.org/@types%2fprop-types 561ms (from cache)
146 silly pacote tag manifest for @types/prop-types@ts3.6 fetched in 619ms
147 http fetch GET 304 https://registry.npmjs.org/@types%2fpump 423ms (from cache)
148 http fetch GET 304 https://registry.npmjs.org/@types%2fpsl 490ms (from cache)
149 http fetch GET 304 https://registry.npmjs.org/@types%2fpumpify 465ms (from cache)
150 silly pacote tag manifest for @types/pump@ts3.6 fetched in 505ms
151 http fetch GET 304 https://registry.npmjs.org/@types%2fpunycode 502ms (from cache)
152 http fetch GET 304 https://registry.npmjs.org/@types%2fq 494ms (from cache)
153 http fetch GET 304 https://registry.npmjs.org/@types%2fqs 504ms (from cache)
154 silly pacote tag manifest for @types/pumpify@ts3.6 fetched in 535ms
155 http fetch GET 304 https://registry.npmjs.org/@types%2fquerystringify 460ms (from cache)
156 silly pacote tag manifest for @types/psl@ts3.6 fetched in 577ms
157 silly pacote tag manifest for @types/punycode@ts3.6 fetched in 564ms
158 silly pacote tag manifest for @types/qs@ts3.6 fetched in 565ms
159 silly pacote tag manifest for @types/q@ts3.6 fetched in 584ms
160 silly pacote tag manifest for @types/querystringify@ts3.6 fetched in 559ms
161 http fetch GET 304 https://registry.npmjs.org/@types%2fraf 531ms (from cache)
162 silly pacote tag manifest for @types/raf@ts3.6 fetched in 565ms
163 http fetch GET 304 https://registry.npmjs.org/@types%2frange-parser 315ms (from cache)
164 http fetch GET 304 https://registry.npmjs.org/@types%2frandombytes 433ms (from cache)
165 silly pacote tag manifest for @types/randombytes@ts3.6 fetched in 469ms
166 silly pacote tag manifest for @types/range-parser@ts3.6 fetched in 367ms
167 http fetch GET 304 https://registry.npmjs.org/@types%2freact-dev-utils 441ms (from cache)
168 http fetch GET 304 https://registry.npmjs.org/@types%2freact-is 442ms (from cache)
169 http fetch GET 304 https://registry.npmjs.org/@types%2freact-refresh 454ms (from cache)
170 silly registry:manifest no matching version for @types/react-refresh@ts3.6 in the cache. Forcing revalidation.
171 silly pacote tag manifest for @types/react-is@ts3.6 fetched in 499ms
172 http fetch GET 304 https://registry.npmjs.org/@types%2frecursive-readdir 449ms (from cache)
173 http fetch GET 304 https://registry.npmjs.org/@types%2freadable-stream 496ms (from cache)
174 silly pacote tag manifest for @types/react-dev-utils@ts3.6 fetched in 549ms
175 silly pacote tag manifest for @types/recursive-readdir@ts3.6 fetched in 496ms
176 silly pacote tag manifest for @types/readable-stream@ts3.6 fetched in 542ms
177 http fetch GET 304 https://registry.npmjs.org/@types%2fregenerate 518ms (from cache)
178 http fetch GET 304 https://registry.npmjs.org/@types%2fregenerator-runtime 400ms (from cache)
179 silly registry:manifest no matching version for @types/regenerate@ts3.6 in the cache. Forcing revalidation.
180 http fetch GET 304 https://registry.npmjs.org/@types%2fregex-not 394ms (from cache)
181 silly registry:manifest no matching version for @types/regex-not@ts3.6 in the cache. Forcing revalidation.
182 http fetch GET 304 https://registry.npmjs.org/@types%2frelateurl 394ms (from cache)
183 silly pacote tag manifest for @types/regenerator-runtime@ts3.6 fetched in 464ms
184 silly pacote tag manifest for @types/relateurl@ts3.6 fetched in 420ms
185 http fetch GET 200 https://registry.npmjs.org/@types%2freact-refresh 363ms
186 http fetch GET 200 https://registry.npmjs.org/@types%2fpostcss-preset-env 1441ms
187 silly fetchPackageMetaData error for @types/react-refresh@ts3.6 No matching version found for @types/react-refresh@ts3.6.
188 silly fetchPackageMetaData error for @types/postcss-preset-env@ts3.6 No matching version found for @types/postcss-preset-env@ts3.6.
189 http fetch GET 304 https://registry.npmjs.org/@types%2frepeat-element 423ms (from cache)
190 silly pacote tag manifest for @types/repeat-element@ts3.6 fetched in 505ms
191 http fetch GET 304 https://registry.npmjs.org/@types%2frequire-from-string 470ms (from cache)
192 http fetch GET 304 https://registry.npmjs.org/@types%2frequire-directory 499ms (from cache)
193 http fetch GET 200 https://registry.npmjs.org/@types%2fregenerate 422ms
194 silly fetchPackageMetaData error for @types/regenerate@ts3.6 No matching version found for @types/regenerate@ts3.6.
195 silly pacote tag manifest for @types/require-from-string@ts3.6 fetched in 503ms
196 silly pacote tag manifest for @types/require-directory@ts3.6 fetched in 543ms
197 http fetch GET 304 https://registry.npmjs.org/@types%2frepeat-string 571ms (from cache)
198 silly pacote tag manifest for @types/repeat-string@ts3.6 fetched in 608ms
199 http fetch GET 304 https://registry.npmjs.org/@types%2fresolve 440ms (from cache)
200 http fetch GET 304 https://registry.npmjs.org/@types%2frequires-port 484ms (from cache)
201 silly pacote tag manifest for @types/resolve@ts3.6 fetched in 490ms
202 http fetch GET 304 https://registry.npmjs.org/@types%2frimraf 351ms (from cache)
203 http fetch GET 304 https://registry.npmjs.org/@types%2fretry 363ms (from cache)
204 silly pacote tag manifest for @types/requires-port@ts3.6 fetched in 541ms
205 silly pacote tag manifest for @types/rimraf@ts3.6 fetched in 408ms
206 silly pacote tag manifest for @types/retry@ts3.6 fetched in 414ms
207 http fetch GET 304 https://registry.npmjs.org/@types%2fripemd160 345ms (from cache)
208 silly pacote tag manifest for @types/ripemd160@ts3.6 fetched in 387ms
209 http fetch GET 304 https://registry.npmjs.org/@types%2fsafe-regex 312ms (from cache)
210 http fetch GET 304 https://registry.npmjs.org/@types%2frsvp 364ms (from cache)
211 http fetch GET 304 https://registry.npmjs.org/@types%2frun-parallel 334ms (from cache)
212 silly pacote tag manifest for @types/safe-regex@ts3.6 fetched in 341ms
213 silly pacote tag manifest for @types/rsvp@ts3.6 fetched in 395ms
214 silly pacote tag manifest for @types/run-parallel@ts3.6 fetched in 375ms
215 http fetch GET 304 https://registry.npmjs.org/@types%2fsafer-buffer 258ms (from cache)
216 http fetch GET 304 https://registry.npmjs.org/@types%2fsafe-regex-test 337ms (from cache)
217 silly registry:manifest no matching version for @types/safe-regex-test@ts3.6 in the cache. Forcing revalidation.
218 silly pacote tag manifest for @types/safer-buffer@ts3.6 fetched in 298ms
219 http fetch GET 304 https://registry.npmjs.org/@types%2fsane 307ms (from cache)
220 http fetch GET 304 https://registry.npmjs.org/@types%2fsass-loader 271ms (from cache)
221 silly pacote tag manifest for @types/sane@ts3.6 fetched in 328ms
222 silly pacote tag manifest for @types/sass-loader@ts3.6 fetched in 291ms
223 http fetch GET 304 https://registry.npmjs.org/@types%2fscheduler 209ms (from cache)
224 silly pacote tag manifest for @types/scheduler@ts3.6 fetched in 247ms
225 http fetch GET 304 https://registry.npmjs.org/@types%2fselfsigned 267ms (from cache)
226 silly registry:manifest no matching version for @types/selfsigned@ts3.6 in the cache. Forcing revalidation.
227 http fetch GET 304 https://registry.npmjs.org/@types%2fsemver 261ms (from cache)
228 http fetch GET 200 https://registry.npmjs.org/@types%2fsafe-regex-test 247ms
229 silly fetchPackageMetaData error for @types/safe-regex-test@ts3.6 No matching version found for @types/safe-regex-test@ts3.6.
230 http fetch GET 304 https://registry.npmjs.org/@types%2fsemver-compare 304ms (from cache)
231 silly pacote tag manifest for @types/semver@ts3.6 fetched in 373ms
232 silly pacote tag manifest for @types/semver-compare@ts3.6 fetched in 369ms
233 http fetch GET 304 https://registry.npmjs.org/@types%2fsend 328ms (from cache)
234 silly pacote tag manifest for @types/send@ts3.6 fetched in 378ms
235 http fetch GET 304 https://registry.npmjs.org/@types%2fserialize-javascript 407ms (from cache)
236 silly pacote tag manifest for @types/serialize-javascript@ts3.6 fetched in 445ms
237 http fetch GET 304 https://registry.npmjs.org/@types%2fserve-index 459ms (from cache)
238 http fetch GET 304 https://registry.npmjs.org/@types%2fserve-static 389ms (from cache)
239 http fetch GET 200 https://registry.npmjs.org/@types%2fselfsigned 364ms
240 silly pacote tag manifest for @types/serve-index@ts3.6 fetched in 516ms
241 silly pacote tag manifest for @types/serve-static@ts3.6 fetched in 438ms
242 silly fetchPackageMetaData error for @types/selfsigned@ts3.6 No matching version found for @types/selfsigned@ts3.6.
243 http fetch GET 304 https://registry.npmjs.org/@types%2fsetimmediate 368ms (from cache)
244 http fetch GET 304 https://registry.npmjs.org/@types%2fset-blocking 452ms (from cache)
245 silly registry:manifest no matching version for @types/set-blocking@ts3.6 in the cache. Forcing revalidation.
246 http fetch GET 304 https://registry.npmjs.org/@types%2fset-value 385ms (from cache)
247 silly pacote tag manifest for @types/setimmediate@ts3.6 fetched in 415ms
248 silly pacote tag manifest for @types/set-value@ts3.6 fetched in 434ms
249 http fetch GET 304 https://registry.npmjs.org/@types%2fsha.js 441ms (from cache)
250 http fetch GET 304 https://registry.npmjs.org/@types%2fshebang-command 369ms (from cache)
251 http fetch GET 304 https://registry.npmjs.org/@types%2fshell-quote 302ms (from cache)
252 http fetch GET 304 https://registry.npmjs.org/@types%2fsignal-exit 305ms (from cache)
253 silly pacote tag manifest for @types/sha.js@ts3.6 fetched in 512ms
254 silly pacote tag manifest for @types/shebang-command@ts3.6 fetched in 401ms
255 silly pacote tag manifest for @types/signal-exit@ts3.6 fetched in 329ms
256 silly pacote tag manifest for @types/shell-quote@ts3.6 fetched in 331ms
257 http fetch GET 304 https://registry.npmjs.org/@types%2fsimple-swizzle 370ms (from cache)
258 silly registry:manifest no matching version for @types/simple-swizzle@ts3.6 in the cache. Forcing revalidation.
259 http fetch GET 304 https://registry.npmjs.org/@types%2fslice-ansi 324ms (from cache)
260 http fetch GET 304 https://registry.npmjs.org/@types%2fsockjs 321ms (from cache)
261 silly pacote tag manifest for @types/slice-ansi@ts3.6 fetched in 381ms
262 silly pacote tag manifest for @types/sockjs@ts3.6 fetched in 383ms
263 http fetch GET 304 https://registry.npmjs.org/@types%2fspdx-correct 333ms (from cache)
264 http fetch GET 304 https://registry.npmjs.org/@types%2fsource-map-support 337ms (from cache)
265 http fetch GET 200 https://registry.npmjs.org/@types%2fsimple-swizzle 297ms
266 silly fetchPackageMetaData error for @types/simple-swizzle@ts3.6 No matching version found for @types/simple-swizzle@ts3.6.
267 http fetch GET 304 https://registry.npmjs.org/@types%2fsockjs-client 373ms (from cache)
268 silly pacote tag manifest for @types/spdx-correct@ts3.6 fetched in 369ms
269 silly pacote tag manifest for @types/source-map-support@ts3.6 fetched in 383ms
270 silly pacote tag manifest for @types/sockjs-client@ts3.6 fetched in 422ms
271 http fetch GET 304 https://registry.npmjs.org/@types%2fsource-list-map 421ms (from cache)
272 silly pacote tag manifest for @types/source-list-map@ts3.6 fetched in 474ms
273 http fetch GET 200 https://registry.npmjs.org/@types%2fregex-not 2244ms
274 silly fetchPackageMetaData error for @types/regex-not@ts3.6 No matching version found for @types/regex-not@ts3.6.
275 http fetch GET 304 https://registry.npmjs.org/@types%2fspdx-expression-parse 323ms (from cache)
276 http fetch GET 304 https://registry.npmjs.org/@types%2fspdy 370ms (from cache)
277 silly pacote tag manifest for @types/spdx-expression-parse@ts3.6 fetched in 407ms
278 silly pacote tag manifest for @types/spdy@ts3.6 fetched in 434ms
279 http fetch GET 304 https://registry.npmjs.org/@types%2fsprintf-js 375ms (from cache)
280 http fetch GET 304 https://registry.npmjs.org/@types%2fsprintf 391ms (from cache)
281 silly pacote tag manifest for @types/sprintf@ts3.6 fetched in 408ms
282 http fetch GET 304 https://registry.npmjs.org/@types%2fstack-utils 346ms (from cache)
283 silly pacote tag manifest for @types/sprintf-js@ts3.6 fetched in 404ms
284 silly pacote tag manifest for @types/stack-utils@ts3.6 fetched in 381ms
285 http fetch GET 304 https://registry.npmjs.org/@types%2fstatuses 373ms (from cache)
286 http fetch GET 304 https://registry.npmjs.org/@types%2fstream-each 334ms (from cache)
287 silly pacote tag manifest for @types/stream-each@ts3.6 fetched in 364ms
288 silly pacote tag manifest for @types/statuses@ts3.6 fetched in 409ms
289 http fetch GET 304 https://registry.npmjs.org/@types%2fstream-shift 343ms (from cache)
290 silly pacote tag manifest for @types/stream-shift@ts3.6 fetched in 359ms
291 http fetch GET 304 https://registry.npmjs.org/@types%2fstrict-uri-encode 327ms (from cache)
292 http fetch GET 304 https://registry.npmjs.org/@types%2fsax 2135ms (from cache)
293 silly pacote tag manifest for @types/strict-uri-encode@ts3.6 fetched in 360ms
294 silly pacote tag manifest for @types/sax@ts3.6 fetched in 2192ms
295 http fetch GET 304 https://registry.npmjs.org/@types%2fstring.prototype.matchall 312ms (from cache)
296 http fetch GET 304 https://registry.npmjs.org/@types%2fstring-natural-compare 329ms (from cache)
297 http fetch GET 304 https://registry.npmjs.org/@types%2fstringify-object 307ms (from cache)
298 silly pacote tag manifest for @types/stringify-object@ts3.6 fetched in 360ms
299 silly pacote tag manifest for @types/string-natural-compare@ts3.6 fetched in 384ms
300 silly pacote tag manifest for @types/string.prototype.matchall@ts3.6 fetched in 384ms
301 http fetch GET 200 https://registry.npmjs.org/@types%2fset-blocking 1435ms
302 silly fetchPackageMetaData error for @types/set-blocking@ts3.6 No matching version found for @types/set-blocking@ts3.6.
303 http fetch GET 304 https://registry.npmjs.org/@types%2fstrip-final-newline 361ms (from cache)
304 http fetch GET 304 https://registry.npmjs.org/@types%2fstrip-comments 366ms (from cache)
305 silly pacote tag manifest for @types/strip-final-newline@ts3.6 fetched in 396ms
306 silly pacote tag manifest for @types/strip-comments@ts3.6 fetched in 411ms
307 http fetch GET 304 https://registry.npmjs.org/@types%2fsupports-color 315ms (from cache)
308 http fetch GET 304 https://registry.npmjs.org/@types%2fsvg-parser 289ms (from cache)
309 silly pacote tag manifest for @types/supports-color@ts3.6 fetched in 358ms
310 silly pacote tag manifest for @types/svg-parser@ts3.6 fetched in 318ms
311 http fetch GET 304 https://registry.npmjs.org/@types%2fsymbol-tree 307ms (from cache)
312 silly pacote tag manifest for @types/symbol-tree@ts3.6 fetched in 330ms
313 http fetch GET 304 https://registry.npmjs.org/@types%2ftext-table 248ms (from cache)
314 http fetch GET 304 https://registry.npmjs.org/@types%2ftar 254ms (from cache)
315 silly pacote tag manifest for @types/tar@ts3.6 fetched in 264ms
316 silly pacote tag manifest for @types/text-table@ts3.6 fetched in 296ms
317 http fetch GET 304 https://registry.npmjs.org/@types%2fthrough 342ms (from cache)
318 http fetch GET 304 https://registry.npmjs.org/@types%2fthrough2 311ms (from cache)
319 http fetch GET 304 https://registry.npmjs.org/@types%2fthunky 297ms (from cache)
320 http fetch GET 304 https://registry.npmjs.org/@types%2ftimsort 259ms (from cache)
321 http fetch GET 304 https://registry.npmjs.org/@types%2ftapable 445ms (from cache)
322 silly pacote tag manifest for @types/through2@ts3.6 fetched in 333ms
323 silly pacote tag manifest for @types/thunky@ts3.6 fetched in 319ms
324 silly pacote tag manifest for @types/through@ts3.6 fetched in 372ms
325 http fetch GET 304 https://registry.npmjs.org/@types%2ftmpl 263ms (from cache)
326 silly registry:manifest no matching version for @types/tmpl@ts3.6 in the cache. Forcing revalidation.
327 silly pacote tag manifest for @types/timsort@ts3.6 fetched in 303ms
328 http fetch GET 304 https://registry.npmjs.org/@types%2fto-regex 268ms (from cache)
329 silly pacote tag manifest for @types/tapable@ts3.6 fetched in 521ms
330 silly registry:manifest no matching version for @types/to-regex@ts3.6 in the cache. Forcing revalidation.
331 http fetch GET 200 https://registry.npmjs.org/@types%2ftoidentifier 278ms
332 silly fetchPackageMetaData error for @types/toidentifier@ts3.6 No matching version found for @types/toidentifier@ts3.6.
333 http fetch GET 304 https://registry.npmjs.org/@types%2ftryer 161ms (from cache)
334 silly pacote tag manifest for @types/tryer@ts3.6 fetched in 170ms
335 http fetch GET 200 https://registry.npmjs.org/@types%2ftmpl 230ms
336 http fetch GET 200 https://registry.npmjs.org/@types%2fto-regex 172ms
337 silly fetchPackageMetaData error for @types/tmpl@ts3.6 No matching version found for @types/tmpl@ts3.6.
338 silly fetchPackageMetaData error for @types/to-regex@ts3.6 No matching version found for @types/to-regex@ts3.6.
339 http fetch GET 304 https://registry.npmjs.org/@types%2ftough-cookie 290ms (from cache)
340 http fetch GET 304 https://registry.npmjs.org/@types%2ftr46 323ms (from cache)
341 silly registry:manifest no matching version for @types/tr46@ts3.6 in the cache. Forcing revalidation.
342 http fetch GET 304 https://registry.npmjs.org/@types%2ftype-check 300ms (from cache)
343 silly pacote tag manifest for @types/tough-cookie@ts3.6 fetched in 367ms
344 http fetch GET 304 https://registry.npmjs.org/@types%2ftype-detect 300ms (from cache)
345 silly pacote tag manifest for @types/type-check@ts3.6 fetched in 338ms
346 silly pacote tag manifest for @types/type-detect@ts3.6 fetched in 319ms
347 http fetch GET 304 https://registry.npmjs.org/@types%2ftype-is 307ms (from cache)
348 http fetch GET 304 https://registry.npmjs.org/@types%2ftypedarray-to-buffer 278ms (from cache)
349 silly registry:manifest no matching version for @types/typedarray-to-buffer@ts3.6 in the cache. Forcing revalidation.
350 silly pacote tag manifest for @types/type-is@ts3.6 fetched in 346ms
351 http fetch GET 304 https://registry.npmjs.org/@types%2funiq 332ms (from cache)
352 silly pacote tag manifest for @types/uniq@ts3.6 fetched in 346ms
353 http fetch GET 304 https://registry.npmjs.org/@types%2furix 298ms (from cache)
354 http fetch GET 304 https://registry.npmjs.org/@types%2funiversalify 323ms (from cache)
355 http fetch GET 304 https://registry.npmjs.org/@types%2furl-parse 303ms (from cache)
356 silly pacote tag manifest for @types/urix@ts3.6 fetched in 330ms
357 silly pacote tag manifest for @types/universalify@ts3.6 fetched in 355ms
358 silly pacote tag manifest for @types/url-parse@ts3.6 fetched in 332ms
359 http fetch GET 304 https://registry.npmjs.org/@types%2futil-deprecate 295ms (from cache)
360 silly pacote tag manifest for @types/util-deprecate@ts3.6 fetched in 359ms
361 http fetch GET 304 https://registry.npmjs.org/@types%2futil.promisify 291ms (from cache)
362 silly pacote tag manifest for @types/util.promisify@ts3.6 fetched in 308ms
363 http fetch GET 304 https://registry.npmjs.org/@types%2fvary 251ms (from cache)
364 http fetch GET 304 https://registry.npmjs.org/@types%2fvalidate-npm-package-license 377ms (from cache)
365 http fetch GET 304 https://registry.npmjs.org/@types%2fssri 2329ms (from cache)
366 http fetch GET 304 https://registry.npmjs.org/@types%2fuuid 380ms (from cache)
367 silly pacote tag manifest for @types/validate-npm-package-license@ts3.6 fetched in 406ms
368 silly pacote tag manifest for @types/vary@ts3.6 fetched in 297ms
369 silly pacote tag manifest for @types/uuid@ts3.6 fetched in 425ms
370 silly pacote tag manifest for @types/ssri@ts3.6 fetched in 2376ms
371 http fetch GET 200 https://registry.npmjs.org/@types%2ftypedarray-to-buffer 769ms
372 silly fetchPackageMetaData error for @types/typedarray-to-buffer@ts3.6 No matching version found for @types/typedarray-to-buffer@ts3.6.
373 http fetch GET 304 https://registry.npmjs.org/@types%2fw3c-hr-time 328ms (from cache)
374 http fetch GET 304 https://registry.npmjs.org/@types%2futils-merge 559ms (from cache)
375 silly pacote tag manifest for @types/w3c-hr-time@ts3.6 fetched in 362ms
376 silly pacote tag manifest for @types/utils-merge@ts3.6 fetched in 588ms
377 http fetch GET 304 https://registry.npmjs.org/@types%2fw3c-xmlserializer 228ms (from cache)
378 silly pacote tag manifest for @types/w3c-xmlserializer@ts3.6 fetched in 260ms
379 http fetch GET 304 https://registry.npmjs.org/@types%2fwatchpack 364ms (from cache)
380 http fetch GET 304 https://registry.npmjs.org/@types%2fwebpack-sources 243ms (from cache)
381 silly pacote tag manifest for @types/watchpack@ts3.6 fetched in 404ms
382 http fetch GET 304 https://registry.npmjs.org/@types%2fwebpack-manifest-plugin 307ms (from cache)
383 http fetch GET 304 https://registry.npmjs.org/@types%2fwebidl-conversions 402ms (from cache)
384 silly pacote tag manifest for @types/webpack-sources@ts3.6 fetched in 275ms
385 http fetch GET 304 https://registry.npmjs.org/@types%2fwebpack 426ms (from cache)
386 silly pacote tag manifest for @types/webpack-manifest-plugin@ts3.6 fetched in 351ms
387 silly pacote tag manifest for @types/webidl-conversions@ts3.6 fetched in 449ms
388 silly pacote tag manifest for @types/webpack@ts3.6 fetched in 452ms
389 http fetch GET 304 https://registry.npmjs.org/@types%2fwhatwg-mimetype 283ms (from cache)
390 silly pacote tag manifest for @types/whatwg-mimetype@ts3.6 fetched in 292ms
391 http fetch GET 200 https://registry.npmjs.org/@types%2ftr46 1450ms
392 silly fetchPackageMetaData error for @types/tr46@ts3.6 No matching version found for @types/tr46@ts3.6.
393 http fetch GET 304 https://registry.npmjs.org/@types%2fwhatwg-url 259ms (from cache)
394 silly pacote tag manifest for @types/whatwg-url@ts3.6 fetched in 345ms
395 http fetch GET 304 https://registry.npmjs.org/@types%2fworkbox-sw 323ms (from cache)
396 http fetch GET 304 https://registry.npmjs.org/@types%2fwhich-pm-runs 340ms (from cache)
397 http fetch GET 304 https://registry.npmjs.org/@types%2fto-regex-range 2128ms (from cache)
398 http fetch GET 304 https://registry.npmjs.org/@types%2fwhich-boxed-primitive 347ms (from cache)
399 silly registry:manifest no matching version for @types/to-regex-range@ts3.6 in the cache. Forcing revalidation.
400 silly registry:manifest no matching version for @types/which-boxed-primitive@ts3.6 in the cache. Forcing revalidation.
401 http fetch GET 304 https://registry.npmjs.org/@types%2fwhich 394ms (from cache)
402 silly pacote tag manifest for @types/workbox-sw@ts3.6 fetched in 361ms
403 silly pacote tag manifest for @types/which-pm-runs@ts3.6 fetched in 370ms
404 http fetch GET 304 https://registry.npmjs.org/@types%2fwrap-ansi 294ms (from cache)
405 silly pacote tag manifest for @types/which@ts3.6 fetched in 426ms
406 silly pacote tag manifest for @types/wrap-ansi@ts3.6 fetched in 326ms
407 http fetch GET 304 https://registry.npmjs.org/@types%2fwrite-file-atomic 310ms (from cache)
408 silly pacote tag manifest for @types/write-file-atomic@ts3.6 fetched in 325ms
409 http fetch GET 304 https://registry.npmjs.org/@types%2fxtend 248ms (from cache)
410 http fetch GET 304 https://registry.npmjs.org/@types%2fxml-name-validator 255ms (from cache)
411 silly registry:manifest no matching version for @types/xml-name-validator@ts3.6 in the cache. Forcing revalidation.
412 http fetch GET 304 https://registry.npmjs.org/@types%2fws 350ms (from cache)
413 http fetch GET 304 https://registry.npmjs.org/@types%2fyargs 223ms (from cache)
414 silly pacote tag manifest for @types/xtend@ts3.6 fetched in 314ms
415 silly pacote tag manifest for @types/ws@ts3.6 fetched in 399ms
416 silly pacote tag manifest for @types/yargs@ts3.6 fetched in 270ms
417 http fetch GET 304 https://registry.npmjs.org/@types%2funbox-primitive 2083ms (from cache)
418 http fetch GET 304 https://registry.npmjs.org/@types%2fyargs-parser 234ms (from cache)
419 silly registry:manifest no matching version for @types/unbox-primitive@ts3.6 in the cache. Forcing revalidation.
420 http fetch GET 200 https://registry.npmjs.org/@types%2fwhich-boxed-primitive 433ms
421 silly fetchPackageMetaData error for @types/which-boxed-primitive@ts3.6 No matching version found for @types/which-boxed-primitive@ts3.6.
422 silly pacote tag manifest for @types/yargs-parser@ts3.6 fetched in 278ms
423 http fetch GET 200 https://registry.npmjs.org/@types%2fxml-name-validator 191ms
424 silly fetchPackageMetaData error for @types/xml-name-validator@ts3.6 No matching version found for @types/xml-name-validator@ts3.6.
425 http fetch GET 304 https://registry.npmjs.org/@types%2fwhatwg-encoding 1328ms (from cache)
426 silly pacote tag manifest for @types/whatwg-encoding@ts3.6 fetched in 1334ms
427 http fetch GET 200 https://registry.npmjs.org/@types%2fto-regex-range 1363ms
428 silly fetchPackageMetaData error for @types/to-regex-range@ts3.6 No matching version found for @types/to-regex-range@ts3.6.
429 http fetch GET 304 https://registry.npmjs.org/@types%2fyallist 2177ms (from cache)
430 silly pacote tag manifest for @types/yallist@ts3.6 fetched in 2235ms
431 http fetch GET 200 https://registry.npmjs.org/@types%2funbox-primitive 2338ms
432 silly fetchPackageMetaData error for @types/unbox-primitive@ts3.6 No matching version found for @types/unbox-primitive@ts3.6.
433 timing stage:rollbackFailedOptional Completed in 1ms
434 timing stage:runTopLevelLifecycles Completed in 15028ms
435 verbose type tag
436 verbose stack @types/path-browserify: No matching version found for @types/path-browserify@ts3.6.
436 verbose stack     at pickManifest (/usr/local/lib/node_modules/npm/node_modules/npm-pick-manifest/index.js:122:13)
436 verbose stack     at /usr/local/lib/node_modules/npm/node_modules/pacote/lib/fetchers/registry/manifest.js:43:18
436 verbose stack     at tryCatcher (/usr/local/lib/node_modules/npm/node_modules/bluebird/js/release/util.js:16:23)
436 verbose stack     at Promise._settlePromiseFromHandler (/usr/local/lib/node_modules/npm/node_modules/bluebird/js/release/promise.js:517:31)
436 verbose stack     at Promise._settlePromise (/usr/local/lib/node_modules/npm/node_modules/bluebird/js/release/promise.js:574:18)
436 verbose stack     at Promise._settlePromise0 (/usr/local/lib/node_modules/npm/node_modules/bluebird/js/release/promise.js:619:10)
436 verbose stack     at Promise._settlePromises (/usr/local/lib/node_modules/npm/node_modules/bluebird/js/release/promise.js:699:18)
436 verbose stack     at _drainQueueStep (/usr/local/lib/node_modules/npm/node_modules/bluebird/js/release/async.js:138:12)
436 verbose stack     at _drainQueue (/usr/local/lib/node_modules/npm/node_modules/bluebird/js/release/async.js:131:9)
436 verbose stack     at Async._drainQueues (/usr/local/lib/node_modules/npm/node_modules/bluebird/js/release/async.js:147:5)
436 verbose stack     at Immediate.Async.drainQueues [as _onImmediate] (/usr/local/lib/node_modules/npm/node_modules/bluebird/js/release/async.js:17:14)
436 verbose stack     at processImmediate (internal/timers.js:456:21)
437 verbose cwd /home/theia/.cache/typescript/3.6
438 verbose Linux 5.10.16.3-microsoft-standard-WSL2
439 verbose argv "/usr/local/bin/node" "/usr/local/bin/npm" "install" "--ignore-scripts" "@types/media-typer@ts3.6" "@types/memory-fs@ts3.6" "@types/memorystream@ts3.6" "@types/merge-descriptors@ts3.6" "@types/merge-stream@ts3.6" "@types/merge2@ts3.6" "@types/methods@ts3.6" "@types/micromatch@ts3.6" "@types/mime@ts3.6" "@types/mime-db@ts3.6" "@types/mime-types@ts3.6" "@types/min-indent@ts3.6" "@types/minimalistic-assert@ts3.6" "@types/minimatch@ts3.6" "@types/minimist@ts3.6" "@types/minizlib@ts3.6" "@types/mkdirp@ts3.6" "@types/move-concurrently@ts3.6" "@types/ms@ts3.6" "@types/multicast-dns@ts3.6" "@types/natural-compare@ts3.6" "@types/negotiator@ts3.6" "@types/next-tick@ts3.6" "@types/nice-try@ts3.6" "@types/node-forge@ts3.6" "@types/node-int64@ts3.6" "@types/node-notifier@ts3.6" "@types/normalize-package-data@ts3.6" "@types/normalize-path@ts3.6" "@types/num2fraction@ts3.6" "@types/nwsapi@ts3.6" "@types/object-assign@ts3.6" "@types/object-inspect@ts3.6" "@types/object-keys@ts3.6" "@types/object.fromentries@ts3.6" "@types/object.getownpropertydescriptors@ts3.6" "@types/object.pick@ts3.6" "@types/on-finished@ts3.6" "@types/on-headers@ts3.6" "@types/once@ts3.6" "@types/optimize-css-assets-webpack-plugin@ts3.6" "@types/pako@ts3.6" "@types/parallel-transform@ts3.6" "@types/parse-json@ts3.6" "@types/parseurl@ts3.6" "@types/pascalcase@ts3.6" "@types/path-browserify@ts3.6" "@types/path-is-absolute@ts3.6" "@types/path-is-inside@ts3.6" "@types/path-parse@ts3.6" "@types/pbkdf2@ts3.6" "@types/picomatch@ts3.6" "@types/pify@ts3.6" "@types/postcss-flexbugs-fixes@ts3.6" "@types/postcss-gap-properties@ts3.6" "@types/postcss-modules-extract-imports@ts3.6" "@types/postcss-modules-local-by-default@ts3.6" "@types/postcss-modules-scope@ts3.6" "@types/postcss-modules-values@ts3.6" "@types/postcss-normalize@ts3.6" "@types/postcss-preset-env@ts3.6" "@types/postcss-safe-parser@ts3.6" "@types/prelude-ls@ts3.6" "@types/prettier-linter-helpers@ts3.6" "@types/progress@ts3.6" "@types/promise-inflight@ts3.6" "@types/prompts@ts3.6" "@types/prop-types@ts3.6" "@types/proxy-addr@ts3.6" "@types/psl@ts3.6" "@types/pump@ts3.6" "@types/pumpify@ts3.6" "@types/punycode@ts3.6" "@types/q@ts3.6" "@types/qs@ts3.6" "@types/querystringify@ts3.6" "@types/raf@ts3.6" "@types/randombytes@ts3.6" "@types/range-parser@ts3.6" "@types/react-dev-utils@ts3.6" "@types/react-is@ts3.6" "@types/react-refresh@ts3.6" "@types/readable-stream@ts3.6" "@types/recursive-readdir@ts3.6" "@types/regenerate@ts3.6" "@types/regenerator-runtime@ts3.6" "@types/regex-not@ts3.6" "@types/relateurl@ts3.6" "@types/repeat-element@ts3.6" "@types/repeat-string@ts3.6" "@types/require-directory@ts3.6" "@types/require-from-string@ts3.6" "@types/requires-port@ts3.6" "@types/resolve@ts3.6" "@types/retry@ts3.6" "@types/rimraf@ts3.6" "@types/ripemd160@ts3.6" "@types/rsvp@ts3.6" "@types/run-parallel@ts3.6" "@types/safe-regex@ts3.6" "@types/safe-regex-test@ts3.6" "@types/safer-buffer@ts3.6" "@types/sane@ts3.6" "@types/sass-loader@ts3.6" "@types/sax@ts3.6" "@types/scheduler@ts3.6" "@types/selfsigned@ts3.6" "@types/semver@ts3.6" "@types/semver-compare@ts3.6" "@types/send@ts3.6" "@types/serialize-javascript@ts3.6" "@types/serve-index@ts3.6" "@types/serve-static@ts3.6" "@types/set-blocking@ts3.6" "@types/set-value@ts3.6" "@types/setimmediate@ts3.6" "@types/sha.js@ts3.6" "@types/shebang-command@ts3.6" "@types/shell-quote@ts3.6" "@types/signal-exit@ts3.6" "@types/simple-swizzle@ts3.6" "@types/slice-ansi@ts3.6" "@types/sockjs@ts3.6" "@types/sockjs-client@ts3.6" "@types/source-list-map@ts3.6" "@types/source-map-support@ts3.6" "@types/spdx-correct@ts3.6" "@types/spdx-expression-parse@ts3.6" "@types/spdy@ts3.6" "@types/sprintf@ts3.6" "@types/sprintf-js@ts3.6" "@types/ssri@ts3.6" "@types/stack-utils@ts3.6" "@types/statuses@ts3.6" "@types/stream-each@ts3.6" "@types/stream-shift@ts3.6" "@types/strict-uri-encode@ts3.6" "@types/string-natural-compare@ts3.6" "@types/string.prototype.matchall@ts3.6" "@types/stringify-object@ts3.6" "@types/strip-comments@ts3.6" "@types/strip-final-newline@ts3.6" "@types/supports-color@ts3.6" "@types/svg-parser@ts3.6" "@types/symbol-tree@ts3.6" "@types/tapable@ts3.6" "@types/tar@ts3.6" "@types/text-table@ts3.6" "@types/through@ts3.6" "@types/through2@ts3.6" "@types/thunky@ts3.6" "@types/timsort@ts3.6" "@types/tmpl@ts3.6" "@types/to-regex@ts3.6" "@types/to-regex-range@ts3.6" "@types/toidentifier@ts3.6" "@types/tough-cookie@ts3.6" "@types/tr46@ts3.6" "@types/tryer@ts3.6" "@types/type-check@ts3.6" "@types/type-detect@ts3.6" "@types/type-is@ts3.6" "@types/typedarray-to-buffer@ts3.6" "@types/unbox-primitive@ts3.6" "@types/uniq@ts3.6" "@types/universalify@ts3.6" "@types/urix@ts3.6" "@types/url-parse@ts3.6" "@types/util-deprecate@ts3.6" "@types/util.promisify@ts3.6" "@types/utils-merge@ts3.6" "@types/uuid@ts3.6" "@types/validate-npm-package-license@ts3.6" "@types/vary@ts3.6" "@types/w3c-hr-time@ts3.6" "@types/w3c-xmlserializer@ts3.6" "@types/watchpack@ts3.6" "@types/webidl-conversions@ts3.6" "@types/webpack@ts3.6" "@types/webpack-manifest-plugin@ts3.6" "@types/webpack-sources@ts3.6" "@types/whatwg-encoding@ts3.6" "@types/whatwg-mimetype@ts3.6" "@types/whatwg-url@ts3.6" "@types/which@ts3.6" "@types/which-boxed-primitive@ts3.6" "@types/which-pm-runs@ts3.6" "@types/workbox-sw@ts3.6" "@types/wrap-ansi@ts3.6" "@types/write-file-atomic@ts3.6" "@types/ws@ts3.6" "@types/xml-name-validator@ts3.6" "@types/xtend@ts3.6" "@types/yallist@ts3.6" "@types/yargs@ts3.6" "@types/yargs-parser@ts3.6" "--save-dev" "--user-agent=typesInstaller/3.6.3"
440 verbose node v12.18.3
441 verbose npm  v6.14.6
442 error code ETARGET
443 error notarget No matching version found for @types/path-browserify@ts3.6.
444 error notarget In most cases you or one of your dependencies are requesting
444 error notarget a package version that doesn't exist.
445 verbose exit [ 1, true ]
