0 info it worked if it ends with ok
1 verbose cli [
1 verbose cli   '/usr/local/bin/node',
1 verbose cli   '/usr/local/bin/npm',
1 verbose cli   'install',
1 verbose cli   '--ignore-scripts',
1 verbose cli   '@types/accepts@ts3.6',
1 verbose cli   '@types/argparse@ts3.6',
1 verbose cli   '@types/aria-query@ts3.6',
1 verbose cli   '@types/arr-diff@ts3.6',
1 verbose cli   '@types/arr-union@ts3.6',
1 verbose cli   '@types/array-unique@ts3.6',
1 verbose cli   '@types/array.prototype.flat@ts3.6',
1 verbose cli   '@types/array.prototype.flatmap@ts3.6',
1 verbose cli   '@types/asap@ts3.6',
1 verbose cli   '@types/assert@ts3.6',
1 verbose cli   '@types/async@ts3.6',
1 verbose cli   '@types/atob@ts3.6',
1 verbose cli   '@types/babel-plugin-macros@ts3.6',
1 verbose cli   '@types/babylon@ts3.6',
1 verbose cli   '@types/balanced-match@ts3.6',
1 verbose cli   '@types/big.js@ts3.6',
1 verbose cli   '@types/bluebird@ts3.6',
1 verbose cli   '@types/bn.js@ts3.6',
1 verbose cli   '@types/body-parser@ts3.6',
1 verbose cli   '@types/bonjour@ts3.6',
1 verbose cli   '@types/boolbase@ts3.6',
1 verbose cli   '@types/brace-expansion@ts3.6',
1 verbose cli   '@types/braces@ts3.6',
1 verbose cli   '@types/brorand@ts3.6',
1 verbose cli   '@types/bser@ts3.6',
1 verbose cli   '@types/buffer-from@ts3.6',
1 verbose cli   '@types/buffer-xor@ts3.6',
1 verbose cli   '@types/bytes@ts3.6',
1 verbose cli   '@types/cacache@ts3.6',
1 verbose cli   '@types/call-bind@ts3.6',
1 verbose cli   '@types/caniuse-api@ts3.6',
1 verbose cli   '@types/caniuse-lite@ts3.6',
1 verbose cli   '@types/case-sensitive-paths-webpack-plugin@ts3.6',
1 verbose cli   '@types/check-types@ts3.6',
1 verbose cli   '@types/chownr@ts3.6',
1 verbose cli   '@types/cipher-base@ts3.6',
1 verbose cli   '@types/clean-css@ts3.6',
1 verbose cli   '@types/co@ts3.6',
1 verbose cli   '@types/color@ts3.6',
1 verbose cli   '@types/color-convert@ts3.6',
1 verbose cli   '@types/color-name@ts3.6',
1 verbose cli   '@types/color-string@ts3.6',
1 verbose cli   '@types/combined-stream@ts3.6',
1 verbose cli   '@types/common-tags@ts3.6',
1 verbose cli   '@types/commondir@ts3.6',
1 verbose cli   '@types/component-emitter@ts3.6',
1 verbose cli   '@types/compose-function@ts3.6',
1 verbose cli   '@types/compressible@ts3.6',
1 verbose cli   '@types/compression@ts3.6',
1 verbose cli   '@types/concat-map@ts3.6',
1 verbose cli   '@types/concat-stream@ts3.6',
1 verbose cli   '@types/confusing-browser-globals@ts3.6',
1 verbose cli   '@types/connect-history-api-fallback@ts3.6',
1 verbose cli   '@types/content-disposition@ts3.6',
1 verbose cli   '@types/content-type@ts3.6',
1 verbose cli   '@types/convert-source-map@ts3.6',
1 verbose cli   '@types/cookie@ts3.6',
1 verbose cli   '@types/cookie-signature@ts3.6',
1 verbose cli   '@types/core-js@ts3.6',
1 verbose cli   '@types/create-hash@ts3.6',
1 verbose cli   '@types/create-hmac@ts3.6',
1 verbose cli   '@types/cross-spawn@ts3.6',
1 verbose cli   '@types/css@ts3.6',
1 verbose cli   '@types/css-declaration-sorter@ts3.6',
1 verbose cli   '@types/css-tree@ts3.6',
1 verbose cli   '@types/css.escape@ts3.6',
1 verbose cli   '@types/cssesc@ts3.6',
1 verbose cli   '@types/csso@ts3.6',
1 verbose cli   '@types/cssom@ts3.6',
1 verbose cli   '@types/cssstyle@ts3.6',
1 verbose cli   '@types/damerau-levenshtein@ts3.6',
1 verbose cli   '@types/data-urls@ts3.6',
1 verbose cli   '@types/debug@ts3.6',
1 verbose cli   '@types/decode-uri-component@ts3.6',
1 verbose cli   '@types/dedent@ts3.6',
1 verbose cli   '@types/deep-equal@ts3.6',
1 verbose cli   '@types/default-gateway@ts3.6',
1 verbose cli   '@types/define-properties@ts3.6',
1 verbose cli   '@types/depd@ts3.6',
1 verbose cli   '@types/destroy@ts3.6',
1 verbose cli   '@types/detect-node@ts3.6',
1 verbose cli   '@types/diffie-hellman@ts3.6',
1 verbose cli   '@types/dir-glob@ts3.6',
1 verbose cli   '@types/dns-packet@ts3.6',
1 verbose cli   '@types/dns-txt@ts3.6',
1 verbose cli   '@types/doctrine@ts3.6',
1 verbose cli   '@types/domexception@ts3.6',
1 verbose cli   '@types/domutils@ts3.6',
1 verbose cli   '@types/duplexify@ts3.6',
1 verbose cli   '@types/ee-first@ts3.6',
1 verbose cli   '@types/ejs@ts3.6',
1 verbose cli   '@types/elliptic@ts3.6',
1 verbose cli   '@types/encodeurl@ts3.6',
1 verbose cli   '@types/end-of-stream@ts3.6',
1 verbose cli   '@types/es-abstract@ts3.6',
1 verbose cli   '@types/es-get-iterator@ts3.6',
1 verbose cli   ... 103 more items
1 verbose cli ]
2 info using npm@6.14.6
3 info using node@v12.18.3
4 verbose npm-session 910d7058b9835fb1
5 silly install loadCurrentTree
6 silly install readLocalPackageData
7 http fetch GET 200 https://registry.npmjs.org/@types%2fargparse 150ms (from cache)
8 http fetch GET 200 https://registry.npmjs.org/@types%2farr-diff 147ms (from cache)
9 http fetch GET 200 https://registry.npmjs.org/@types%2faria-query 153ms (from cache)
10 http fetch GET 200 https://registry.npmjs.org/@types%2farray-unique 149ms (from cache)
11 http fetch GET 200 https://registry.npmjs.org/@types%2farray.prototype.flat 147ms (from cache)
12 http fetch GET 200 https://registry.npmjs.org/@types%2fasap 144ms (from cache)
13 http fetch GET 200 https://registry.npmjs.org/@types%2farray.prototype.flatmap 157ms (from cache)
14 http fetch GET 200 https://registry.npmjs.org/@types%2faccepts 175ms (from cache)
15 silly pacote tag manifest for @types/argparse@ts3.6 fetched in 170ms
16 silly pacote tag manifest for @types/arr-diff@ts3.6 fetched in 168ms
17 silly pacote tag manifest for @types/aria-query@ts3.6 fetched in 171ms
18 silly pacote tag manifest for @types/array-unique@ts3.6 fetched in 165ms
19 silly pacote tag manifest for @types/array.prototype.flat@ts3.6 fetched in 164ms
20 silly pacote tag manifest for @types/asap@ts3.6 fetched in 161ms
21 silly pacote tag manifest for @types/array.prototype.flatmap@ts3.6 fetched in 180ms
22 silly pacote tag manifest for @types/accepts@ts3.6 fetched in 205ms
23 http fetch GET 200 https://registry.npmjs.org/@types%2fbabylon 71ms (from cache)
24 http fetch GET 200 https://registry.npmjs.org/@types%2fbalanced-match 71ms (from cache)
25 http fetch GET 200 https://registry.npmjs.org/@types%2fbig.js 86ms (from cache)
26 silly pacote tag manifest for @types/balanced-match@ts3.6 fetched in 92ms
27 silly pacote tag manifest for @types/babylon@ts3.6 fetched in 96ms
28 http fetch GET 200 https://registry.npmjs.org/@types%2fbn.js 108ms (from cache)
29 silly pacote tag manifest for @types/big.js@ts3.6 fetched in 125ms
30 silly pacote tag manifest for @types/bn.js@ts3.6 fetched in 130ms
31 http fetch GET 200 https://registry.npmjs.org/@types%2fbody-parser 53ms (from cache)
32 http fetch GET 200 https://registry.npmjs.org/@types%2fbonjour 52ms (from cache)
33 silly pacote tag manifest for @types/body-parser@ts3.6 fetched in 73ms
34 silly pacote tag manifest for @types/bonjour@ts3.6 fetched in 80ms
35 http fetch GET 200 https://registry.npmjs.org/@types%2fbrace-expansion 38ms (from cache)
36 silly pacote tag manifest for @types/brace-expansion@ts3.6 fetched in 51ms
37 http fetch GET 200 https://registry.npmjs.org/@types%2fbraces 21ms (from cache)
38 http fetch GET 200 https://registry.npmjs.org/@types%2fbrorand 23ms (from cache)
39 silly pacote tag manifest for @types/braces@ts3.6 fetched in 30ms
40 silly pacote tag manifest for @types/brorand@ts3.6 fetched in 30ms
41 http fetch GET 200 https://registry.npmjs.org/@types%2fbser 20ms (from cache)
42 silly pacote tag manifest for @types/bser@ts3.6 fetched in 33ms
43 http fetch GET 200 https://registry.npmjs.org/@types%2fbuffer-from 23ms (from cache)
44 http fetch GET 200 https://registry.npmjs.org/@types%2fbuffer-xor 24ms (from cache)
45 silly pacote tag manifest for @types/buffer-from@ts3.6 fetched in 34ms
46 silly pacote tag manifest for @types/buffer-xor@ts3.6 fetched in 33ms
47 http fetch GET 200 https://registry.npmjs.org/@types%2fbytes 21ms (from cache)
48 silly pacote tag manifest for @types/bytes@ts3.6 fetched in 34ms
49 http fetch GET 200 https://registry.npmjs.org/@types%2fcacache 29ms (from cache)
50 silly pacote tag manifest for @types/cacache@ts3.6 fetched in 42ms
51 http fetch GET 200 https://registry.npmjs.org/@types%2fcaniuse-api 23ms (from cache)
52 silly pacote tag manifest for @types/caniuse-api@ts3.6 fetched in 30ms
53 http fetch GET 200 https://registry.npmjs.org/@types%2fcaniuse-lite 15ms (from cache)
54 silly pacote tag manifest for @types/caniuse-lite@ts3.6 fetched in 28ms
55 http fetch GET 200 https://registry.npmjs.org/@types%2fcheck-types 11ms (from cache)
56 silly pacote tag manifest for @types/check-types@ts3.6 fetched in 21ms
57 http fetch GET 200 https://registry.npmjs.org/@types%2fchownr 19ms (from cache)
58 silly pacote tag manifest for @types/chownr@ts3.6 fetched in 21ms
59 http fetch GET 200 https://registry.npmjs.org/@types%2fcipher-base 35ms (from cache)
60 silly pacote tag manifest for @types/cipher-base@ts3.6 fetched in 37ms
61 http fetch GET 304 https://registry.npmjs.org/@types%2fasync 569ms (from cache)
62 silly pacote tag manifest for @types/async@ts3.6 fetched in 573ms
63 http fetch GET 200 https://registry.npmjs.org/@types%2fco 6ms (from cache)
64 silly pacote tag manifest for @types/co@ts3.6 fetched in 9ms
65 http fetch GET 200 https://registry.npmjs.org/@types%2fcolor 5ms (from cache)
66 silly pacote tag manifest for @types/color@ts3.6 fetched in 9ms
67 http fetch GET 200 https://registry.npmjs.org/@types%2fcolor-convert 8ms (from cache)
68 silly pacote tag manifest for @types/color-convert@ts3.6 fetched in 19ms
69 http fetch GET 200 https://registry.npmjs.org/@types%2fcolor-name 21ms (from cache)
70 silly pacote tag manifest for @types/color-name@ts3.6 fetched in 25ms
71 http fetch GET 304 https://registry.npmjs.org/@types%2fassert 804ms (from cache)
72 http fetch GET 304 https://registry.npmjs.org/@types%2farr-union 819ms (from cache)
73 silly pacote tag manifest for @types/assert@ts3.6 fetched in 809ms
74 silly pacote tag manifest for @types/arr-union@ts3.6 fetched in 827ms
75 http fetch GET 304 https://registry.npmjs.org/@types%2fbluebird 644ms (from cache)
76 silly pacote tag manifest for @types/bluebird@ts3.6 fetched in 660ms
77 http fetch GET 200 https://registry.npmjs.org/@types%2fcombined-stream 29ms (from cache)
78 silly pacote tag manifest for @types/combined-stream@ts3.6 fetched in 37ms
79 http fetch GET 200 https://registry.npmjs.org/@types%2fcommondir 17ms (from cache)
80 silly pacote tag manifest for @types/commondir@ts3.6 fetched in 22ms
81 http fetch GET 200 https://registry.npmjs.org/@types%2fcomponent-emitter 7ms (from cache)
82 silly pacote tag manifest for @types/component-emitter@ts3.6 fetched in 14ms
83 http fetch GET 304 https://registry.npmjs.org/@types%2fbabel-plugin-macros 706ms (from cache)
84 silly pacote tag manifest for @types/babel-plugin-macros@ts3.6 fetched in 711ms
85 http fetch GET 200 https://registry.npmjs.org/@types%2fcompressible 9ms (from cache)
86 silly pacote tag manifest for @types/compressible@ts3.6 fetched in 21ms
87 http fetch GET 200 https://registry.npmjs.org/@types%2fcompression 25ms (from cache)
88 silly pacote tag manifest for @types/compression@ts3.6 fetched in 33ms
89 http fetch GET 200 https://registry.npmjs.org/@types%2fcall-bind 509ms
90 silly fetchPackageMetaData error for @types/call-bind@ts3.6 No matching version found for @types/call-bind@ts3.6.
91 http fetch GET 304 https://registry.npmjs.org/@types%2fboolbase 631ms (from cache)
92 silly pacote tag manifest for @types/boolbase@ts3.6 fetched in 639ms
93 http fetch GET 200 https://registry.npmjs.org/@types%2fconfusing-browser-globals 13ms (from cache)
94 silly pacote tag manifest for @types/confusing-browser-globals@ts3.6 fetched in 19ms
95 http fetch GET 200 https://registry.npmjs.org/@types%2fconnect-history-api-fallback 10ms (from cache)
96 silly pacote tag manifest for @types/connect-history-api-fallback@ts3.6 fetched in 22ms
97 http fetch GET 200 https://registry.npmjs.org/@types%2fcontent-disposition 15ms (from cache)
98 http fetch GET 304 https://registry.npmjs.org/@types%2fatob 805ms (from cache)
99 silly pacote tag manifest for @types/content-disposition@ts3.6 fetched in 24ms
100 silly pacote tag manifest for @types/atob@ts3.6 fetched in 810ms
101 http fetch GET 200 https://registry.npmjs.org/@types%2fcontent-type 17ms (from cache)
102 silly pacote tag manifest for @types/content-type@ts3.6 fetched in 27ms
103 http fetch GET 200 https://registry.npmjs.org/@types%2fconvert-source-map 16ms (from cache)
104 http fetch GET 200 https://registry.npmjs.org/@types%2fcookie 17ms (from cache)
105 silly pacote tag manifest for @types/convert-source-map@ts3.6 fetched in 25ms
106 silly pacote tag manifest for @types/cookie@ts3.6 fetched in 30ms
107 http fetch GET 200 https://registry.npmjs.org/@types%2fcore-js 19ms (from cache)
108 http fetch GET 200 https://registry.npmjs.org/@types%2fcreate-hash 16ms (from cache)
109 silly pacote tag manifest for @types/core-js@ts3.6 fetched in 26ms
110 http fetch GET 304 https://registry.npmjs.org/@types%2fcolor-string 225ms (from cache)
111 silly pacote tag manifest for @types/create-hash@ts3.6 fetched in 25ms
112 silly pacote tag manifest for @types/color-string@ts3.6 fetched in 240ms
113 http fetch GET 200 https://registry.npmjs.org/@types%2fcreate-hmac 25ms (from cache)
114 http fetch GET 200 https://registry.npmjs.org/@types%2fcross-spawn 20ms (from cache)
115 http fetch GET 200 https://registry.npmjs.org/@types%2fcss 17ms (from cache)
116 silly pacote tag manifest for @types/create-hmac@ts3.6 fetched in 32ms
117 http fetch GET 304 https://registry.npmjs.org/@types%2fcommon-tags 238ms (from cache)
118 silly pacote tag manifest for @types/cross-spawn@ts3.6 fetched in 26ms
119 silly pacote tag manifest for @types/css@ts3.6 fetched in 25ms
120 silly pacote tag manifest for @types/common-tags@ts3.6 fetched in 248ms
121 http fetch GET 200 https://registry.npmjs.org/@types%2fcss-declaration-sorter 26ms (from cache)
122 http fetch GET 304 https://registry.npmjs.org/@types%2fcompose-function 230ms (from cache)
123 http fetch GET 200 https://registry.npmjs.org/@types%2fcss-tree 36ms (from cache)
124 silly pacote tag manifest for @types/css-declaration-sorter@ts3.6 fetched in 46ms
125 http fetch GET 200 https://registry.npmjs.org/@types%2fcss.escape 40ms (from cache)
126 silly registry:manifest no matching version for @types/css.escape@ts3.6 in the cache. Forcing revalidation.
127 http fetch GET 200 https://registry.npmjs.org/@types%2fcssesc 38ms (from cache)
128 silly pacote tag manifest for @types/compose-function@ts3.6 fetched in 248ms
129 silly pacote tag manifest for @types/css-tree@ts3.6 fetched in 51ms
130 silly pacote tag manifest for @types/cssesc@ts3.6 fetched in 58ms
131 http fetch GET 200 https://registry.npmjs.org/@types%2fcsso 35ms (from cache)
132 http fetch GET 200 https://registry.npmjs.org/@types%2fcssom 34ms (from cache)
133 http fetch GET 200 https://registry.npmjs.org/@types%2fcssstyle 36ms (from cache)
134 silly pacote tag manifest for @types/csso@ts3.6 fetched in 47ms
135 http fetch GET 200 https://registry.npmjs.org/@types%2fdamerau-levenshtein 25ms (from cache)
136 silly pacote tag manifest for @types/cssom@ts3.6 fetched in 46ms
137 silly pacote tag manifest for @types/cssstyle@ts3.6 fetched in 45ms
138 http fetch GET 304 https://registry.npmjs.org/@types%2fclean-css 576ms (from cache)
139 silly pacote tag manifest for @types/damerau-levenshtein@ts3.6 fetched in 40ms
140 http fetch GET 304 https://registry.npmjs.org/@types%2fconcat-map 283ms (from cache)
141 http fetch GET 304 https://registry.npmjs.org/@types%2fcookie-signature 191ms (from cache)
142 http fetch GET 304 https://registry.npmjs.org/@types%2fcase-sensitive-paths-webpack-plugin 710ms (from cache)
143 silly pacote tag manifest for @types/clean-css@ts3.6 fetched in 601ms
144 http fetch GET 200 https://registry.npmjs.org/@types%2fdebug 30ms (from cache)
145 silly pacote tag manifest for @types/concat-map@ts3.6 fetched in 297ms
146 silly pacote tag manifest for @types/cookie-signature@ts3.6 fetched in 206ms
147 silly pacote tag manifest for @types/case-sensitive-paths-webpack-plugin@ts3.6 fetched in 727ms
148 silly pacote tag manifest for @types/debug@ts3.6 fetched in 45ms
149 http fetch GET 200 https://registry.npmjs.org/@types%2fdedent 30ms (from cache)
150 http fetch GET 304 https://registry.npmjs.org/@types%2fconcat-stream 306ms (from cache)
151 http fetch GET 200 https://registry.npmjs.org/@types%2fdeep-equal 49ms (from cache)
152 silly pacote tag manifest for @types/dedent@ts3.6 fetched in 74ms
153 http fetch GET 200 https://registry.npmjs.org/@types%2fdefault-gateway 58ms (from cache)
154 silly pacote tag manifest for @types/concat-stream@ts3.6 fetched in 341ms
155 http fetch GET 200 https://registry.npmjs.org/@types%2fdefine-properties 58ms (from cache)
156 silly pacote tag manifest for @types/deep-equal@ts3.6 fetched in 74ms
157 http fetch GET 200 https://registry.npmjs.org/@types%2fdepd 63ms (from cache)
158 http fetch GET 200 https://registry.npmjs.org/@types%2fdestroy 68ms (from cache)
159 silly pacote tag manifest for @types/default-gateway@ts3.6 fetched in 96ms
160 silly pacote tag manifest for @types/define-properties@ts3.6 fetched in 94ms
161 silly pacote tag manifest for @types/depd@ts3.6 fetched in 97ms
162 silly pacote tag manifest for @types/destroy@ts3.6 fetched in 100ms
163 http fetch GET 200 https://registry.npmjs.org/@types%2fdetect-node 58ms (from cache)
164 http fetch GET 200 https://registry.npmjs.org/@types%2fdiffie-hellman 58ms (from cache)
165 http fetch GET 200 https://registry.npmjs.org/@types%2fdir-glob 56ms (from cache)
166 silly pacote tag manifest for @types/detect-node@ts3.6 fetched in 76ms
167 http fetch GET 200 https://registry.npmjs.org/@types%2fdns-packet 35ms (from cache)
168 silly pacote tag manifest for @types/diffie-hellman@ts3.6 fetched in 72ms
169 silly pacote tag manifest for @types/dir-glob@ts3.6 fetched in 72ms
170 http fetch GET 200 https://registry.npmjs.org/@types%2fdns-txt 36ms (from cache)
171 silly registry:manifest no matching version for @types/dns-txt@ts3.6 in the cache. Forcing revalidation.
172 http fetch GET 200 https://registry.npmjs.org/@types%2fdoctrine 39ms (from cache)
173 http fetch GET 200 https://registry.npmjs.org/@types%2fdomexception 34ms (from cache)
174 silly pacote tag manifest for @types/dns-packet@ts3.6 fetched in 51ms
175 silly pacote tag manifest for @types/doctrine@ts3.6 fetched in 60ms
176 http fetch GET 200 https://registry.npmjs.org/@types%2fcss.escape 256ms
177 silly fetchPackageMetaData error for @types/css.escape@ts3.6 No matching version found for @types/css.escape@ts3.6.
178 silly pacote tag manifest for @types/domexception@ts3.6 fetched in 63ms
179 http fetch GET 200 https://registry.npmjs.org/@types%2fdomutils 41ms (from cache)
180 silly pacote tag manifest for @types/domutils@ts3.6 fetched in 65ms
181 http fetch GET 200 https://registry.npmjs.org/@types%2felliptic 32ms (from cache)
182 http fetch GET 200 https://registry.npmjs.org/@types%2fencodeurl 29ms (from cache)
183 http fetch GET 200 https://registry.npmjs.org/@types%2fend-of-stream 29ms (from cache)
184 silly pacote tag manifest for @types/elliptic@ts3.6 fetched in 42ms
185 silly pacote tag manifest for @types/encodeurl@ts3.6 fetched in 37ms
186 silly pacote tag manifest for @types/end-of-stream@ts3.6 fetched in 37ms
187 http fetch GET 200 https://registry.npmjs.org/@types%2fes-abstract 21ms (from cache)
188 silly pacote tag manifest for @types/es-abstract@ts3.6 fetched in 55ms
189 http fetch GET 200 https://registry.npmjs.org/@types%2fes-get-iterator 56ms (from cache)
190 http fetch GET 200 https://registry.npmjs.org/@types%2fes-to-primitive 70ms (from cache)
191 http fetch GET 200 https://registry.npmjs.org/@types%2fescape-html 72ms (from cache)
192 silly pacote tag manifest for @types/es-get-iterator@ts3.6 fetched in 85ms
193 silly pacote tag manifest for @types/es-to-primitive@ts3.6 fetched in 92ms
194 silly pacote tag manifest for @types/escape-html@ts3.6 fetched in 96ms
195 http fetch GET 200 https://registry.npmjs.org/@types%2fescodegen 58ms (from cache)
196 silly pacote tag manifest for @types/escodegen@ts3.6 fetched in 71ms
197 http fetch GET 200 https://registry.npmjs.org/@types%2feslint 33ms (from cache)
198 http fetch GET 200 https://registry.npmjs.org/@types%2feslint-utils 34ms (from cache)
199 silly pacote tag manifest for @types/eslint@ts3.6 fetched in 51ms
200 silly pacote tag manifest for @types/eslint-utils@ts3.6 fetched in 51ms
201 http fetch GET 200 https://registry.npmjs.org/@types%2fesquery 43ms (from cache)
202 http fetch GET 200 https://registry.npmjs.org/@types%2festraverse 32ms (from cache)
203 silly pacote tag manifest for @types/esquery@ts3.6 fetched in 47ms
204 silly pacote tag manifest for @types/estraverse@ts3.6 fetched in 37ms
205 http fetch GET 200 https://registry.npmjs.org/@types%2fesutils 18ms (from cache)
206 http fetch GET 200 https://registry.npmjs.org/@types%2fetag 17ms (from cache)
207 http fetch GET 304 https://registry.npmjs.org/@types%2fejs 259ms (from cache)
208 http fetch GET 304 https://registry.npmjs.org/@types%2fduplexify 284ms (from cache)
209 silly pacote tag manifest for @types/esutils@ts3.6 fetched in 24ms
210 http fetch GET 304 https://registry.npmjs.org/@types%2fee-first 287ms (from cache)
211 silly pacote tag manifest for @types/etag@ts3.6 fetched in 23ms
212 silly pacote tag manifest for @types/ejs@ts3.6 fetched in 266ms
213 silly pacote tag manifest for @types/duplexify@ts3.6 fetched in 290ms
214 silly pacote tag manifest for @types/ee-first@ts3.6 fetched in 294ms
215 http fetch GET 200 https://registry.npmjs.org/@types%2fevents 15ms (from cache)
216 http fetch GET 200 https://registry.npmjs.org/@types%2feventsource 17ms (from cache)
217 http fetch GET 200 https://registry.npmjs.org/@types%2ffast-levenshtein 16ms (from cache)
218 http fetch GET 200 https://registry.npmjs.org/@types%2fexit 17ms (from cache)
219 silly pacote tag manifest for @types/events@ts3.6 fetched in 22ms
220 http fetch GET 200 https://registry.npmjs.org/@types%2ffb-watchman 16ms (from cache)
221 silly pacote tag manifest for @types/eventsource@ts3.6 fetched in 24ms
222 silly pacote tag manifest for @types/fast-levenshtein@ts3.6 fetched in 24ms
223 silly pacote tag manifest for @types/exit@ts3.6 fetched in 24ms
224 silly pacote tag manifest for @types/fb-watchman@ts3.6 fetched in 25ms
225 http fetch GET 200 https://registry.npmjs.org/@types%2ffile-entry-cache 19ms (from cache)
226 http fetch GET 200 https://registry.npmjs.org/@types%2ffile-loader 20ms (from cache)
227 silly pacote tag manifest for @types/file-entry-cache@ts3.6 fetched in 27ms
228 http fetch GET 200 https://registry.npmjs.org/@types%2ffill-range 20ms (from cache)
229 silly registry:manifest no matching version for @types/fill-range@ts3.6 in the cache. Forcing revalidation.
230 http fetch GET 200 https://registry.npmjs.org/@types%2ffinalhandler 24ms (from cache)
231 silly pacote tag manifest for @types/file-loader@ts3.6 fetched in 28ms
232 silly pacote tag manifest for @types/finalhandler@ts3.6 fetched in 33ms
233 http fetch GET 200 https://registry.npmjs.org/@types%2fflat-cache 18ms (from cache)
234 http fetch GET 200 https://registry.npmjs.org/@types%2fflush-write-stream 22ms (from cache)
235 silly pacote tag manifest for @types/flat-cache@ts3.6 fetched in 30ms
236 http fetch GET 200 https://registry.npmjs.org/@types%2ffollow-redirects 24ms (from cache)
237 silly pacote tag manifest for @types/flush-write-stream@ts3.6 fetched in 36ms
238 silly pacote tag manifest for @types/follow-redirects@ts3.6 fetched in 32ms
239 http fetch GET 200 https://registry.npmjs.org/@types%2fforwarded 24ms (from cache)
240 silly pacote tag manifest for @types/forwarded@ts3.6 fetched in 29ms
241 http fetch GET 200 https://registry.npmjs.org/@types%2ffrom2 15ms (from cache)
242 http fetch GET 304 https://registry.npmjs.org/@types%2fesprima 217ms (from cache)
243 silly pacote tag manifest for @types/from2@ts3.6 fetched in 25ms
244 silly pacote tag manifest for @types/esprima@ts3.6 fetched in 221ms
245 http fetch GET 304 https://registry.npmjs.org/@types%2feslint-scope 244ms (from cache)
246 http fetch GET 200 https://registry.npmjs.org/@types%2ffs-minipass 18ms (from cache)
247 silly registry:manifest no matching version for @types/fs-minipass@ts3.6 in the cache. Forcing revalidation.
248 silly pacote tag manifest for @types/eslint-scope@ts3.6 fetched in 251ms
249 http fetch GET 200 https://registry.npmjs.org/@types%2ffunction-bind 15ms (from cache)
250 http fetch GET 200 https://registry.npmjs.org/@types%2ffunctional-red-black-tree 16ms (from cache)
251 silly pacote tag manifest for @types/function-bind@ts3.6 fetched in 22ms
252 silly pacote tag manifest for @types/functional-red-black-tree@ts3.6 fetched in 24ms
253 http fetch GET 200 https://registry.npmjs.org/@types%2fgensync 19ms (from cache)
254 silly registry:manifest no matching version for @types/gensync@ts3.6 in the cache. Forcing revalidation.
255 http fetch GET 200 https://registry.npmjs.org/@types%2fget-value 13ms (from cache)
256 silly pacote tag manifest for @types/get-value@ts3.6 fetched in 15ms
257 http fetch GET 200 https://registry.npmjs.org/@types%2fglob 6ms (from cache)
258 silly pacote tag manifest for @types/glob@ts3.6 fetched in 8ms
259 http fetch GET 200 https://registry.npmjs.org/@types%2fglob-parent 4ms (from cache)
260 silly pacote tag manifest for @types/glob-parent@ts3.6 fetched in 7ms
261 http fetch GET 200 https://registry.npmjs.org/@types%2fglobal-modules 6ms (from cache)
262 silly pacote tag manifest for @types/global-modules@ts3.6 fetched in 7ms
263 http fetch GET 200 https://registry.npmjs.org/@types%2ffill-range 209ms
264 silly fetchPackageMetaData error for @types/fill-range@ts3.6 No matching version found for @types/fill-range@ts3.6.
265 http fetch GET 304 https://registry.npmjs.org/@types%2ffind-cache-dir 243ms (from cache)
266 http fetch GET 200 https://registry.npmjs.org/@types%2fglobalthis 7ms (from cache)
267 http fetch GET 304 https://registry.npmjs.org/@types%2ffresh 198ms (from cache)
268 silly pacote tag manifest for @types/find-cache-dir@ts3.6 fetched in 256ms
269 silly pacote tag manifest for @types/globalthis@ts3.6 fetched in 20ms
270 http fetch GET 200 https://registry.npmjs.org/@types%2fget-intrinsic 150ms
271 silly fetchPackageMetaData error for @types/get-intrinsic@ts3.6 No matching version found for @types/get-intrinsic@ts3.6.
272 silly pacote tag manifest for @types/fresh@ts3.6 fetched in 213ms
273 http fetch GET 200 https://registry.npmjs.org/@types%2fgopd 76ms (from cache)
274 silly registry:manifest no matching version for @types/gopd@ts3.6 in the cache. Forcing revalidation.
275 http fetch GET 200 https://registry.npmjs.org/@types%2fhas 54ms (from cache)
276 http fetch GET 200 https://registry.npmjs.org/@types%2fgensync 232ms
277 silly fetchPackageMetaData error for @types/gensync@ts3.6 No matching version found for @types/gensync@ts3.6.
278 silly pacote tag manifest for @types/has@ts3.6 fetched in 68ms
279 http fetch GET 200 https://registry.npmjs.org/@types%2ffs-minipass 273ms
280 silly fetchPackageMetaData error for @types/fs-minipass@ts3.6 No matching version found for @types/fs-minipass@ts3.6.
281 http fetch GET 200 https://registry.npmjs.org/@types%2fhas-symbols 34ms (from cache)
282 http fetch GET 200 https://registry.npmjs.org/@types%2fhas-values 47ms (from cache)
283 silly registry:manifest no matching version for @types/has-values@ts3.6 in the cache. Forcing revalidation.
284 silly pacote tag manifest for @types/has-symbols@ts3.6 fetched in 53ms
285 http fetch GET 304 https://registry.npmjs.org/@types%2fglobal-prefix 261ms (from cache)
286 silly pacote tag manifest for @types/global-prefix@ts3.6 fetched in 270ms
287 http fetch GET 200 https://registry.npmjs.org/@types%2fhex-color-regex 17ms (from cache)
288 silly pacote tag manifest for @types/hex-color-regex@ts3.6 fetched in 20ms
289 http fetch GET 200 https://registry.npmjs.org/@types%2fhosted-git-info 10ms (from cache)
290 silly pacote tag manifest for @types/hosted-git-info@ts3.6 fetched in 15ms
291 http fetch GET 200 https://registry.npmjs.org/@types%2fhtml-encoding-sniffer 12ms (from cache)
292 silly pacote tag manifest for @types/html-encoding-sniffer@ts3.6 fetched in 17ms
293 http fetch GET 200 https://registry.npmjs.org/@types%2fhtml-escaper 16ms (from cache)
294 silly pacote tag manifest for @types/html-escaper@ts3.6 fetched in 30ms
295 http fetch GET 200 https://registry.npmjs.org/@types%2fhtml-minifier-terser 23ms (from cache)
296 silly pacote tag manifest for @types/html-minifier-terser@ts3.6 fetched in 51ms
297 http fetch GET 200 https://registry.npmjs.org/@types%2fhttp-errors 37ms (from cache)
298 silly pacote tag manifest for @types/http-errors@ts3.6 fetched in 49ms
299 http fetch GET 304 https://registry.npmjs.org/@types%2fgraceful-fs 271ms (from cache)
300 http fetch GET 200 https://registry.npmjs.org/@types%2ficss-utils 9ms (from cache)
301 silly pacote tag manifest for @types/graceful-fs@ts3.6 fetched in 275ms
302 silly pacote tag manifest for @types/icss-utils@ts3.6 fetched in 15ms
303 http fetch GET 200 https://registry.npmjs.org/@types%2fiferr 16ms (from cache)
304 silly pacote tag manifest for @types/iferr@ts3.6 fetched in 20ms
305 http fetch GET 200 https://registry.npmjs.org/@types%2fimport-local 19ms (from cache)
306 silly registry:manifest no matching version for @types/import-local@ts3.6 in the cache. Forcing revalidation.
307 http fetch GET 304 https://registry.npmjs.org/@types%2fhas-bigints 283ms (from cache)
308 silly registry:manifest no matching version for @types/has-bigints@ts3.6 in the cache. Forcing revalidation.
309 http fetch GET 200 https://registry.npmjs.org/@types%2fimurmurhash 39ms (from cache)
310 silly pacote tag manifest for @types/imurmurhash@ts3.6 fetched in 70ms
311 http fetch GET 200 https://registry.npmjs.org/@types%2finherits 15ms (from cache)
312 http fetch GET 200 https://registry.npmjs.org/@types%2fhas-values 235ms
313 silly fetchPackageMetaData error for @types/has-values@ts3.6 No matching version found for @types/has-values@ts3.6.
314 silly pacote tag manifest for @types/inherits@ts3.6 fetched in 32ms
315 http fetch GET 200 https://registry.npmjs.org/@types%2fini 33ms (from cache)
316 http fetch GET 200 https://registry.npmjs.org/@types%2finternal-slot 32ms (from cache)
317 silly pacote tag manifest for @types/ini@ts3.6 fetched in 47ms
318 silly pacote tag manifest for @types/internal-slot@ts3.6 fetched in 37ms
319 http fetch GET 200 https://registry.npmjs.org/@types%2fip 22ms (from cache)
320 http fetch GET 200 https://registry.npmjs.org/@types%2fis-arguments 22ms (from cache)
321 silly pacote tag manifest for @types/ip@ts3.6 fetched in 36ms
322 silly pacote tag manifest for @types/is-arguments@ts3.6 fetched in 36ms
323 http fetch GET 200 https://registry.npmjs.org/@types%2fis-boolean-object 32ms (from cache)
324 silly registry:manifest no matching version for @types/is-boolean-object@ts3.6 in the cache. Forcing revalidation.
325 http fetch GET 200 https://registry.npmjs.org/@types%2fis-bigint 37ms (from cache)
326 silly registry:manifest no matching version for @types/is-bigint@ts3.6 in the cache. Forcing revalidation.
327 http fetch GET 200 https://registry.npmjs.org/@types%2fimport-local 250ms
328 silly fetchPackageMetaData error for @types/import-local@ts3.6 No matching version found for @types/import-local@ts3.6.
329 http fetch GET 200 https://registry.npmjs.org/@types%2fhas-bigints 238ms
330 silly fetchPackageMetaData error for @types/has-bigints@ts3.6 No matching version found for @types/has-bigints@ts3.6.
331 http fetch GET 304 https://registry.npmjs.org/@types%2fhttp-proxy 310ms (from cache)
332 silly pacote tag manifest for @types/http-proxy@ts3.6 fetched in 316ms
333 http fetch GET 304 https://registry.npmjs.org/@types%2fdecode-uri-component 1313ms (from cache)
334 http fetch GET 200 https://registry.npmjs.org/@types%2fis-buffer 12ms (from cache)
335 http fetch GET 200 https://registry.npmjs.org/@types%2fis-callable 11ms (from cache)
336 silly pacote tag manifest for @types/decode-uri-component@ts3.6 fetched in 1320ms
337 silly pacote tag manifest for @types/is-buffer@ts3.6 fetched in 18ms
338 silly pacote tag manifest for @types/is-callable@ts3.6 fetched in 19ms
339 http fetch GET 200 https://registry.npmjs.org/@types%2fis-ci 12ms (from cache)
340 silly pacote tag manifest for @types/is-ci@ts3.6 fetched in 21ms
341 http fetch GET 200 https://registry.npmjs.org/@types%2fis-core-module 14ms (from cache)
342 http fetch GET 200 https://registry.npmjs.org/@types%2fis-data-descriptor 15ms (from cache)
343 silly registry:manifest no matching version for @types/is-data-descriptor@ts3.6 in the cache. Forcing revalidation.
344 http fetch GET 200 https://registry.npmjs.org/@types%2fis-date-object 15ms (from cache)
345 silly pacote tag manifest for @types/is-core-module@ts3.6 fetched in 20ms
346 silly pacote tag manifest for @types/is-date-object@ts3.6 fetched in 23ms
347 http fetch GET 200 https://registry.npmjs.org/@types%2fis-glob 14ms (from cache)
348 silly pacote tag manifest for @types/is-glob@ts3.6 fetched in 21ms
349 http fetch GET 200 https://registry.npmjs.org/@types%2fis-number 12ms (from cache)
350 silly pacote tag manifest for @types/is-number@ts3.6 fetched in 17ms
351 http fetch GET 200 https://registry.npmjs.org/@types%2fis-string 7ms (from cache)
352 silly registry:manifest no matching version for @types/is-string@ts3.6 in the cache. Forcing revalidation.
353 http fetch GET 200 https://registry.npmjs.org/@types%2fis-data-descriptor 149ms
354 silly fetchPackageMetaData error for @types/is-data-descriptor@ts3.6 No matching version found for @types/is-data-descriptor@ts3.6.
355 http fetch GET 200 https://registry.npmjs.org/@types%2fis-bigint 234ms
356 silly fetchPackageMetaData error for @types/is-bigint@ts3.6 No matching version found for @types/is-bigint@ts3.6.
357 http fetch GET 200 https://registry.npmjs.org/@types%2fis-symbol 26ms (from cache)
358 silly registry:manifest no matching version for @types/is-symbol@ts3.6 in the cache. Forcing revalidation.
359 http fetch GET 200 https://registry.npmjs.org/@types%2fis-boolean-object 272ms
360 http fetch GET 200 https://registry.npmjs.org/@types%2fis-typedarray 28ms (from cache)
361 silly fetchPackageMetaData error for @types/is-boolean-object@ts3.6 No matching version found for @types/is-boolean-object@ts3.6.
362 silly pacote tag manifest for @types/is-typedarray@ts3.6 fetched in 45ms
363 http fetch GET 200 https://registry.npmjs.org/@types%2fis-map 221ms
364 silly fetchPackageMetaData error for @types/is-map@ts3.6 No matching version found for @types/is-map@ts3.6.
365 http fetch GET 200 https://registry.npmjs.org/@types%2fis-windows 38ms (from cache)
366 http fetch GET 200 https://registry.npmjs.org/@types%2fis-string 207ms
367 silly fetchPackageMetaData error for @types/is-string@ts3.6 No matching version found for @types/is-string@ts3.6.
368 silly pacote tag manifest for @types/is-windows@ts3.6 fetched in 56ms
369 http fetch GET 304 https://registry.npmjs.org/@types%2fis-regex 241ms (from cache)
370 http fetch GET 200 https://registry.npmjs.org/@types%2fisexe 33ms (from cache)
371 silly pacote tag manifest for @types/is-regex@ts3.6 fetched in 247ms
372 http fetch GET 200 https://registry.npmjs.org/@types%2fistanbul-lib-coverage 22ms (from cache)
373 http fetch GET 200 https://registry.npmjs.org/@types%2fistanbul-lib-instrument 20ms (from cache)
374 silly pacote tag manifest for @types/isexe@ts3.6 fetched in 43ms
375 silly pacote tag manifest for @types/istanbul-lib-coverage@ts3.6 fetched in 32ms
376 silly pacote tag manifest for @types/istanbul-lib-instrument@ts3.6 fetched in 29ms
377 http fetch GET 200 https://registry.npmjs.org/@types%2fistanbul-lib-report 21ms (from cache)
378 http fetch GET 200 https://registry.npmjs.org/@types%2fistanbul-lib-source-maps 18ms (from cache)
379 silly pacote tag manifest for @types/istanbul-lib-report@ts3.6 fetched in 28ms
380 http fetch GET 200 https://registry.npmjs.org/@types%2fistanbul-reports 17ms (from cache)
381 http fetch GET 200 https://registry.npmjs.org/@types%2fjs-yaml 15ms (from cache)
382 silly pacote tag manifest for @types/istanbul-lib-source-maps@ts3.6 fetched in 24ms
383 silly pacote tag manifest for @types/istanbul-reports@ts3.6 fetched in 26ms
384 silly pacote tag manifest for @types/js-yaml@ts3.6 fetched in 25ms
385 http fetch GET 200 https://registry.npmjs.org/@types%2fjsdom 18ms (from cache)
386 http fetch GET 200 https://registry.npmjs.org/@types%2fjsesc 27ms (from cache)
387 silly pacote tag manifest for @types/jsdom@ts3.6 fetched in 33ms
388 http fetch GET 200 https://registry.npmjs.org/@types%2fjson-parse-better-errors 25ms (from cache)
389 http fetch GET 200 https://registry.npmjs.org/@types%2fjson-stable-stringify-without-jsonify 25ms (from cache)
390 silly registry:manifest no matching version for @types/json-stable-stringify-without-jsonify@ts3.6 in the cache. Forcing revalidation.
391 silly pacote tag manifest for @types/jsesc@ts3.6 fetched in 38ms
392 silly pacote tag manifest for @types/json-parse-better-errors@ts3.6 fetched in 36ms
393 http fetch GET 200 https://registry.npmjs.org/@types%2fjsonfile 25ms (from cache)
394 http fetch GET 200 https://registry.npmjs.org/@types%2fis-symbol 178ms
395 silly fetchPackageMetaData error for @types/is-symbol@ts3.6 No matching version found for @types/is-symbol@ts3.6.
396 http fetch GET 200 https://registry.npmjs.org/@types%2fkind-of 24ms (from cache)
397 silly pacote tag manifest for @types/jsonfile@ts3.6 fetched in 34ms
398 silly pacote tag manifest for @types/kind-of@ts3.6 fetched in 30ms
399 http fetch GET 200 https://registry.npmjs.org/@types%2floader-runner 13ms (from cache)
400 http fetch GET 200 https://registry.npmjs.org/@types%2floader-utils 12ms (from cache)
401 http fetch GET 200 https://registry.npmjs.org/@types%2flodash.debounce 9ms (from cache)
402 silly pacote tag manifest for @types/loader-runner@ts3.6 fetched in 16ms
403 silly pacote tag manifest for @types/loader-utils@ts3.6 fetched in 16ms
404 silly pacote tag manifest for @types/lodash.debounce@ts3.6 fetched in 12ms
405 http fetch GET 200 https://registry.npmjs.org/@types%2flodash.memoize 16ms (from cache)
406 http fetch GET 200 https://registry.npmjs.org/@types%2flodash.merge 18ms (from cache)
407 http fetch GET 200 https://registry.npmjs.org/@types%2flodash.template 18ms (from cache)
408 silly pacote tag manifest for @types/lodash.memoize@ts3.6 fetched in 21ms
409 silly pacote tag manifest for @types/lodash.merge@ts3.6 fetched in 22ms
410 silly pacote tag manifest for @types/lodash.template@ts3.6 fetched in 24ms
411 http fetch GET 200 https://registry.npmjs.org/@types%2flodash.truncate 13ms (from cache)
412 http fetch GET 200 https://registry.npmjs.org/@types%2flodash.uniq 14ms (from cache)
413 http fetch GET 200 https://registry.npmjs.org/@types%2flz-string 12ms (from cache)
414 silly pacote tag manifest for @types/lodash.truncate@ts3.6 fetched in 18ms
415 silly pacote tag manifest for @types/lodash.uniq@ts3.6 fetched in 18ms
416 silly pacote tag manifest for @types/lz-string@ts3.6 fetched in 15ms
417 http fetch GET 304 https://registry.npmjs.org/@types%2fisarray 214ms (from cache)
418 silly pacote tag manifest for @types/isarray@ts3.6 fetched in 215ms
419 http fetch GET 304 https://registry.npmjs.org/@types%2flanguage-tags 337ms (from cache)
420 silly registry:manifest no matching version for @types/language-tags@ts3.6 in the cache. Forcing revalidation.
421 http fetch GET 304 https://registry.npmjs.org/@types%2fdata-urls 2049ms (from cache)
422 silly pacote tag manifest for @types/data-urls@ts3.6 fetched in 2051ms
423 http fetch GET 200 https://registry.npmjs.org/@types%2flanguage-tags 295ms
424 silly fetchPackageMetaData error for @types/language-tags@ts3.6 No matching version found for @types/language-tags@ts3.6.
425 http fetch GET 200 https://registry.npmjs.org/@types%2fdns-txt 2159ms
426 silly fetchPackageMetaData error for @types/dns-txt@ts3.6 No matching version found for @types/dns-txt@ts3.6.
427 http fetch GET 304 https://registry.npmjs.org/@types%2fhe 1456ms (from cache)
428 silly pacote tag manifest for @types/he@ts3.6 fetched in 1458ms
429 http fetch GET 200 https://registry.npmjs.org/@types%2fgopd 2044ms
430 silly fetchPackageMetaData error for @types/gopd@ts3.6 No matching version found for @types/gopd@ts3.6.
431 http fetch GET 200 https://registry.npmjs.org/@types%2fjson-stable-stringify-without-jsonify 2052ms
432 silly fetchPackageMetaData error for @types/json-stable-stringify-without-jsonify@ts3.6 No matching version found for @types/json-stable-stringify-without-jsonify@ts3.6.
433 timing stage:rollbackFailedOptional Completed in 1ms
434 timing stage:runTopLevelLifecycles Completed in 5277ms
435 verbose type tag
436 verbose stack @types/call-bind: No matching version found for @types/call-bind@ts3.6.
436 verbose stack     at pickManifest (/usr/local/lib/node_modules/npm/node_modules/npm-pick-manifest/index.js:122:13)
436 verbose stack     at /usr/local/lib/node_modules/npm/node_modules/pacote/lib/fetchers/registry/manifest.js:24:14
436 verbose stack     at tryCatcher (/usr/local/lib/node_modules/npm/node_modules/bluebird/js/release/util.js:16:23)
436 verbose stack     at Promise._settlePromiseFromHandler (/usr/local/lib/node_modules/npm/node_modules/bluebird/js/release/promise.js:517:31)
436 verbose stack     at Promise._settlePromise (/usr/local/lib/node_modules/npm/node_modules/bluebird/js/release/promise.js:574:18)
436 verbose stack     at Promise._settlePromise0 (/usr/local/lib/node_modules/npm/node_modules/bluebird/js/release/promise.js:619:10)
436 verbose stack     at Promise._settlePromises (/usr/local/lib/node_modules/npm/node_modules/bluebird/js/release/promise.js:699:18)
436 verbose stack     at _drainQueueStep (/usr/local/lib/node_modules/npm/node_modules/bluebird/js/release/async.js:138:12)
436 verbose stack     at _drainQueue (/usr/local/lib/node_modules/npm/node_modules/bluebird/js/release/async.js:131:9)
436 verbose stack     at Async._drainQueues (/usr/local/lib/node_modules/npm/node_modules/bluebird/js/release/async.js:147:5)
436 verbose stack     at Immediate.Async.drainQueues [as _onImmediate] (/usr/local/lib/node_modules/npm/node_modules/bluebird/js/release/async.js:17:14)
436 verbose stack     at processImmediate (internal/timers.js:456:21)
437 verbose cwd /home/theia/.cache/typescript/3.6
438 verbose Linux 5.10.16.3-microsoft-standard-WSL2
439 verbose argv "/usr/local/bin/node" "/usr/local/bin/npm" "install" "--ignore-scripts" "@types/accepts@ts3.6" "@types/argparse@ts3.6" "@types/aria-query@ts3.6" "@types/arr-diff@ts3.6" "@types/arr-union@ts3.6" "@types/array-unique@ts3.6" "@types/array.prototype.flat@ts3.6" "@types/array.prototype.flatmap@ts3.6" "@types/asap@ts3.6" "@types/assert@ts3.6" "@types/async@ts3.6" "@types/atob@ts3.6" "@types/babel-plugin-macros@ts3.6" "@types/babylon@ts3.6" "@types/balanced-match@ts3.6" "@types/big.js@ts3.6" "@types/bluebird@ts3.6" "@types/bn.js@ts3.6" "@types/body-parser@ts3.6" "@types/bonjour@ts3.6" "@types/boolbase@ts3.6" "@types/brace-expansion@ts3.6" "@types/braces@ts3.6" "@types/brorand@ts3.6" "@types/bser@ts3.6" "@types/buffer-from@ts3.6" "@types/buffer-xor@ts3.6" "@types/bytes@ts3.6" "@types/cacache@ts3.6" "@types/call-bind@ts3.6" "@types/caniuse-api@ts3.6" "@types/caniuse-lite@ts3.6" "@types/case-sensitive-paths-webpack-plugin@ts3.6" "@types/check-types@ts3.6" "@types/chownr@ts3.6" "@types/cipher-base@ts3.6" "@types/clean-css@ts3.6" "@types/co@ts3.6" "@types/color@ts3.6" "@types/color-convert@ts3.6" "@types/color-name@ts3.6" "@types/color-string@ts3.6" "@types/combined-stream@ts3.6" "@types/common-tags@ts3.6" "@types/commondir@ts3.6" "@types/component-emitter@ts3.6" "@types/compose-function@ts3.6" "@types/compressible@ts3.6" "@types/compression@ts3.6" "@types/concat-map@ts3.6" "@types/concat-stream@ts3.6" "@types/confusing-browser-globals@ts3.6" "@types/connect-history-api-fallback@ts3.6" "@types/content-disposition@ts3.6" "@types/content-type@ts3.6" "@types/convert-source-map@ts3.6" "@types/cookie@ts3.6" "@types/cookie-signature@ts3.6" "@types/core-js@ts3.6" "@types/create-hash@ts3.6" "@types/create-hmac@ts3.6" "@types/cross-spawn@ts3.6" "@types/css@ts3.6" "@types/css-declaration-sorter@ts3.6" "@types/css-tree@ts3.6" "@types/css.escape@ts3.6" "@types/cssesc@ts3.6" "@types/csso@ts3.6" "@types/cssom@ts3.6" "@types/cssstyle@ts3.6" "@types/damerau-levenshtein@ts3.6" "@types/data-urls@ts3.6" "@types/debug@ts3.6" "@types/decode-uri-component@ts3.6" "@types/dedent@ts3.6" "@types/deep-equal@ts3.6" "@types/default-gateway@ts3.6" "@types/define-properties@ts3.6" "@types/depd@ts3.6" "@types/destroy@ts3.6" "@types/detect-node@ts3.6" "@types/diffie-hellman@ts3.6" "@types/dir-glob@ts3.6" "@types/dns-packet@ts3.6" "@types/dns-txt@ts3.6" "@types/doctrine@ts3.6" "@types/domexception@ts3.6" "@types/domutils@ts3.6" "@types/duplexify@ts3.6" "@types/ee-first@ts3.6" "@types/ejs@ts3.6" "@types/elliptic@ts3.6" "@types/encodeurl@ts3.6" "@types/end-of-stream@ts3.6" "@types/es-abstract@ts3.6" "@types/es-get-iterator@ts3.6" "@types/es-to-primitive@ts3.6" "@types/escape-html@ts3.6" "@types/escodegen@ts3.6" "@types/eslint@ts3.6" "@types/eslint-scope@ts3.6" "@types/eslint-utils@ts3.6" "@types/esprima@ts3.6" "@types/esquery@ts3.6" "@types/estraverse@ts3.6" "@types/esutils@ts3.6" "@types/etag@ts3.6" "@types/events@ts3.6" "@types/eventsource@ts3.6" "@types/exit@ts3.6" "@types/fast-levenshtein@ts3.6" "@types/fb-watchman@ts3.6" "@types/file-entry-cache@ts3.6" "@types/file-loader@ts3.6" "@types/fill-range@ts3.6" "@types/finalhandler@ts3.6" "@types/find-cache-dir@ts3.6" "@types/flat-cache@ts3.6" "@types/flush-write-stream@ts3.6" "@types/follow-redirects@ts3.6" "@types/forwarded@ts3.6" "@types/fresh@ts3.6" "@types/from2@ts3.6" "@types/fs-minipass@ts3.6" "@types/function-bind@ts3.6" "@types/functional-red-black-tree@ts3.6" "@types/gensync@ts3.6" "@types/get-intrinsic@ts3.6" "@types/get-value@ts3.6" "@types/glob@ts3.6" "@types/glob-parent@ts3.6" "@types/global-modules@ts3.6" "@types/global-prefix@ts3.6" "@types/globalthis@ts3.6" "@types/gopd@ts3.6" "@types/graceful-fs@ts3.6" "@types/has@ts3.6" "@types/has-bigints@ts3.6" "@types/has-symbols@ts3.6" "@types/has-values@ts3.6" "@types/he@ts3.6" "@types/hex-color-regex@ts3.6" "@types/hosted-git-info@ts3.6" "@types/html-encoding-sniffer@ts3.6" "@types/html-escaper@ts3.6" "@types/html-minifier-terser@ts3.6" "@types/http-errors@ts3.6" "@types/http-proxy@ts3.6" "@types/icss-utils@ts3.6" "@types/iferr@ts3.6" "@types/import-local@ts3.6" "@types/imurmurhash@ts3.6" "@types/inherits@ts3.6" "@types/ini@ts3.6" "@types/internal-slot@ts3.6" "@types/ip@ts3.6" "@types/is-arguments@ts3.6" "@types/is-bigint@ts3.6" "@types/is-boolean-object@ts3.6" "@types/is-buffer@ts3.6" "@types/is-callable@ts3.6" "@types/is-ci@ts3.6" "@types/is-core-module@ts3.6" "@types/is-data-descriptor@ts3.6" "@types/is-date-object@ts3.6" "@types/is-glob@ts3.6" "@types/is-map@ts3.6" "@types/is-number@ts3.6" "@types/is-regex@ts3.6" "@types/is-string@ts3.6" "@types/is-symbol@ts3.6" "@types/is-typedarray@ts3.6" "@types/is-windows@ts3.6" "@types/isarray@ts3.6" "@types/isexe@ts3.6" "@types/istanbul-lib-coverage@ts3.6" "@types/istanbul-lib-instrument@ts3.6" "@types/istanbul-lib-report@ts3.6" "@types/istanbul-lib-source-maps@ts3.6" "@types/istanbul-reports@ts3.6" "@types/js-yaml@ts3.6" "@types/jsdom@ts3.6" "@types/jsesc@ts3.6" "@types/json-parse-better-errors@ts3.6" "@types/json-stable-stringify-without-jsonify@ts3.6" "@types/jsonfile@ts3.6" "@types/kind-of@ts3.6" "@types/language-tags@ts3.6" "@types/loader-runner@ts3.6" "@types/loader-utils@ts3.6" "@types/lodash.debounce@ts3.6" "@types/lodash.memoize@ts3.6" "@types/lodash.merge@ts3.6" "@types/lodash.template@ts3.6" "@types/lodash.truncate@ts3.6" "@types/lodash.uniq@ts3.6" "@types/lz-string@ts3.6" "--save-dev" "--user-agent=typesInstaller/3.6.3"
440 verbose node v12.18.3
441 verbose npm  v6.14.6
442 error code ETARGET
443 error notarget No matching version found for @types/call-bind@ts3.6.
444 error notarget In most cases you or one of your dependencies are requesting
444 error notarget a package version that doesn't exist.
445 verbose exit [ 1, true ]
